#
# There is insufficient memory for the Java Runtime Environment to continue.
# Native memory allocation (mmap) failed to map 39845888 bytes for G1 virtual space
# Possible reasons:
#   The system is out of physical RAM or swap space
#   The process is running with CompressedOops enabled, and the Java Heap may be blocking the growth of the native heap
# Possible solutions:
#   Reduce memory load on the system
#   Increase physical memory or swap space
#   Check if swap backing store is full
#   Decrease Java heap size (-Xmx/-Xms)
#   Decrease number of Java threads
#   Decrease Java thread stack sizes (-Xss)
#   Set larger code cache with -XX:ReservedCodeCacheSize=
#   JVM is running with Zero Based Compressed Oops mode in which the Java heap is
#     placed in the first 32GB address space. The Java Heap base address is the
#     maximum limit for the native heap growth. Please use -XX:HeapBaseMinAddress
#     to set the Java Heap base and to place the Java Heap above 32GB virtual address.
# This output file may be truncated or incomplete.
#
#  Out of Memory Error (os_windows.cpp:3469), pid=9416, tid=1784
#
# JRE version: Java(TM) SE Runtime Environment (17.0.1+12) (build 17.0.1+12-LTS-39)
# Java VM: Java HotSpot(TM) 64-Bit Server VM (17.0.1+12-LTS-39, mixed mode, sharing, tiered, compressed oops, compressed class ptrs, g1 gc, windows-amd64)
# No core dump will be written. Minidumps are not enabled by default on client versions of Windows
#

---------------  S U M M A R Y ------------

Command Line: -Dclassworlds.conf=E:\Maven\apache-maven-3.8.4\bin\m2.conf -Dmaven.home=E:\Maven\apache-maven-3.8.4 -Dlibrary.jansi.path=E:\Maven\apache-maven-3.8.4\lib\jansi-native -Dmaven.multiModuleProjectDirectory=E:\SHRDC\DL4JRA\server org.codehaus.plexus.classworlds.launcher.Launcher spring-boot:run

Host: Intel(R) Core(TM) i7-9750H CPU @ 2.60GHz, 12 cores, 11G,  Windows 10 , 64 bit Build 19041 (10.0.19041.1348)
Time: Mon Dec 27 10:48:03 2021 Malay Peninsula Standard Time elapsed time: 15.117182 seconds (0d 0h 0m 15s)

---------------  T H R E A D  ---------------

Current thread (0x00000248ea2c2640):  VMThread "VM Thread" [stack: 0x0000008ec4700000,0x0000008ec4800000] [id=1784]

Stack: [0x0000008ec4700000,0x0000008ec4800000]
Native frames: (J=compiled Java code, j=interpreted, Vv=VM code, C=native code)
V  [jvm.dll+0x66fa1a]
V  [jvm.dll+0x7ce5a4]
V  [jvm.dll+0x7cfd4e]
V  [jvm.dll+0x7d03b3]
V  [jvm.dll+0x242b05]
V  [jvm.dll+0x66ca39]
V  [jvm.dll+0x661502]
V  [jvm.dll+0x30081b]
V  [jvm.dll+0x307da6]
V  [jvm.dll+0x357a1e]
V  [jvm.dll+0x357c4f]
V  [jvm.dll+0x2d7ad8]
V  [jvm.dll+0x2d5da4]
V  [jvm.dll+0x2d53ac]
V  [jvm.dll+0x318d0b]
V  [jvm.dll+0x7d484b]
V  [jvm.dll+0x7d5584]
V  [jvm.dll+0x7d5a9c]
V  [jvm.dll+0x7d5e74]
V  [jvm.dll+0x7d5f40]
V  [jvm.dll+0x77e91a]
V  [jvm.dll+0x66e845]
C  [ucrtbase.dll+0x21bb2]
C  [KERNEL32.DLL+0x17034]
C  [ntdll.dll+0x52651]

VM_Operation (0x0000008ec41fc560): G1CollectForAllocation, mode: safepoint, requested by thread 0x00000248c790d7e0


---------------  P R O C E S S  ---------------

Threads class SMR info:
_java_thread_list=0x00000248eda65080, length=14, elements={
0x00000248c790d7e0, 0x00000248ea2c7640, 0x00000248ea2c84b0, 0x00000248ea2e1980,
0x00000248ea2e2530, 0x00000248ea2e44f0, 0x00000248ea2e6fb0, 0x00000248ea2e8cb0,
0x00000248ea2f8850, 0x00000248ea2fb160, 0x00000248eae407b0, 0x00000248eae660f0,
0x00000248eb60f9d0, 0x00000248eb635d20
}

Java Threads: ( => current thread )
  0x00000248c790d7e0 JavaThread "main" [_thread_blocked, id=8736, stack(0x0000008ec4100000,0x0000008ec4200000)]
  0x00000248ea2c7640 JavaThread "Reference Handler" daemon [_thread_blocked, id=11588, stack(0x0000008ec4800000,0x0000008ec4900000)]
  0x00000248ea2c84b0 JavaThread "Finalizer" daemon [_thread_blocked, id=13324, stack(0x0000008ec4900000,0x0000008ec4a00000)]
  0x00000248ea2e1980 JavaThread "Signal Dispatcher" daemon [_thread_blocked, id=6948, stack(0x0000008ec4a00000,0x0000008ec4b00000)]
  0x00000248ea2e2530 JavaThread "Attach Listener" daemon [_thread_blocked, id=10120, stack(0x0000008ec4b00000,0x0000008ec4c00000)]
  0x00000248ea2e44f0 JavaThread "Service Thread" daemon [_thread_blocked, id=1396, stack(0x0000008ec4c00000,0x0000008ec4d00000)]
  0x00000248ea2e6fb0 JavaThread "Monitor Deflation Thread" daemon [_thread_blocked, id=13588, stack(0x0000008ec4d00000,0x0000008ec4e00000)]
  0x00000248ea2e8cb0 JavaThread "C2 CompilerThread0" daemon [_thread_blocked, id=6016, stack(0x0000008ec4e00000,0x0000008ec4f00000)]
  0x00000248ea2f8850 JavaThread "C1 CompilerThread0" daemon [_thread_blocked, id=1412, stack(0x0000008ec4f00000,0x0000008ec5000000)]
  0x00000248ea2fb160 JavaThread "Sweeper thread" daemon [_thread_blocked, id=17156, stack(0x0000008ec5000000,0x0000008ec5100000)]
  0x00000248eae407b0 JavaThread "Notification Thread" daemon [_thread_blocked, id=13000, stack(0x0000008ec5100000,0x0000008ec5200000)]
  0x00000248eae660f0 JavaThread "Common-Cleaner" daemon [_thread_blocked, id=17048, stack(0x0000008ec5300000,0x0000008ec5400000)]
  0x00000248eb60f9d0 JavaThread "C2 CompilerThread1" daemon [_thread_blocked, id=9260, stack(0x0000008ec5400000,0x0000008ec5500000)]
  0x00000248eb635d20 JavaThread "C2 CompilerThread2" daemon [_thread_blocked, id=15032, stack(0x0000008ec6000000,0x0000008ec6100000)]

Other Threads:
=>0x00000248ea2c2640 VMThread "VM Thread" [stack: 0x0000008ec4700000,0x0000008ec4800000] [id=1784]
  0x00000248c79729e0 WatcherThread [stack: 0x0000008ec5200000,0x0000008ec5300000] [id=1280]
  0x00000248c7953470 GCTaskThread "GC Thread#0" [stack: 0x0000008ec4200000,0x0000008ec4300000] [id=5312]
  0x00000248eb703620 GCTaskThread "GC Thread#1" [stack: 0x0000008ec5600000,0x0000008ec5700000] [id=12124]
  0x00000248eaf18bb0 GCTaskThread "GC Thread#2" [stack: 0x0000008ec5700000,0x0000008ec5800000] [id=11136]
  0x00000248eb68f610 GCTaskThread "GC Thread#3" [stack: 0x0000008ec5800000,0x0000008ec5900000] [id=16104]
  0x00000248eb9b2600 GCTaskThread "GC Thread#4" [stack: 0x0000008ec5900000,0x0000008ec5a00000] [id=2164]
  0x00000248ebbdaf80 GCTaskThread "GC Thread#5" [stack: 0x0000008ec5a00000,0x0000008ec5b00000] [id=17324]
  0x00000248ebbdb850 GCTaskThread "GC Thread#6" [stack: 0x0000008ec5b00000,0x0000008ec5c00000] [id=3796]
  0x00000248eb93ae50 GCTaskThread "GC Thread#7" [stack: 0x0000008ec5c00000,0x0000008ec5d00000] [id=4644]
  0x00000248eb813c50 GCTaskThread "GC Thread#8" [stack: 0x0000008ec5d00000,0x0000008ec5e00000] [id=12140]
  0x00000248ec2f7c30 GCTaskThread "GC Thread#9" [stack: 0x0000008ec5e00000,0x0000008ec5f00000] [id=15448]
  0x00000248c7960140 ConcurrentGCThread "G1 Main Marker" [stack: 0x0000008ec4300000,0x0000008ec4400000] [id=864]
  0x00000248c7962b10 ConcurrentGCThread "G1 Conc#0" [stack: 0x0000008ec4400000,0x0000008ec4500000] [id=8724]
  0x00000248ec1de060 ConcurrentGCThread "G1 Conc#1" [stack: 0x0000008ec5500000,0x0000008ec5600000] [id=14492]
  0x00000248ec1df5e0 ConcurrentGCThread "G1 Conc#2" [stack: 0x0000008ec5f00000,0x0000008ec6000000] [id=14260]
  0x00000248c79dcfe0 ConcurrentGCThread "G1 Refine#0" [stack: 0x0000008ec4500000,0x0000008ec4600000] [id=6416]
  0x00000248ec6ab1f0 ConcurrentGCThread "G1 Refine#1" [stack: 0x0000008ec6100000,0x0000008ec6200000] [id=15572]
  0x00000248ec6aba90 ConcurrentGCThread "G1 Refine#2" [stack: 0x0000008ec6200000,0x0000008ec6300000] [id=7232]
  0x00000248ec6abd70 ConcurrentGCThread "G1 Refine#3" [stack: 0x0000008ec6300000,0x0000008ec6400000] [id=9764]
  0x00000248ec6aa0b0 ConcurrentGCThread "G1 Refine#4" [stack: 0x0000008ec6400000,0x0000008ec6500000] [id=15100]
  0x00000248ec6aa950 ConcurrentGCThread "G1 Refine#5" [stack: 0x0000008ec6500000,0x0000008ec6600000] [id=16968]
  0x00000248ec6aaf10 ConcurrentGCThread "G1 Refine#6" [stack: 0x0000008ec6600000,0x0000008ec6700000] [id=16356]
  0x00000248ed578cc0 ConcurrentGCThread "G1 Refine#7" [stack: 0x0000008ec6700000,0x0000008ec6800000] [id=12644]
  0x00000248ed57ac60 ConcurrentGCThread "G1 Refine#8" [stack: 0x0000008ec6800000,0x0000008ec6900000] [id=8664]
  0x00000248c79dda00 ConcurrentGCThread "G1 Service" [stack: 0x0000008ec4600000,0x0000008ec4700000] [id=1268]

Threads with active compile tasks:
C2 CompilerThread0    15214 7323  s!   4       jdk.internal.loader.URLClassPath::getLoader (194 bytes)

VM state: at safepoint (normal execution)

VM Mutex/Monitor currently owned by a thread:  ([mutex/lock_event])
[0x00000248c7909830] Threads_lock - owner thread: 0x00000248ea2c2640
[0x00000248c7908e10] Heap_lock - owner thread: 0x00000248c790d7e0

Heap address: 0x0000000742600000, size: 3034 MB, Compressed Oops mode: Zero based, Oop shift amount: 3

CDS archive(s) mapped at: [0x0000000800000000-0x0000000800bc0000-0x0000000800bc0000), size 12320768, SharedBaseAddress: 0x0000000800000000, ArchiveRelocationMode: 0.
Compressed class space mapped at: 0x0000000800c00000-0x0000000840c00000, reserved size: 1073741824
Narrow klass base: 0x0000000800000000, Narrow klass shift: 0, Narrow klass range: 0x100000000

GC Precious Log:
 CPUs: 12 total, 12 available
 Memory: 12131M
 Large Page Support: Disabled
 NUMA Support: Disabled
 Compressed Oops: Enabled (Zero based)
 Heap Region Size: 2M
 Heap Min Capacity: 8M
 Heap Initial Capacity: 190M
 Heap Max Capacity: 3034M
 Pre-touch: Disabled
 Parallel Workers: 10
 Concurrent Workers: 3
 Concurrent Refinement Workers: 10
 Periodic GC: Disabled

Heap:
 garbage-first heap   total 159744K, used 84960K [0x0000000742600000, 0x0000000800000000)
  region size 2048K, 3 young (6144K), 3 survivors (6144K)
 Metaspace       used 26275K, committed 26560K, reserved 1073152K
  class space    used 2833K, committed 3008K, reserved 1048576K

Heap Regions: E=young(eden), S=young(survivor), O=old, HS=humongous(starts), HC=humongous(continues), CS=collection set, F=free, OA=open archive, CA=closed archive, TAMS=top-at-mark-start (previous, next)
|   0|0x0000000742600000, 0x0000000742800000, 0x0000000742800000|100%| O|  |TAMS 0x0000000742800000, 0x0000000742800000| Untracked 
|   1|0x0000000742800000, 0x0000000742a00000, 0x0000000742a00000|100%| O|  |TAMS 0x0000000742a00000, 0x0000000742a00000| Untracked 
|   2|0x0000000742a00000, 0x0000000742c00000, 0x0000000742c00000|100%| O|  |TAMS 0x0000000742b01600, 0x0000000742c00000| Untracked 
|   3|0x0000000742c00000, 0x0000000742e00000, 0x0000000742e00000|100%|HS|  |TAMS 0x0000000742c00000, 0x0000000742c00000| Complete 
|   4|0x0000000742e00000, 0x0000000743000000, 0x0000000743000000|100%| O|  |TAMS 0x0000000742e00000, 0x0000000743000000| Untracked 
|   5|0x0000000743000000, 0x0000000743200000, 0x0000000743200000|100%| O|  |TAMS 0x0000000743000000, 0x0000000743200000| Untracked 
|   6|0x0000000743200000, 0x0000000743400000, 0x0000000743400000|100%| O|  |TAMS 0x0000000743200000, 0x0000000743400000| Untracked 
|   7|0x0000000743400000, 0x0000000743600000, 0x0000000743600000|100%| O|  |TAMS 0x0000000743400000, 0x0000000743600000| Untracked 
|   8|0x0000000743600000, 0x0000000743800000, 0x0000000743800000|100%| O|  |TAMS 0x0000000743600000, 0x0000000743800000| Untracked 
|   9|0x0000000743800000, 0x0000000743a00000, 0x0000000743a00000|100%|HS|  |TAMS 0x0000000743800000, 0x0000000743800000| Complete 
|  10|0x0000000743a00000, 0x0000000743c00000, 0x0000000743c00000|100%| O|  |TAMS 0x0000000743a00000, 0x0000000743a00000| Untracked 
|  11|0x0000000743c00000, 0x0000000743e00000, 0x0000000743e00000|100%| O|  |TAMS 0x0000000743c00000, 0x0000000743c00000| Untracked 
|  12|0x0000000743e00000, 0x0000000744000000, 0x0000000744000000|100%| O|  |TAMS 0x0000000743e00000, 0x0000000744000000| Untracked 
|  13|0x0000000744000000, 0x0000000744200000, 0x0000000744200000|100%| O|  |TAMS 0x0000000744000000, 0x0000000744200000| Untracked 
|  14|0x0000000744200000, 0x0000000744400000, 0x0000000744400000|100%| O|  |TAMS 0x0000000744200000, 0x0000000744400000| Untracked 
|  15|0x0000000744400000, 0x0000000744600000, 0x0000000744600000|100%| O|  |TAMS 0x0000000744400000, 0x0000000744500000| Untracked 
|  16|0x0000000744600000, 0x0000000744800000, 0x0000000744800000|100%| O|  |TAMS 0x0000000744600000, 0x0000000744600000| Untracked 
|  17|0x0000000744800000, 0x0000000744a00000, 0x0000000744a00000|100%| O|  |TAMS 0x0000000744800000, 0x0000000744800000| Untracked 
|  18|0x0000000744a00000, 0x0000000744c00000, 0x0000000744c00000|100%| O|  |TAMS 0x0000000744a00000, 0x0000000744a00000| Untracked 
|  19|0x0000000744c00000, 0x0000000744e00000, 0x0000000744e00000|100%| O|  |TAMS 0x0000000744c00000, 0x0000000744c00000| Untracked 
|  20|0x0000000744e00000, 0x0000000745000000, 0x0000000745000000|100%| O|  |TAMS 0x0000000744e00000, 0x0000000745000000| Untracked 
|  21|0x0000000745000000, 0x0000000745200000, 0x0000000745200000|100%| O|  |TAMS 0x0000000745000000, 0x0000000745200000| Untracked 
|  22|0x0000000745200000, 0x0000000745400000, 0x0000000745400000|100%|HS|  |TAMS 0x0000000745200000, 0x0000000745200000| Complete 
|  23|0x0000000745400000, 0x0000000745600000, 0x0000000745600000|100%| O|  |TAMS 0x0000000745400000, 0x0000000745400000| Untracked 
|  24|0x0000000745600000, 0x0000000745800000, 0x0000000745800000|100%| O|  |TAMS 0x0000000745600000, 0x0000000745600000| Untracked 
|  25|0x0000000745800000, 0x0000000745a00000, 0x0000000745a00000|100%| O|  |TAMS 0x0000000745800000, 0x0000000745800000| Untracked 
|  26|0x0000000745a00000, 0x0000000745c00000, 0x0000000745c00000|100%| O|  |TAMS 0x0000000745a00000, 0x0000000745a00000| Untracked 
|  27|0x0000000745c00000, 0x0000000745e00000, 0x0000000745e00000|100%| O|  |TAMS 0x0000000745c00000, 0x0000000745c00000| Untracked 
|  28|0x0000000745e00000, 0x0000000746000000, 0x0000000746000000|100%| O|  |TAMS 0x0000000745e00000, 0x0000000745e00000| Untracked 
|  29|0x0000000746000000, 0x0000000746200000, 0x0000000746200000|100%| O|  |TAMS 0x0000000746000000, 0x0000000746000000| Untracked 
|  30|0x0000000746200000, 0x0000000746400000, 0x0000000746400000|100%| O|  |TAMS 0x0000000746200000, 0x0000000746200000| Untracked 
|  31|0x0000000746400000, 0x0000000746600000, 0x0000000746600000|100%| O|  |TAMS 0x0000000746400000, 0x0000000746400000| Untracked 
|  32|0x0000000746600000, 0x0000000746800000, 0x0000000746800000|100%| O|  |TAMS 0x0000000746600000, 0x0000000746600000| Untracked 
|  33|0x0000000746800000, 0x0000000746a00000, 0x0000000746a00000|100%| O|  |TAMS 0x0000000746800000, 0x0000000746800000| Untracked 
|  34|0x0000000746a00000, 0x0000000746c00000, 0x0000000746c00000|100%| O|  |TAMS 0x0000000746a00000, 0x0000000746a00000| Untracked 
|  35|0x0000000746c00000, 0x0000000746e00000, 0x0000000746e00000|100%| O|  |TAMS 0x0000000746c00000, 0x0000000746c00000| Untracked 
|  36|0x0000000746e00000, 0x0000000746ef8200, 0x0000000747000000| 48%| O|  |TAMS 0x0000000746e00000, 0x0000000746e00000| Untracked 
|  37|0x0000000747000000, 0x0000000747000000, 0x0000000747200000|  0%| F|  |TAMS 0x0000000747000000, 0x0000000747000000| Untracked 
|  38|0x0000000747200000, 0x0000000747200000, 0x0000000747400000|  0%| F|  |TAMS 0x0000000747200000, 0x0000000747200000| Untracked 
|  39|0x0000000747400000, 0x0000000747400000, 0x0000000747600000|  0%| F|  |TAMS 0x0000000747400000, 0x0000000747400000| Untracked 
|  40|0x0000000747600000, 0x0000000747600000, 0x0000000747800000|  0%| F|  |TAMS 0x0000000747600000, 0x0000000747600000| Untracked 
|  41|0x0000000747800000, 0x0000000747800000, 0x0000000747a00000|  0%| F|  |TAMS 0x0000000747800000, 0x0000000747800000| Untracked 
|  42|0x0000000747a00000, 0x0000000747a00000, 0x0000000747c00000|  0%| F|  |TAMS 0x0000000747a00000, 0x0000000747a00000| Untracked 
|  43|0x0000000747c00000, 0x0000000747c00000, 0x0000000747e00000|  0%| F|  |TAMS 0x0000000747c00000, 0x0000000747c00000| Untracked 
|  44|0x0000000747e00000, 0x0000000747e00000, 0x0000000748000000|  0%| F|  |TAMS 0x0000000747e00000, 0x0000000747e00000| Untracked 
|  45|0x0000000748000000, 0x0000000748000000, 0x0000000748200000|  0%| F|  |TAMS 0x0000000748000000, 0x0000000748000000| Untracked 
|  46|0x0000000748200000, 0x0000000748200000, 0x0000000748400000|  0%| F|  |TAMS 0x0000000748200000, 0x0000000748200000| Untracked 
|  47|0x0000000748400000, 0x0000000748400000, 0x0000000748600000|  0%| F|  |TAMS 0x0000000748400000, 0x0000000748400000| Untracked 
|  48|0x0000000748600000, 0x0000000748600000, 0x0000000748800000|  0%| F|  |TAMS 0x0000000748600000, 0x0000000748600000| Untracked 
|  49|0x0000000748800000, 0x0000000748800000, 0x0000000748a00000|  0%| F|  |TAMS 0x0000000748800000, 0x0000000748800000| Untracked 
|  50|0x0000000748a00000, 0x0000000748a00000, 0x0000000748c00000|  0%| F|  |TAMS 0x0000000748a00000, 0x0000000748a00000| Untracked 
|  51|0x0000000748c00000, 0x0000000748e00000, 0x0000000748e00000|100%| S|CS|TAMS 0x0000000748c00000, 0x0000000748c00000| Complete 
|  52|0x0000000748e00000, 0x0000000749000000, 0x0000000749000000|100%| S|CS|TAMS 0x0000000748e00000, 0x0000000748e00000| Complete 
|  53|0x0000000749000000, 0x0000000749200000, 0x0000000749200000|100%| S|CS|TAMS 0x0000000749000000, 0x0000000749000000| Complete 
|  54|0x0000000749200000, 0x0000000749200000, 0x0000000749400000|  0%| F|  |TAMS 0x0000000749200000, 0x0000000749200000| Untracked 
|  55|0x0000000749400000, 0x0000000749400000, 0x0000000749600000|  0%| F|  |TAMS 0x0000000749400000, 0x0000000749400000| Untracked 
|  56|0x0000000749600000, 0x0000000749600000, 0x0000000749800000|  0%| F|  |TAMS 0x0000000749600000, 0x0000000749600000| Untracked 
|  57|0x0000000749800000, 0x0000000749800000, 0x0000000749a00000|  0%| F|  |TAMS 0x0000000749800000, 0x0000000749800000| Untracked 
|  58|0x0000000749a00000, 0x0000000749a00000, 0x0000000749c00000|  0%| F|  |TAMS 0x0000000749a00000, 0x0000000749a00000| Untracked 
|  59|0x0000000749c00000, 0x0000000749c00000, 0x0000000749e00000|  0%| F|  |TAMS 0x0000000749c00000, 0x0000000749c00000| Untracked 
|  60|0x0000000749e00000, 0x0000000749e00000, 0x000000074a000000|  0%| F|  |TAMS 0x0000000749e00000, 0x0000000749e00000| Untracked 
|  61|0x000000074a000000, 0x000000074a000000, 0x000000074a200000|  0%| F|  |TAMS 0x000000074a000000, 0x000000074a000000| Untracked 
|  62|0x000000074a200000, 0x000000074a200000, 0x000000074a400000|  0%| F|  |TAMS 0x000000074a200000, 0x000000074a200000| Untracked 
|  63|0x000000074a400000, 0x000000074a400000, 0x000000074a600000|  0%| F|  |TAMS 0x000000074a400000, 0x000000074a400000| Untracked 
|  64|0x000000074a600000, 0x000000074a600000, 0x000000074a800000|  0%| F|  |TAMS 0x000000074a600000, 0x000000074a600000| Untracked 
|  65|0x000000074a800000, 0x000000074a800000, 0x000000074aa00000|  0%| F|  |TAMS 0x000000074a800000, 0x000000074a800000| Untracked 
|  66|0x000000074aa00000, 0x000000074aa00000, 0x000000074ac00000|  0%| F|  |TAMS 0x000000074aa00000, 0x000000074aa00000| Untracked 
|  67|0x000000074ac00000, 0x000000074ac00000, 0x000000074ae00000|  0%| F|  |TAMS 0x000000074ac00000, 0x000000074ac00000| Untracked 
|  68|0x000000074ae00000, 0x000000074ae00000, 0x000000074b000000|  0%| F|  |TAMS 0x000000074ae00000, 0x000000074ae00000| Untracked 
|  69|0x000000074b000000, 0x000000074b000000, 0x000000074b200000|  0%| F|  |TAMS 0x000000074b000000, 0x000000074b000000| Untracked 
|  70|0x000000074b200000, 0x000000074b200000, 0x000000074b400000|  0%| F|  |TAMS 0x000000074b200000, 0x000000074b200000| Untracked 
|  71|0x000000074b400000, 0x000000074b400000, 0x000000074b600000|  0%| F|  |TAMS 0x000000074b400000, 0x000000074b400000| Untracked 
|  72|0x000000074b600000, 0x000000074b600000, 0x000000074b800000|  0%| F|  |TAMS 0x000000074b600000, 0x000000074b600000| Untracked 
|  73|0x000000074b800000, 0x000000074b800000, 0x000000074ba00000|  0%| F|  |TAMS 0x000000074b800000, 0x000000074b800000| Untracked 
|  74|0x000000074ba00000, 0x000000074ba00000, 0x000000074bc00000|  0%| F|  |TAMS 0x000000074ba00000, 0x000000074ba00000| Untracked 
|  94|0x000000074e200000, 0x000000074e200000, 0x000000074e400000|  0%| F|  |TAMS 0x000000074e200000, 0x000000074e200000| Untracked 
|1515|0x00000007ffc00000, 0x00000007ffe00000, 0x00000007ffe00000|100%| O|  |TAMS 0x00000007ffc00000, 0x00000007ffe00000| Untracked 
|1516|0x00000007ffe00000, 0x0000000800000000, 0x0000000800000000|100%| O|  |TAMS 0x00000007ffe00000, 0x0000000800000000| Untracked 

Card table byte_map: [0x00000248e0b70000,0x00000248e1160000] _byte_map_base: 0x00000248dd15d000

Marking Bits (Prev, Next): (CMBitMap*) 0x00000248c7953ac0, (CMBitMap*) 0x00000248c7953a80
 Prev Bits: [0x00000248e46c0000, 0x00000248e7628000)
 Next Bits: [0x00000248e1750000, 0x00000248e46b8000)

Polling page: 0x00000248c79f0000

Metaspace:

Usage:
  Non-class:     22.89 MB used.
      Class:      2.77 MB used.
       Both:     25.66 MB used.

Virtual space:
  Non-class space:       24.00 MB reserved,      23.00 MB ( 96%) committed,  3 nodes.
      Class space:        1.00 GB reserved,       2.94 MB ( <1%) committed,  1 nodes.
             Both:        1.02 GB reserved,      25.94 MB (  2%) committed. 

Chunk freelists:
   Non-Class:  384.00 KB
       Class:  1.02 MB
        Both:  1.39 MB

MaxMetaspaceSize: unlimited
CompressedClassSpaceSize: 1.00 GB
Initial GC threshold: 21.00 MB
Current GC threshold: 35.25 MB
CDS: on
MetaspaceReclaimPolicy: balanced
 - commit_granule_bytes: 65536.
 - commit_granule_words: 8192.
 - virtual_space_node_default_size: 1048576.
 - enlarge_chunks_in_place: 1.
 - new_chunks_are_fully_committed: 0.
 - uncommit_free_chunks: 1.
 - use_allocation_guard: 0.
 - handle_deallocations: 1.


Internal statistics:

num_allocs_failed_limit: 3.
num_arena_births: 168.
num_arena_deaths: 0.
num_vsnodes_births: 4.
num_vsnodes_deaths: 0.
num_space_committed: 415.
num_space_uncommitted: 0.
num_chunks_returned_to_freelist: 3.
num_chunks_taken_from_freelist: 1091.
num_chunk_merges: 3.
num_chunk_splits: 793.
num_chunks_enlarged: 625.
num_purges: 0.
num_inconsistent_stats: 0.

CodeHeap 'non-profiled nmethods': size=120000Kb used=3715Kb max_used=3715Kb free=116284Kb
 bounds [0x00000248d83c0000, 0x00000248d8770000, 0x00000248df8f0000]
CodeHeap 'profiled nmethods': size=120000Kb used=13499Kb max_used=13499Kb free=106500Kb
 bounds [0x00000248d0e90000, 0x00000248d1bc0000, 0x00000248d83c0000]
CodeHeap 'non-nmethods': size=5760Kb used=1207Kb max_used=1307Kb free=4553Kb
 bounds [0x00000248d08f0000, 0x00000248d0b60000, 0x00000248d0e90000]
 total_blobs=6956 nmethods=6452 adapters=416
 compilation: enabled
              stopped_count=0, restarted_count=0
 full_count=0

Compilation events (20 events):
Event: 15.063 Thread 0x00000248ea2f8850 7349   !   3       jdk.nio.zipfs.ZipFileSystemProvider::ensureFile (33 bytes)
Event: 15.063 Thread 0x00000248ea2f8850 nmethod 7349 0x00000248d1bb6190 code [0x00000248d1bb63a0, 0x00000248d1bb6a88]
Event: 15.063 Thread 0x00000248ea2f8850 7350   !   3       jdk.nio.zipfs.ZipFileSystemProvider::getZipFileSystem (50 bytes)
Event: 15.065 Thread 0x00000248ea2f8850 nmethod 7350 0x00000248d1bb6e10 code [0x00000248d1bb7080, 0x00000248d1bb7a08]
Event: 15.065 Thread 0x00000248ea2f8850 7352   !   3       sun.nio.fs.WindowsLinkSupport::getFinalPath (175 bytes)
Event: 15.067 Thread 0x00000248ea2f8850 nmethod 7352 0x00000248d1bb7e10 code [0x00000248d1bb8160, 0x00000248d1bb94e8]
Event: 15.067 Thread 0x00000248ea2f8850 7351       3       jdk.nio.zipfs.ZipFileSystem$$Lambda$137/0x0000000800e57748::<init> (10 bytes)
Event: 15.067 Thread 0x00000248ea2f8850 nmethod 7351 0x00000248d1bb9c10 code [0x00000248d1bb9da0, 0x00000248d1bb9f58]
Event: 15.068 Thread 0x00000248ea2f8850 7353       3       java.nio.file.FileStore::<init> (5 bytes)
Event: 15.068 Thread 0x00000248ea2f8850 nmethod 7353 0x00000248d1bba010 code [0x00000248d1bba1a0, 0x00000248d1bba2f8]
Event: 15.068 Thread 0x00000248ea2f8850 7354   !   3       sun.nio.fs.WindowsNativeDispatcher::GetVolumeInformation (38 bytes)
Event: 15.069 Thread 0x00000248ea2f8850 nmethod 7354 0x00000248d1bba390 code [0x00000248d1bba580, 0x00000248d1bba9b8]
Event: 15.069 Thread 0x00000248ea2f8850 7357       3       java.lang.String::encode8859_1 (158 bytes)
Event: 15.070 Thread 0x00000248ea2f8850 nmethod 7357 0x00000248d1bbac10 code [0x00000248d1bbae20, 0x00000248d1bbb5d8]
Event: 15.070 Thread 0x00000248ea2f8850 7355   !   3       sun.nio.fs.WindowsNativeDispatcher::GetDriveType (26 bytes)
Event: 15.071 Thread 0x00000248ea2f8850 nmethod 7355 0x00000248d1bbb890 code [0x00000248d1bbba80, 0x00000248d1bbbd78]
Event: 15.071 Thread 0x00000248ea2f8850 7358       3       java.nio.file.Files::followLinks (67 bytes)
Event: 15.071 Thread 0x00000248ea2f8850 nmethod 7358 0x00000248d1bbbf90 code [0x00000248d1bbc160, 0x00000248d1bbc558]
Event: 15.071 Thread 0x00000248ea2f8850 7356       3       jdk.nio.zipfs.ZipFileSystem::initializeReleaseVersion (187 bytes)
Event: 15.073 Thread 0x00000248ea2f8850 nmethod 7356 0x00000248d1bbc710 code [0x00000248d1bbcae0, 0x00000248d1bbe708]

GC Heap History (20 events):
Event: 4.660 GC heap after
{Heap after GC invocations=3 (full 0):
 garbage-first heap   total 194560K, used 12389K [0x0000000742600000, 0x0000000800000000)
  region size 2048K, 5 young (10240K), 5 survivors (10240K)
 Metaspace       used 12893K, committed 13056K, reserved 1064960K
  class space    used 1452K, committed 1536K, reserved 1048576K
}
Event: 5.617 GC heap before
{Heap before GC invocations=3 (full 0):
 garbage-first heap   total 194560K, used 118885K [0x0000000742600000, 0x0000000800000000)
  region size 2048K, 57 young (116736K), 5 survivors (10240K)
 Metaspace       used 13349K, committed 13504K, reserved 1064960K
  class space    used 1467K, committed 1536K, reserved 1048576K
}
Event: 5.635 GC heap after
{Heap after GC invocations=4 (full 0):
 garbage-first heap   total 194560K, used 15708K [0x0000000742600000, 0x0000000800000000)
  region size 2048K, 6 young (12288K), 6 survivors (12288K)
 Metaspace       used 13349K, committed 13504K, reserved 1064960K
  class space    used 1467K, committed 1536K, reserved 1048576K
}
Event: 7.973 GC heap before
{Heap before GC invocations=4 (full 0):
 garbage-first heap   total 194560K, used 124252K [0x0000000742600000, 0x0000000800000000)
  region size 2048K, 43 young (88064K), 6 survivors (12288K)
 Metaspace       used 21277K, committed 21504K, reserved 1073152K
  class space    used 2398K, committed 2496K, reserved 1048576K
}
Event: 7.993 GC heap after
{Heap after GC invocations=5 (full 0):
 garbage-first heap   total 194560K, used 19255K [0x0000000742600000, 0x0000000800000000)
  region size 2048K, 4 young (8192K), 4 survivors (8192K)
 Metaspace       used 21277K, committed 21504K, reserved 1073152K
  class space    used 2398K, committed 2496K, reserved 1048576K
}
Event: 9.129 GC heap before
{Heap before GC invocations=6 (full 0):
 garbage-first heap   total 75776K, used 58167K [0x0000000742600000, 0x0000000800000000)
  region size 2048K, 22 young (45056K), 4 survivors (8192K)
 Metaspace       used 22826K, committed 23104K, reserved 1073152K
  class space    used 2523K, committed 2688K, reserved 1048576K
}
Event: 9.150 GC heap after
{Heap after GC invocations=7 (full 0):
 garbage-first heap   total 79872K, used 33689K [0x0000000742600000, 0x0000000800000000)
  region size 2048K, 3 young (6144K), 3 survivors (6144K)
 Metaspace       used 22826K, committed 23104K, reserved 1073152K
  class space    used 2523K, committed 2688K, reserved 1048576K
}
Event: 9.187 GC heap before
{Heap before GC invocations=7 (full 0):
 garbage-first heap   total 79872K, used 35737K [0x0000000742600000, 0x0000000800000000)
  region size 2048K, 4 young (8192K), 3 survivors (6144K)
 Metaspace       used 22827K, committed 23104K, reserved 1073152K
  class space    used 2523K, committed 2688K, reserved 1048576K
}
Event: 9.203 GC heap after
{Heap after GC invocations=8 (full 0):
 garbage-first heap   total 79872K, used 34748K [0x0000000742600000, 0x0000000800000000)
  region size 2048K, 1 young (2048K), 1 survivors (2048K)
 Metaspace       used 22827K, committed 23104K, reserved 1073152K
  class space    used 2523K, committed 2688K, reserved 1048576K
}
Event: 9.482 GC heap before
{Heap before GC invocations=8 (full 0):
 garbage-first heap   total 79872K, used 40892K [0x0000000742600000, 0x0000000800000000)
  region size 2048K, 5 young (10240K), 1 survivors (2048K)
 Metaspace       used 22831K, committed 23104K, reserved 1073152K
  class space    used 2523K, committed 2688K, reserved 1048576K
}
Event: 9.488 GC heap after
{Heap after GC invocations=9 (full 0):
 garbage-first heap   total 79872K, used 36741K [0x0000000742600000, 0x0000000800000000)
  region size 2048K, 2 young (4096K), 2 survivors (4096K)
 Metaspace       used 22831K, committed 23104K, reserved 1073152K
  class space    used 2523K, committed 2688K, reserved 1048576K
}
Event: 9.710 GC heap before
{Heap before GC invocations=9 (full 0):
 garbage-first heap   total 79872K, used 57221K [0x0000000742600000, 0x0000000800000000)
  region size 2048K, 12 young (24576K), 2 survivors (4096K)
 Metaspace       used 22841K, committed 23104K, reserved 1073152K
  class space    used 2523K, committed 2688K, reserved 1048576K
}
Event: 9.723 GC heap after
{Heap after GC invocations=10 (full 0):
 garbage-first heap   total 159744K, used 44108K [0x0000000742600000, 0x0000000800000000)
  region size 2048K, 2 young (4096K), 2 survivors (4096K)
 Metaspace       used 22841K, committed 23104K, reserved 1073152K
  class space    used 2523K, committed 2688K, reserved 1048576K
}
Event: 11.603 GC heap before
{Heap before GC invocations=10 (full 0):
 garbage-first heap   total 159744K, used 89164K [0x0000000742600000, 0x0000000800000000)
  region size 2048K, 25 young (51200K), 2 survivors (4096K)
 Metaspace       used 23541K, committed 23808K, reserved 1073152K
  class space    used 2597K, committed 2752K, reserved 1048576K
}
Event: 11.637 GC heap after
{Heap after GC invocations=11 (full 0):
 garbage-first heap   total 159744K, used 57344K [0x0000000742600000, 0x0000000800000000)
  region size 2048K, 4 young (8192K), 4 survivors (8192K)
 Metaspace       used 23541K, committed 23808K, reserved 1073152K
  class space    used 2597K, committed 2752K, reserved 1048576K
}
Event: 12.933 GC heap before
{Heap before GC invocations=11 (full 0):
 garbage-first heap   total 159744K, used 100352K [0x0000000742600000, 0x0000000800000000)
  region size 2048K, 25 young (51200K), 4 survivors (8192K)
 Metaspace       used 25734K, committed 25984K, reserved 1073152K
  class space    used 2820K, committed 2944K, reserved 1048576K
}
Event: 12.978 GC heap after
{Heap after GC invocations=12 (full 0):
 garbage-first heap   total 159744K, used 68030K [0x0000000742600000, 0x0000000800000000)
  region size 2048K, 4 young (8192K), 4 survivors (8192K)
 Metaspace       used 25734K, committed 25984K, reserved 1073152K
  class space    used 2820K, committed 2944K, reserved 1048576K
}
Event: 14.402 GC heap before
{Heap before GC invocations=12 (full 0):
 garbage-first heap   total 159744K, used 108990K [0x0000000742600000, 0x0000000800000000)
  region size 2048K, 23 young (47104K), 4 survivors (8192K)
 Metaspace       used 26248K, committed 26560K, reserved 1073152K
  class space    used 2833K, committed 3008K, reserved 1048576K
}
Event: 14.425 GC heap after
{Heap after GC invocations=13 (full 0):
 garbage-first heap   total 159744K, used 68550K [0x0000000742600000, 0x0000000800000000)
  region size 2048K, 1 young (2048K), 1 survivors (2048K)
 Metaspace       used 26248K, committed 26560K, reserved 1073152K
  class space    used 2833K, committed 3008K, reserved 1048576K
}
Event: 15.085 GC heap before
{Heap before GC invocations=13 (full 0):
 garbage-first heap   total 159744K, used 111558K [0x0000000742600000, 0x0000000800000000)
  region size 2048K, 22 young (45056K), 1 survivors (2048K)
 Metaspace       used 26275K, committed 26560K, reserved 1073152K
  class space    used 2833K, committed 3008K, reserved 1048576K
}

Deoptimization events (20 events):
Event: 14.509 Thread 0x00000248c790d7e0 DEOPT PACKING pc=0x00000248d83eed54 sp=0x0000008ec41fd2e0
Event: 14.509 Thread 0x00000248c790d7e0 DEOPT UNPACKING pc=0x00000248d09423a3 sp=0x0000008ec41fd2e0 mode 2
Event: 14.527 Thread 0x00000248c790d7e0 DEOPT PACKING pc=0x00000248d17e2935 sp=0x0000008ec41fc8c0
Event: 14.527 Thread 0x00000248c790d7e0 DEOPT UNPACKING pc=0x00000248d0942b43 sp=0x0000008ec41fbe40 mode 0
Event: 14.541 Thread 0x00000248c790d7e0 DEOPT PACKING pc=0x00000248d17e2935 sp=0x0000008ec41fc8c0
Event: 14.541 Thread 0x00000248c790d7e0 DEOPT UNPACKING pc=0x00000248d0942b43 sp=0x0000008ec41fbe40 mode 0
Event: 14.567 Thread 0x00000248c790d7e0 DEOPT PACKING pc=0x00000248d17e2935 sp=0x0000008ec41fc8c0
Event: 14.567 Thread 0x00000248c790d7e0 DEOPT UNPACKING pc=0x00000248d0942b43 sp=0x0000008ec41fbe40 mode 0
Event: 14.574 Thread 0x00000248c790d7e0 DEOPT PACKING pc=0x00000248d17e2935 sp=0x0000008ec41fc8c0
Event: 14.574 Thread 0x00000248c790d7e0 DEOPT UNPACKING pc=0x00000248d0942b43 sp=0x0000008ec41fbe40 mode 0
Event: 14.582 Thread 0x00000248c790d7e0 DEOPT PACKING pc=0x00000248d17e2935 sp=0x0000008ec41fc8c0
Event: 14.582 Thread 0x00000248c790d7e0 DEOPT UNPACKING pc=0x00000248d0942b43 sp=0x0000008ec41fbe40 mode 0
Event: 14.622 Thread 0x00000248c790d7e0 DEOPT PACKING pc=0x00000248d17e2935 sp=0x0000008ec41fc8c0
Event: 14.623 Thread 0x00000248c790d7e0 DEOPT UNPACKING pc=0x00000248d0942b43 sp=0x0000008ec41fbe40 mode 0
Event: 14.646 Thread 0x00000248c790d7e0 DEOPT PACKING pc=0x00000248d17e2935 sp=0x0000008ec41fc8c0
Event: 14.646 Thread 0x00000248c790d7e0 DEOPT UNPACKING pc=0x00000248d0942b43 sp=0x0000008ec41fbe40 mode 0
Event: 14.696 Thread 0x00000248c790d7e0 DEOPT PACKING pc=0x00000248d17e2935 sp=0x0000008ec41fc8c0
Event: 14.696 Thread 0x00000248c790d7e0 DEOPT UNPACKING pc=0x00000248d0942b43 sp=0x0000008ec41fbe40 mode 0
Event: 14.728 Thread 0x00000248c790d7e0 DEOPT PACKING pc=0x00000248d17e2935 sp=0x0000008ec41fc8c0
Event: 14.728 Thread 0x00000248c790d7e0 DEOPT UNPACKING pc=0x00000248d0942b43 sp=0x0000008ec41fbe40 mode 0

Classes unloaded (0 events):
No events

Classes redefined (0 events):
No events

Internal exceptions (20 events):
Event: 14.305 Thread 0x00000248c790d7e0 Exception <a 'sun/nio/fs/WindowsException'{0x0000000749823918}> (0x0000000749823918) 
thrown [t:\workspace\open\src\hotspot\share\prims\jni.cpp, line 516]
Event: 14.305 Thread 0x00000248c790d7e0 Exception <a 'sun/nio/fs/WindowsException'{0x0000000749824040}> (0x0000000749824040) 
thrown [t:\workspace\open\src\hotspot\share\prims\jni.cpp, line 516]
Event: 14.305 Thread 0x00000248c790d7e0 Exception <a 'sun/nio/fs/WindowsException'{0x0000000749824768}> (0x0000000749824768) 
thrown [t:\workspace\open\src\hotspot\share\prims\jni.cpp, line 516]
Event: 14.305 Thread 0x00000248c790d7e0 Exception <a 'sun/nio/fs/WindowsException'{0x0000000749824e90}> (0x0000000749824e90) 
thrown [t:\workspace\open\src\hotspot\share\prims\jni.cpp, line 516]
Event: 14.305 Thread 0x00000248c790d7e0 Exception <a 'sun/nio/fs/WindowsException'{0x00000007498255b8}> (0x00000007498255b8) 
thrown [t:\workspace\open\src\hotspot\share\prims\jni.cpp, line 516]
Event: 14.306 Thread 0x00000248c790d7e0 Exception <a 'sun/nio/fs/WindowsException'{0x0000000749825ce0}> (0x0000000749825ce0) 
thrown [t:\workspace\open\src\hotspot\share\prims\jni.cpp, line 516]
Event: 14.306 Thread 0x00000248c790d7e0 Exception <a 'sun/nio/fs/WindowsException'{0x0000000749826410}> (0x0000000749826410) 
thrown [t:\workspace\open\src\hotspot\share\prims\jni.cpp, line 516]
Event: 14.308 Thread 0x00000248c790d7e0 Exception <a 'sun/nio/fs/WindowsException'{0x000000074982e198}> (0x000000074982e198) 
thrown [t:\workspace\open\src\hotspot\share\prims\jni.cpp, line 516]
Event: 14.337 Thread 0x00000248c790d7e0 Exception <a 'sun/nio/fs/WindowsException'{0x00000007498912d0}> (0x00000007498912d0) 
thrown [t:\workspace\open\src\hotspot\share\prims\jni.cpp, line 516]
Event: 14.337 Thread 0x00000248c790d7e0 Exception <a 'sun/nio/fs/WindowsException'{0x00000007498919e0}> (0x00000007498919e0) 
thrown [t:\workspace\open\src\hotspot\share\prims\jni.cpp, line 516]
Event: 14.337 Thread 0x00000248c790d7e0 Exception <a 'sun/nio/fs/WindowsException'{0x00000007498920d0}> (0x00000007498920d0) 
thrown [t:\workspace\open\src\hotspot\share\prims\jni.cpp, line 516]
Event: 14.338 Thread 0x00000248c790d7e0 Exception <a 'sun/nio/fs/WindowsException'{0x00000007498927c8}> (0x00000007498927c8) 
thrown [t:\workspace\open\src\hotspot\share\prims\jni.cpp, line 516]
Event: 14.338 Thread 0x00000248c790d7e0 Exception <a 'sun/nio/fs/WindowsException'{0x0000000749892eb8}> (0x0000000749892eb8) 
thrown [t:\workspace\open\src\hotspot\share\prims\jni.cpp, line 516]
Event: 14.338 Thread 0x00000248c790d7e0 Exception <a 'sun/nio/fs/WindowsException'{0x00000007498935b0}> (0x00000007498935b0) 
thrown [t:\workspace\open\src\hotspot\share\prims\jni.cpp, line 516]
Event: 14.340 Thread 0x00000248c790d7e0 Exception <a 'sun/nio/fs/WindowsException'{0x000000074989cad8}> (0x000000074989cad8) 
thrown [t:\workspace\open\src\hotspot\share\prims\jni.cpp, line 516]
Event: 14.371 Thread 0x00000248c790d7e0 Exception <a 'sun/nio/fs/WindowsException'{0x0000000749913cc0}> (0x0000000749913cc0) 
thrown [t:\workspace\open\src\hotspot\share\prims\jni.cpp, line 516]
Event: 14.454 Thread 0x00000248c790d7e0 Exception <a 'sun/nio/fs/WindowsException'{0x000000074b4973d0}> (0x000000074b4973d0) 
thrown [t:\workspace\open\src\hotspot\share\prims\jni.cpp, line 516]
Event: 14.454 Thread 0x00000248c790d7e0 Exception <a 'sun/nio/fs/WindowsException'{0x000000074b497620}> (0x000000074b497620) 
thrown [t:\workspace\open\src\hotspot\share\prims\jni.cpp, line 516]
Event: 14.455 Thread 0x00000248c790d7e0 Exception <a 'sun/nio/fs/WindowsException'{0x000000074b499168}> (0x000000074b499168) 
thrown [t:\workspace\open\src\hotspot\share\prims\jni.cpp, line 516]
Event: 14.455 Thread 0x00000248c790d7e0 Exception <a 'sun/nio/fs/WindowsException'{0x000000074b499310}> (0x000000074b499310) 
thrown [t:\workspace\open\src\hotspot\share\prims\jni.cpp, line 516]

VM Operations (20 events):
Event: 12.850 Executing VM operation: ICBufferFull done
Event: 12.933 Executing VM operation: G1CollectForAllocation
Event: 12.978 Executing VM operation: G1CollectForAllocation done
Event: 13.162 Executing VM operation: ICBufferFull
Event: 13.162 Executing VM operation: ICBufferFull done
Event: 13.296 Executing VM operation: ICBufferFull
Event: 13.296 Executing VM operation: ICBufferFull done
Event: 13.507 Executing VM operation: ICBufferFull
Event: 13.508 Executing VM operation: ICBufferFull done
Event: 13.647 Executing VM operation: HandshakeAllThreads
Event: 13.647 Executing VM operation: HandshakeAllThreads done
Event: 13.648 Executing VM operation: HandshakeAllThreads
Event: 13.648 Executing VM operation: HandshakeAllThreads done
Event: 13.650 Executing VM operation: ICBufferFull
Event: 13.650 Executing VM operation: ICBufferFull done
Event: 13.883 Executing VM operation: ICBufferFull
Event: 13.884 Executing VM operation: ICBufferFull done
Event: 14.402 Executing VM operation: G1CollectForAllocation
Event: 14.425 Executing VM operation: G1CollectForAllocation done
Event: 15.084 Executing VM operation: G1CollectForAllocation

Events (20 events):
Event: 12.615 loading class java/util/EnumMap$EntryIterator
Event: 12.615 loading class java/util/EnumMap$EnumMapIterator
Event: 12.615 loading class java/util/EnumMap$EnumMapIterator done
Event: 12.615 loading class java/util/EnumMap$EntryIterator done
Event: 12.615 loading class java/util/EnumMap$EntryIterator$Entry
Event: 12.615 loading class java/util/EnumMap$EntryIterator$Entry done
Event: 12.870 loading class java/util/stream/ReduceOps$2
Event: 12.870 loading class java/util/stream/ReduceOps$2 done
Event: 12.870 loading class java/util/stream/ReduceOps$2ReducingSink
Event: 12.870 loading class java/util/stream/ReduceOps$2ReducingSink done
Event: 13.768 loading class java/util/EnumMap$Values
Event: 13.768 loading class java/util/EnumMap$Values done
Event: 13.768 loading class java/util/EnumMap$ValueIterator
Event: 13.768 loading class java/util/EnumMap$ValueIterator done
Event: 13.781 loading class java/util/WeakHashMap$KeyIterator
Event: 13.782 loading class java/util/WeakHashMap$HashIterator
Event: 13.782 loading class java/util/WeakHashMap$HashIterator done
Event: 13.782 loading class java/util/WeakHashMap$KeyIterator done
Event: 13.797 loading class java/io/FileOutputStream$1
Event: 13.797 loading class java/io/FileOutputStream$1 done


Dynamic libraries:
0x00007ff617f30000 - 0x00007ff617f40000 	E:\Java\jdk-17.0.1\bin\java.exe
0x00007ff996550000 - 0x00007ff996745000 	C:\WINDOWS\SYSTEM32\ntdll.dll
0x00007ff994a70000 - 0x00007ff994b2e000 	C:\WINDOWS\System32\KERNEL32.DLL
0x00007ff993c60000 - 0x00007ff993f28000 	C:\WINDOWS\System32\KERNELBASE.dll
0x00007ff9942a0000 - 0x00007ff9943a0000 	C:\WINDOWS\System32\ucrtbase.dll
0x00007ff9832f0000 - 0x00007ff983308000 	E:\Java\jdk-17.0.1\bin\jli.dll
0x00007ff97d400000 - 0x00007ff97d41a000 	E:\Java\jdk-17.0.1\bin\VCRUNTIME140.dll
0x00007ff995b80000 - 0x00007ff995c2c000 	C:\WINDOWS\System32\ADVAPI32.dll
0x00007ff995330000 - 0x00007ff9953ce000 	C:\WINDOWS\System32\msvcrt.dll
0x00007ff994b30000 - 0x00007ff994bcb000 	C:\WINDOWS\System32\sechost.dll
0x00007ff995190000 - 0x00007ff9952ba000 	C:\WINDOWS\System32\RPCRT4.dll
0x00007ff9947a0000 - 0x00007ff994941000 	C:\WINDOWS\System32\USER32.dll
0x00007ff994500000 - 0x00007ff994522000 	C:\WINDOWS\System32\win32u.dll
0x00007ff97d100000 - 0x00007ff97d39a000 	C:\WINDOWS\WinSxS\amd64_microsoft.windows.common-controls_6595b64144ccf1df_6.0.19041.1110_none_60b5254171f9507e\COMCTL32.dll
0x00007ff994660000 - 0x00007ff99468b000 	C:\WINDOWS\System32\GDI32.dll
0x00007ff9943a0000 - 0x00007ff9944ad000 	C:\WINDOWS\System32\gdi32full.dll
0x00007ff994140000 - 0x00007ff9941dd000 	C:\WINDOWS\System32\msvcp_win.dll
0x00007ff98ba20000 - 0x00007ff98ba2a000 	C:\WINDOWS\SYSTEM32\VERSION.dll
0x00007ff9953d0000 - 0x00007ff995400000 	C:\WINDOWS\System32\IMM32.DLL
0x00007ff98e1e0000 - 0x00007ff98e1ec000 	E:\Java\jdk-17.0.1\bin\vcruntime140_1.dll
0x00007ff9440f0000 - 0x00007ff94417d000 	E:\Java\jdk-17.0.1\bin\msvcp140.dll
0x00007ff844250000 - 0x00007ff844e0e000 	E:\Java\jdk-17.0.1\bin\server\jvm.dll
0x00007ff995c30000 - 0x00007ff995c38000 	C:\WINDOWS\System32\PSAPI.DLL
0x00007ff98e210000 - 0x00007ff98e219000 	C:\WINDOWS\SYSTEM32\WSOCK32.dll
0x00007ff9803a0000 - 0x00007ff9803c7000 	C:\WINDOWS\SYSTEM32\WINMM.dll
0x00007ff9952c0000 - 0x00007ff99532b000 	C:\WINDOWS\System32\WS2_32.dll
0x00007ff991b50000 - 0x00007ff991b62000 	C:\WINDOWS\SYSTEM32\kernel.appcore.dll
0x00007ff98c850000 - 0x00007ff98c85a000 	E:\Java\jdk-17.0.1\bin\jimage.dll
0x00007ff97dcd0000 - 0x00007ff97deb4000 	C:\WINDOWS\SYSTEM32\DBGHELP.DLL
0x00007ff979340000 - 0x00007ff97936c000 	C:\WINDOWS\SYSTEM32\dbgcore.DLL
0x00007ff994210000 - 0x00007ff994292000 	C:\WINDOWS\System32\bcryptPrimitives.dll
0x00007ff973010000 - 0x00007ff973035000 	E:\Java\jdk-17.0.1\bin\java.dll
0x00007ff944010000 - 0x00007ff9440e6000 	E:\Java\jdk-17.0.1\bin\svml.dll
0x00007ff995ca0000 - 0x00007ff9963e4000 	C:\WINDOWS\System32\SHELL32.dll
0x00007ff991d50000 - 0x00007ff9924e4000 	C:\WINDOWS\SYSTEM32\windows.storage.dll
0x00007ff995820000 - 0x00007ff995b75000 	C:\WINDOWS\System32\combase.dll
0x00007ff9936b0000 - 0x00007ff9936de000 	C:\WINDOWS\SYSTEM32\Wldp.dll
0x00007ff9946f0000 - 0x00007ff99479d000 	C:\WINDOWS\System32\SHCORE.dll
0x00007ff994690000 - 0x00007ff9946e5000 	C:\WINDOWS\System32\shlwapi.dll
0x00007ff993ba0000 - 0x00007ff993bbf000 	C:\WINDOWS\SYSTEM32\profapi.dll
0x00007ff970d20000 - 0x00007ff970d39000 	E:\Java\jdk-17.0.1\bin\net.dll
0x00007ff98a5c0000 - 0x00007ff98a6cc000 	C:\WINDOWS\SYSTEM32\WINHTTP.dll
0x00007ff993410000 - 0x00007ff99347a000 	C:\WINDOWS\system32\mswsock.dll
0x00007ff96eb90000 - 0x00007ff96eba5000 	E:\Java\jdk-17.0.1\bin\nio.dll
0x00007ff965030000 - 0x00007ff965048000 	E:\Java\jdk-17.0.1\bin\zip.dll
0x0000000069ac0000 - 0x0000000069ae4000 	E:\Maven\apache-maven-3.8.4\lib\jansi-native\Windows\x86_64\jansi.dll
0x00007ff97d3a0000 - 0x00007ff97d3b0000 	E:\Java\jdk-17.0.1\bin\verify.dll

dbghelp: loaded successfully - version: 4.0.5 - missing functions: none
symbol engine: initialized successfully - sym options: 0x614 - pdb path: .;E:\Java\jdk-17.0.1\bin;C:\WINDOWS\SYSTEM32;C:\WINDOWS\WinSxS\amd64_microsoft.windows.common-controls_6595b64144ccf1df_6.0.19041.1110_none_60b5254171f9507e;E:\Java\jdk-17.0.1\bin\server;E:\Maven\apache-maven-3.8.4\lib\jansi-native\Windows\x86_64

VM Arguments:
jvm_args: -Dclassworlds.conf=E:\Maven\apache-maven-3.8.4\bin\m2.conf -Dmaven.home=E:\Maven\apache-maven-3.8.4 -Dlibrary.jansi.path=E:\Maven\apache-maven-3.8.4\lib\jansi-native -Dmaven.multiModuleProjectDirectory=E:\SHRDC\DL4JRA\server 
java_command: org.codehaus.plexus.classworlds.launcher.Launcher spring-boot:run
java_class_path (initial): E:\Maven\apache-maven-3.8.4\boot\plexus-classworlds-2.6.0.jar
Launcher Type: SUN_STANDARD

[Global flags]
     intx CICompilerCount                          = 4                                         {product} {ergonomic}
     uint ConcGCThreads                            = 3                                         {product} {ergonomic}
     uint G1ConcRefinementThreads                  = 10                                        {product} {ergonomic}
   size_t G1HeapRegionSize                         = 2097152                                   {product} {ergonomic}
    uintx GCDrainStackTargetSize                   = 64                                        {product} {ergonomic}
   size_t InitialHeapSize                          = 199229440                                 {product} {ergonomic}
   size_t MarkStackSize                            = 4194304                                   {product} {ergonomic}
   size_t MaxHeapSize                              = 3181379584                                {product} {ergonomic}
   size_t MaxNewSize                               = 1908408320                                {product} {ergonomic}
   size_t MinHeapDeltaBytes                        = 2097152                                   {product} {ergonomic}
   size_t MinHeapSize                              = 8388608                                   {product} {ergonomic}
    uintx NonNMethodCodeHeapSize                   = 5839372                                {pd product} {ergonomic}
    uintx NonProfiledCodeHeapSize                  = 122909434                              {pd product} {ergonomic}
    uintx ProfiledCodeHeapSize                     = 122909434                              {pd product} {ergonomic}
    uintx ReservedCodeCacheSize                    = 251658240                              {pd product} {ergonomic}
     bool SegmentedCodeCache                       = true                                      {product} {ergonomic}
   size_t SoftMaxHeapSize                          = 3181379584                             {manageable} {ergonomic}
     bool UseCompressedClassPointers               = true                           {product lp64_product} {ergonomic}
     bool UseCompressedOops                        = true                           {product lp64_product} {ergonomic}
     bool UseG1GC                                  = true                                      {product} {ergonomic}
     bool UseLargePagesIndividualAllocation        = false                                  {pd product} {ergonomic}

Logging:
Log output configuration:
 #0: stdout all=warning uptime,level,tags
 #1: stderr all=off uptime,level,tags

Environment Variables:
CLASSPATH=C:\Program Files\Java\jre1.8.0_301\lib
PATH=C:\Program Files\Common Files\Oracle\Java\javapath;C:\Program Files (x86)\Common Files\Oracle\Java\javapath;C:\Program Files\NVIDIA GPU Computing Toolkit\CUDA\v11.2\bin;C:\Program Files\NVIDIA GPU Computing Toolkit\CUDA\v11.2\libnvvp;C:\Program Files\NVIDIA GPU Computing Toolkit\CUDA\v11.5\bin;C:\Program Files\NVIDIA GPU Computing Toolkit\CUDA\v11.5\libnvvp;C:\Windows\system32;C:\Windows;C:\Windows\System32\Wbem;C:\Windows\System32\WindowsPowerShell\v1.0\;C:\Windows\System32\OpenSSH\;C:\Program Files (x86)\NVIDIA Corporation\PhysX\Common;C:\Program Files\NVIDIA Corporation\NVIDIA NvDLISR;C:\WINDOWS\system32;C:\WINDOWS;C:\WINDOWS\System32\Wbem;C:\WINDOWS\System32\WindowsPowerShell\v1.0\;C:\WINDOWS\System32\OpenSSH\;E:\Git\cmd;E:\Node js\;E:\Maven\apache-maven-3.8.4\bin;C:\Program Files\Java\jre1.8.0_301\bin;E:\zlib\dll_x64;C:\Program Files\NVIDIA Corporation\Nsight Compute 2020.3.0\;C:\Program Files\Java\jre1.8.0_301\bin;E:\Microsoft VS Code\bin;E:\zlib\dll_x64;
USERNAME=User
OS=Windows_NT
PROCESSOR_IDENTIFIER=Intel64 Family 6 Model 158 Stepping 10, GenuineIntel



---------------  S Y S T E M  ---------------

OS:
 Windows 10 , 64 bit Build 19041 (10.0.19041.1348)
OS uptime: 1 days 20:37 hours

CPU: total 12 (initial active 12) (6 cores per cpu, 2 threads per core) family 6 model 158 stepping 10 microcode 0xb4, cx8, cmov, fxsr, ht, mmx, 3dnowpref, sse, sse2, sse3, ssse3, sse4.1, sse4.2, popcnt, lzcnt, tsc, tscinvbit, avx, avx2, aes, erms, clmul, bmi1, bmi2, adx, fma, vzeroupper, clflush, clflushopt

Memory: 4k page, system-wide physical 12131M (3710M free)
TotalPageFile size 27422M (AvailPageFile size 38M)
current process WorkingSet (physical memory assigned to process): 299M, peak: 299M
current process commit charge ("private bytes"): 365M, peak: 403M

vm_info: Java HotSpot(TM) 64-Bit Server VM (17.0.1+12-LTS-39) for windows-amd64 JRE (17.0.1+12-LTS-39), built on Sep 27 2021 18:41:35 by "mach5one" with MS VC++ 16.8 (VS2019)

END.
