#
# There is insufficient memory for the Java Runtime Environment to continue.
# Native memory allocation (mmap) failed to map 199229440 bytes for G1 virtual space
# Possible reasons:
#   The system is out of physical RAM or swap space
#   The process is running with CompressedOops enabled, and the Java Heap may be blocking the growth of the native heap
# Possible solutions:
#   Reduce memory load on the system
#   Increase physical memory or swap space
#   Check if swap backing store is full
#   Decrease Java heap size (-Xmx/-Xms)
#   Decrease number of Java threads
#   Decrease Java thread stack sizes (-Xss)
#   Set larger code cache with -XX:ReservedCodeCacheSize=
#   JVM is running with Zero Based Compressed Oops mode in which the Java heap is
#     placed in the first 32GB address space. The Java Heap base address is the
#     maximum limit for the native heap growth. Please use -XX:HeapBaseMinAddress
#     to set the Java Heap base and to place the Java Heap above 32GB virtual address.
# This output file may be truncated or incomplete.
#
#  Out of Memory Error (os_windows.cpp:3469), pid=1484, tid=7276
#
# JRE version:  (17.0.1+12) (build )
# Java VM: Java HotSpot(TM) 64-Bit Server VM (17.0.1+12-LTS-39, mixed mode, emulated-client, sharing, tiered, compressed oops, compressed class ptrs, g1 gc, windows-amd64)
# No core dump will be written. Minidumps are not enabled by default on client versions of Windows
#

---------------  S U M M A R Y ------------

Command Line: -XX:TieredStopAtLevel=1 com.dl4jra.server.ServerApplication

Host: Intel(R) Core(TM) i7-9750H CPU @ 2.60GHz, 12 cores, 11G,  Windows 10 , 64 bit Build 19041 (10.0.19041.1348)
Time: Mon Dec 27 10:36:50 2021 Malay Peninsula Standard Time elapsed time: 0.048670 seconds (0d 0h 0m 0s)

---------------  T H R E A D  ---------------

Current thread (0x0000024df7d01880):  JavaThread "Unknown thread" [_thread_in_vm, id=7276, stack(0x000000c170a00000,0x000000c170b00000)]

Stack: [0x000000c170a00000,0x000000c170b00000]
Native frames: (J=compiled Java code, j=interpreted, Vv=VM code, C=native code)
V  [jvm.dll+0x66fa1a]
V  [jvm.dll+0x7ce5a4]
V  [jvm.dll+0x7cfd4e]
V  [jvm.dll+0x7d03b3]
V  [jvm.dll+0x242b05]
V  [jvm.dll+0x66ca39]
V  [jvm.dll+0x661502]
V  [jvm.dll+0x30081b]
V  [jvm.dll+0x307da6]
V  [jvm.dll+0x357a1e]
V  [jvm.dll+0x357c4f]
V  [jvm.dll+0x2d7ad8]
V  [jvm.dll+0x2d8a44]
V  [jvm.dll+0x7a01e1]
V  [jvm.dll+0x365791]
V  [jvm.dll+0x77f6cc]
V  [jvm.dll+0x3e812f]
V  [jvm.dll+0x3e9bd1]
C  [jli.dll+0x527b]
C  [ucrtbase.dll+0x21bb2]
C  [KERNEL32.DLL+0x17034]
C  [ntdll.dll+0x52651]


---------------  P R O C E S S  ---------------

Threads class SMR info:
_java_thread_list=0x00007ff849a97818, length=0, elements={
}

Java Threads: ( => current thread )

Other Threads:
  0x0000024df7d46970 GCTaskThread "GC Thread#0" [stack: 0x000000c170b00000,0x000000c170c00000] [id=5424]
  0x0000024df7d53640 ConcurrentGCThread "G1 Main Marker" [stack: 0x000000c170c00000,0x000000c170d00000] [id=14164]
  0x0000024df7d55800 ConcurrentGCThread "G1 Conc#0" [stack: 0x000000c170d00000,0x000000c170e00000] [id=13000]

[error occurred during error reporting (printing all threads), id 0xc0000005, EXCEPTION_ACCESS_VIOLATION (0xc0000005) at pc=0x00007ff8492e84b7]

VM state: not at safepoint (not fully initialized)

VM Mutex/Monitor currently owned by a thread:  ([mutex/lock_event])
[0x0000024df7cfde80] Heap_lock - owner thread: 0x0000024df7d01880

Heap address: 0x0000000742600000, size: 3034 MB, Compressed Oops mode: Zero based, Oop shift amount: 3

CDS archive(s) mapped at: [0x0000000000000000-0x0000000000000000-0x0000000000000000), size 0, SharedBaseAddress: 0x0000000800000000, ArchiveRelocationMode: 0.
Narrow klass base: 0x0000000000000000, Narrow klass shift: 0, Narrow klass range: 0x0

GC Precious Log:
<Empty>

Heap:
 garbage-first heap   total 0K, used 0K [0x0000000742600000, 0x0000000800000000)
  region size 2048K, 0 young (0K), 0 survivors (0K)

[error occurred during error reporting (printing heap information), id 0xc0000005, EXCEPTION_ACCESS_VIOLATION (0xc0000005) at pc=0x00007ff8496c8d89]

GC Heap History (0 events):
No events

Deoptimization events (0 events):
No events

Classes unloaded (0 events):
No events

Classes redefined (0 events):
No events

Internal exceptions (0 events):
No events

VM Operations (0 events):
No events

Events (1 events):
Event: 0.020 Loaded shared library E:\Java\jdk-17.0.1\bin\java.dll


Dynamic libraries:
0x00007ff617f30000 - 0x00007ff617f40000 	E:\Java\jdk-17.0.1\bin\java.exe
0x00007ff996550000 - 0x00007ff996745000 	C:\WINDOWS\SYSTEM32\ntdll.dll
0x00007ff994a70000 - 0x00007ff994b2e000 	C:\WINDOWS\System32\KERNEL32.DLL
0x00007ff993c60000 - 0x00007ff993f28000 	C:\WINDOWS\System32\KERNELBASE.dll
0x00007ff9942a0000 - 0x00007ff9943a0000 	C:\WINDOWS\System32\ucrtbase.dll
0x00007ff983a00000 - 0x00007ff983a1a000 	E:\Java\jdk-17.0.1\bin\VCRUNTIME140.dll
0x00007ff983a20000 - 0x00007ff983a38000 	E:\Java\jdk-17.0.1\bin\jli.dll
0x00007ff995b80000 - 0x00007ff995c2c000 	C:\WINDOWS\System32\ADVAPI32.dll
0x00007ff995330000 - 0x00007ff9953ce000 	C:\WINDOWS\System32\msvcrt.dll
0x00007ff994b30000 - 0x00007ff994bcb000 	C:\WINDOWS\System32\sechost.dll
0x00007ff995190000 - 0x00007ff9952ba000 	C:\WINDOWS\System32\RPCRT4.dll
0x00007ff9947a0000 - 0x00007ff994941000 	C:\WINDOWS\System32\USER32.dll
0x00007ff994500000 - 0x00007ff994522000 	C:\WINDOWS\System32\win32u.dll
0x00007ff97d100000 - 0x00007ff97d39a000 	C:\WINDOWS\WinSxS\amd64_microsoft.windows.common-controls_6595b64144ccf1df_6.0.19041.1110_none_60b5254171f9507e\COMCTL32.dll
0x00007ff994660000 - 0x00007ff99468b000 	C:\WINDOWS\System32\GDI32.dll
0x00007ff9943a0000 - 0x00007ff9944ad000 	C:\WINDOWS\System32\gdi32full.dll
0x00007ff994140000 - 0x00007ff9941dd000 	C:\WINDOWS\System32\msvcp_win.dll
0x00007ff98ba20000 - 0x00007ff98ba2a000 	C:\WINDOWS\SYSTEM32\VERSION.dll
0x00007ff9953d0000 - 0x00007ff995400000 	C:\WINDOWS\System32\IMM32.DLL
0x00007ff983ae0000 - 0x00007ff983aec000 	E:\Java\jdk-17.0.1\bin\vcruntime140_1.dll
0x00007ff93c9a0000 - 0x00007ff93ca2d000 	E:\Java\jdk-17.0.1\bin\msvcp140.dll
0x00007ff849000000 - 0x00007ff849bbe000 	E:\Java\jdk-17.0.1\bin\server\jvm.dll
0x00007ff995c30000 - 0x00007ff995c38000 	C:\WINDOWS\System32\PSAPI.DLL
0x00007ff98e210000 - 0x00007ff98e219000 	C:\WINDOWS\SYSTEM32\WSOCK32.dll
0x00007ff9803a0000 - 0x00007ff9803c7000 	C:\WINDOWS\SYSTEM32\WINMM.dll
0x00007ff9952c0000 - 0x00007ff99532b000 	C:\WINDOWS\System32\WS2_32.dll
0x00007ff991b50000 - 0x00007ff991b62000 	C:\WINDOWS\SYSTEM32\kernel.appcore.dll
0x00007ff97e200000 - 0x00007ff97e20a000 	E:\Java\jdk-17.0.1\bin\jimage.dll
0x00007ff97dcd0000 - 0x00007ff97deb4000 	C:\WINDOWS\SYSTEM32\DBGHELP.DLL
0x00007ff979340000 - 0x00007ff97936c000 	C:\WINDOWS\SYSTEM32\dbgcore.DLL
0x00007ff994210000 - 0x00007ff994292000 	C:\WINDOWS\System32\bcryptPrimitives.dll
0x00007ff95c7c0000 - 0x00007ff95c7e5000 	E:\Java\jdk-17.0.1\bin\java.dll

dbghelp: loaded successfully - version: 4.0.5 - missing functions: none
symbol engine: initialized successfully - sym options: 0x614 - pdb path: .;E:\Java\jdk-17.0.1\bin;C:\WINDOWS\SYSTEM32;C:\WINDOWS\WinSxS\amd64_microsoft.windows.common-controls_6595b64144ccf1df_6.0.19041.1110_none_60b5254171f9507e;E:\Java\jdk-17.0.1\bin\server

VM Arguments:
jvm_args: -XX:TieredStopAtLevel=1 
java_command: com.dl4jra.server.ServerApplication
java_class_path (initial): E:\SHRDC\DL4JRA\server\target\classes;C:\Users\User\.m2\repository\ch\qos\logback\logback-classic\1.2.5\logback-classic-1.2.5.jar;C:\Users\User\.m2\repository\ch\qos\logback\logback-core\1.2.5\logback-core-1.2.5.jar;C:\Users\User\.m2\repository\org\apache\logging\log4j\log4j-to-slf4j\2.14.1\log4j-to-slf4j-2.14.1.jar;C:\Users\User\.m2\repository\org\apache\logging\log4j\log4j-api\2.14.1\log4j-api-2.14.1.jar;C:\Users\User\.m2\repository\org\slf4j\jul-to-slf4j\1.7.32\jul-to-slf4j-1.7.32.jar;C:\Users\User\.m2\repository\jakarta\annotation\jakarta.annotation-api\1.3.5\jakarta.annotation-api-1.3.5.jar;C:\Users\User\.m2\repository\org\yaml\snakeyaml\1.28\snakeyaml-1.28.jar;C:\Users\User\.m2\repository\com\fasterxml\jackson\core\jackson-databind\2.12.4\jackson-databind-2.12.4.jar;C:\Users\User\.m2\repository\com\fasterxml\jackson\core\jackson-annotations\2.12.4\jackson-annotations-2.12.4.jar;C:\Users\User\.m2\repository\com\fasterxml\jackson\core\jackson-core\2.12.4\jackson-core-2.12.4.jar;C:\Users\User\.m2\repository\com\fasterxml\jackson\datatype\jackson-datatype-jdk8\2.12.4\jackson-datatype-jdk8-2.12.4.jar;C:\Users\User\.m2\repository\com\fasterxml\jackson\datatype\jackson-datatype-jsr310\2.12.4\jackson-datatype-jsr310-2.12.4.jar;C:\Users\User\.m2\repository\com\fasterxml\jackson\module\jackson-module-parameter-names\2.12.4\jackson-module-parameter-names-2.12.4.jar;C:\Users\User\.m2\repository\org\apache\tomcat\embed\tomcat-embed-core\9.0.52\tomcat-embed-core-9.0.52.jar;C:\Users\User\.m2\repository\org\apache\tomcat\embed\tomcat-embed-el\9.0.52\tomcat-embed-el-9.0.52.jar;C:\Users\User\.m2\repository\org\apache\tomcat\embed\tomcat-embed-websocket\9.0.52\tomcat-embed-websocket-9.0.52.jar;C:\Users\User\.m2\repository\org\springframework\spring-web\5.3.9\spring-web-5.3.9.jar;C:\Users\User\.m2\repository\org\springframework\spring-beans\5.3.9\spring-beans-5.3.9.jar;C:\Users\User\.m2\repository\org\springframework\spring-webmvc\5.3.9\spring-webmvc-
Launcher Type: SUN_STANDARD

[Global flags]
     intx CICompilerCount                          = 4                                         {product} {ergonomic}
     uint ConcGCThreads                            = 3                                         {product} {ergonomic}
     uint G1ConcRefinementThreads                  = 10                                        {product} {ergonomic}
   size_t G1HeapRegionSize                         = 2097152                                   {product} {ergonomic}
    uintx GCDrainStackTargetSize                   = 64                                        {product} {ergonomic}
   size_t InitialHeapSize                          = 199229440                                 {product} {ergonomic}
   size_t MarkStackSize                            = 4194304                                   {product} {ergonomic}
   size_t MaxHeapSize                              = 3181379584                                {product} {ergonomic}
   size_t MinHeapDeltaBytes                        = 2097152                                   {product} {ergonomic}
   size_t MinHeapSize                              = 8388608                                   {product} {ergonomic}
    uintx NonProfiledCodeHeapSize                  = 0                                      {pd product} {ergonomic}
     bool ProfileInterpreter                       = false                                  {pd product} {command line}
    uintx ProfiledCodeHeapSize                     = 0                                      {pd product} {ergonomic}
   size_t SoftMaxHeapSize                          = 3181379584                             {manageable} {ergonomic}
     intx TieredStopAtLevel                        = 1                                         {product} {command line}
     bool UseCompressedClassPointers               = true                           {product lp64_product} {ergonomic}
     bool UseCompressedOops                        = true                           {product lp64_product} {ergonomic}
     bool UseG1GC                                  = true                                      {product} {ergonomic}
     bool UseLargePagesIndividualAllocation        = false                                  {pd product} {ergonomic}

Logging:
Log output configuration:
 #0: stdout all=warning uptime,level,tags
 #1: stderr all=off uptime,level,tags

Environment Variables:
CLASSPATH=C:\Program Files\Java\jre1.8.0_301\lib
PATH=C:\Program Files\Common Files\Oracle\Java\javapath;C:\Program Files (x86)\Common Files\Oracle\Java\javapath;C:\Program Files\NVIDIA GPU Computing Toolkit\CUDA\v11.2\bin;C:\Program Files\NVIDIA GPU Computing Toolkit\CUDA\v11.2\libnvvp;C:\Program Files\NVIDIA GPU Computing Toolkit\CUDA\v11.5\bin;C:\Program Files\NVIDIA GPU Computing Toolkit\CUDA\v11.5\libnvvp;C:\Windows\system32;C:\Windows;C:\Windows\System32\Wbem;C:\Windows\System32\WindowsPowerShell\v1.0\;C:\Windows\System32\OpenSSH\;C:\Program Files (x86)\NVIDIA Corporation\PhysX\Common;C:\Program Files\NVIDIA Corporation\NVIDIA NvDLISR;C:\WINDOWS\system32;C:\WINDOWS;C:\WINDOWS\System32\Wbem;C:\WINDOWS\System32\WindowsPowerShell\v1.0\;C:\WINDOWS\System32\OpenSSH\;E:\Git\cmd;E:\Node js\;E:\Maven\apache-maven-3.8.4\bin;C:\Program Files\Java\jre1.8.0_301\bin;E:\zlib\dll_x64;C:\Program Files\NVIDIA Corporation\Nsight Compute 2020.3.0\;C:\Program Files\Java\jre1.8.0_301\bin;E:\Microsoft VS Code\bin;E:\zlib\dll_x64;
USERNAME=User
OS=Windows_NT
PROCESSOR_IDENTIFIER=Intel64 Family 6 Model 158 Stepping 10, GenuineIntel



---------------  S Y S T E M  ---------------

OS:
 Windows 10 , 64 bit Build 19041 (10.0.19041.1348)
OS uptime: 1 days 20:26 hours

CPU: total 12 (initial active 12) (6 cores per cpu, 2 threads per core) family 6 model 158 stepping 10 microcode 0xb4, cx8, cmov, fxsr, ht, mmx, 3dnowpref, sse, sse2, sse3, ssse3, sse4.1, sse4.2, popcnt, lzcnt, tsc, tscinvbit, avx, avx2, aes, erms, clmul, bmi1, bmi2, adx, fma, vzeroupper, clflush, clflushopt

Memory: 4k page, system-wide physical 12131M (1786M free)
TotalPageFile size 27422M (AvailPageFile size 33M)
current process WorkingSet (physical memory assigned to process): 10M, peak: 10M
current process commit charge ("private bytes"): 59M, peak: 249M

vm_info: Java HotSpot(TM) 64-Bit Server VM (17.0.1+12-LTS-39) for windows-amd64 JRE (17.0.1+12-LTS-39), built on Sep 27 2021 18:41:35 by "mach5one" with MS VC++ 16.8 (VS2019)

END.
