#
# A fatal error has been detected by the Java Runtime Environment:
#
#  EXCEPTION_ACCESS_VIOLATION (0xc0000005) at pc=0x0000000008903f98, pid=1536, tid=0x00000000000029ec
#
# JRE version: Java(TM) SE Runtime Environment (8.0_301-b09) (build 1.8.0_301-b09)
# Java VM: Java HotSpot(TM) 64-Bit Server VM (25.301-b09 mixed mode windows-amd64 compressed oops)
# Problematic frame:
# C  [libnd4jcpu.dll+0x6a73f98]
#
# Failed to write core dump. Minidumps are not enabled by default on client versions of Windows
#
# If you would like to submit a bug report, please visit:
#   http://bugreport.java.com/bugreport/crash.jsp
# The crash happened outside the Java Virtual Machine in native code.
# See problematic frame for where to report the bug.
#

---------------  T H R E A D  ---------------

Current thread (0x000001cab0516000):  JavaThread "main" [_thread_in_native, id=10732, stack(0x0000002bbad00000,0x0000002bbae00000)]

siginfo: ExceptionCode=0xc0000005, reading address 0x000001ca809c7a58

Registers:
RAX=0x0000000000000000, RBX=0x0000000000000000, RCX=0x0000002bbadfe610, RDX=0x000001caa3eef458
RSP=0x0000002bbadfe490, RBP=0x0000000000000000, RSI=0x0000000000000000, RDI=0x0000002bbadfe610
R8 =0x0000000000000000, R9 =0x0000000000000000, R10=0x0000002bbadfe610, R11=0x0000000000000080
R12=0x000001ca809c7a58, R13=0x000001cb1300d238, R14=0x000001cb00016fc0, R15=0x0000000000000000
RIP=0x0000000008903f98, EFLAGS=0x0000000000010246

Top of Stack: (sp=0x0000002bbadfe490)
0x0000002bbadfe490:   000001cab0670000 000001cab05e0000
0x0000002bbadfe4a0:   000001cab05e02a8 00007ff96ca1b3c7
0x0000002bbadfe4b0:   0000000000000000 0000000000000003
0x0000002bbadfe4c0:   0000000000000001 0000000000000000
0x0000002bbadfe4d0:   0000000000000080 0000000000000001
0x0000002bbadfe4e0:   0000000000000010 0000000000000004
0x0000002bbadfe4f0:   000001cab0670000 0000002bbadfe5b9
0x0000002bbadfe500:   0000000000000001 0000000000000001
0x0000002bbadfe510:   0000000000000001 000001ca0000000a
0x0000002bbadfe520:   0000000000000010 000001ca00000000
0x0000002bbadfe530:   000001cac86be1a0 00007ff96ca1b86b
0x0000002bbadfe540:   0000000005270153 000001caa3eef458
0x0000002bbadfe550:   000001cb1300d238 0000000000000004
0x0000002bbadfe560:   000001cab0670000 0000000000000000
0x0000002bbadfe570:   0000000000000000 000001cab05e2100
0x0000002bbadfe580:   000001ca9d2ab4c0 000001cab05e0000 

Instructions: (pc=0x0000000008903f98)
0x0000000008903f78:   14 d4 31 fa 48 0f af dd 48 89 c6 eb 2e 49 8b 45
0x0000000008903f88:   08 48 8b 94 24 b8 00 00 00 48 0f af c6 4c 01 f8
0x0000000008903f98:   f3 41 0f 10 04 84 48 8b 42 08 48 0f af c6 48 83
0x0000000008903fa8:   c6 01 48 01 d8 f3 41 0f 11 04 86 48 89 f9 e8 f5 


Register to memory mapping:

RAX=0x0000000000000000 is an unknown value
RBX=0x0000000000000000 is an unknown value
RCX=0x0000002bbadfe610 is pointing into the stack for thread: 0x000001cab0516000
RDX=0x000001caa3eef458 is an unknown value
RSP=0x0000002bbadfe490 is pointing into the stack for thread: 0x000001cab0516000
RBP=0x0000000000000000 is an unknown value
RSI=0x0000000000000000 is an unknown value
RDI=0x0000002bbadfe610 is pointing into the stack for thread: 0x000001cab0516000
R8 =0x0000000000000000 is an unknown value
R9 =0x0000000000000000 is an unknown value
R10=0x0000002bbadfe610 is pointing into the stack for thread: 0x000001cab0516000
R11=0x0000000000000080 is an unknown value
R12=0x000001ca809c7a58 is an unknown value
R13=0x000001cb1300d238 is an unknown value
R14=0x000001cb00016fc0 is an unknown value
R15=0x0000000000000000 is an unknown value


Stack: [0x0000002bbad00000,0x0000002bbae00000],  sp=0x0000002bbadfe490,  free space=1017k
Native frames: (J=compiled Java code, j=interpreted, Vv=VM code, C=native code)

Java frames: (J=compiled Java code, j=interpreted, Vv=VM code)
J 2106  org.nd4j.nativeblas.Nd4jCpu.execTransformAny(Lorg/bytedeco/javacpp/PointerPointer;ILorg/nd4j/nativeblas/OpaqueDataBuffer;Lorg/bytedeco/javacpp/LongPointer;Lorg/bytedeco/javacpp/LongPointer;Lorg/nd4j/nativeblas/OpaqueDataBuffer;Lorg/bytedeco/javacpp/LongPointer;Lorg/bytedeco/javacpp/LongPointer;Lorg/bytedeco/javacpp/Pointer;)V (0 bytes) @ 0x000001cab28349be [0x000001cab28348c0+0xfe]
J 2431 C2 org.nd4j.linalg.cpu.nativecpu.ops.NativeOpExecutioner.exec(Lorg/nd4j/linalg/api/ops/TransformOp;Lorg/nd4j/linalg/api/ops/OpContext;)V (1440 bytes) @ 0x000001cab29f507c [0x000001cab29f4100+0xf7c]
J 3055 C2 org.nd4j.linalg.api.ndarray.BaseNDArray.assign(Lorg/nd4j/linalg/api/ndarray/INDArray;)Lorg/nd4j/linalg/api/ndarray/INDArray; (104 bytes) @ 0x000001cab29238c8 [0x000001cab2923100+0x7c8]
J 2537 C2 org.nd4j.linalg.workspace.BaseWorkspaceMgr.dup(Ljava/lang/Enum;Lorg/nd4j/linalg/api/ndarray/INDArray;C)Lorg/nd4j/linalg/api/ndarray/INDArray; (147 bytes) @ 0x000001cab21a37a4 [0x000001cab21a3100+0x6a4]
J 3535 C2 org.deeplearning4j.nn.layers.recurrent.RnnOutputLayer.setMaskArray(Lorg/nd4j/linalg/api/ndarray/INDArray;)V (125 bytes) @ 0x000001cab250fd2c [0x000001cab250fc80+0xac]
J 3673 C2 org.deeplearning4j.nn.graph.ComputationGraph.setLayerMaskArrays([Lorg/nd4j/linalg/api/ndarray/INDArray;[Lorg/nd4j/linalg/api/ndarray/INDArray;)V (444 bytes) @ 0x000001cab2a32d8c [0x000001cab2a32a00+0x38c]
j  org.deeplearning4j.nn.graph.ComputationGraph.output(Z[Lorg/nd4j/linalg/api/ndarray/INDArray;[Lorg/nd4j/linalg/api/ndarray/INDArray;[Lorg/nd4j/linalg/api/ndarray/INDArray;Lorg/nd4j/linalg/api/memory/MemoryWorkspace;)[Lorg/nd4j/linalg/api/ndarray/INDArray;+19
j  org.deeplearning4j.nn.graph.ComputationGraph.output(Z[Lorg/nd4j/linalg/api/ndarray/INDArray;[Lorg/nd4j/linalg/api/ndarray/INDArray;[Lorg/nd4j/linalg/api/ndarray/INDArray;)[Lorg/nd4j/linalg/api/ndarray/INDArray;+22
j  org.deeplearning4j.nn.graph.ComputationGraph.output([Lorg/nd4j/linalg/api/ndarray/INDArray;)[Lorg/nd4j/linalg/api/ndarray/INDArray;+11
j  com.dl4jra.server.cnn.CNN.EvaluateModelRNN()V+90
j  com.dl4jra.server.testing.CnnTest.main([Ljava/lang/String;)V+166
v  ~StubRoutines::call_stub
j  sun.reflect.NativeMethodAccessorImpl.invoke0(Ljava/lang/reflect/Method;Ljava/lang/Object;[Ljava/lang/Object;)Ljava/lang/Object;+0
j  sun.reflect.NativeMethodAccessorImpl.invoke(Ljava/lang/Object;[Ljava/lang/Object;)Ljava/lang/Object;+100
j  sun.reflect.DelegatingMethodAccessorImpl.invoke(Ljava/lang/Object;[Ljava/lang/Object;)Ljava/lang/Object;+6
j  java.lang.reflect.Method.invoke(Ljava/lang/Object;[Ljava/lang/Object;)Ljava/lang/Object;+56
j  com.intellij.rt.execution.CommandLineWrapper.main([Ljava/lang/String;)V+193
v  ~StubRoutines::call_stub

---------------  P R O C E S S  ---------------

Java Threads: ( => current thread )
  0x000001cacd0ec800 JavaThread "DeallocatorServiceThread_1" daemon [_thread_blocked, id=11204, stack(0x0000002bbdc00000,0x0000002bbdd00000)]
  0x000001cacd0eb800 JavaThread "DeallocatorServiceThread_0" daemon [_thread_blocked, id=10388, stack(0x0000002bbdb00000,0x0000002bbdc00000)]
  0x000001cacce30000 JavaThread "JavaCPP Deallocator" daemon [_thread_blocked, id=6528, stack(0x0000002bbc400000,0x0000002bbc500000)]
  0x000001cacb16f800 JavaThread "Service Thread" daemon [_thread_blocked, id=9540, stack(0x0000002bbc200000,0x0000002bbc300000)]
  0x000001cacb0da000 JavaThread "C1 CompilerThread3" daemon [_thread_blocked, id=320, stack(0x0000002bbc100000,0x0000002bbc200000)]
  0x000001cacb0d1000 JavaThread "C2 CompilerThread2" daemon [_thread_blocked, id=2612, stack(0x0000002bbc000000,0x0000002bbc100000)]
  0x000001cacb0ce000 JavaThread "C2 CompilerThread1" daemon [_thread_blocked, id=9456, stack(0x0000002bbbf00000,0x0000002bbc000000)]
  0x000001cacb0c7000 JavaThread "C2 CompilerThread0" daemon [_thread_blocked, id=3596, stack(0x0000002bbbe00000,0x0000002bbbf00000)]
  0x000001cac8c0d000 JavaThread "Monitor Ctrl-Break" daemon [_thread_in_native, id=7488, stack(0x0000002bbbd00000,0x0000002bbbe00000)]
  0x000001cac8bd9800 JavaThread "Attach Listener" daemon [_thread_blocked, id=324, stack(0x0000002bbbc00000,0x0000002bbbd00000)]
  0x000001cacb0c3800 JavaThread "Signal Dispatcher" daemon [_thread_blocked, id=16128, stack(0x0000002bbbb00000,0x0000002bbbc00000)]
  0x000001cac8ba7000 JavaThread "Finalizer" daemon [_thread_blocked, id=1460, stack(0x0000002bbba00000,0x0000002bbbb00000)]
  0x000001cac8b9e800 JavaThread "Reference Handler" daemon [_thread_blocked, id=3264, stack(0x0000002bbb900000,0x0000002bbba00000)]
=>0x000001cab0516000 JavaThread "main" [_thread_in_native, id=10732, stack(0x0000002bbad00000,0x0000002bbae00000)]

Other Threads:
  0x000001cac8b76000 VMThread [stack: 0x0000002bbb800000,0x0000002bbb900000] [id=1912]
  0x000001cacb193000 WatcherThread [stack: 0x0000002bbc300000,0x0000002bbc400000] [id=11632]

VM state:not at safepoint (normal execution)

VM Mutex/Monitor currently owned by a thread: None

heap address: 0x0000000702600000, size: 3034 MB, Compressed Oops mode: Zero based, Oop shift amount: 3
Narrow klass base: 0x0000000000000000, Narrow klass shift: 3
Compressed class space size: 1073741824 Address: 0x00000007c0000000

Heap:
 PSYoungGen      total 992256K, used 706680K [0x0000000780d00000, 0x00000007bfc80000, 0x00000007c0000000)
  eden space 956928K, 71% used [0x0000000780d00000,0x00000007aab2e2a0,0x00000007bb380000)
  from space 35328K, 57% used [0x00000007bda00000,0x00000007bedf0000,0x00000007bfc80000)
  to   space 37376K, 0% used [0x00000007bb380000,0x00000007bb380000,0x00000007bd800000)
 ParOldGen       total 114688K, used 77634K [0x0000000702600000, 0x0000000709600000, 0x0000000780d00000)
  object space 114688K, 67% used [0x0000000702600000,0x00000007071d0818,0x0000000709600000)
 Metaspace       used 21313K, capacity 21612K, committed 21936K, reserved 1069056K
  class space    used 2028K, capacity 2109K, committed 2224K, reserved 1048576K

Card table byte_map: [0x000001cac1220000,0x000001cac1810000] byte_map_base: 0x000001cabda0d000

Marking Bits: (ParMarkBitMap*) 0x0000000062ff7fe0
 Begin Bits: [0x000001cac1c10000, 0x000001cac4b78000)
 End Bits:   [0x000001cac4b78000, 0x000001cac7ae0000)

Polling page: 0x000001cab1e30000

CodeCache: size=245760Kb used=12769Kb max_used=13304Kb free=232990Kb
 bounds [0x000001cab1e60000, 0x000001cab2ba0000, 0x000001cac0e60000]
 total_blobs=3779 nmethods=2723 adapters=968
 compilation: enabled

Compilation events (10 events):
Event: 1846.269 Thread 0x000001cacb0c7000 3700       4       java.util.Formatter$FormatSpecifier::checkInteger (91 bytes)
Event: 1846.270 Thread 0x000001cacb0d1000 nmethod 3699 0x000001cab2743410 code [0x000001cab2743560, 0x000001cab27436d8]
Event: 1846.271 Thread 0x000001cacb0c7000 nmethod 3700 0x000001cab2897890 code [0x000001cab28979e0, 0x000001cab2897bb8]
Event: 1846.278 Thread 0x000001cacb0ce000 3701       4       org.nd4j.linalg.api.ndarray.BaseNDArray::putScalar (214 bytes)
Event: 1846.281 Thread 0x000001cacb0ce000 nmethod 3701 0x000001cab2896ed0 code [0x000001cab2897040, 0x000001cab2897388]
Event: 1846.302 Thread 0x000001cacb0d1000 3702 %     4       org.deeplearning4j.datasets.datavec.RecordReaderMultiDataSetIterator::convertWritablesSequence @ 493 (1146 bytes)
Event: 1846.323 Thread 0x000001cacb0da000 3703       3       org.nd4j.linalg.api.shape.Shape::getOffsetUnsafe (150 bytes)
Event: 1846.323 Thread 0x000001cacb0c7000 3704       4       org.nd4j.linalg.api.ndarray.BaseNDArray::putScalar (121 bytes)
Event: 1846.324 Thread 0x000001cacb0da000 nmethod 3703 0x000001cab20eb090 code [0x000001cab20eb3c0, 0x000001cab20eccf0]
Event: 1846.326 Thread 0x000001cacb0c7000 nmethod 3704 0x000001cab28964d0 code [0x000001cab2896640, 0x000001cab28969a8]

GC Heap History (10 events):
Event: 1836.790 GC heap before
{Heap before GC invocations=543 (full 3):
 PSYoungGen      total 984576K, used 959168K [0x0000000780d00000, 0x00000007bff00000, 0x00000007c0000000)
  eden space 939008K, 100% used [0x0000000780d00000,0x00000007ba200000,0x00000007ba200000)
  from space 45568K, 44% used [0x00000007ba200000,0x00000007bb5b0000,0x00000007bce80000)
  to   space 43520K, 0% used [0x00000007bd480000,0x00000007bd480000,0x00000007bff00000)
 ParOldGen       total 114688K, used 77202K [0x0000000702600000, 0x0000000709600000, 0x0000000780d00000)
  object space 114688K, 67% used [0x0000000702600000,0x0000000707164818,0x0000000709600000)
 Metaspace       used 21157K, capacity 21388K, committed 21552K, reserved 1069056K
  class space    used 2022K, capacity 2077K, committed 2096K, reserved 1048576K
Event: 1836.820 GC heap after
Heap after GC invocations=543 (full 3):
 PSYoungGen      total 984576K, used 22816K [0x0000000780d00000, 0x00000007bfa00000, 0x00000007c0000000)
  eden space 946176K, 0% used [0x0000000780d00000,0x0000000780d00000,0x00000007ba900000)
  from space 38400K, 59% used [0x00000007bd480000,0x00000007beac8000,0x00000007bfa00000)
  to   space 41472K, 0% used [0x00000007ba900000,0x00000007ba900000,0x00000007bd180000)
 ParOldGen       total 114688K, used 77282K [0x0000000702600000, 0x0000000709600000, 0x0000000780d00000)
  object space 114688K, 67% used [0x0000000702600000,0x0000000707178818,0x0000000709600000)
 Metaspace       used 21157K, capacity 21388K, committed 21552K, reserved 1069056K
  class space    used 2022K, capacity 2077K, committed 2096K, reserved 1048576K
}
Event: 1838.715 GC heap before
{Heap before GC invocations=544 (full 3):
 PSYoungGen      total 984576K, used 968992K [0x0000000780d00000, 0x00000007bfa00000, 0x00000007c0000000)
  eden space 946176K, 100% used [0x0000000780d00000,0x00000007ba900000,0x00000007ba900000)
  from space 38400K, 59% used [0x00000007bd480000,0x00000007beac8000,0x00000007bfa00000)
  to   space 41472K, 0% used [0x00000007ba900000,0x00000007ba900000,0x00000007bd180000)
 ParOldGen       total 114688K, used 77282K [0x0000000702600000, 0x0000000709600000, 0x0000000780d00000)
  object space 114688K, 67% used [0x0000000702600000,0x0000000707178818,0x0000000709600000)
 Metaspace       used 21157K, capacity 21388K, committed 21552K, reserved 1069056K
  class space    used 2022K, capacity 2077K, committed 2096K, reserved 1048576K
Event: 1838.742 GC heap after
Heap after GC invocations=544 (full 3):
 PSYoungGen      total 987648K, used 21248K [0x0000000780d00000, 0x00000007c0000000, 0x00000007c0000000)
  eden space 946176K, 0% used [0x0000000780d00000,0x0000000780d00000,0x00000007ba900000)
  from space 41472K, 51% used [0x00000007ba900000,0x00000007bbdc0000,0x00000007bd180000)
  to   space 39936K, 0% used [0x00000007bd900000,0x00000007bd900000,0x00000007c0000000)
 ParOldGen       total 114688K, used 77378K [0x0000000702600000, 0x0000000709600000, 0x0000000780d00000)
  object space 114688K, 67% used [0x0000000702600000,0x0000000707190818,0x0000000709600000)
 Metaspace       used 21157K, capacity 21388K, committed 21552K, reserved 1069056K
  class space    used 2022K, capacity 2077K, committed 2096K, reserved 1048576K
}
Event: 1840.630 GC heap before
{Heap before GC invocations=545 (full 3):
 PSYoungGen      total 987648K, used 967424K [0x0000000780d00000, 0x00000007c0000000, 0x00000007c0000000)
  eden space 946176K, 100% used [0x0000000780d00000,0x00000007ba900000,0x00000007ba900000)
  from space 41472K, 51% used [0x00000007ba900000,0x00000007bbdc0000,0x00000007bd180000)
  to   space 39936K, 0% used [0x00000007bd900000,0x00000007bd900000,0x00000007c0000000)
 ParOldGen       total 114688K, used 77378K [0x0000000702600000, 0x0000000709600000, 0x0000000780d00000)
  object space 114688K, 67% used [0x0000000702600000,0x0000000707190818,0x0000000709600000)
 Metaspace       used 21157K, capacity 21388K, committed 21552K, reserved 1069056K
  class space    used 2022K, capacity 2077K, committed 2096K, reserved 1048576K
Event: 1840.656 GC heap after
Heap after GC invocations=545 (full 3):
 PSYoungGen      total 991232K, used 18144K [0x0000000780d00000, 0x00000007bfd80000, 0x00000007c0000000)
  eden space 953856K, 0% used [0x0000000780d00000,0x0000000780d00000,0x00000007bb080000)
  from space 37376K, 48% used [0x00000007bd900000,0x00000007beab8000,0x00000007bfd80000)
  to   space 39424K, 0% used [0x00000007bb080000,0x00000007bb080000,0x00000007bd700000)
 ParOldGen       total 114688K, used 77458K [0x0000000702600000, 0x0000000709600000, 0x0000000780d00000)
  object space 114688K, 67% used [0x0000000702600000,0x00000007071a4818,0x0000000709600000)
 Metaspace       used 21157K, capacity 21388K, committed 21552K, reserved 1069056K
  class space    used 2022K, capacity 2077K, committed 2096K, reserved 1048576K
}
Event: 1842.541 GC heap before
{Heap before GC invocations=546 (full 3):
 PSYoungGen      total 991232K, used 972000K [0x0000000780d00000, 0x00000007bfd80000, 0x00000007c0000000)
  eden space 953856K, 100% used [0x0000000780d00000,0x00000007bb080000,0x00000007bb080000)
  from space 37376K, 48% used [0x00000007bd900000,0x00000007beab8000,0x00000007bfd80000)
  to   space 39424K, 0% used [0x00000007bb080000,0x00000007bb080000,0x00000007bd700000)
 ParOldGen       total 114688K, used 77458K [0x0000000702600000, 0x0000000709600000, 0x0000000780d00000)
  object space 114688K, 67% used [0x0000000702600000,0x00000007071a4818,0x0000000709600000)
 Metaspace       used 21157K, capacity 21388K, committed 21552K, reserved 1069056K
  class space    used 2022K, capacity 2077K, committed 2096K, reserved 1048576K
Event: 1842.566 GC heap after
Heap after GC invocations=546 (full 3):
 PSYoungGen      total 993280K, used 15328K [0x0000000780d00000, 0x00000007c0000000, 0x00000007c0000000)
  eden space 953856K, 0% used [0x0000000780d00000,0x0000000780d00000,0x00000007bb080000)
  from space 39424K, 38% used [0x00000007bb080000,0x00000007bbf78000,0x00000007bd700000)
  to   space 38912K, 0% used [0x00000007bda00000,0x00000007bda00000,0x00000007c0000000)
 ParOldGen       total 114688K, used 77546K [0x0000000702600000, 0x0000000709600000, 0x0000000780d00000)
  object space 114688K, 67% used [0x0000000702600000,0x00000007071ba818,0x0000000709600000)
 Metaspace       used 21157K, capacity 21388K, committed 21552K, reserved 1069056K
  class space    used 2022K, capacity 2077K, committed 2096K, reserved 1048576K
}
Event: 1844.361 GC heap before
{Heap before GC invocations=547 (full 3):
 PSYoungGen      total 993280K, used 969184K [0x0000000780d00000, 0x00000007c0000000, 0x00000007c0000000)
  eden space 953856K, 100% used [0x0000000780d00000,0x00000007bb080000,0x00000007bb080000)
  from space 39424K, 38% used [0x00000007bb080000,0x00000007bbf78000,0x00000007bd700000)
  to   space 38912K, 0% used [0x00000007bda00000,0x00000007bda00000,0x00000007c0000000)
 ParOldGen       total 114688K, used 77546K [0x0000000702600000, 0x0000000709600000, 0x0000000780d00000)
  object space 114688K, 67% used [0x0000000702600000,0x00000007071ba818,0x0000000709600000)
 Metaspace       used 21157K, capacity 21388K, committed 21552K, reserved 1069056K
  class space    used 2022K, capacity 2077K, committed 2096K, reserved 1048576K
Event: 1844.387 GC heap after
Heap after GC invocations=547 (full 3):
 PSYoungGen      total 992256K, used 20416K [0x0000000780d00000, 0x00000007bfc80000, 0x00000007c0000000)
  eden space 956928K, 0% used [0x0000000780d00000,0x0000000780d00000,0x00000007bb380000)
  from space 35328K, 57% used [0x00000007bda00000,0x00000007bedf0000,0x00000007bfc80000)
  to   space 37376K, 0% used [0x00000007bb380000,0x00000007bb380000,0x00000007bd800000)
 ParOldGen       total 114688K, used 77634K [0x0000000702600000, 0x0000000709600000, 0x0000000780d00000)
  object space 114688K, 67% used [0x0000000702600000,0x00000007071d0818,0x0000000709600000)
 Metaspace       used 21157K, capacity 21388K, committed 21552K, reserved 1069056K
  class space    used 2022K, capacity 2077K, committed 2096K, reserved 1048576K
}

Deoptimization events (10 events):
Event: 1846.231 Thread 0x000001cab0516000 Uncommon trap: reason=unstable_if action=reinterpret pc=0x000001cab251f910 method=org.nd4j.linalg.api.ndarray.BaseNDArray.putScalar(JJJD)Lorg/nd4j/linalg/api/ndarray/INDArray; @ 132
Event: 1846.232 Thread 0x000001cab0516000 Uncommon trap: reason=unstable_if action=reinterpret pc=0x000001cab2599ee4 method=org.nd4j.linalg.api.ndarray.BaseNDArray.putScalar(JJJD)Lorg/nd4j/linalg/api/ndarray/INDArray; @ 132
Event: 1846.232 Thread 0x000001cab0516000 Uncommon trap: reason=unstable_if action=reinterpret pc=0x000001cab255652c method=org.nd4j.linalg.api.shape.Shape.getOffsetUnsafe([JJJ)J @ 111
Event: 1846.235 Thread 0x000001cab0516000 Uncommon trap: reason=bimorphic action=maybe_recompile pc=0x000001cab267fba8 method=java.util.regex.Pattern$Start.match(Ljava/util/regex/Matcher;ILjava/lang/CharSequence;)Z @ 44
Event: 1846.235 Thread 0x000001cab0516000 Uncommon trap: reason=null_check action=make_not_entrant pc=0x000001cab1f8c570 method=sun.util.locale.provider.LocaleProviderAdapter.getAdapter(Ljava/lang/Class;Ljava/util/Locale;)Lsun/util/locale/provider/LocaleProviderAdapter; @ 24
Event: 1846.235 Thread 0x000001cab0516000 Uncommon trap: reason=bimorphic action=maybe_recompile pc=0x000001cab28c1ccc method=java.util.ArrayList.<init>(Ljava/util/Collection;)V @ 5
Event: 1846.236 Thread 0x000001cab0516000 Uncommon trap: reason=bimorphic action=maybe_recompile pc=0x000001cab28c1ccc method=java.util.ArrayList.<init>(Ljava/util/Collection;)V @ 5
Event: 1846.236 Thread 0x000001cab0516000 Uncommon trap: reason=unstable_if action=reinterpret pc=0x000001cab2920124 method=java.util.regex.Pattern$Curly.match0(Ljava/util/regex/Matcher;IILjava/lang/CharSequence;)Z @ 34
Event: 1846.236 Thread 0x000001cab0516000 Uncommon trap: reason=unstable_if action=reinterpret pc=0x000001cab292f418 method=java.util.Formatter$FormatSpecifier.index(Ljava/lang/String;)I @ 1
Event: 1846.236 Thread 0x000001cab0516000 Uncommon trap: reason=unstable_if action=reinterpret pc=0x000001cab272da74 method=org.nd4j.linalg.api.ndarray.BaseNDArray.getDouble(J)D @ 108

Classes redefined (0 events):
No events

Internal exceptions (10 events):
Event: 3.746 Thread 0x000001cab0516000 Exception <a 'sun/nio/fs/WindowsException'> (0x0000000780e1ce30) thrown at [C:\jenkins\workspace\8-2-build-windows-amd64-cygwin\jdk8u301\1513\hotspot\src\share\vm\prims\jni.cpp, line 710]
Event: 3.746 Thread 0x000001cab0516000 Exception <a 'sun/nio/fs/WindowsException'> (0x0000000780e1e8e8) thrown at [C:\jenkins\workspace\8-2-build-windows-amd64-cygwin\jdk8u301\1513\hotspot\src\share\vm\prims\jni.cpp, line 710]
Event: 3.746 Thread 0x000001cab0516000 Exception <a 'sun/nio/fs/WindowsException'> (0x0000000780e20388) thrown at [C:\jenkins\workspace\8-2-build-windows-amd64-cygwin\jdk8u301\1513\hotspot\src\share\vm\prims\jni.cpp, line 710]
Event: 3.747 Thread 0x000001cab0516000 Exception <a 'sun/nio/fs/WindowsException'> (0x0000000780e21ef0) thrown at [C:\jenkins\workspace\8-2-build-windows-amd64-cygwin\jdk8u301\1513\hotspot\src\share\vm\prims\jni.cpp, line 710]
Event: 3.747 Thread 0x000001cab0516000 Exception <a 'sun/nio/fs/WindowsException'> (0x0000000780e23ae8) thrown at [C:\jenkins\workspace\8-2-build-windows-amd64-cygwin\jdk8u301\1513\hotspot\src\share\vm\prims\jni.cpp, line 710]
Event: 3.747 Thread 0x000001cab0516000 Exception <a 'sun/nio/fs/WindowsException'> (0x0000000780e256c0) thrown at [C:\jenkins\workspace\8-2-build-windows-amd64-cygwin\jdk8u301\1513\hotspot\src\share\vm\prims\jni.cpp, line 710]
Event: 3.748 Thread 0x000001cab0516000 Exception <a 'sun/nio/fs/WindowsException'> (0x0000000780e27210) thrown at [C:\jenkins\workspace\8-2-build-windows-amd64-cygwin\jdk8u301\1513\hotspot\src\share\vm\prims\jni.cpp, line 710]
Event: 3.748 Thread 0x000001cab0516000 Exception <a 'sun/nio/fs/WindowsException'> (0x0000000780e28da8) thrown at [C:\jenkins\workspace\8-2-build-windows-amd64-cygwin\jdk8u301\1513\hotspot\src\share\vm\prims\jni.cpp, line 710]
Event: 245.450 Thread 0x000001cacd0ec800 Implicit null exception at 0x000001cab20f57df to 0x000001cab20f63f1
Event: 1846.235 Thread 0x000001cab0516000 Implicit null exception at 0x000001cab1f8c330 to 0x000001cab1f8c558

Events (10 events):
Event: 1846.236 Thread 0x000001cab0516000 DEOPT PACKING pc=0x000001cab272da74 sp=0x0000002bbadfe910
Event: 1846.236 Thread 0x000001cab0516000 DEOPT UNPACKING pc=0x000001cab1ea5843 sp=0x0000002bbadfe8c8 mode 2
Event: 1846.236 loading class org/apache/commons/lang3/StringUtils
Event: 1846.236 loading class org/apache/commons/lang3/StringUtils done
Event: 1846.240 loading class java/lang/Character$UnicodeBlock
Event: 1846.240 loading class java/lang/Character$Subset
Event: 1846.240 loading class java/lang/Character$Subset done
Event: 1846.240 loading class java/lang/Character$UnicodeBlock done
Event: 1846.243 loading class java/util/regex/Pattern$Block
Event: 1846.243 loading class java/util/regex/Pattern$Block done


Dynamic libraries:
0x00007ff6c51e0000 - 0x00007ff6c5227000 	E:\Java\jdk1.8.0_301\bin\java.exe
0x00007ff96c9f0000 - 0x00007ff96cbe5000 	C:\WINDOWS\SYSTEM32\ntdll.dll
0x00007ff96c2d0000 - 0x00007ff96c38e000 	C:\WINDOWS\System32\KERNEL32.DLL
0x00007ff96a1b0000 - 0x00007ff96a478000 	C:\WINDOWS\System32\KERNELBASE.dll
0x00007ff96b7c0000 - 0x00007ff96b86e000 	C:\WINDOWS\System32\ADVAPI32.dll
0x00007ff96b6c0000 - 0x00007ff96b75e000 	C:\WINDOWS\System32\msvcrt.dll
0x00007ff96bc60000 - 0x00007ff96bcfc000 	C:\WINDOWS\System32\sechost.dll
0x00007ff96c880000 - 0x00007ff96c9a5000 	C:\WINDOWS\System32\RPCRT4.dll
0x00007ff96bab0000 - 0x00007ff96bc51000 	C:\WINDOWS\System32\USER32.dll
0x00007ff96a630000 - 0x00007ff96a652000 	C:\WINDOWS\System32\win32u.dll
0x00007ff96bd00000 - 0x00007ff96bd2b000 	C:\WINDOWS\System32\GDI32.dll
0x00007ff96a920000 - 0x00007ff96aa2d000 	C:\WINDOWS\System32\gdi32full.dll
0x00007ff96a690000 - 0x00007ff96a72d000 	C:\WINDOWS\System32\msvcp_win.dll
0x00007ff96a480000 - 0x00007ff96a580000 	C:\WINDOWS\System32\ucrtbase.dll
0x00007ff953760000 - 0x00007ff9539fa000 	C:\WINDOWS\WinSxS\amd64_microsoft.windows.common-controls_6595b64144ccf1df_6.0.19041.1110_none_60b5254171f9507e\COMCTL32.dll
0x00007ff96aa30000 - 0x00007ff96aa60000 	C:\WINDOWS\System32\IMM32.DLL
0x00007ff964c40000 - 0x00007ff964c55000 	E:\Java\jdk1.8.0_301\jre\bin\vcruntime140.dll
0x00007ff94b190000 - 0x00007ff94b22b000 	E:\Java\jdk1.8.0_301\jre\bin\msvcp140.dll
0x0000000062810000 - 0x0000000063070000 	E:\Java\jdk1.8.0_301\jre\bin\server\jvm.dll
0x00007ff96c3f0000 - 0x00007ff96c3f8000 	C:\WINDOWS\System32\PSAPI.DLL
0x00007ff964bc0000 - 0x00007ff964bc9000 	C:\WINDOWS\SYSTEM32\WSOCK32.dll
0x00007ff956d80000 - 0x00007ff956da7000 	C:\WINDOWS\SYSTEM32\WINMM.dll
0x00007ff961fc0000 - 0x00007ff961fca000 	C:\WINDOWS\SYSTEM32\VERSION.dll
0x00007ff96bf10000 - 0x00007ff96bf7b000 	C:\WINDOWS\System32\WS2_32.dll
0x00007ff967ff0000 - 0x00007ff968002000 	C:\WINDOWS\SYSTEM32\kernel.appcore.dll
0x00007ff964bf0000 - 0x00007ff964c00000 	E:\Java\jdk1.8.0_301\jre\bin\verify.dll
0x00007ff961cf0000 - 0x00007ff961d1b000 	E:\Java\jdk1.8.0_301\jre\bin\java.dll
0x00007ff961cc0000 - 0x00007ff961cf0000 	E:\Java\jdk1.8.0_301\jre\bin\instrument.dll
0x00007ff964670000 - 0x00007ff964688000 	E:\Java\jdk1.8.0_301\jre\bin\zip.dll
0x00007ff96adc0000 - 0x00007ff96b504000 	C:\WINDOWS\System32\SHELL32.dll
0x00007ff9681f0000 - 0x00007ff968985000 	C:\WINDOWS\SYSTEM32\windows.storage.dll
0x00007ff96aa60000 - 0x00007ff96adb5000 	C:\WINDOWS\System32\combase.dll
0x00007ff969b50000 - 0x00007ff969b7e000 	C:\WINDOWS\SYSTEM32\Wldp.dll
0x00007ff96ba00000 - 0x00007ff96baad000 	C:\WINDOWS\System32\SHCORE.dll
0x00007ff96c0b0000 - 0x00007ff96c105000 	C:\WINDOWS\System32\shlwapi.dll
0x00007ff96a040000 - 0x00007ff96a05f000 	C:\WINDOWS\SYSTEM32\profapi.dll
0x00007ff963a50000 - 0x00007ff963a6a000 	C:\Program Files\JetBrains\IntelliJ IDEA Community Edition 2019.2.4\bin\breakgen64.dll
0x00007ff963890000 - 0x00007ff9638ac000 	E:\Java\jdk1.8.0_301\jre\bin\net.dll
0x00007ff9698b0000 - 0x00007ff96991a000 	C:\WINDOWS\system32\mswsock.dll
0x000001cacdd90000 - 0x000001cacdd93000 	C:\Users\User\.javacpp\cache\javacpp-1.5.3-windows-x86_64.jar\org\bytedeco\javacpp\windows-x86_64\api-ms-win-crt-locale-l1-1-0.dll
0x00007ff9627b0000 - 0x00007ff9627c3000 	E:\Java\jdk1.8.0_301\jre\bin\nio.dll
0x000001cacdda0000 - 0x000001cacdda4000 	C:\Users\User\.javacpp\cache\javacpp-1.5.3-windows-x86_64.jar\org\bytedeco\javacpp\windows-x86_64\api-ms-win-crt-string-l1-1-0.dll
0x000001cacddb0000 - 0x000001cacddb4000 	C:\Users\User\.javacpp\cache\javacpp-1.5.3-windows-x86_64.jar\org\bytedeco\javacpp\windows-x86_64\api-ms-win-crt-stdio-l1-1-0.dll
0x000001cacddc0000 - 0x000001cacddc5000 	C:\Users\User\.javacpp\cache\javacpp-1.5.3-windows-x86_64.jar\org\bytedeco\javacpp\windows-x86_64\api-ms-win-crt-math-l1-1-0.dll
0x000001cacddd0000 - 0x000001cacddd3000 	C:\Users\User\.javacpp\cache\javacpp-1.5.3-windows-x86_64.jar\org\bytedeco\javacpp\windows-x86_64\api-ms-win-crt-heap-l1-1-0.dll
0x000001cacdde0000 - 0x000001cacdde4000 	C:\Users\User\.javacpp\cache\javacpp-1.5.3-windows-x86_64.jar\org\bytedeco\javacpp\windows-x86_64\api-ms-win-crt-runtime-l1-1-0.dll
0x000001cacddf0000 - 0x000001cacddf4000 	C:\Users\User\.javacpp\cache\javacpp-1.5.3-windows-x86_64.jar\org\bytedeco\javacpp\windows-x86_64\api-ms-win-crt-convert-l1-1-0.dll
0x000001cacde00000 - 0x000001cacde03000 	C:\Users\User\.javacpp\cache\javacpp-1.5.3-windows-x86_64.jar\org\bytedeco\javacpp\windows-x86_64\api-ms-win-crt-environment-l1-1-0.dll
0x000001cacde10000 - 0x000001cacde13000 	C:\Users\User\.javacpp\cache\javacpp-1.5.3-windows-x86_64.jar\org\bytedeco\javacpp\windows-x86_64\api-ms-win-crt-time-l1-1-0.dll
0x000001cacde20000 - 0x000001cacde23000 	C:\Users\User\.javacpp\cache\javacpp-1.5.3-windows-x86_64.jar\org\bytedeco\javacpp\windows-x86_64\api-ms-win-crt-filesystem-l1-1-0.dll
0x000001cacde30000 - 0x000001cacde33000 	C:\Users\User\.javacpp\cache\javacpp-1.5.3-windows-x86_64.jar\org\bytedeco\javacpp\windows-x86_64\api-ms-win-crt-utility-l1-1-0.dll
0x000001cacde40000 - 0x000001cacde45000 	C:\Users\User\.javacpp\cache\javacpp-1.5.3-windows-x86_64.jar\org\bytedeco\javacpp\windows-x86_64\api-ms-win-crt-multibyte-l1-1-0.dll
0x000001cacde50000 - 0x000001cacde53000 	C:\Users\User\.javacpp\cache\javacpp-1.5.3-windows-x86_64.jar\org\bytedeco\javacpp\windows-x86_64\api-ms-win-core-string-l1-1-0.dll
0x000001cacde60000 - 0x000001cacde63000 	C:\Users\User\.javacpp\cache\javacpp-1.5.3-windows-x86_64.jar\org\bytedeco\javacpp\windows-x86_64\api-ms-win-core-errorhandling-l1-1-0.dll
0x000001cacde70000 - 0x000001cacde73000 	C:\Users\User\.javacpp\cache\javacpp-1.5.3-windows-x86_64.jar\org\bytedeco\javacpp\windows-x86_64\api-ms-win-core-timezone-l1-1-0.dll
0x000001cacde80000 - 0x000001cacde84000 	C:\Users\User\.javacpp\cache\javacpp-1.5.3-windows-x86_64.jar\org\bytedeco\javacpp\windows-x86_64\api-ms-win-core-file-l1-1-0.dll
0x000001cacde90000 - 0x000001cacde93000 	C:\Users\User\.javacpp\cache\javacpp-1.5.3-windows-x86_64.jar\org\bytedeco\javacpp\windows-x86_64\api-ms-win-core-namedpipe-l1-1-0.dll
0x000001cacdea0000 - 0x000001cacdea3000 	C:\Users\User\.javacpp\cache\javacpp-1.5.3-windows-x86_64.jar\org\bytedeco\javacpp\windows-x86_64\api-ms-win-core-handle-l1-1-0.dll
0x000001cacdeb0000 - 0x000001cacdeb3000 	C:\Users\User\.javacpp\cache\javacpp-1.5.3-windows-x86_64.jar\org\bytedeco\javacpp\windows-x86_64\api-ms-win-core-file-l2-1-0.dll
0x000001cacdec0000 - 0x000001cacdec3000 	C:\Users\User\.javacpp\cache\javacpp-1.5.3-windows-x86_64.jar\org\bytedeco\javacpp\windows-x86_64\api-ms-win-core-heap-l1-1-0.dll
0x000001cacded0000 - 0x000001cacded3000 	C:\Users\User\.javacpp\cache\javacpp-1.5.3-windows-x86_64.jar\org\bytedeco\javacpp\windows-x86_64\api-ms-win-core-libraryloader-l1-1-0.dll
0x000001cacdee0000 - 0x000001cacdee3000 	C:\Users\User\.javacpp\cache\javacpp-1.5.3-windows-x86_64.jar\org\bytedeco\javacpp\windows-x86_64\api-ms-win-core-synch-l1-1-0.dll
0x000001cacdef0000 - 0x000001cacdef3000 	C:\Users\User\.javacpp\cache\javacpp-1.5.3-windows-x86_64.jar\org\bytedeco\javacpp\windows-x86_64\api-ms-win-core-processthreads-l1-1-0.dll
0x000001cacdf00000 - 0x000001cacdf03000 	C:\Users\User\.javacpp\cache\javacpp-1.5.3-windows-x86_64.jar\org\bytedeco\javacpp\windows-x86_64\api-ms-win-core-processenvironment-l1-1-0.dll
0x000001cacdf10000 - 0x000001cacdf13000 	C:\Users\User\.javacpp\cache\javacpp-1.5.3-windows-x86_64.jar\org\bytedeco\javacpp\windows-x86_64\api-ms-win-core-datetime-l1-1-0.dll
0x000001cacdf20000 - 0x000001cacdf23000 	C:\Users\User\.javacpp\cache\javacpp-1.5.3-windows-x86_64.jar\org\bytedeco\javacpp\windows-x86_64\api-ms-win-core-localization-l1-2-0.dll
0x000001cacdf30000 - 0x000001cacdf33000 	C:\Users\User\.javacpp\cache\javacpp-1.5.3-windows-x86_64.jar\org\bytedeco\javacpp\windows-x86_64\api-ms-win-core-sysinfo-l1-1-0.dll
0x000001cacdf40000 - 0x000001cacdf43000 	C:\Users\User\.javacpp\cache\javacpp-1.5.3-windows-x86_64.jar\org\bytedeco\javacpp\windows-x86_64\api-ms-win-core-synch-l1-2-0.dll
0x000001cacdf50000 - 0x000001cacdf53000 	C:\Users\User\.javacpp\cache\javacpp-1.5.3-windows-x86_64.jar\org\bytedeco\javacpp\windows-x86_64\api-ms-win-core-console-l1-1-0.dll
0x000001cacdf60000 - 0x000001cacdf63000 	C:\Users\User\.javacpp\cache\javacpp-1.5.3-windows-x86_64.jar\org\bytedeco\javacpp\windows-x86_64\api-ms-win-core-debug-l1-1-0.dll
0x000001cacdf70000 - 0x000001cacdf73000 	C:\Users\User\.javacpp\cache\javacpp-1.5.3-windows-x86_64.jar\org\bytedeco\javacpp\windows-x86_64\api-ms-win-core-rtlsupport-l1-1-0.dll
0x000001cacdf80000 - 0x000001cacdf83000 	C:\Users\User\.javacpp\cache\javacpp-1.5.3-windows-x86_64.jar\org\bytedeco\javacpp\windows-x86_64\api-ms-win-core-processthreads-l1-1-1.dll
0x000001cacdf90000 - 0x000001cacdf93000 	C:\Users\User\.javacpp\cache\javacpp-1.5.3-windows-x86_64.jar\org\bytedeco\javacpp\windows-x86_64\api-ms-win-core-file-l1-2-0.dll
0x000001cacdfa0000 - 0x000001cacdfa3000 	C:\Users\User\.javacpp\cache\javacpp-1.5.3-windows-x86_64.jar\org\bytedeco\javacpp\windows-x86_64\api-ms-win-core-profile-l1-1-0.dll
0x000001cacdfb0000 - 0x000001cacdfb3000 	C:\Users\User\.javacpp\cache\javacpp-1.5.3-windows-x86_64.jar\org\bytedeco\javacpp\windows-x86_64\api-ms-win-core-memory-l1-1-0.dll
0x000001cacdfc0000 - 0x000001cacdfc3000 	C:\Users\User\.javacpp\cache\javacpp-1.5.3-windows-x86_64.jar\org\bytedeco\javacpp\windows-x86_64\api-ms-win-core-util-l1-1-0.dll
0x000001cacdfd0000 - 0x000001cacdfd3000 	C:\Users\User\.javacpp\cache\javacpp-1.5.3-windows-x86_64.jar\org\bytedeco\javacpp\windows-x86_64\api-ms-win-core-interlocked-l1-1-0.dll
0x00007ff93a890000 - 0x00007ff93a98a000 	C:\Users\User\.javacpp\cache\javacpp-1.5.3-windows-x86_64.jar\org\bytedeco\javacpp\windows-x86_64\ucrtbase.dll
0x00007ff953c60000 - 0x00007ff953c75000 	C:\Users\User\.javacpp\cache\javacpp-1.5.3-windows-x86_64.jar\org\bytedeco\javacpp\windows-x86_64\vcruntime140.dll
0x00007ff9375d0000 - 0x00007ff93766b000 	C:\Users\User\.javacpp\cache\javacpp-1.5.3-windows-x86_64.jar\org\bytedeco\javacpp\windows-x86_64\msvcp140.dll
0x00007ff94b130000 - 0x00007ff94b181000 	C:\Users\User\.javacpp\cache\javacpp-1.5.3-windows-x86_64.jar\org\bytedeco\javacpp\windows-x86_64\concrt140.dll
0x00007ff945660000 - 0x00007ff945687000 	C:\Users\User\.javacpp\cache\javacpp-1.5.3-windows-x86_64.jar\org\bytedeco\javacpp\windows-x86_64\vcomp140.dll
0x00007ff9642e0000 - 0x00007ff9642ee000 	C:\Users\User\.javacpp\cache\javacpp-1.5.3-windows-x86_64.jar\org\bytedeco\javacpp\windows-x86_64\jnijavacpp.dll
0x000000006d7c0000 - 0x000000006f337000 	C:\Users\User\.javacpp\cache\openblas-0.3.9-1-1.5.3-windows-x86_64.jar\org\bytedeco\openblas\windows-x86_64\libopenblas_nolapack.dll
0x00007ff93dd50000 - 0x00007ff93ddaa000 	C:\Users\User\.javacpp\cache\openblas-0.3.9-1-1.5.3-windows-x86_64.jar\org\bytedeco\openblas\windows-x86_64\jniopenblas_nolapack.dll
0x0000000000310000 - 0x0000000001e87000 	C:\Users\User\.javacpp\cache\openblas-0.3.9-1-1.5.3-windows-x86_64.jar\org\bytedeco\openblas\windows-x86_64\libopenblas.dll
0x00007ff8f49b0000 - 0x00007ff8f5d9d000 	C:\Users\User\.javacpp\cache\openblas-0.3.9-1-1.5.3-windows-x86_64.jar\org\bytedeco\openblas\windows-x86_64\jniopenblas.dll
0x0000000064940000 - 0x0000000064956000 	C:\Users\User\.javacpp\cache\nd4j-cuda-10.2-1.0.0-beta7-windows-x86_64.jar\org\nd4j\nativeblas\windows-x86_64\libwinpthread-1.dll
0x0000000061440000 - 0x000000006145c000 	C:\Users\User\.javacpp\cache\nd4j-cuda-10.2-1.0.0-beta7-windows-x86_64.jar\org\nd4j\nativeblas\windows-x86_64\libgcc_s_seh-1.dll
0x0000000063600000 - 0x0000000063633000 	C:\Users\User\.javacpp\cache\nd4j-cuda-10.2-1.0.0-beta7-windows-x86_64.jar\org\nd4j\nativeblas\windows-x86_64\libgomp-1.dll
0x000000006fc40000 - 0x000000006fdf3000 	C:\Users\User\.javacpp\cache\nd4j-cuda-10.2-1.0.0-beta7-windows-x86_64.jar\org\nd4j\nativeblas\windows-x86_64\libstdc++-6.dll
0x0000000001e90000 - 0x000000000a4fa000 	C:\Users\User\.javacpp\cache\nd4j-native-1.0.0-beta7-windows-x86_64.jar\org\nd4j\nativeblas\windows-x86_64\libnd4jcpu.dll
0x0000000066880000 - 0x0000000066b27000 	C:\Users\User\.javacpp\cache\nd4j-native-1.0.0-beta7-windows-x86_64.jar\org\nd4j\nativeblas\windows-x86_64\jnind4jcpu.dll
0x00007ff969aa0000 - 0x00007ff969ab8000 	C:\WINDOWS\SYSTEM32\CRYPTSP.dll
0x00007ff9691c0000 - 0x00007ff9691f4000 	C:\WINDOWS\system32\rsaenh.dll
0x00007ff96a660000 - 0x00007ff96a687000 	C:\WINDOWS\System32\bcrypt.dll
0x00007ff96a000000 - 0x00007ff96a02e000 	C:\WINDOWS\SYSTEM32\USERENV.dll
0x00007ff96a890000 - 0x00007ff96a912000 	C:\WINDOWS\System32\bcryptprimitives.dll
0x00007ff969ac0000 - 0x00007ff969acc000 	C:\WINDOWS\SYSTEM32\CRYPTBASE.dll
0x00007ff969550000 - 0x00007ff96958b000 	C:\WINDOWS\SYSTEM32\IPHLPAPI.DLL
0x00007ff96c110000 - 0x00007ff96c118000 	C:\WINDOWS\System32\NSI.dll
0x00007ff961e30000 - 0x00007ff961e47000 	C:\WINDOWS\SYSTEM32\dhcpcsvc6.DLL
0x00007ff962060000 - 0x00007ff96207d000 	C:\WINDOWS\SYSTEM32\dhcpcsvc.DLL
0x00007ff969590000 - 0x00007ff96965b000 	C:\WINDOWS\SYSTEM32\DNSAPI.dll
0x00007ff9548c0000 - 0x00007ff954aa4000 	C:\WINDOWS\SYSTEM32\dbghelp.dll

VM Arguments:
jvm_args: -javaagent:C:\Program Files\JetBrains\IntelliJ IDEA Community Edition 2019.2.4\lib\idea_rt.jar=52766:C:\Program Files\JetBrains\IntelliJ IDEA Community Edition 2019.2.4\bin -Dfile.encoding=UTF-8 
java_command: com.intellij.rt.execution.CommandLineWrapper C:\Users\User\AppData\Local\Temp\idea_classpath1295676162 com.dl4jra.server.testing.CnnTest
java_class_path (initial): C:\Program Files\JetBrains\IntelliJ IDEA Community Edition 2019.2.4\lib\idea_rt.jar;C:\Program Files\JetBrains\IntelliJ IDEA Community Edition 2019.2.4\lib\idea_rt.jar
Launcher Type: SUN_STANDARD

Environment Variables:
CLASSPATH=C:\Program Files\Java\jre1.8.0_301\lib
PATH=C:\Program Files\Common Files\Oracle\Java\javapath;C:\Program Files (x86)\Common Files\Oracle\Java\javapath;C:\Program Files\NVIDIA GPU Computing Toolkit\CUDA\v11.2\bin;C:\Program Files\NVIDIA GPU Computing Toolkit\CUDA\v11.2\libnvvp;C:\Program Files\NVIDIA GPU Computing Toolkit\CUDA\v11.5\bin;C:\Program Files\NVIDIA GPU Computing Toolkit\CUDA\v11.5\libnvvp;C:\Windows\system32;C:\Windows;C:\Windows\System32\Wbem;C:\Windows\System32\WindowsPowerShell\v1.0\;C:\Windows\System32\OpenSSH\;C:\Program Files (x86)\NVIDIA Corporation\PhysX\Common;C:\Program Files\NVIDIA Corporation\NVIDIA NvDLISR;C:\WINDOWS\system32;C:\WINDOWS;C:\WINDOWS\System32\Wbem;C:\WINDOWS\System32\WindowsPowerShell\v1.0\;C:\WINDOWS\System32\OpenSSH\;E:\Git\cmd;E:\Node js\;E:\Maven\apache-maven-3.8.4\bin;C:\Program Files\Java\jre1.8.0_301\bin;E:\zlib\dll_x64;C:\Program Files\NVIDIA Corporation\Nsight Compute 2020.3.0\;C:\Program Files\Java\jre1.8.0_301\bin;E:\Microsoft VS Code\bin;E:\zlib\dll_x64;
USERNAME=User
OS=Windows_NT
PROCESSOR_IDENTIFIER=Intel64 Family 6 Model 158 Stepping 10, GenuineIntel



---------------  S Y S T E M  ---------------

OS: Windows 10.0 , 64 bit Build 19041 (10.0.19041.1466)

CPU:total 12 (initial active 12) (6 cores per cpu, 2 threads per core) family 6 model 158 stepping 10, cmov, cx8, fxsr, mmx, sse, sse2, sse3, ssse3, sse4.1, sse4.2, popcnt, avx, avx2, aes, clmul, erms, 3dnowpref, lzcnt, ht, tsc, tscinvbit, bmi1, bmi2, adx

Memory: 4k page, physical 12422396k(5593404k free), swap 30248188k(19286616k free)

vm_info: Java HotSpot(TM) 64-Bit Server VM (25.301-b09) for windows-amd64 JRE (1.8.0_301-b09), built on Jun  9 2021 06:46:21 by "java_re" with MS VC++ 15.9 (VS2017)

time: Thu Jan 13 09:48:13 2022
timezone: Malay Peninsula Standard Time
elapsed time: 1846.778444 seconds (0d 0h 30m 46s)

