#
# A fatal error has been detected by the Java Runtime Environment:
#
#  EXCEPTION_ACCESS_VIOLATION (0xc0000005) at pc=0x00000000095a3f98, pid=8560, tid=0x00000000000001d8
#
# JRE version: Java(TM) SE Runtime Environment (8.0_301-b09) (build 1.8.0_301-b09)
# Java VM: Java HotSpot(TM) 64-Bit Server VM (25.301-b09 mixed mode windows-amd64 compressed oops)
# Problematic frame:
# C  [libnd4jcpu.dll+0x6a73f98]
#
# Failed to write core dump. Minidumps are not enabled by default on client versions of Windows
#
# If you would like to submit a bug report, please visit:
#   http://bugreport.java.com/bugreport/crash.jsp
# The crash happened outside the Java Virtual Machine in native code.
# See problematic frame for where to report the bug.
#

---------------  T H R E A D  ---------------

Current thread (0x00000144181f5800):  JavaThread "main" [_thread_in_native, id=472, stack(0x00000014b9e00000,0x00000014b9f00000)]

siginfo: ExceptionCode=0xc0000005, reading address 0x0000014405901a58

Registers:
RAX=0x0000000000000000, RBX=0x0000000000000000, RCX=0x00000014b9efe130, RDX=0x0000014484d334c8
RSP=0x00000014b9efdfb0, RBP=0x0000000000000000, RSI=0x0000000000000000, RDI=0x00000014b9efe130
R8 =0x0000000000000000, R9 =0x0000000000000000, R10=0x00000014b9efe130, R11=0x0000000000000080
R12=0x0000014405901a58, R13=0x00000144784bb508, R14=0x000001447cdcf060, R15=0x0000000000000000
RIP=0x00000000095a3f98, EFLAGS=0x0000000000010246

Top of Stack: (sp=0x00000014b9efdfb0)
0x00000014b9efdfb0:   0000014418450000 00000144182c0000
0x00000014b9efdfc0:   00000144182c02a8 00007ffdfd41b3c7
0x00000014b9efdfd0:   0000000000000000 0000000000000003
0x00000014b9efdfe0:   0000000000000001 0000000000000000
0x00000014b9efdff0:   0000000000000080 0000000000000001
0x00000014b9efe000:   0000000000000010 0000000000000004
0x00000014b9efe010:   0000014418450000 00000014b9efe0d9
0x00000014b9efe020:   0000000000000001 0000000000000001
0x00000014b9efe030:   0000000000000001 000001440000000a
0x00000014b9efe040:   0000000000000010 0000014400000000
0x00000014b9efe050:   00000144303a7cb8 00007ffdfd41b86b
0x00000014b9efe060:   00000000024600d7 0000014484d334c8
0x00000014b9efe070:   00000144784bb508 0000000000000004
0x00000014b9efe080:   0000014418450000 0000000000000000
0x00000014b9efe090:   0000000000000000 00000144182c3d80
0x00000014b9efe0a0:   00000144c36a6d50 00000144182c0000 

Instructions: (pc=0x00000000095a3f98)
0x00000000095a3f78:   14 d4 31 fa 48 0f af dd 48 89 c6 eb 2e 49 8b 45
0x00000000095a3f88:   08 48 8b 94 24 b8 00 00 00 48 0f af c6 4c 01 f8
0x00000000095a3f98:   f3 41 0f 10 04 84 48 8b 42 08 48 0f af c6 48 83
0x00000000095a3fa8:   c6 01 48 01 d8 f3 41 0f 11 04 86 48 89 f9 e8 f5 


Register to memory mapping:

RAX=0x0000000000000000 is an unknown value
RBX=0x0000000000000000 is an unknown value
RCX=0x00000014b9efe130 is pointing into the stack for thread: 0x00000144181f5800
RDX=0x0000014484d334c8 is an unknown value
RSP=0x00000014b9efdfb0 is pointing into the stack for thread: 0x00000144181f5800
RBP=0x0000000000000000 is an unknown value
RSI=0x0000000000000000 is an unknown value
RDI=0x00000014b9efe130 is pointing into the stack for thread: 0x00000144181f5800
R8 =0x0000000000000000 is an unknown value
R9 =0x0000000000000000 is an unknown value
R10=0x00000014b9efe130 is pointing into the stack for thread: 0x00000144181f5800
R11=0x0000000000000080 is an unknown value
R12=0x0000014405901a58 is an unknown value
R13=0x00000144784bb508 is an unknown value
R14=0x000001447cdcf060 is an unknown value
R15=0x0000000000000000 is an unknown value


Stack: [0x00000014b9e00000,0x00000014b9f00000],  sp=0x00000014b9efdfb0,  free space=1015k
Native frames: (J=compiled Java code, j=interpreted, Vv=VM code, C=native code)

Java frames: (J=compiled Java code, j=interpreted, Vv=VM code)
J 1983  org.nd4j.nativeblas.Nd4jCpu.execTransformAny(Lorg/bytedeco/javacpp/PointerPointer;ILorg/nd4j/nativeblas/OpaqueDataBuffer;Lorg/bytedeco/javacpp/LongPointer;Lorg/bytedeco/javacpp/LongPointer;Lorg/nd4j/nativeblas/OpaqueDataBuffer;Lorg/bytedeco/javacpp/LongPointer;Lorg/bytedeco/javacpp/LongPointer;Lorg/bytedeco/javacpp/Pointer;)V (0 bytes) @ 0x000001441a5482be [0x000001441a5481c0+0xfe]
J 2373 C2 org.nd4j.linalg.cpu.nativecpu.ops.NativeOpExecutioner.exec(Lorg/nd4j/linalg/api/ops/TransformOp;Lorg/nd4j/linalg/api/ops/OpContext;)V (1440 bytes) @ 0x000001441a72a6c8 [0x000001441a729760+0xf68]
J 2999 C2 org.nd4j.linalg.api.ndarray.BaseNDArray.assign(Lorg/nd4j/linalg/api/ndarray/INDArray;)Lorg/nd4j/linalg/api/ndarray/INDArray; (104 bytes) @ 0x000001441a4280c8 [0x000001441a427900+0x7c8]
J 2505 C2 org.nd4j.linalg.workspace.BaseWorkspaceMgr.dup(Ljava/lang/Enum;Lorg/nd4j/linalg/api/ndarray/INDArray;C)Lorg/nd4j/linalg/api/ndarray/INDArray; (147 bytes) @ 0x000001441a3d3bc8 [0x000001441a3d3520+0x6a8]
J 3477 C2 org.deeplearning4j.nn.layers.recurrent.RnnOutputLayer.setMaskArray(Lorg/nd4j/linalg/api/ndarray/INDArray;)V (125 bytes) @ 0x0000014419e6452c [0x0000014419e64480+0xac]
J 3621 C2 org.deeplearning4j.nn.graph.ComputationGraph.setLayerMaskArrays([Lorg/nd4j/linalg/api/ndarray/INDArray;[Lorg/nd4j/linalg/api/ndarray/INDArray;)V (444 bytes) @ 0x0000014419d6a44c [0x0000014419d6a0c0+0x38c]
j  org.deeplearning4j.nn.graph.ComputationGraph.output(Z[Lorg/nd4j/linalg/api/ndarray/INDArray;[Lorg/nd4j/linalg/api/ndarray/INDArray;[Lorg/nd4j/linalg/api/ndarray/INDArray;Lorg/nd4j/linalg/api/memory/MemoryWorkspace;)[Lorg/nd4j/linalg/api/ndarray/INDArray;+19
j  org.deeplearning4j.nn.graph.ComputationGraph.output(Z[Lorg/nd4j/linalg/api/ndarray/INDArray;[Lorg/nd4j/linalg/api/ndarray/INDArray;[Lorg/nd4j/linalg/api/ndarray/INDArray;)[Lorg/nd4j/linalg/api/ndarray/INDArray;+22
j  org.deeplearning4j.nn.graph.ComputationGraph.output([Lorg/nd4j/linalg/api/ndarray/INDArray;)[Lorg/nd4j/linalg/api/ndarray/INDArray;+11
j  com.dl4jra.server.cnn.CNN.EvaluateModelRNN()V+90
j  com.dl4jra.server.testing.CnnTest.main([Ljava/lang/String;)V+163
v  ~StubRoutines::call_stub
j  sun.reflect.NativeMethodAccessorImpl.invoke0(Ljava/lang/reflect/Method;Ljava/lang/Object;[Ljava/lang/Object;)Ljava/lang/Object;+0
j  sun.reflect.NativeMethodAccessorImpl.invoke(Ljava/lang/Object;[Ljava/lang/Object;)Ljava/lang/Object;+100
j  sun.reflect.DelegatingMethodAccessorImpl.invoke(Ljava/lang/Object;[Ljava/lang/Object;)Ljava/lang/Object;+6
j  java.lang.reflect.Method.invoke(Ljava/lang/Object;[Ljava/lang/Object;)Ljava/lang/Object;+56
j  com.intellij.rt.execution.CommandLineWrapper.main([Ljava/lang/String;)V+193
v  ~StubRoutines::call_stub

---------------  P R O C E S S  ---------------

Java Threads: ( => current thread )
  0x0000014433315000 JavaThread "DeallocatorServiceThread_1" daemon [_thread_blocked, id=8240, stack(0x00000014bcd00000,0x00000014bce00000)]
  0x00000144356fb800 JavaThread "DeallocatorServiceThread_0" daemon [_thread_blocked, id=9168, stack(0x00000014bcc00000,0x00000014bcd00000)]
  0x0000014434919800 JavaThread "JavaCPP Deallocator" daemon [_thread_blocked, id=14904, stack(0x00000014bb500000,0x00000014bb600000)]
  0x0000014432eb6000 JavaThread "Service Thread" daemon [_thread_blocked, id=12520, stack(0x00000014bb300000,0x00000014bb400000)]
  0x0000014432e0e000 JavaThread "C1 CompilerThread3" daemon [_thread_blocked, id=8228, stack(0x00000014bb200000,0x00000014bb300000)]
  0x0000014432e03000 JavaThread "C2 CompilerThread2" daemon [_thread_blocked, id=5248, stack(0x00000014bb100000,0x00000014bb200000)]
  0x0000014432dfe000 JavaThread "C2 CompilerThread1" daemon [_thread_blocked, id=9600, stack(0x00000014bb000000,0x00000014bb100000)]
  0x0000014432df7000 JavaThread "C2 CompilerThread0" daemon [_thread_blocked, id=15728, stack(0x00000014baf00000,0x00000014bb000000)]
  0x0000014432df4000 JavaThread "Monitor Ctrl-Break" daemon [_thread_in_native, id=16276, stack(0x00000014bae00000,0x00000014baf00000)]
  0x000001443161d000 JavaThread "Attach Listener" daemon [_thread_blocked, id=5588, stack(0x00000014bad00000,0x00000014bae00000)]
  0x000001443161c000 JavaThread "Signal Dispatcher" daemon [_thread_blocked, id=9968, stack(0x00000014bac00000,0x00000014bad00000)]
  0x00000144315e8000 JavaThread "Finalizer" daemon [_thread_blocked, id=13156, stack(0x00000014bab00000,0x00000014bac00000)]
  0x00000144315e0800 JavaThread "Reference Handler" daemon [_thread_blocked, id=5564, stack(0x00000014baa00000,0x00000014bab00000)]
=>0x00000144181f5800 JavaThread "main" [_thread_in_native, id=472, stack(0x00000014b9e00000,0x00000014b9f00000)]

Other Threads:
  0x00000144315b6000 VMThread [stack: 0x00000014ba900000,0x00000014baa00000] [id=9528]
  0x0000014432edd800 WatcherThread [stack: 0x00000014bb400000,0x00000014bb500000] [id=8484]

VM state:not at safepoint (normal execution)

VM Mutex/Monitor currently owned by a thread: None

heap address: 0x0000000702600000, size: 3034 MB, Compressed Oops mode: Zero based, Oop shift amount: 3
Narrow klass base: 0x0000000000000000, Narrow klass shift: 3
Compressed class space size: 1073741824 Address: 0x00000007c0000000

Heap:
 PSYoungGen      total 991744K, used 787134K [0x0000000780d00000, 0x00000007bfd00000, 0x00000007c0000000)
  eden space 953344K, 80% used [0x0000000780d00000,0x00000007afcffaa0,0x00000007bb000000)
  from space 38400K, 44% used [0x00000007bd780000,0x00000007be830000,0x00000007bfd00000)
  to   space 39424K, 0% used [0x00000007bb000000,0x00000007bb000000,0x00000007bd680000)
 ParOldGen       total 120832K, used 64974K [0x0000000702600000, 0x0000000709c00000, 0x0000000780d00000)
  object space 120832K, 53% used [0x0000000702600000,0x00000007065738e8,0x0000000709c00000)
 Metaspace       used 21310K, capacity 21608K, committed 21808K, reserved 1069056K
  class space    used 2034K, capacity 2109K, committed 2176K, reserved 1048576K

Card table byte_map: [0x0000014428fc0000,0x00000144295b0000] byte_map_base: 0x00000144257ad000

Marking Bits: (ParMarkBitMap*) 0x0000000067eb7fe0
 Begin Bits: [0x00000144299b0000, 0x000001442c918000)
 End Bits:   [0x000001442c918000, 0x000001442f880000)

Polling page: 0x00000144181b0000

CodeCache: size=245760Kb used=12658Kb max_used=13167Kb free=233101Kb
 bounds [0x0000014419c00000, 0x000001441a910000, 0x0000014428c00000]
 total_blobs=3771 nmethods=2715 adapters=968
 compilation: enabled

Compilation events (10 events):
Event: 2012.705 Thread 0x0000014432df7000 nmethod 3648 0x000001441a2b55d0 code [0x000001441a2b5720, 0x000001441a2b5818]
Event: 2012.705 Thread 0x0000014432e0e000 nmethod 3650 0x000001441a42ddd0 code [0x000001441a42df60, 0x000001441a42e3e0]
Event: 2012.713 Thread 0x0000014432e03000 3651       4       org.nd4j.linalg.api.ndarray.BaseNDArray::putScalar (214 bytes)
Event: 2012.716 Thread 0x0000014432e03000 nmethod 3651 0x000001441a450790 code [0x000001441a450900, 0x000001441a450c48]
Event: 2012.737 Thread 0x0000014432df7000 3652 %     4       org.deeplearning4j.datasets.datavec.RecordReaderMultiDataSetIterator::convertWritablesSequence @ 545 (1146 bytes)
Event: 2012.766 Thread 0x0000014432e03000 3653       4       org.nd4j.linalg.api.ndarray.BaseNDArray::putScalar (121 bytes)
Event: 2012.769 Thread 0x0000014432e03000 nmethod 3653 0x000001441a56fd90 code [0x000001441a56ff00, 0x000001441a570268]
Event: 2012.769 Thread 0x0000014432e03000 3654       4       org.nd4j.linalg.api.shape.Shape::getOffsetUnsafe (150 bytes)
Event: 2012.770 Thread 0x0000014432e03000 nmethod 3654 0x000001441a4658d0 code [0x000001441a465a20, 0x000001441a465b78]
Event: 2012.790 Thread 0x0000014432df7000 nmethod 3652% 0x000001441a4a06d0 code [0x000001441a4a0a00, 0x000001441a4a3cf0]

GC Heap History (10 events):
Event: 2002.849 GC heap before
{Heap before GC invocations=534 (full 4):
 PSYoungGen      total 983040K, used 957216K [0x0000000780d00000, 0x00000007bfe80000, 0x00000007c0000000)
  eden space 936960K, 100% used [0x0000000780d00000,0x00000007ba000000,0x00000007ba000000)
  from space 46080K, 43% used [0x00000007ba000000,0x00000007bb3c8000,0x00000007bcd00000)
  to   space 44544K, 0% used [0x00000007bd300000,0x00000007bd300000,0x00000007bfe80000)
 ParOldGen       total 120832K, used 64558K [0x0000000702600000, 0x0000000709c00000, 0x0000000780d00000)
  object space 120832K, 53% used [0x0000000702600000,0x000000070650b8e8,0x0000000709c00000)
 Metaspace       used 21145K, capacity 21384K, committed 21808K, reserved 1069056K
  class space    used 2028K, capacity 2077K, committed 2176K, reserved 1048576K
Event: 2002.882 GC heap after
Heap after GC invocations=534 (full 4):
 PSYoungGen      total 987136K, used 17952K [0x0000000780d00000, 0x00000007bfc80000, 0x00000007c0000000)
  eden space 944640K, 0% used [0x0000000780d00000,0x0000000780d00000,0x00000007ba780000)
  from space 42496K, 42% used [0x00000007bd300000,0x00000007be488000,0x00000007bfc80000)
  to   space 43520K, 0% used [0x00000007ba780000,0x00000007ba780000,0x00000007bd200000)
 ParOldGen       total 120832K, used 64630K [0x0000000702600000, 0x0000000709c00000, 0x0000000780d00000)
  object space 120832K, 53% used [0x0000000702600000,0x000000070651d8e8,0x0000000709c00000)
 Metaspace       used 21145K, capacity 21384K, committed 21808K, reserved 1069056K
  class space    used 2028K, capacity 2077K, committed 2176K, reserved 1048576K
}
Event: 2004.833 GC heap before
{Heap before GC invocations=535 (full 4):
 PSYoungGen      total 987136K, used 962592K [0x0000000780d00000, 0x00000007bfc80000, 0x00000007c0000000)
  eden space 944640K, 100% used [0x0000000780d00000,0x00000007ba780000,0x00000007ba780000)
  from space 42496K, 42% used [0x00000007bd300000,0x00000007be488000,0x00000007bfc80000)
  to   space 43520K, 0% used [0x00000007ba780000,0x00000007ba780000,0x00000007bd200000)
 ParOldGen       total 120832K, used 64630K [0x0000000702600000, 0x0000000709c00000, 0x0000000780d00000)
  object space 120832K, 53% used [0x0000000702600000,0x000000070651d8e8,0x0000000709c00000)
 Metaspace       used 21145K, capacity 21384K, committed 21808K, reserved 1069056K
  class space    used 2028K, capacity 2077K, committed 2176K, reserved 1048576K
Event: 2004.860 GC heap after
Heap after GC invocations=535 (full 4):
 PSYoungGen      total 988160K, used 16064K [0x0000000780d00000, 0x00000007bff00000, 0x00000007c0000000)
  eden space 944640K, 0% used [0x0000000780d00000,0x0000000780d00000,0x00000007ba780000)
  from space 43520K, 36% used [0x00000007ba780000,0x00000007bb730000,0x00000007bd200000)
  to   space 42496K, 0% used [0x00000007bd580000,0x00000007bd580000,0x00000007bff00000)
 ParOldGen       total 120832K, used 64710K [0x0000000702600000, 0x0000000709c00000, 0x0000000780d00000)
  object space 120832K, 53% used [0x0000000702600000,0x00000007065318e8,0x0000000709c00000)
 Metaspace       used 21145K, capacity 21384K, committed 21808K, reserved 1069056K
  class space    used 2028K, capacity 2077K, committed 2176K, reserved 1048576K
}
Event: 2006.808 GC heap before
{Heap before GC invocations=536 (full 4):
 PSYoungGen      total 988160K, used 960704K [0x0000000780d00000, 0x00000007bff00000, 0x00000007c0000000)
  eden space 944640K, 100% used [0x0000000780d00000,0x00000007ba780000,0x00000007ba780000)
  from space 43520K, 36% used [0x00000007ba780000,0x00000007bb730000,0x00000007bd200000)
  to   space 42496K, 0% used [0x00000007bd580000,0x00000007bd580000,0x00000007bff00000)
 ParOldGen       total 120832K, used 64710K [0x0000000702600000, 0x0000000709c00000, 0x0000000780d00000)
  object space 120832K, 53% used [0x0000000702600000,0x00000007065318e8,0x0000000709c00000)
 Metaspace       used 21145K, capacity 21384K, committed 21808K, reserved 1069056K
  class space    used 2028K, capacity 2077K, committed 2176K, reserved 1048576K
Event: 2006.833 GC heap after
Heap after GC invocations=536 (full 4):
 PSYoungGen      total 989696K, used 16400K [0x0000000780d00000, 0x00000007bfd00000, 0x00000007c0000000)
  eden space 949248K, 0% used [0x0000000780d00000,0x0000000780d00000,0x00000007bac00000)
  from space 40448K, 40% used [0x00000007bd580000,0x00000007be584010,0x00000007bfd00000)
  to   space 41472K, 0% used [0x00000007bac00000,0x00000007bac00000,0x00000007bd480000)
 ParOldGen       total 120832K, used 64798K [0x0000000702600000, 0x0000000709c00000, 0x0000000780d00000)
  object space 120832K, 53% used [0x0000000702600000,0x00000007065478e8,0x0000000709c00000)
 Metaspace       used 21145K, capacity 21384K, committed 21808K, reserved 1069056K
  class space    used 2028K, capacity 2077K, committed 2176K, reserved 1048576K
}
Event: 2008.742 GC heap before
{Heap before GC invocations=537 (full 4):
 PSYoungGen      total 989696K, used 965648K [0x0000000780d00000, 0x00000007bfd00000, 0x00000007c0000000)
  eden space 949248K, 100% used [0x0000000780d00000,0x00000007bac00000,0x00000007bac00000)
  from space 40448K, 40% used [0x00000007bd580000,0x00000007be584010,0x00000007bfd00000)
  to   space 41472K, 0% used [0x00000007bac00000,0x00000007bac00000,0x00000007bd480000)
 ParOldGen       total 120832K, used 64798K [0x0000000702600000, 0x0000000709c00000, 0x0000000780d00000)
  object space 120832K, 53% used [0x0000000702600000,0x00000007065478e8,0x0000000709c00000)
 Metaspace       used 21145K, capacity 21384K, committed 21808K, reserved 1069056K
  class space    used 2028K, capacity 2077K, committed 2176K, reserved 1048576K
Event: 2008.767 GC heap after
Heap after GC invocations=537 (full 4):
 PSYoungGen      total 990720K, used 16336K [0x0000000780d00000, 0x00000007bff00000, 0x00000007c0000000)
  eden space 949248K, 0% used [0x0000000780d00000,0x0000000780d00000,0x00000007bac00000)
  from space 41472K, 39% used [0x00000007bac00000,0x00000007bbbf4010,0x00000007bd480000)
  to   space 40448K, 0% used [0x00000007bd780000,0x00000007bd780000,0x00000007bff00000)
 ParOldGen       total 120832K, used 64886K [0x0000000702600000, 0x0000000709c00000, 0x0000000780d00000)
  object space 120832K, 53% used [0x0000000702600000,0x000000070655d8e8,0x0000000709c00000)
 Metaspace       used 21145K, capacity 21384K, committed 21808K, reserved 1069056K
  class space    used 2028K, capacity 2077K, committed 2176K, reserved 1048576K
}
Event: 2010.663 GC heap before
{Heap before GC invocations=538 (full 4):
 PSYoungGen      total 990720K, used 965584K [0x0000000780d00000, 0x00000007bff00000, 0x00000007c0000000)
  eden space 949248K, 100% used [0x0000000780d00000,0x00000007bac00000,0x00000007bac00000)
  from space 41472K, 39% used [0x00000007bac00000,0x00000007bbbf4010,0x00000007bd480000)
  to   space 40448K, 0% used [0x00000007bd780000,0x00000007bd780000,0x00000007bff00000)
 ParOldGen       total 120832K, used 64886K [0x0000000702600000, 0x0000000709c00000, 0x0000000780d00000)
  object space 120832K, 53% used [0x0000000702600000,0x000000070655d8e8,0x0000000709c00000)
 Metaspace       used 21145K, capacity 21384K, committed 21808K, reserved 1069056K
  class space    used 2028K, capacity 2077K, committed 2176K, reserved 1048576K
Event: 2010.691 GC heap after
Heap after GC invocations=538 (full 4):
 PSYoungGen      total 991744K, used 17088K [0x0000000780d00000, 0x00000007bfd00000, 0x00000007c0000000)
  eden space 953344K, 0% used [0x0000000780d00000,0x0000000780d00000,0x00000007bb000000)
  from space 38400K, 44% used [0x00000007bd780000,0x00000007be830000,0x00000007bfd00000)
  to   space 39424K, 0% used [0x00000007bb000000,0x00000007bb000000,0x00000007bd680000)
 ParOldGen       total 120832K, used 64974K [0x0000000702600000, 0x0000000709c00000, 0x0000000780d00000)
  object space 120832K, 53% used [0x0000000702600000,0x00000007065738e8,0x0000000709c00000)
 Metaspace       used 21145K, capacity 21384K, committed 21808K, reserved 1069056K
  class space    used 2028K, capacity 2077K, committed 2176K, reserved 1048576K
}

Deoptimization events (10 events):
Event: 2012.634 Thread 0x00000144181f5800 Uncommon trap: reason=bimorphic action=maybe_recompile pc=0x000001441a3cf6fc method=java.util.regex.Pattern$Start.match(Ljava/util/regex/Matcher;ILjava/lang/CharSequence;)Z @ 44
Event: 2012.634 Thread 0x00000144181f5800 Uncommon trap: reason=null_check action=make_not_entrant pc=0x000001441a1284e0 method=sun.util.locale.provider.LocaleProviderAdapter.getAdapter(Ljava/lang/Class;Ljava/util/Locale;)Lsun/util/locale/provider/LocaleProviderAdapter; @ 24
Event: 2012.634 Thread 0x00000144181f5800 Uncommon trap: reason=unstable_if action=reinterpret pc=0x000001441a3f9810 method=sun.util.locale.BaseLocale.equals(Ljava/lang/Object;)Z @ 29
Event: 2012.635 Thread 0x00000144181f5800 Uncommon trap: reason=bimorphic action=maybe_recompile pc=0x000001441a5ef08c method=java.util.ArrayList.<init>(Ljava/util/Collection;)V @ 5
Event: 2012.635 Thread 0x00000144181f5800 Uncommon trap: reason=unstable_if action=reinterpret pc=0x000001441a41ab10 method=java.util.Locale.hashCode()I @ 6
Event: 2012.635 Thread 0x00000144181f5800 Uncommon trap: reason=bimorphic action=maybe_recompile pc=0x000001441a5ef08c method=java.util.ArrayList.<init>(Ljava/util/Collection;)V @ 5
Event: 2012.635 Thread 0x00000144181f5800 Uncommon trap: reason=unstable_if action=reinterpret pc=0x000001441a5f5130 method=java.util.regex.Pattern$Curly.match0(Ljava/util/regex/Matcher;IILjava/lang/CharSequence;)Z @ 34
Event: 2012.636 Thread 0x00000144181f5800 Uncommon trap: reason=unstable_if action=reinterpret pc=0x000001441a5b2e9c method=java.util.Formatter$FormatSpecifier.index(Ljava/lang/String;)I @ 1
Event: 2012.636 Thread 0x00000144181f5800 Uncommon trap: reason=unstable_if action=reinterpret pc=0x000001441a6016f4 method=org.nd4j.linalg.api.ndarray.BaseNDArray.getDouble(J)D @ 108
Event: 2012.636 Thread 0x00000144181f5800 Uncommon trap: reason=unstable_if action=reinterpret pc=0x000001441a069dd8 method=java.util.Formatter$FormatSpecifier.index(Ljava/lang/String;)I @ 1

Classes redefined (0 events):
No events

Internal exceptions (10 events):
Event: 3.698 Thread 0x00000144181f5800 Exception <a 'sun/nio/fs/WindowsException'> (0x0000000780d6ec48) thrown at [C:\jenkins\workspace\8-2-build-windows-amd64-cygwin\jdk8u301\1513\hotspot\src\share\vm\prims\jni.cpp, line 710]
Event: 3.699 Thread 0x00000144181f5800 Exception <a 'sun/nio/fs/WindowsException'> (0x0000000780d70700) thrown at [C:\jenkins\workspace\8-2-build-windows-amd64-cygwin\jdk8u301\1513\hotspot\src\share\vm\prims\jni.cpp, line 710]
Event: 3.699 Thread 0x00000144181f5800 Exception <a 'sun/nio/fs/WindowsException'> (0x0000000780d721a0) thrown at [C:\jenkins\workspace\8-2-build-windows-amd64-cygwin\jdk8u301\1513\hotspot\src\share\vm\prims\jni.cpp, line 710]
Event: 3.700 Thread 0x00000144181f5800 Exception <a 'sun/nio/fs/WindowsException'> (0x0000000780d73d08) thrown at [C:\jenkins\workspace\8-2-build-windows-amd64-cygwin\jdk8u301\1513\hotspot\src\share\vm\prims\jni.cpp, line 710]
Event: 3.700 Thread 0x00000144181f5800 Exception <a 'sun/nio/fs/WindowsException'> (0x0000000780d75900) thrown at [C:\jenkins\workspace\8-2-build-windows-amd64-cygwin\jdk8u301\1513\hotspot\src\share\vm\prims\jni.cpp, line 710]
Event: 3.701 Thread 0x00000144181f5800 Exception <a 'sun/nio/fs/WindowsException'> (0x0000000780d774d8) thrown at [C:\jenkins\workspace\8-2-build-windows-amd64-cygwin\jdk8u301\1513\hotspot\src\share\vm\prims\jni.cpp, line 710]
Event: 3.701 Thread 0x00000144181f5800 Exception <a 'sun/nio/fs/WindowsException'> (0x0000000780d79028) thrown at [C:\jenkins\workspace\8-2-build-windows-amd64-cygwin\jdk8u301\1513\hotspot\src\share\vm\prims\jni.cpp, line 710]
Event: 3.704 Thread 0x00000144181f5800 Exception <a 'sun/nio/fs/WindowsException'> (0x0000000780d7abc0) thrown at [C:\jenkins\workspace\8-2-build-windows-amd64-cygwin\jdk8u301\1513\hotspot\src\share\vm\prims\jni.cpp, line 710]
Event: 155.118 Thread 0x0000014433315000 Implicit null exception at 0x000001441a626be5 to 0x000001441a627401
Event: 2012.634 Thread 0x00000144181f5800 Implicit null exception at 0x000001441a1270ee to 0x000001441a1284cc

Events (10 events):
Event: 2012.636 Thread 0x00000144181f5800 DEOPT PACKING pc=0x000001441a069dd8 sp=0x00000014b9efe210
Event: 2012.636 Thread 0x00000144181f5800 DEOPT UNPACKING pc=0x0000014419c45843 sp=0x00000014b9efe1b0 mode 2
Event: 2012.636 loading class org/apache/commons/lang3/StringUtils
Event: 2012.636 loading class org/apache/commons/lang3/StringUtils done
Event: 2012.641 loading class java/lang/Character$UnicodeBlock
Event: 2012.676 loading class java/lang/Character$Subset
Event: 2012.676 loading class java/lang/Character$Subset done
Event: 2012.676 loading class java/lang/Character$UnicodeBlock done
Event: 2012.679 loading class java/util/regex/Pattern$Block
Event: 2012.679 loading class java/util/regex/Pattern$Block done


Dynamic libraries:
0x00007ff67e140000 - 0x00007ff67e187000 	E:\Java\jdk1.8.0_301\bin\java.exe
0x00007ffdfd3f0000 - 0x00007ffdfd5e5000 	C:\WINDOWS\SYSTEM32\ntdll.dll
0x00007ffdfb7f0000 - 0x00007ffdfb8ae000 	C:\WINDOWS\System32\KERNEL32.DLL
0x00007ffdfac40000 - 0x00007ffdfaf08000 	C:\WINDOWS\System32\KERNELBASE.dll
0x00007ffdfbec0000 - 0x00007ffdfbf6e000 	C:\WINDOWS\System32\ADVAPI32.dll
0x00007ffdfcbb0000 - 0x00007ffdfcc4e000 	C:\WINDOWS\System32\msvcrt.dll
0x00007ffdfb8d0000 - 0x00007ffdfb96c000 	C:\WINDOWS\System32\sechost.dll
0x00007ffdfbd30000 - 0x00007ffdfbe55000 	C:\WINDOWS\System32\RPCRT4.dll
0x00007ffdfbb20000 - 0x00007ffdfbcc1000 	C:\WINDOWS\System32\USER32.dll
0x00007ffdfb400000 - 0x00007ffdfb422000 	C:\WINDOWS\System32\win32u.dll
0x00007ffdfb4b0000 - 0x00007ffdfb4db000 	C:\WINDOWS\System32\GDI32.dll
0x00007ffdfab30000 - 0x00007ffdfac3d000 	C:\WINDOWS\System32\gdi32full.dll
0x00007ffdfb200000 - 0x00007ffdfb29d000 	C:\WINDOWS\System32\msvcp_win.dll
0x00007ffdfb100000 - 0x00007ffdfb200000 	C:\WINDOWS\System32\ucrtbase.dll
0x00007ffde4150000 - 0x00007ffde43ea000 	C:\WINDOWS\WinSxS\amd64_microsoft.windows.common-controls_6595b64144ccf1df_6.0.19041.1110_none_60b5254171f9507e\COMCTL32.dll
0x00007ffdfb4e0000 - 0x00007ffdfb510000 	C:\WINDOWS\System32\IMM32.DLL
0x00007ffdf3d80000 - 0x00007ffdf3d95000 	E:\Java\jdk1.8.0_301\jre\bin\vcruntime140.dll
0x00007ffd87f70000 - 0x00007ffd8800b000 	E:\Java\jdk1.8.0_301\jre\bin\msvcp140.dll
0x00000000676d0000 - 0x0000000067f30000 	E:\Java\jdk1.8.0_301\jre\bin\server\jvm.dll
0x00007ffdfb510000 - 0x00007ffdfb518000 	C:\WINDOWS\System32\PSAPI.DLL
0x00007ffdf50b0000 - 0x00007ffdf50b9000 	C:\WINDOWS\SYSTEM32\WSOCK32.dll
0x00007ffde7a30000 - 0x00007ffde7a57000 	C:\WINDOWS\SYSTEM32\WINMM.dll
0x00007ffdf2950000 - 0x00007ffdf295a000 	C:\WINDOWS\SYSTEM32\VERSION.dll
0x00007ffdfc660000 - 0x00007ffdfc6cb000 	C:\WINDOWS\System32\WS2_32.dll
0x00007ffdf89f0000 - 0x00007ffdf8a02000 	C:\WINDOWS\SYSTEM32\kernel.appcore.dll
0x00007ffdee320000 - 0x00007ffdee330000 	E:\Java\jdk1.8.0_301\jre\bin\verify.dll
0x00007ffdee2f0000 - 0x00007ffdee31b000 	E:\Java\jdk1.8.0_301\jre\bin\java.dll
0x00007ffdf5320000 - 0x00007ffdf5350000 	E:\Java\jdk1.8.0_301\jre\bin\instrument.dll
0x00007ffdea730000 - 0x00007ffdea748000 	E:\Java\jdk1.8.0_301\jre\bin\zip.dll
0x00007ffdfcc50000 - 0x00007ffdfd394000 	C:\WINDOWS\System32\SHELL32.dll
0x00007ffdf8bf0000 - 0x00007ffdf9385000 	C:\WINDOWS\SYSTEM32\windows.storage.dll
0x00007ffdfc850000 - 0x00007ffdfcba5000 	C:\WINDOWS\System32\combase.dll
0x00007ffdfa550000 - 0x00007ffdfa57e000 	C:\WINDOWS\SYSTEM32\Wldp.dll
0x00007ffdfc7a0000 - 0x00007ffdfc84d000 	C:\WINDOWS\System32\SHCORE.dll
0x00007ffdfbcd0000 - 0x00007ffdfbd25000 	C:\WINDOWS\System32\shlwapi.dll
0x00007ffdfaa40000 - 0x00007ffdfaa5f000 	C:\WINDOWS\SYSTEM32\profapi.dll
0x00007ffdf5280000 - 0x00007ffdf529a000 	C:\Program Files\JetBrains\IntelliJ IDEA Community Edition 2019.2.4\bin\breakgen64.dll
0x00007ffdbe500000 - 0x00007ffdbe51c000 	E:\Java\jdk1.8.0_301\jre\bin\net.dll
0x00007ffdfa2b0000 - 0x00007ffdfa31a000 	C:\WINDOWS\system32\mswsock.dll
0x00000144183f0000 - 0x00000144183f3000 	C:\Users\User\.javacpp\cache\javacpp-1.5.3-windows-x86_64.jar\org\bytedeco\javacpp\windows-x86_64\api-ms-win-crt-locale-l1-1-0.dll
0x00007ffdbe4e0000 - 0x00007ffdbe4f3000 	E:\Java\jdk1.8.0_301\jre\bin\nio.dll
0x0000014418400000 - 0x0000014418404000 	C:\Users\User\.javacpp\cache\javacpp-1.5.3-windows-x86_64.jar\org\bytedeco\javacpp\windows-x86_64\api-ms-win-crt-string-l1-1-0.dll
0x0000014418410000 - 0x0000014418414000 	C:\Users\User\.javacpp\cache\javacpp-1.5.3-windows-x86_64.jar\org\bytedeco\javacpp\windows-x86_64\api-ms-win-crt-stdio-l1-1-0.dll
0x0000014418420000 - 0x0000014418425000 	C:\Users\User\.javacpp\cache\javacpp-1.5.3-windows-x86_64.jar\org\bytedeco\javacpp\windows-x86_64\api-ms-win-crt-math-l1-1-0.dll
0x0000014418430000 - 0x0000014418433000 	C:\Users\User\.javacpp\cache\javacpp-1.5.3-windows-x86_64.jar\org\bytedeco\javacpp\windows-x86_64\api-ms-win-crt-heap-l1-1-0.dll
0x0000014418440000 - 0x0000014418444000 	C:\Users\User\.javacpp\cache\javacpp-1.5.3-windows-x86_64.jar\org\bytedeco\javacpp\windows-x86_64\api-ms-win-crt-runtime-l1-1-0.dll
0x0000014435a90000 - 0x0000014435a94000 	C:\Users\User\.javacpp\cache\javacpp-1.5.3-windows-x86_64.jar\org\bytedeco\javacpp\windows-x86_64\api-ms-win-crt-convert-l1-1-0.dll
0x0000014435aa0000 - 0x0000014435aa3000 	C:\Users\User\.javacpp\cache\javacpp-1.5.3-windows-x86_64.jar\org\bytedeco\javacpp\windows-x86_64\api-ms-win-crt-environment-l1-1-0.dll
0x0000014435ab0000 - 0x0000014435ab3000 	C:\Users\User\.javacpp\cache\javacpp-1.5.3-windows-x86_64.jar\org\bytedeco\javacpp\windows-x86_64\api-ms-win-crt-time-l1-1-0.dll
0x0000014435ac0000 - 0x0000014435ac3000 	C:\Users\User\.javacpp\cache\javacpp-1.5.3-windows-x86_64.jar\org\bytedeco\javacpp\windows-x86_64\api-ms-win-crt-filesystem-l1-1-0.dll
0x0000014435ad0000 - 0x0000014435ad3000 	C:\Users\User\.javacpp\cache\javacpp-1.5.3-windows-x86_64.jar\org\bytedeco\javacpp\windows-x86_64\api-ms-win-crt-utility-l1-1-0.dll
0x0000014435ae0000 - 0x0000014435ae5000 	C:\Users\User\.javacpp\cache\javacpp-1.5.3-windows-x86_64.jar\org\bytedeco\javacpp\windows-x86_64\api-ms-win-crt-multibyte-l1-1-0.dll
0x0000014435af0000 - 0x0000014435af3000 	C:\Users\User\.javacpp\cache\javacpp-1.5.3-windows-x86_64.jar\org\bytedeco\javacpp\windows-x86_64\api-ms-win-core-string-l1-1-0.dll
0x0000014435b00000 - 0x0000014435b03000 	C:\Users\User\.javacpp\cache\javacpp-1.5.3-windows-x86_64.jar\org\bytedeco\javacpp\windows-x86_64\api-ms-win-core-errorhandling-l1-1-0.dll
0x0000014435b10000 - 0x0000014435b13000 	C:\Users\User\.javacpp\cache\javacpp-1.5.3-windows-x86_64.jar\org\bytedeco\javacpp\windows-x86_64\api-ms-win-core-timezone-l1-1-0.dll
0x0000014435b20000 - 0x0000014435b24000 	C:\Users\User\.javacpp\cache\javacpp-1.5.3-windows-x86_64.jar\org\bytedeco\javacpp\windows-x86_64\api-ms-win-core-file-l1-1-0.dll
0x0000014435b30000 - 0x0000014435b33000 	C:\Users\User\.javacpp\cache\javacpp-1.5.3-windows-x86_64.jar\org\bytedeco\javacpp\windows-x86_64\api-ms-win-core-namedpipe-l1-1-0.dll
0x0000014435b40000 - 0x0000014435b43000 	C:\Users\User\.javacpp\cache\javacpp-1.5.3-windows-x86_64.jar\org\bytedeco\javacpp\windows-x86_64\api-ms-win-core-handle-l1-1-0.dll
0x0000014435b50000 - 0x0000014435b53000 	C:\Users\User\.javacpp\cache\javacpp-1.5.3-windows-x86_64.jar\org\bytedeco\javacpp\windows-x86_64\api-ms-win-core-file-l2-1-0.dll
0x0000014435b60000 - 0x0000014435b63000 	C:\Users\User\.javacpp\cache\javacpp-1.5.3-windows-x86_64.jar\org\bytedeco\javacpp\windows-x86_64\api-ms-win-core-heap-l1-1-0.dll
0x0000014435b70000 - 0x0000014435b73000 	C:\Users\User\.javacpp\cache\javacpp-1.5.3-windows-x86_64.jar\org\bytedeco\javacpp\windows-x86_64\api-ms-win-core-libraryloader-l1-1-0.dll
0x0000014435b80000 - 0x0000014435b83000 	C:\Users\User\.javacpp\cache\javacpp-1.5.3-windows-x86_64.jar\org\bytedeco\javacpp\windows-x86_64\api-ms-win-core-synch-l1-1-0.dll
0x0000014435b90000 - 0x0000014435b93000 	C:\Users\User\.javacpp\cache\javacpp-1.5.3-windows-x86_64.jar\org\bytedeco\javacpp\windows-x86_64\api-ms-win-core-processthreads-l1-1-0.dll
0x0000014435ba0000 - 0x0000014435ba3000 	C:\Users\User\.javacpp\cache\javacpp-1.5.3-windows-x86_64.jar\org\bytedeco\javacpp\windows-x86_64\api-ms-win-core-processenvironment-l1-1-0.dll
0x0000014435bb0000 - 0x0000014435bb3000 	C:\Users\User\.javacpp\cache\javacpp-1.5.3-windows-x86_64.jar\org\bytedeco\javacpp\windows-x86_64\api-ms-win-core-datetime-l1-1-0.dll
0x0000014435bc0000 - 0x0000014435bc3000 	C:\Users\User\.javacpp\cache\javacpp-1.5.3-windows-x86_64.jar\org\bytedeco\javacpp\windows-x86_64\api-ms-win-core-localization-l1-2-0.dll
0x0000014435bd0000 - 0x0000014435bd3000 	C:\Users\User\.javacpp\cache\javacpp-1.5.3-windows-x86_64.jar\org\bytedeco\javacpp\windows-x86_64\api-ms-win-core-sysinfo-l1-1-0.dll
0x0000014435be0000 - 0x0000014435be3000 	C:\Users\User\.javacpp\cache\javacpp-1.5.3-windows-x86_64.jar\org\bytedeco\javacpp\windows-x86_64\api-ms-win-core-synch-l1-2-0.dll
0x0000014435bf0000 - 0x0000014435bf3000 	C:\Users\User\.javacpp\cache\javacpp-1.5.3-windows-x86_64.jar\org\bytedeco\javacpp\windows-x86_64\api-ms-win-core-console-l1-1-0.dll
0x0000014435c00000 - 0x0000014435c03000 	C:\Users\User\.javacpp\cache\javacpp-1.5.3-windows-x86_64.jar\org\bytedeco\javacpp\windows-x86_64\api-ms-win-core-debug-l1-1-0.dll
0x0000014435c10000 - 0x0000014435c13000 	C:\Users\User\.javacpp\cache\javacpp-1.5.3-windows-x86_64.jar\org\bytedeco\javacpp\windows-x86_64\api-ms-win-core-rtlsupport-l1-1-0.dll
0x0000014435c20000 - 0x0000014435c23000 	C:\Users\User\.javacpp\cache\javacpp-1.5.3-windows-x86_64.jar\org\bytedeco\javacpp\windows-x86_64\api-ms-win-core-processthreads-l1-1-1.dll
0x0000014435c30000 - 0x0000014435c33000 	C:\Users\User\.javacpp\cache\javacpp-1.5.3-windows-x86_64.jar\org\bytedeco\javacpp\windows-x86_64\api-ms-win-core-file-l1-2-0.dll
0x0000014435c40000 - 0x0000014435c43000 	C:\Users\User\.javacpp\cache\javacpp-1.5.3-windows-x86_64.jar\org\bytedeco\javacpp\windows-x86_64\api-ms-win-core-profile-l1-1-0.dll
0x0000014435c50000 - 0x0000014435c53000 	C:\Users\User\.javacpp\cache\javacpp-1.5.3-windows-x86_64.jar\org\bytedeco\javacpp\windows-x86_64\api-ms-win-core-memory-l1-1-0.dll
0x0000014435c60000 - 0x0000014435c63000 	C:\Users\User\.javacpp\cache\javacpp-1.5.3-windows-x86_64.jar\org\bytedeco\javacpp\windows-x86_64\api-ms-win-core-util-l1-1-0.dll
0x0000014435c70000 - 0x0000014435c73000 	C:\Users\User\.javacpp\cache\javacpp-1.5.3-windows-x86_64.jar\org\bytedeco\javacpp\windows-x86_64\api-ms-win-core-interlocked-l1-1-0.dll
0x00007ffde3f50000 - 0x00007ffde404a000 	C:\Users\User\.javacpp\cache\javacpp-1.5.3-windows-x86_64.jar\org\bytedeco\javacpp\windows-x86_64\ucrtbase.dll
0x00007ffdf5180000 - 0x00007ffdf5195000 	C:\Users\User\.javacpp\cache\javacpp-1.5.3-windows-x86_64.jar\org\bytedeco\javacpp\windows-x86_64\vcruntime140.dll
0x00007ffde3e30000 - 0x00007ffde3ecb000 	C:\Users\User\.javacpp\cache\javacpp-1.5.3-windows-x86_64.jar\org\bytedeco\javacpp\windows-x86_64\msvcp140.dll
0x00007ffde3d10000 - 0x00007ffde3d61000 	C:\Users\User\.javacpp\cache\javacpp-1.5.3-windows-x86_64.jar\org\bytedeco\javacpp\windows-x86_64\concrt140.dll
0x00007ffdf5150000 - 0x00007ffdf5177000 	C:\Users\User\.javacpp\cache\javacpp-1.5.3-windows-x86_64.jar\org\bytedeco\javacpp\windows-x86_64\vcomp140.dll
0x00007ffdf59b0000 - 0x00007ffdf59be000 	C:\Users\User\.javacpp\cache\javacpp-1.5.3-windows-x86_64.jar\org\bytedeco\javacpp\windows-x86_64\jnijavacpp.dll
0x000000006d7c0000 - 0x000000006f337000 	C:\Users\User\.javacpp\cache\openblas-0.3.9-1-1.5.3-windows-x86_64.jar\org\bytedeco\openblas\windows-x86_64\libopenblas_nolapack.dll
0x00007ffde3760000 - 0x00007ffde37ba000 	C:\Users\User\.javacpp\cache\openblas-0.3.9-1-1.5.3-windows-x86_64.jar\org\bytedeco\openblas\windows-x86_64\jniopenblas_nolapack.dll
0x0000000000fb0000 - 0x0000000002b27000 	C:\Users\User\.javacpp\cache\openblas-0.3.9-1-1.5.3-windows-x86_64.jar\org\bytedeco\openblas\windows-x86_64\libopenblas.dll
0x00007ffd7bba0000 - 0x00007ffd7cf8d000 	C:\Users\User\.javacpp\cache\openblas-0.3.9-1-1.5.3-windows-x86_64.jar\org\bytedeco\openblas\windows-x86_64\jniopenblas.dll
0x0000000064940000 - 0x0000000064956000 	C:\Users\User\.javacpp\cache\nd4j-cuda-10.2-1.0.0-beta7-windows-x86_64.jar\org\nd4j\nativeblas\windows-x86_64\libwinpthread-1.dll
0x0000000061440000 - 0x000000006145c000 	C:\Users\User\.javacpp\cache\nd4j-cuda-10.2-1.0.0-beta7-windows-x86_64.jar\org\nd4j\nativeblas\windows-x86_64\libgcc_s_seh-1.dll
0x0000000063600000 - 0x0000000063633000 	C:\Users\User\.javacpp\cache\nd4j-cuda-10.2-1.0.0-beta7-windows-x86_64.jar\org\nd4j\nativeblas\windows-x86_64\libgomp-1.dll
0x000000006fc40000 - 0x000000006fdf3000 	C:\Users\User\.javacpp\cache\nd4j-cuda-10.2-1.0.0-beta7-windows-x86_64.jar\org\nd4j\nativeblas\windows-x86_64\libstdc++-6.dll
0x0000000002b30000 - 0x000000000b19a000 	C:\Users\User\.javacpp\cache\nd4j-native-1.0.0-beta7-windows-x86_64.jar\org\nd4j\nativeblas\windows-x86_64\libnd4jcpu.dll
0x0000000066880000 - 0x0000000066b27000 	C:\Users\User\.javacpp\cache\nd4j-native-1.0.0-beta7-windows-x86_64.jar\org\nd4j\nativeblas\windows-x86_64\jnind4jcpu.dll
0x00007ffdfa4a0000 - 0x00007ffdfa4b8000 	C:\WINDOWS\SYSTEM32\CRYPTSP.dll
0x00007ffdf9bc0000 - 0x00007ffdf9bf4000 	C:\WINDOWS\system32\rsaenh.dll
0x00007ffdfab00000 - 0x00007ffdfab27000 	C:\WINDOWS\System32\bcrypt.dll
0x00007ffdfaa00000 - 0x00007ffdfaa2e000 	C:\WINDOWS\SYSTEM32\USERENV.dll
0x00007ffdfaf70000 - 0x00007ffdfaff2000 	C:\WINDOWS\System32\bcryptprimitives.dll
0x00007ffdfa4c0000 - 0x00007ffdfa4cc000 	C:\WINDOWS\SYSTEM32\CRYPTBASE.dll
0x00007ffdf9f50000 - 0x00007ffdf9f8b000 	C:\WINDOWS\SYSTEM32\IPHLPAPI.DLL
0x00007ffdfd3a0000 - 0x00007ffdfd3a8000 	C:\WINDOWS\System32\NSI.dll
0x00007ffdf18b0000 - 0x00007ffdf18c7000 	C:\WINDOWS\SYSTEM32\dhcpcsvc6.DLL
0x00007ffdf27b0000 - 0x00007ffdf27cd000 	C:\WINDOWS\SYSTEM32\dhcpcsvc.DLL
0x00007ffdf9f90000 - 0x00007ffdfa05b000 	C:\WINDOWS\SYSTEM32\DNSAPI.dll
0x00007ffde4dc0000 - 0x00007ffde4fa4000 	C:\WINDOWS\SYSTEM32\dbghelp.dll

VM Arguments:
jvm_args: -javaagent:C:\Program Files\JetBrains\IntelliJ IDEA Community Edition 2019.2.4\lib\idea_rt.jar=56327:C:\Program Files\JetBrains\IntelliJ IDEA Community Edition 2019.2.4\bin -Dfile.encoding=UTF-8 
java_command: com.intellij.rt.execution.CommandLineWrapper C:\Users\User\AppData\Local\Temp\idea_classpath1494002109 com.dl4jra.server.testing.CnnTest
java_class_path (initial): C:\Program Files\JetBrains\IntelliJ IDEA Community Edition 2019.2.4\lib\idea_rt.jar;C:\Program Files\JetBrains\IntelliJ IDEA Community Edition 2019.2.4\lib\idea_rt.jar
Launcher Type: SUN_STANDARD

Environment Variables:
CLASSPATH=C:\Program Files\Java\jre1.8.0_301\lib
PATH=C:\Program Files\Common Files\Oracle\Java\javapath;C:\Program Files (x86)\Common Files\Oracle\Java\javapath;C:\Program Files\NVIDIA GPU Computing Toolkit\CUDA\v11.2\bin;C:\Program Files\NVIDIA GPU Computing Toolkit\CUDA\v11.2\libnvvp;C:\Program Files\NVIDIA GPU Computing Toolkit\CUDA\v11.5\bin;C:\Program Files\NVIDIA GPU Computing Toolkit\CUDA\v11.5\libnvvp;C:\Windows\system32;C:\Windows;C:\Windows\System32\Wbem;C:\Windows\System32\WindowsPowerShell\v1.0\;C:\Windows\System32\OpenSSH\;C:\Program Files (x86)\NVIDIA Corporation\PhysX\Common;C:\Program Files\NVIDIA Corporation\NVIDIA NvDLISR;C:\WINDOWS\system32;C:\WINDOWS;C:\WINDOWS\System32\Wbem;C:\WINDOWS\System32\WindowsPowerShell\v1.0\;C:\WINDOWS\System32\OpenSSH\;E:\Git\cmd;E:\Node js\;E:\Maven\apache-maven-3.8.4\bin;C:\Program Files\Java\jre1.8.0_301\bin;E:\zlib\dll_x64;C:\Program Files\NVIDIA Corporation\Nsight Compute 2020.3.0\;C:\Program Files\Java\jre1.8.0_301\bin;E:\Microsoft VS Code\bin;E:\zlib\dll_x64;
USERNAME=User
OS=Windows_NT
PROCESSOR_IDENTIFIER=Intel64 Family 6 Model 158 Stepping 10, GenuineIntel



---------------  S Y S T E M  ---------------

OS: Windows 10.0 , 64 bit Build 19041 (10.0.19041.1466)

CPU:total 12 (initial active 12) (6 cores per cpu, 2 threads per core) family 6 model 158 stepping 10, cmov, cx8, fxsr, mmx, sse, sse2, sse3, ssse3, sse4.1, sse4.2, popcnt, avx, avx2, aes, clmul, erms, 3dnowpref, lzcnt, ht, tsc, tscinvbit, bmi1, bmi2, adx

Memory: 4k page, physical 12422396k(3992948k free), swap 29199612k(16362088k free)

vm_info: Java HotSpot(TM) 64-Bit Server VM (25.301-b09) for windows-amd64 JRE (1.8.0_301-b09), built on Jun  9 2021 06:46:21 by "java_re" with MS VC++ 15.9 (VS2017)

time: Fri Jan 21 16:07:49 2022
timezone: Malay Peninsula Standard Time
elapsed time: 2012.863884 seconds (0d 0h 33m 32s)

