#
# A fatal error has been detected by the Java Runtime Environment:
#
#  EXCEPTION_ACCESS_VIOLATION (0xc0000005) at pc=0x0000000008af3f98, pid=9664, tid=4780
#
# JRE version: Java(TM) SE Runtime Environment (17.0.1+12) (build 17.0.1+12-LTS-39)
# Java VM: Java HotSpot(TM) 64-Bit Server VM (17.0.1+12-LTS-39, mixed mode, emulated-client, sharing, tiered, compressed oops, compressed class ptrs, g1 gc, windows-amd64)
# Problematic frame:
# C  0x0000000008af3f98
#
# No core dump will be written. Minidumps are not enabled by default on client versions of Windows
#
# If you would like to submit a bug report, please visit:
#   https://bugreport.java.com/bugreport/crash.jsp
# The crash happened outside the Java Virtual Machine in native code.
# See problematic frame for where to report the bug.
#

---------------  S U M M A R Y ------------

Command Line: -XX:TieredStopAtLevel=1 com.dl4jra.server.ServerApplication

Host: Intel(R) Core(TM) i7-9750H CPU @ 2.60GHz, 12 cores, 11G,  Windows 10 , 64 bit Build 19041 (10.0.19041.1466)
Time: Mon Jan 24 15:26:36 2022 Malay Peninsula Standard Time elapsed time: 137.662192 seconds (0d 0h 2m 17s)

---------------  T H R E A D  ---------------

Current thread (0x0000018fa7848fb0):  JavaThread "clientInboundChannel-42" [_thread_in_native, id=4780, stack(0x0000006e0e500000,0x0000006e0e600000)]

Stack: [0x0000006e0e500000,0x0000006e0e600000],  sp=0x0000006e0e5fcf40,  free space=1011k
Native frames: (J=compiled Java code, j=interpreted, Vv=VM code, C=native code)
C  0x0000000008af3f98

Java frames: (J=compiled Java code, j=interpreted, Vv=VM code)
J 5822  org.nd4j.nativeblas.Nd4jCpu.execTransformAny(Lorg/bytedeco/javacpp/PointerPointer;ILorg/nd4j/nativeblas/OpaqueDataBuffer;Lorg/bytedeco/javacpp/LongPointer;Lorg/bytedeco/javacpp/LongPointer;Lorg/nd4j/nativeblas/OpaqueDataBuffer;Lorg/bytedeco/javacpp/LongPointer;Lorg/bytedeco/javacpp/LongPointer;Lorg/bytedeco/javacpp/Pointer;)V (0 bytes) @ 0x0000018f9654ffa6 [0x0000018f9654fea0+0x0000000000000106]
J 5574 c1 org.nd4j.linalg.cpu.nativecpu.ops.NativeOpExecutioner.exec(Lorg/nd4j/linalg/api/ops/TransformOp;Lorg/nd4j/linalg/api/ops/OpContext;)V (1440 bytes) @ 0x0000018f964caca4 [0x0000018f964c6640+0x0000000000004664]
J 5571 c1 org.nd4j.linalg.cpu.nativecpu.ops.NativeOpExecutioner.exec(Lorg/nd4j/linalg/api/ops/Op;Lorg/nd4j/linalg/api/ops/OpContext;)Lorg/nd4j/linalg/api/ndarray/INDArray; (143 bytes) @ 0x0000018f964c3f4c [0x0000018f964c3a40+0x000000000000050c]
J 5778 c1 org.nd4j.linalg.api.ndarray.BaseNDArray.assign(Lorg/nd4j/linalg/api/ndarray/INDArray;)Lorg/nd4j/linalg/api/ndarray/INDArray; (104 bytes) @ 0x0000018f9654068c [0x0000018f9653ffe0+0x00000000000006ac]
J 5861 c1 org.nd4j.linalg.api.ndarray.BaseNDArray.dup(C)Lorg/nd4j/linalg/api/ndarray/INDArray; (144 bytes) @ 0x0000018f96567c1c [0x0000018f96567720+0x00000000000004fc]
J 5891 c1 org.nd4j.linalg.workspace.BaseWorkspaceMgr.dup(Ljava/lang/Enum;Lorg/nd4j/linalg/api/ndarray/INDArray;C)Lorg/nd4j/linalg/api/ndarray/INDArray; (147 bytes) @ 0x0000018f9657de74 [0x0000018f9657dda0+0x00000000000000d4]
j  org.deeplearning4j.util.TimeSeriesUtils.reshapeTimeSeriesMaskToVector(Lorg/nd4j/linalg/api/ndarray/INDArray;Lorg/deeplearning4j/nn/workspace/LayerWorkspaceMgr;Lorg/deeplearning4j/nn/workspace/ArrayType;)Lorg/nd4j/linalg/api/ndarray/INDArray;+43
j  org.deeplearning4j.nn.layers.recurrent.RnnOutputLayer.setMaskArray(Lorg/nd4j/linalg/api/ndarray/INDArray;)V+22
j  org.deeplearning4j.nn.graph.ComputationGraph.setLayerMaskArrays([Lorg/nd4j/linalg/api/ndarray/INDArray;[Lorg/nd4j/linalg/api/ndarray/INDArray;)V+432
j  org.deeplearning4j.nn.graph.ComputationGraph.output(Z[Lorg/nd4j/linalg/api/ndarray/INDArray;[Lorg/nd4j/linalg/api/ndarray/INDArray;[Lorg/nd4j/linalg/api/ndarray/INDArray;Lorg/nd4j/linalg/api/memory/MemoryWorkspace;)[Lorg/nd4j/linalg/api/ndarray/INDArray;+19
j  org.deeplearning4j.nn.graph.ComputationGraph.output(Z[Lorg/nd4j/linalg/api/ndarray/INDArray;[Lorg/nd4j/linalg/api/ndarray/INDArray;[Lorg/nd4j/linalg/api/ndarray/INDArray;)[Lorg/nd4j/linalg/api/ndarray/INDArray;+22
j  org.deeplearning4j.nn.graph.ComputationGraph.output([Lorg/nd4j/linalg/api/ndarray/INDArray;)[Lorg/nd4j/linalg/api/ndarray/INDArray;+11
j  com.dl4jra.server.cnn.CNN.EvaluateModelRNN()V+90
j  com.dl4jra.server.cnn.CNNController.EvaluateModelRNN(Lcom/dl4jra/server/cnn/request/Nodeclass;)Lcom/dl4jra/server/cnn/response/RBProcessCompleted;+22
v  ~StubRoutines::call_stub
J 2602  jdk.internal.reflect.NativeMethodAccessorImpl.invoke0(Ljava/lang/reflect/Method;Ljava/lang/Object;[Ljava/lang/Object;)Ljava/lang/Object; java.base@17.0.1 (0 bytes) @ 0x0000018f95f20aa7 [0x0000018f95f20a20+0x0000000000000087]
J 2601 c1 jdk.internal.reflect.NativeMethodAccessorImpl.invoke(Ljava/lang/Object;[Ljava/lang/Object;)Ljava/lang/Object; java.base@17.0.1 (137 bytes) @ 0x0000018f95f212cc [0x0000018f95f20f80+0x000000000000034c]
J 2472 c1 jdk.internal.reflect.DelegatingMethodAccessorImpl.invoke(Ljava/lang/Object;[Ljava/lang/Object;)Ljava/lang/Object; java.base@17.0.1 (10 bytes) @ 0x0000018f95ee31e4 [0x0000018f95ee31a0+0x0000000000000044]
J 2493 c1 java.lang.reflect.Method.invoke(Ljava/lang/Object;[Ljava/lang/Object;)Ljava/lang/Object; java.base@17.0.1 (65 bytes) @ 0x0000018f95eea16c [0x0000018f95eea060+0x000000000000010c]
j  org.springframework.messaging.handler.invocation.InvocableHandlerMethod.doInvoke([Ljava/lang/Object;)Ljava/lang/Object;+16
j  org.springframework.messaging.handler.invocation.InvocableHandlerMethod.invoke(Lorg/springframework/messaging/Message;[Ljava/lang/Object;)Ljava/lang/Object;+52
j  org.springframework.messaging.handler.invocation.AbstractMethodMessageHandler.handleMatch(Ljava/lang/Object;Lorg/springframework/messaging/handler/HandlerMethod;Ljava/lang/String;Lorg/springframework/messaging/Message;)V+91
j  org.springframework.messaging.simp.annotation.support.SimpAnnotationMethodMessageHandler.handleMatch(Lorg/springframework/messaging/simp/SimpMessageMappingInfo;Lorg/springframework/messaging/handler/HandlerMethod;Ljava/lang/String;Lorg/springframework/messaging/Message;)V+109
j  org.springframework.messaging.simp.annotation.support.SimpAnnotationMethodMessageHandler.handleMatch(Ljava/lang/Object;Lorg/springframework/messaging/handler/HandlerMethod;Ljava/lang/String;Lorg/springframework/messaging/Message;)V+9
j  org.springframework.messaging.handler.invocation.AbstractMethodMessageHandler.handleMessageInternal(Lorg/springframework/messaging/Message;Ljava/lang/String;)V+299
j  org.springframework.messaging.handler.invocation.AbstractMethodMessageHandler.handleMessage(Lorg/springframework/messaging/Message;)V+124
J 5044 c1 org.springframework.messaging.support.ExecutorSubscribableChannel$SendTask.run()V (171 bytes) @ 0x0000018f95e09404 [0x0000018f95e09360+0x00000000000000a4]
j  java.util.concurrent.ThreadPoolExecutor.runWorker(Ljava/util/concurrent/ThreadPoolExecutor$Worker;)V+92 java.base@17.0.1
j  java.util.concurrent.ThreadPoolExecutor$Worker.run()V+5 java.base@17.0.1
j  java.lang.Thread.run()V+11 java.base@17.0.1
v  ~StubRoutines::call_stub

siginfo: EXCEPTION_ACCESS_VIOLATION (0xc0000005), reading address 0x0000018fd7597a58


Register to memory mapping:

RIP=0x0000000008af3f98 points into unknown readable memory: 0x8b488404100f41f3 | f3 41 0f 10 04 84 48 8b
RAX=0x0 is NULL
RBX=0x0 is NULL
RCX=0x0000006e0e5fd0c0 is pointing into the stack for thread: 0x0000018fa7848fb0
RDX=0x0000018fe07d2e88 points into unknown readable memory: 0x0000000000000001 | 01 00 00 00 00 00 00 00
RSP=0x0000006e0e5fcf40 is pointing into the stack for thread: 0x0000018fa7848fb0
RBP=0x0 is NULL
RSI=0x0 is NULL
RDI=0x0000006e0e5fd0c0 is pointing into the stack for thread: 0x0000018fa7848fb0
R8 =0x0 is NULL
R9 =0x0 is NULL
R10=0x0000006e0e5fd0c0 is pointing into the stack for thread: 0x0000018fa7848fb0
R11=0x0000000000000080 is an unknown value
R12=0x0000018fd7597a58 is an unknown value
R13=0x0000018fd9db9e28 points into unknown readable memory: 0x0000000000000080 | 80 00 00 00 00 00 00 00
R14=0x0000018fdabd7910 points into unknown readable memory: 0x0000000000000000 | 00 00 00 00 00 00 00 00
R15=0x0 is NULL


Registers:
RAX=0x0000000000000000, RBX=0x0000000000000000, RCX=0x0000006e0e5fd0c0, RDX=0x0000018fe07d2e88
RSP=0x0000006e0e5fcf40, RBP=0x0000000000000000, RSI=0x0000000000000000, RDI=0x0000006e0e5fd0c0
R8 =0x0000000000000000, R9 =0x0000000000000000, R10=0x0000006e0e5fd0c0, R11=0x0000000000000080
R12=0x0000018fd7597a58, R13=0x0000018fd9db9e28, R14=0x0000018fdabd7910, R15=0x0000000000000000
RIP=0x0000000008af3f98, EFLAGS=0x0000000000010246

Top of Stack: (sp=0x0000006e0e5fcf40)
0x0000006e0e5fcf40:   0000000000000009 0000006e0e5fd1a8
0x0000006e0e5fcf50:   0000006e0e5fd2c0 0000018fa7848fb0
0x0000006e0e5fcf60:   0000000000000000 0000000000000003
0x0000006e0e5fcf70:   0000000000000001 0000000000000000
0x0000006e0e5fcf80:   0000000000000080 0000000000000001
0x0000006e0e5fcf90:   0000000000000000 0000018fa7848fb0
0x0000006e0e5fcfa0:   0000018f958b5780 0000018fa7543ca8
0x0000006e0e5fcfb0:   0000000000000001 0000000000000001
0x0000006e0e5fcfc0:   0000000000000001 0000018fa4651d50
0x0000006e0e5fcfd0:   0000018fa6ea5d78 0000000753f2f288
0x0000006e0e5fcfe0:   0000006e0e5fd3f0 0000018f9587d079
0x0000006e0e5fcff0:   0000006e0e5fd478 0000018fe07d2e88
0x0000006e0e5fd000:   0000018fd9db9e28 0000018f9597c8a4
0x0000006e0e5fd010:   0000018f8c7f0000 0000018f8c7f0000
0x0000006e0e5fd020:   0000018f8c7f02b4 0000018f00000000
0x0000006e0e5fd030:   0000000000000050 0000018f8c7f0d20 

Instructions: (pc=0x0000000008af3f98)
0x0000000008af3e98:   31 c0 f3 0f 10 02 48 83 c0 01 48 01 ca f3 41 0f
0x0000000008af3ea8:   11 02 4d 01 c2 48 39 c6 75 e8 eb cb 49 8d 14 86
0x0000000008af3eb8:   31 c0 f3 0f 10 04 81 f3 0f 11 04 82 48 83 c0 01
0x0000000008af3ec8:   48 39 c6 75 ed eb b0 4c 89 ef 4d 89 fd 49 89 df
0x0000000008af3ed8:   49 83 c7 01 e9 45 fe ff ff 8b 7e 10 8b 76 08 89
0x0000000008af3ee8:   d9 49 89 f8 48 89 f2 e8 7c d5 31 fa 48 89 7c 24
0x0000000008af3ef8:   40 49 89 d9 4d 89 f8 48 c7 44 24 48 01 00 00 00
0x0000000008af3f08:   89 c2 48 8d 84 24 80 01 00 00 48 c7 44 24 38 00
0x0000000008af3f18:   00 00 00 48 89 c7 48 89 c1 48 c7 44 24 30 01 00
0x0000000008af3f28:   00 00 48 89 74 24 28 48 c7 44 24 20 00 00 00 00
0x0000000008af3f38:   e8 e3 d2 31 fa 48 89 f9 e8 3b d4 31 fa 4c 8b ac
0x0000000008af3f48:   24 c0 00 00 00 48 89 c5 48 89 f9 e8 48 d4 31 fa
0x0000000008af3f58:   48 39 e8 0f 8e fa f0 ff ff 48 8b 84 24 b8 00 00
0x0000000008af3f68:   00 4d 8b 7d 00 48 89 f9 48 8b 18 4c 0f af fd e8
0x0000000008af3f78:   14 d4 31 fa 48 0f af dd 48 89 c6 eb 2e 49 8b 45
0x0000000008af3f88:   08 48 8b 94 24 b8 00 00 00 48 0f af c6 4c 01 f8
0x0000000008af3f98:   f3 41 0f 10 04 84 48 8b 42 08 48 0f af c6 48 83
0x0000000008af3fa8:   c6 01 48 01 d8 f3 41 0f 11 04 86 48 89 f9 e8 f5
0x0000000008af3fb8:   d3 31 fa 48 39 f0 7f c5 48 83 c5 01 eb 8a 4c 89
0x0000000008af3fc8:   44 24 20 45 31 c9 49 89 d8 4c 89 fa 48 c7 44 24
0x0000000008af3fd8:   28 01 00 00 00 48 8d 84 24 80 01 00 00 48 89 c7
0x0000000008af3fe8:   48 89 c1 48 89 84 24 a8 00 00 00 e8 a8 d1 31 fa
0x0000000008af3ff8:   48 89 f9 e8 50 d3 31 fa 48 89 c3 eb 2e 48 8b bc
0x0000000008af4008:   24 c0 00 00 00 48 8b 07 48 8b bc 24 b8 00 00 00
0x0000000008af4018:   48 0f af c3 f3 41 0f 10 04 84 48 8b 07 48 0f af
0x0000000008af4028:   c3 48 83 c3 01 f3 41 0f 11 04 86 48 8b 8c 24 a8
0x0000000008af4038:   00 00 00 e8 20 d3 31 fa 48 39 d8 7f c0 e9 11 f0
0x0000000008af4048:   ff ff 4c 89 44 24 20 45 31 c9 49 89 d8 4c 89 fa
0x0000000008af4058:   48 c7 44 24 28 01 00 00 00 4c 8d ac 24 80 01 00
0x0000000008af4068:   00 4c 89 e9 e8 2f d1 31 fa 4c 89 e9 e8 d7 d2 31
0x0000000008af4078:   fa 4c 89 e9 48 89 c3 e8 dc d2 31 fa 48 39 c3 0f
0x0000000008af4088:   8d ce ef ff ff 44 8b bc 24 80 00 00 00 8b 6c 24 


Stack slot to memory mapping:
stack at sp + 0 slots: 0x0000000000000009 is an unknown value
stack at sp + 1 slots: 0x0000006e0e5fd1a8 is pointing into the stack for thread: 0x0000018fa7848fb0
stack at sp + 2 slots: 0x0000006e0e5fd2c0 is pointing into the stack for thread: 0x0000018fa7848fb0
stack at sp + 3 slots: 0x0000018fa7848fb0 is a thread
stack at sp + 4 slots: 0x0 is NULL
stack at sp + 5 slots: 0x0000000000000003 is an unknown value
stack at sp + 6 slots: 0x0000000000000001 is an unknown value
stack at sp + 7 slots: 0x0 is NULL


---------------  P R O C E S S  ---------------

Threads class SMR info:
_java_thread_list=0x0000018fd616beb0, length=83, elements={
0x0000018fa30cd500, 0x0000018fa30ce280, 0x0000018fa30ea890, 0x0000018fa30eb610,
0x0000018fa30eeff0, 0x0000018fa30ef8b0, 0x0000018fa30f3720, 0x0000018fa30f4020,
0x0000018fa3da0180, 0x0000018fa3d8e6f0, 0x0000018fa7350a20, 0x0000018fa741f980,
0x0000018fa7453440, 0x0000018fa74c3040, 0x0000018fa3fe3e80, 0x0000018fa7ac2df0,
0x0000018fa47ad840, 0x0000018fa47ab1c0, 0x0000018fa47ae1e0, 0x0000018fa47ac030,
0x0000018fa47ac500, 0x0000018fa47abb60, 0x0000018fa47ab690, 0x0000018fa47ae6b0,
0x0000018fa75fa8a0, 0x0000018fa75f8bc0, 0x0000018fa75f6070, 0x0000018fa75f86f0,
0x0000018fa75f9560, 0x0000018fa75fb240, 0x0000018fa75f9090, 0x0000018fa75f73b0,
0x0000018fa75fb710, 0x0000018fa75fc0b0, 0x0000018fa75f9a30, 0x0000018fa75fc580,
0x0000018fa75fbbe0, 0x0000018fa75fad70, 0x0000018fa75fca50, 0x0000018fa75fd3f0,
0x0000018fa75f9f00, 0x0000018fa75fd8c0, 0x0000018fa75fcf20, 0x0000018fa75f6540,
0x0000018fa75f6a10, 0x0000018fa75f6ee0, 0x0000018fa75fa3d0, 0x0000018fa75f7d50,
0x0000018fa75f7880, 0x0000018fa75f8220, 0x0000018fa47ac9d0, 0x0000018fa47aeb80,
0x0000018fa47add10, 0x0000018fa47acea0, 0x0000018fa47ad370, 0x0000018fa7848140,
0x0000018fa7848ae0, 0x0000018fa7845ac0, 0x0000018fa78472d0, 0x0000018fa7843de0,
0x0000018fa7848610, 0x0000018fa7846930, 0x0000018fa78442b0, 0x0000018fa7848fb0,
0x0000018fa7846e00, 0x0000018fa7849480, 0x0000018fa7842f70, 0x0000018fa78477a0,
0x0000018fa7849950, 0x0000018fa7844780, 0x0000018fa7845f90, 0x0000018fa7844c50,
0x0000018fa78425d0, 0x0000018fa7843910, 0x0000018fa7846460, 0x0000018fa7849e20,
0x0000018fa7847c70, 0x0000018fa7843440, 0x0000018fa7842aa0, 0x0000018fa7845120,
0x0000018fa78455f0, 0x0000018fd60f8810, 0x0000018fd60f91b0
}

Java Threads: ( => current thread )
  0x0000018fa30cd500 JavaThread "Reference Handler" daemon [_thread_blocked, id=18672, stack(0x0000006e08a00000,0x0000006e08b00000)]
  0x0000018fa30ce280 JavaThread "Finalizer" daemon [_thread_blocked, id=18764, stack(0x0000006e08b00000,0x0000006e08c00000)]
  0x0000018fa30ea890 JavaThread "Signal Dispatcher" daemon [_thread_blocked, id=12868, stack(0x0000006e08c00000,0x0000006e08d00000)]
  0x0000018fa30eb610 JavaThread "Attach Listener" daemon [_thread_blocked, id=19436, stack(0x0000006e08d00000,0x0000006e08e00000)]
  0x0000018fa30eeff0 JavaThread "Service Thread" daemon [_thread_blocked, id=19172, stack(0x0000006e08e00000,0x0000006e08f00000)]
  0x0000018fa30ef8b0 JavaThread "Monitor Deflation Thread" daemon [_thread_blocked, id=19012, stack(0x0000006e08f00000,0x0000006e09000000)]
  0x0000018fa30f3720 JavaThread "C1 CompilerThread0" daemon [_thread_blocked, id=14816, stack(0x0000006e09000000,0x0000006e09100000)]
  0x0000018fa30f4020 JavaThread "Sweeper thread" daemon [_thread_blocked, id=16892, stack(0x0000006e09100000,0x0000006e09200000)]
  0x0000018fa3da0180 JavaThread "Notification Thread" daemon [_thread_blocked, id=14680, stack(0x0000006e09400000,0x0000006e09500000)]
  0x0000018fa3d8e6f0 JavaThread "Common-Cleaner" daemon [_thread_blocked, id=2356, stack(0x0000006e09600000,0x0000006e09700000)]
  0x0000018fa7350a20 JavaThread "Catalina-utility-1" [_thread_blocked, id=17532, stack(0x0000006e0a500000,0x0000006e0a600000)]
  0x0000018fa741f980 JavaThread "Catalina-utility-2" [_thread_blocked, id=8496, stack(0x0000006e0a600000,0x0000006e0a700000)]
  0x0000018fa7453440 JavaThread "container-0" [_thread_blocked, id=2696, stack(0x0000006e0a700000,0x0000006e0a800000)]
  0x0000018fa74c3040 JavaThread "JavaCPP Deallocator" daemon [_thread_blocked, id=18344, stack(0x0000006e0a800000,0x0000006e0a900000)]
  0x0000018fa3fe3e80 JavaThread "MessageBroker-1" [_thread_blocked, id=6836, stack(0x0000006e09200000,0x0000006e09300000)]
  0x0000018fa7ac2df0 JavaThread "File Watcher" daemon [_thread_blocked, id=7832, stack(0x0000006e09a00000,0x0000006e09b00000)]
  0x0000018fa47ad840 JavaThread "Live Reload Server" daemon [_thread_in_native, id=15888, stack(0x0000006e0c000000,0x0000006e0c100000)]
  0x0000018fa47ab1c0 JavaThread "spring.cloud.inetutils" daemon [_thread_blocked, id=324, stack(0x0000006e0bf00000,0x0000006e0c000000)]
  0x0000018fa47ae1e0 JavaThread "http-nio-8081-Poller" daemon [_thread_in_native, id=19088, stack(0x0000006e0c100000,0x0000006e0c200000)]
  0x0000018fa47ac030 JavaThread "http-nio-8081-Acceptor" daemon [_thread_in_native, id=10220, stack(0x0000006e0c200000,0x0000006e0c300000)]
  0x0000018fa47ac500 JavaThread "http-nio-8081-exec-1" daemon [_thread_blocked, id=15708, stack(0x0000006e0c300000,0x0000006e0c400000)]
  0x0000018fa47abb60 JavaThread "DestroyJavaVM" [_thread_blocked, id=10340, stack(0x0000006e08300000,0x0000006e08400000)]
  0x0000018fa47ab690 JavaThread "WebSocket background processing" daemon [_thread_blocked, id=13024, stack(0x0000006e09d00000,0x0000006e09e00000)]
  0x0000018fa47ae6b0 JavaThread "http-nio-8081-exec-2" daemon [_thread_blocked, id=5816, stack(0x0000006e0c700000,0x0000006e0c800000)]
  0x0000018fa75fa8a0 JavaThread "http-nio-8081-exec-3" daemon [_thread_blocked, id=3912, stack(0x0000006e08000000,0x0000006e08100000)]
  0x0000018fa75f8bc0 JavaThread "http-nio-8081-exec-4" daemon [_thread_blocked, id=4164, stack(0x0000006e08200000,0x0000006e08300000)]
  0x0000018fa75f6070 JavaThread "http-nio-8081-exec-5" daemon [_thread_blocked, id=18028, stack(0x0000006e0ec00000,0x0000006e0ed00000)]
  0x0000018fa75f86f0 JavaThread "http-nio-8081-exec-6" daemon [_thread_blocked, id=13804, stack(0x0000006e0f000000,0x0000006e0f100000)]
  0x0000018fa75f9560 JavaThread "http-nio-8081-exec-7" daemon [_thread_blocked, id=3228, stack(0x0000006e0f400000,0x0000006e0f500000)]
  0x0000018fa75fb240 JavaThread "MessageBroker-2" [_thread_blocked, id=8556, stack(0x0000006e0f700000,0x0000006e0f800000)]
  0x0000018fa75f9090 JavaThread "http-nio-8081-exec-8" daemon [_thread_blocked, id=12124, stack(0x0000006e08100000,0x0000006e08200000)]
  0x0000018fa75f73b0 JavaThread "clientInboundChannel-25" [_thread_blocked, id=4456, stack(0x0000006e09e00000,0x0000006e09f00000)]
  0x0000018fa75fb710 JavaThread "clientInboundChannel-26" [_thread_blocked, id=11404, stack(0x0000006e0c400000,0x0000006e0c500000)]
  0x0000018fa75fc0b0 JavaThread "clientInboundChannel-27" [_thread_blocked, id=12484, stack(0x0000006e0c500000,0x0000006e0c600000)]
  0x0000018fa75f9a30 JavaThread "clientOutboundChannel-25" [_thread_blocked, id=8112, stack(0x0000006e0c600000,0x0000006e0c700000)]
  0x0000018fa75fc580 JavaThread "http-nio-8081-exec-9" daemon [_thread_blocked, id=18016, stack(0x0000006e0c800000,0x0000006e0c900000)]
  0x0000018fa75fbbe0 JavaThread "clientInboundChannel-28" [_thread_blocked, id=18536, stack(0x0000006e0c900000,0x0000006e0ca00000)]
  0x0000018fa75fad70 JavaThread "clientInboundChannel-29" [_thread_blocked, id=17788, stack(0x0000006e0ca00000,0x0000006e0cb00000)]
  0x0000018fa75fca50 JavaThread "clientInboundChannel-30" [_thread_blocked, id=16532, stack(0x0000006e0cb00000,0x0000006e0cc00000)]
  0x0000018fa75fd3f0 JavaThread "clientOutboundChannel-26" [_thread_blocked, id=12348, stack(0x0000006e0cc00000,0x0000006e0cd00000)]
  0x0000018fa75f9f00 JavaThread "clientOutboundChannel-27" [_thread_blocked, id=19288, stack(0x0000006e0cd00000,0x0000006e0ce00000)]
  0x0000018fa75fd8c0 JavaThread "clientOutboundChannel-28" [_thread_blocked, id=19216, stack(0x0000006e0ce00000,0x0000006e0cf00000)]
  0x0000018fa75fcf20 JavaThread "http-nio-8081-exec-10" daemon [_thread_blocked, id=18588, stack(0x0000006e0cf00000,0x0000006e0d000000)]
  0x0000018fa75f6540 JavaThread "clientInboundChannel-31" [_thread_blocked, id=13104, stack(0x0000006e0d000000,0x0000006e0d100000)]
  0x0000018fa75f6a10 JavaThread "clientInboundChannel-32" [_thread_blocked, id=17516, stack(0x0000006e0d100000,0x0000006e0d200000)]
  0x0000018fa75f6ee0 JavaThread "clientInboundChannel-33" [_thread_blocked, id=16900, stack(0x0000006e0d200000,0x0000006e0d300000)]
  0x0000018fa75fa3d0 JavaThread "clientOutboundChannel-29" [_thread_blocked, id=16148, stack(0x0000006e0d300000,0x0000006e0d400000)]
  0x0000018fa75f7d50 JavaThread "clientOutboundChannel-30" [_thread_blocked, id=13204, stack(0x0000006e0d400000,0x0000006e0d500000)]
  0x0000018fa75f7880 JavaThread "clientOutboundChannel-31" [_thread_blocked, id=10708, stack(0x0000006e0d500000,0x0000006e0d600000)]
  0x0000018fa75f8220 JavaThread "clientInboundChannel-34" [_thread_blocked, id=9732, stack(0x0000006e0d600000,0x0000006e0d700000)]
  0x0000018fa47ac9d0 JavaThread "clientInboundChannel-35" [_thread_blocked, id=14548, stack(0x0000006e0d700000,0x0000006e0d800000)]
  0x0000018fa47aeb80 JavaThread "clientInboundChannel-36" [_thread_blocked, id=8728, stack(0x0000006e0d800000,0x0000006e0d900000)]
  0x0000018fa47add10 JavaThread "clientOutboundChannel-32" [_thread_blocked, id=15716, stack(0x0000006e0d900000,0x0000006e0da00000)]
  0x0000018fa47acea0 JavaThread "clientOutboundChannel-33" [_thread_blocked, id=17020, stack(0x0000006e0da00000,0x0000006e0db00000)]
  0x0000018fa47ad370 JavaThread "clientOutboundChannel-34" [_thread_blocked, id=18952, stack(0x0000006e0db00000,0x0000006e0dc00000)]
  0x0000018fa7848140 JavaThread "clientInboundChannel-37" [_thread_blocked, id=10436, stack(0x0000006e0dc00000,0x0000006e0dd00000)]
  0x0000018fa7848ae0 JavaThread "clientInboundChannel-38" [_thread_blocked, id=7160, stack(0x0000006e0dd00000,0x0000006e0de00000)]
  0x0000018fa7845ac0 JavaThread "clientInboundChannel-39" [_thread_blocked, id=11908, stack(0x0000006e0de00000,0x0000006e0df00000)]
  0x0000018fa78472d0 JavaThread "clientOutboundChannel-35" [_thread_blocked, id=9488, stack(0x0000006e0e000000,0x0000006e0e100000)]
  0x0000018fa7843de0 JavaThread "clientOutboundChannel-36" [_thread_blocked, id=15936, stack(0x0000006e0e100000,0x0000006e0e200000)]
  0x0000018fa7848610 JavaThread "clientOutboundChannel-37" [_thread_blocked, id=856, stack(0x0000006e0e200000,0x0000006e0e300000)]
  0x0000018fa7846930 JavaThread "clientInboundChannel-40" [_thread_blocked, id=18976, stack(0x0000006e0e300000,0x0000006e0e400000)]
  0x0000018fa78442b0 JavaThread "clientInboundChannel-41" [_thread_blocked, id=17960, stack(0x0000006e0e400000,0x0000006e0e500000)]
=>0x0000018fa7848fb0 JavaThread "clientInboundChannel-42" [_thread_in_native, id=4780, stack(0x0000006e0e500000,0x0000006e0e600000)]
  0x0000018fa7846e00 JavaThread "clientOutboundChannel-38" [_thread_blocked, id=13520, stack(0x0000006e0e600000,0x0000006e0e700000)]
  0x0000018fa7849480 JavaThread "clientOutboundChannel-39" [_thread_blocked, id=11476, stack(0x0000006e0ea00000,0x0000006e0eb00000)]
  0x0000018fa7842f70 JavaThread "clientOutboundChannel-40" [_thread_blocked, id=12468, stack(0x0000006e0eb00000,0x0000006e0ec00000)]
  0x0000018fa78477a0 JavaThread "clientInboundChannel-43" [_thread_blocked, id=12344, stack(0x0000006e0ed00000,0x0000006e0ee00000)]
  0x0000018fa7849950 JavaThread "clientInboundChannel-44" [_thread_blocked, id=10920, stack(0x0000006e0ee00000,0x0000006e0ef00000)]
  0x0000018fa7844780 JavaThread "clientInboundChannel-45" [_thread_blocked, id=8156, stack(0x0000006e0ef00000,0x0000006e0f000000)]
  0x0000018fa7845f90 JavaThread "clientOutboundChannel-41" [_thread_blocked, id=17812, stack(0x0000006e0f100000,0x0000006e0f200000)]
  0x0000018fa7844c50 JavaThread "clientOutboundChannel-42" [_thread_blocked, id=6636, stack(0x0000006e0f200000,0x0000006e0f300000)]
  0x0000018fa78425d0 JavaThread "clientOutboundChannel-43" [_thread_blocked, id=9328, stack(0x0000006e0f300000,0x0000006e0f400000)]
  0x0000018fa7843910 JavaThread "clientInboundChannel-46" [_thread_blocked, id=16904, stack(0x0000006e0f500000,0x0000006e0f600000)]
  0x0000018fa7846460 JavaThread "clientInboundChannel-47" [_thread_blocked, id=15944, stack(0x0000006e0f600000,0x0000006e0f700000)]
  0x0000018fa7849e20 JavaThread "clientInboundChannel-48" [_thread_blocked, id=1184, stack(0x0000006e0f800000,0x0000006e0f900000)]
  0x0000018fa7847c70 JavaThread "clientOutboundChannel-44" [_thread_blocked, id=16412, stack(0x0000006e0f900000,0x0000006e0fa00000)]
  0x0000018fa7843440 JavaThread "clientOutboundChannel-45" [_thread_blocked, id=6616, stack(0x0000006e0fa00000,0x0000006e0fb00000)]
  0x0000018fa7842aa0 JavaThread "clientOutboundChannel-46" [_thread_blocked, id=19404, stack(0x0000006e0fb00000,0x0000006e0fc00000)]
  0x0000018fa7845120 JavaThread "clientOutboundChannel-47" [_thread_blocked, id=4156, stack(0x0000006e0fc00000,0x0000006e0fd00000)]
  0x0000018fa78455f0 JavaThread "clientOutboundChannel-48" [_thread_blocked, id=3744, stack(0x0000006e0fd00000,0x0000006e0fe00000)]
  0x0000018fd60f8810 JavaThread "DeallocatorServiceThread_0" daemon [_thread_blocked, id=11360, stack(0x0000006e0fe00000,0x0000006e0ff00000)]
  0x0000018fd60f91b0 JavaThread "DeallocatorServiceThread_1" daemon [_thread_blocked, id=7608, stack(0x0000006e0ff00000,0x0000006e10000000)]

Other Threads:
  0x0000018fa30c25d0 VMThread "VM Thread" [stack: 0x0000006e08900000,0x0000006e08a00000] [id=12092]
  0x0000018fa3d8e2c0 WatcherThread [stack: 0x0000006e09500000,0x0000006e09600000] [id=17668]
  0x0000018f8c8f62d0 GCTaskThread "GC Thread#0" [stack: 0x0000006e08400000,0x0000006e08500000] [id=1824]
  0x0000018fa4906b70 GCTaskThread "GC Thread#1" [stack: 0x0000006e09700000,0x0000006e09800000] [id=15672]
  0x0000018fa4906e20 GCTaskThread "GC Thread#2" [stack: 0x0000006e09800000,0x0000006e09900000] [id=14064]
  0x0000018fa49070d0 GCTaskThread "GC Thread#3" [stack: 0x0000006e09900000,0x0000006e09a00000] [id=3840]
  0x0000018fa4a25b10 GCTaskThread "GC Thread#4" [stack: 0x0000006e09b00000,0x0000006e09c00000] [id=13396]
  0x0000018fa4a36c40 GCTaskThread "GC Thread#5" [stack: 0x0000006e09c00000,0x0000006e09d00000] [id=13736]
  0x0000018fa4d11c50 GCTaskThread "GC Thread#6" [stack: 0x0000006e0a000000,0x0000006e0a100000] [id=18172]
  0x0000018fa4d48440 GCTaskThread "GC Thread#7" [stack: 0x0000006e0a100000,0x0000006e0a200000] [id=12120]
  0x0000018fa4d62a40 GCTaskThread "GC Thread#8" [stack: 0x0000006e0a200000,0x0000006e0a300000] [id=15268]
  0x0000018fa5254cd0 GCTaskThread "GC Thread#9" [stack: 0x0000006e09f00000,0x0000006e0a000000] [id=5420]
  0x0000018f8c902eb0 ConcurrentGCThread "G1 Main Marker" [stack: 0x0000006e08500000,0x0000006e08600000] [id=17748]
  0x0000018f8c903f70 ConcurrentGCThread "G1 Conc#0" [stack: 0x0000006e08600000,0x0000006e08700000] [id=17948]
  0x0000018fa5251e80 ConcurrentGCThread "G1 Conc#1" [stack: 0x0000006e0a300000,0x0000006e0a400000] [id=15552]
  0x0000018fa5252130 ConcurrentGCThread "G1 Conc#2" [stack: 0x0000006e0a400000,0x0000006e0a500000] [id=9352]
  0x0000018f8c95bb40 ConcurrentGCThread "G1 Refine#0" [stack: 0x0000006e08700000,0x0000006e08800000] [id=15164]
  0x0000018fa2f92a10 ConcurrentGCThread "G1 Service" [stack: 0x0000006e08800000,0x0000006e08900000] [id=15528]

Threads with active compile tasks:

VM state: not at safepoint (normal execution)

VM Mutex/Monitor currently owned by a thread: None

Heap address: 0x0000000742600000, size: 3034 MB, Compressed Oops mode: Zero based, Oop shift amount: 3

CDS archive(s) mapped at: [0x0000000800000000-0x0000000800bc0000-0x0000000800bc0000), size 12320768, SharedBaseAddress: 0x0000000800000000, ArchiveRelocationMode: 0.
Compressed class space mapped at: 0x0000000800c00000-0x0000000840c00000, reserved size: 1073741824
Narrow klass base: 0x0000000800000000, Narrow klass shift: 0, Narrow klass range: 0x100000000

GC Precious Log:
 CPUs: 12 total, 12 available
 Memory: 12131M
 Large Page Support: Disabled
 NUMA Support: Disabled
 Compressed Oops: Enabled (Zero based)
 Heap Region Size: 2M
 Heap Min Capacity: 8M
 Heap Initial Capacity: 190M
 Heap Max Capacity: 3034M
 Pre-touch: Disabled
 Parallel Workers: 10
 Concurrent Workers: 3
 Concurrent Refinement Workers: 10
 Periodic GC: Disabled

Heap:
 garbage-first heap   total 331776K, used 114005K [0x0000000742600000, 0x0000000800000000)
  region size 2048K, 29 young (59392K), 7 survivors (14336K)
 Metaspace       used 52348K, committed 52800K, reserved 1097728K
  class space    used 6627K, committed 6848K, reserved 1048576K

Heap Regions: E=young(eden), S=young(survivor), O=old, HS=humongous(starts), HC=humongous(continues), CS=collection set, F=free, OA=open archive, CA=closed archive, TAMS=top-at-mark-start (previous, next)
|   0|0x0000000742600000, 0x0000000742800000, 0x0000000742800000|100%|HS|  |TAMS 0x0000000742800000, 0x0000000742600000| Complete 
|   1|0x0000000742800000, 0x0000000742a00000, 0x0000000742a00000|100%| O|  |TAMS 0x0000000742a00000, 0x0000000742800000| Untracked 
|   2|0x0000000742a00000, 0x0000000742c00000, 0x0000000742c00000|100%| O|  |TAMS 0x0000000742c00000, 0x0000000742a00000| Untracked 
|   3|0x0000000742c00000, 0x0000000742e00000, 0x0000000742e00000|100%| O|  |TAMS 0x0000000742e00000, 0x0000000742c00000| Untracked 
|   4|0x0000000742e00000, 0x0000000743000000, 0x0000000743000000|100%| O|  |TAMS 0x0000000743000000, 0x0000000742e00000| Untracked 
|   5|0x0000000743000000, 0x0000000743200000, 0x0000000743200000|100%| O|  |TAMS 0x0000000743000000, 0x0000000743000000| Untracked 
|   6|0x0000000743200000, 0x0000000743400000, 0x0000000743400000|100%| O|  |TAMS 0x0000000743400000, 0x0000000743200000| Untracked 
|   7|0x0000000743400000, 0x0000000743600000, 0x0000000743600000|100%| O|  |TAMS 0x0000000743400000, 0x0000000743400000| Untracked 
|   8|0x0000000743600000, 0x0000000743800000, 0x0000000743800000|100%| O|  |TAMS 0x0000000743600000, 0x0000000743600000| Untracked 
|   9|0x0000000743800000, 0x0000000743a00000, 0x0000000743a00000|100%| O|  |TAMS 0x0000000743800000, 0x0000000743800000| Untracked 
|  10|0x0000000743a00000, 0x0000000743c00000, 0x0000000743c00000|100%|HS|  |TAMS 0x0000000743a00000, 0x0000000743a00000| Complete 
|  11|0x0000000743c00000, 0x0000000743e00000, 0x0000000743e00000|100%| O|  |TAMS 0x0000000743c00000, 0x0000000743c00000| Untracked 
|  12|0x0000000743e00000, 0x0000000744000000, 0x0000000744000000|100%| O|  |TAMS 0x0000000744000000, 0x0000000743e00000| Untracked 
|  13|0x0000000744000000, 0x0000000744200000, 0x0000000744200000|100%| O|  |TAMS 0x0000000744200000, 0x0000000744000000| Untracked 
|  14|0x0000000744200000, 0x0000000744400000, 0x0000000744400000|100%| O|  |TAMS 0x0000000744400000, 0x0000000744200000| Untracked 
|  15|0x0000000744400000, 0x0000000744600000, 0x0000000744600000|100%| O|  |TAMS 0x0000000744600000, 0x0000000744400000| Untracked 
|  16|0x0000000744600000, 0x0000000744800000, 0x0000000744800000|100%| O|  |TAMS 0x0000000744800000, 0x0000000744600000| Untracked 
|  17|0x0000000744800000, 0x0000000744a00000, 0x0000000744a00000|100%|HS|  |TAMS 0x0000000744800000, 0x0000000744800000| Complete 
|  18|0x0000000744a00000, 0x0000000744c00000, 0x0000000744c00000|100%|HC|  |TAMS 0x0000000744a00000, 0x0000000744a00000| Complete 
|  19|0x0000000744c00000, 0x0000000744e00000, 0x0000000744e00000|100%| O|  |TAMS 0x0000000744c00000, 0x0000000744c00000| Untracked 
|  20|0x0000000744e00000, 0x0000000745000000, 0x0000000745000000|100%| O|  |TAMS 0x0000000744e00000, 0x0000000744e00000| Untracked 
|  21|0x0000000745000000, 0x0000000745200000, 0x0000000745200000|100%| O|  |TAMS 0x0000000745000000, 0x0000000745000000| Untracked 
|  22|0x0000000745200000, 0x0000000745400000, 0x0000000745400000|100%| O|  |TAMS 0x0000000745200000, 0x0000000745200000| Untracked 
|  23|0x0000000745400000, 0x0000000745600000, 0x0000000745600000|100%| O|  |TAMS 0x0000000745400000, 0x0000000745400000| Untracked 
|  24|0x0000000745600000, 0x0000000745800000, 0x0000000745800000|100%| O|  |TAMS 0x0000000745600000, 0x0000000745600000| Untracked 
|  25|0x0000000745800000, 0x0000000745a00000, 0x0000000745a00000|100%| O|  |TAMS 0x0000000745800000, 0x0000000745800000| Untracked 
|  26|0x0000000745a00000, 0x0000000745c00000, 0x0000000745c00000|100%| O|  |TAMS 0x0000000745a00000, 0x0000000745a00000| Untracked 
|  27|0x0000000745c00000, 0x0000000745e00000, 0x0000000745e00000|100%| O|  |TAMS 0x0000000745c00000, 0x0000000745c00000| Untracked 
|  28|0x0000000745e00000, 0x0000000745e1c000, 0x0000000746000000|  5%| O|  |TAMS 0x0000000745e00000, 0x0000000745e00000| Untracked 
|  29|0x0000000746000000, 0x0000000746000000, 0x0000000746200000|  0%| F|  |TAMS 0x0000000746000000, 0x0000000746000000| Untracked 
|  30|0x0000000746200000, 0x0000000746200000, 0x0000000746400000|  0%| F|  |TAMS 0x0000000746200000, 0x0000000746200000| Untracked 
|  31|0x0000000746400000, 0x0000000746400000, 0x0000000746600000|  0%| F|  |TAMS 0x0000000746400000, 0x0000000746400000| Untracked 
|  32|0x0000000746600000, 0x0000000746600000, 0x0000000746800000|  0%| F|  |TAMS 0x0000000746600000, 0x0000000746600000| Untracked 
|  33|0x0000000746800000, 0x0000000746800000, 0x0000000746a00000|  0%| F|  |TAMS 0x0000000746800000, 0x0000000746800000| Untracked 
|  34|0x0000000746a00000, 0x0000000746a00000, 0x0000000746c00000|  0%| F|  |TAMS 0x0000000746a00000, 0x0000000746a00000| Untracked 
|  35|0x0000000746c00000, 0x0000000746c00000, 0x0000000746e00000|  0%| F|  |TAMS 0x0000000746c00000, 0x0000000746c00000| Untracked 
|  36|0x0000000746e00000, 0x0000000746e00000, 0x0000000747000000|  0%| F|  |TAMS 0x0000000746e00000, 0x0000000746e00000| Untracked 
|  37|0x0000000747000000, 0x0000000747000000, 0x0000000747200000|  0%| F|  |TAMS 0x0000000747000000, 0x0000000747000000| Untracked 
|  38|0x0000000747200000, 0x0000000747200000, 0x0000000747400000|  0%| F|  |TAMS 0x0000000747200000, 0x0000000747200000| Untracked 
|  39|0x0000000747400000, 0x0000000747400000, 0x0000000747600000|  0%| F|  |TAMS 0x0000000747400000, 0x0000000747400000| Untracked 
|  40|0x0000000747600000, 0x0000000747600000, 0x0000000747800000|  0%| F|  |TAMS 0x0000000747600000, 0x0000000747600000| Untracked 
|  41|0x0000000747800000, 0x0000000747800000, 0x0000000747a00000|  0%| F|  |TAMS 0x0000000747800000, 0x0000000747800000| Untracked 
|  42|0x0000000747a00000, 0x0000000747a00000, 0x0000000747c00000|  0%| F|  |TAMS 0x0000000747a00000, 0x0000000747a00000| Untracked 
|  43|0x0000000747c00000, 0x0000000747c00000, 0x0000000747e00000|  0%| F|  |TAMS 0x0000000747c00000, 0x0000000747c00000| Untracked 
|  44|0x0000000747e00000, 0x0000000747e00000, 0x0000000748000000|  0%| F|  |TAMS 0x0000000747e00000, 0x0000000747e00000| Untracked 
|  45|0x0000000748000000, 0x0000000748000000, 0x0000000748200000|  0%| F|  |TAMS 0x0000000748000000, 0x0000000748000000| Untracked 
|  46|0x0000000748200000, 0x0000000748200000, 0x0000000748400000|  0%| F|  |TAMS 0x0000000748200000, 0x0000000748200000| Untracked 
|  47|0x0000000748400000, 0x0000000748400000, 0x0000000748600000|  0%| F|  |TAMS 0x0000000748400000, 0x0000000748400000| Untracked 
|  48|0x0000000748600000, 0x0000000748600000, 0x0000000748800000|  0%| F|  |TAMS 0x0000000748600000, 0x0000000748600000| Untracked 
|  49|0x0000000748800000, 0x0000000748800000, 0x0000000748a00000|  0%| F|  |TAMS 0x0000000748800000, 0x0000000748800000| Untracked 
|  50|0x0000000748a00000, 0x0000000748a00000, 0x0000000748c00000|  0%| F|  |TAMS 0x0000000748a00000, 0x0000000748a00000| Untracked 
|  51|0x0000000748c00000, 0x0000000748c00000, 0x0000000748e00000|  0%| F|  |TAMS 0x0000000748c00000, 0x0000000748c00000| Untracked 
|  52|0x0000000748e00000, 0x0000000748e00000, 0x0000000749000000|  0%| F|  |TAMS 0x0000000748e00000, 0x0000000748e00000| Untracked 
|  53|0x0000000749000000, 0x0000000749000000, 0x0000000749200000|  0%| F|  |TAMS 0x0000000749000000, 0x0000000749000000| Untracked 
|  54|0x0000000749200000, 0x0000000749200000, 0x0000000749400000|  0%| F|  |TAMS 0x0000000749200000, 0x0000000749200000| Untracked 
|  55|0x0000000749400000, 0x0000000749400000, 0x0000000749600000|  0%| F|  |TAMS 0x0000000749400000, 0x0000000749400000| Untracked 
|  56|0x0000000749600000, 0x0000000749600000, 0x0000000749800000|  0%| F|  |TAMS 0x0000000749600000, 0x0000000749600000| Untracked 
|  57|0x0000000749800000, 0x0000000749800000, 0x0000000749a00000|  0%| F|  |TAMS 0x0000000749800000, 0x0000000749800000| Untracked 
|  58|0x0000000749a00000, 0x0000000749b39470, 0x0000000749c00000| 61%| S|CS|TAMS 0x0000000749a00000, 0x0000000749a00000| Complete 
|  59|0x0000000749c00000, 0x0000000749e00000, 0x0000000749e00000|100%| S|CS|TAMS 0x0000000749c00000, 0x0000000749c00000| Complete 
|  60|0x0000000749e00000, 0x000000074a000000, 0x000000074a000000|100%| S|CS|TAMS 0x0000000749e00000, 0x0000000749e00000| Complete 
|  61|0x000000074a000000, 0x000000074a200000, 0x000000074a200000|100%| S|CS|TAMS 0x000000074a000000, 0x000000074a000000| Complete 
|  62|0x000000074a200000, 0x000000074a400000, 0x000000074a400000|100%| S|CS|TAMS 0x000000074a200000, 0x000000074a200000| Complete 
|  63|0x000000074a400000, 0x000000074a600000, 0x000000074a600000|100%| S|CS|TAMS 0x000000074a400000, 0x000000074a400000| Complete 
|  64|0x000000074a600000, 0x000000074a800000, 0x000000074a800000|100%| S|CS|TAMS 0x000000074a600000, 0x000000074a600000| Complete 
|  65|0x000000074a800000, 0x000000074a800000, 0x000000074aa00000|  0%| F|  |TAMS 0x000000074a800000, 0x000000074a800000| Untracked 
|  66|0x000000074aa00000, 0x000000074aa00000, 0x000000074ac00000|  0%| F|  |TAMS 0x000000074aa00000, 0x000000074aa00000| Untracked 
|  67|0x000000074ac00000, 0x000000074ac00000, 0x000000074ae00000|  0%| F|  |TAMS 0x000000074ac00000, 0x000000074ac00000| Untracked 
|  68|0x000000074ae00000, 0x000000074ae00000, 0x000000074b000000|  0%| F|  |TAMS 0x000000074ae00000, 0x000000074ae00000| Untracked 
|  69|0x000000074b000000, 0x000000074b000000, 0x000000074b200000|  0%| F|  |TAMS 0x000000074b000000, 0x000000074b000000| Untracked 
|  70|0x000000074b200000, 0x000000074b200000, 0x000000074b400000|  0%| F|  |TAMS 0x000000074b200000, 0x000000074b200000| Untracked 
|  71|0x000000074b400000, 0x000000074b400000, 0x000000074b600000|  0%| F|  |TAMS 0x000000074b400000, 0x000000074b400000| Untracked 
|  72|0x000000074b600000, 0x000000074b600000, 0x000000074b800000|  0%| F|  |TAMS 0x000000074b600000, 0x000000074b600000| Untracked 
|  73|0x000000074b800000, 0x000000074b800000, 0x000000074ba00000|  0%| F|  |TAMS 0x000000074b800000, 0x000000074b800000| Untracked 
|  74|0x000000074ba00000, 0x000000074ba00000, 0x000000074bc00000|  0%| F|  |TAMS 0x000000074ba00000, 0x000000074ba00000| Untracked 
|  75|0x000000074bc00000, 0x000000074bc00000, 0x000000074be00000|  0%| F|  |TAMS 0x000000074bc00000, 0x000000074bc00000| Untracked 
|  76|0x000000074be00000, 0x000000074be00000, 0x000000074c000000|  0%| F|  |TAMS 0x000000074be00000, 0x000000074be00000| Untracked 
|  77|0x000000074c000000, 0x000000074c000000, 0x000000074c200000|  0%| F|  |TAMS 0x000000074c000000, 0x000000074c000000| Untracked 
|  78|0x000000074c200000, 0x000000074c200000, 0x000000074c400000|  0%| F|  |TAMS 0x000000074c200000, 0x000000074c200000| Untracked 
|  79|0x000000074c400000, 0x000000074c400000, 0x000000074c600000|  0%| F|  |TAMS 0x000000074c400000, 0x000000074c400000| Untracked 
|  80|0x000000074c600000, 0x000000074c600000, 0x000000074c800000|  0%| F|  |TAMS 0x000000074c600000, 0x000000074c600000| Untracked 
|  81|0x000000074c800000, 0x000000074c800000, 0x000000074ca00000|  0%| F|  |TAMS 0x000000074c800000, 0x000000074c800000| Untracked 
|  82|0x000000074ca00000, 0x000000074ca00000, 0x000000074cc00000|  0%| F|  |TAMS 0x000000074ca00000, 0x000000074ca00000| Untracked 
|  83|0x000000074cc00000, 0x000000074cc00000, 0x000000074ce00000|  0%| F|  |TAMS 0x000000074cc00000, 0x000000074cc00000| Untracked 
|  84|0x000000074ce00000, 0x000000074ce00000, 0x000000074d000000|  0%| F|  |TAMS 0x000000074ce00000, 0x000000074ce00000| Untracked 
|  85|0x000000074d000000, 0x000000074d000000, 0x000000074d200000|  0%| F|  |TAMS 0x000000074d000000, 0x000000074d000000| Untracked 
|  86|0x000000074d200000, 0x000000074d200000, 0x000000074d400000|  0%| F|  |TAMS 0x000000074d200000, 0x000000074d200000| Untracked 
|  87|0x000000074d400000, 0x000000074d400000, 0x000000074d600000|  0%| F|  |TAMS 0x000000074d400000, 0x000000074d400000| Untracked 
|  88|0x000000074d600000, 0x000000074d600000, 0x000000074d800000|  0%| F|  |TAMS 0x000000074d600000, 0x000000074d600000| Untracked 
|  89|0x000000074d800000, 0x000000074d800000, 0x000000074da00000|  0%| F|  |TAMS 0x000000074d800000, 0x000000074d800000| Untracked 
|  90|0x000000074da00000, 0x000000074da00000, 0x000000074dc00000|  0%| F|  |TAMS 0x000000074da00000, 0x000000074da00000| Untracked 
|  91|0x000000074dc00000, 0x000000074dc00000, 0x000000074de00000|  0%| F|  |TAMS 0x000000074dc00000, 0x000000074dc00000| Untracked 
|  92|0x000000074de00000, 0x000000074de00000, 0x000000074e000000|  0%| F|  |TAMS 0x000000074de00000, 0x000000074de00000| Untracked 
|  93|0x000000074e000000, 0x000000074e000000, 0x000000074e200000|  0%| F|  |TAMS 0x000000074e000000, 0x000000074e000000| Untracked 
|  94|0x000000074e200000, 0x000000074e200000, 0x000000074e400000|  0%| F|  |TAMS 0x000000074e200000, 0x000000074e200000| Untracked 
|  95|0x000000074e400000, 0x000000074e400000, 0x000000074e600000|  0%| F|  |TAMS 0x000000074e400000, 0x000000074e400000| Untracked 
|  96|0x000000074e600000, 0x000000074e600000, 0x000000074e800000|  0%| F|  |TAMS 0x000000074e600000, 0x000000074e600000| Untracked 
|  97|0x000000074e800000, 0x000000074e800000, 0x000000074ea00000|  0%| F|  |TAMS 0x000000074e800000, 0x000000074e800000| Untracked 
|  98|0x000000074ea00000, 0x000000074ea00000, 0x000000074ec00000|  0%| F|  |TAMS 0x000000074ea00000, 0x000000074ea00000| Untracked 
|  99|0x000000074ec00000, 0x000000074ec00000, 0x000000074ee00000|  0%| F|  |TAMS 0x000000074ec00000, 0x000000074ec00000| Untracked 
| 100|0x000000074ee00000, 0x000000074ee00000, 0x000000074f000000|  0%| F|  |TAMS 0x000000074ee00000, 0x000000074ee00000| Untracked 
| 101|0x000000074f000000, 0x000000074f000000, 0x000000074f200000|  0%| F|  |TAMS 0x000000074f000000, 0x000000074f000000| Untracked 
| 102|0x000000074f200000, 0x000000074f200000, 0x000000074f400000|  0%| F|  |TAMS 0x000000074f200000, 0x000000074f200000| Untracked 
| 103|0x000000074f400000, 0x000000074f400000, 0x000000074f600000|  0%| F|  |TAMS 0x000000074f400000, 0x000000074f400000| Untracked 
| 104|0x000000074f600000, 0x000000074f600000, 0x000000074f800000|  0%| F|  |TAMS 0x000000074f600000, 0x000000074f600000| Untracked 
| 105|0x000000074f800000, 0x000000074f800000, 0x000000074fa00000|  0%| F|  |TAMS 0x000000074f800000, 0x000000074f800000| Untracked 
| 106|0x000000074fa00000, 0x000000074fa00000, 0x000000074fc00000|  0%| F|  |TAMS 0x000000074fa00000, 0x000000074fa00000| Untracked 
| 107|0x000000074fc00000, 0x000000074fc00000, 0x000000074fe00000|  0%| F|  |TAMS 0x000000074fc00000, 0x000000074fc00000| Untracked 
| 108|0x000000074fe00000, 0x000000074fe00000, 0x0000000750000000|  0%| F|  |TAMS 0x000000074fe00000, 0x000000074fe00000| Untracked 
| 109|0x0000000750000000, 0x0000000750000000, 0x0000000750200000|  0%| F|  |TAMS 0x0000000750000000, 0x0000000750000000| Untracked 
| 110|0x0000000750200000, 0x0000000750200000, 0x0000000750400000|  0%| F|  |TAMS 0x0000000750200000, 0x0000000750200000| Untracked 
| 111|0x0000000750400000, 0x0000000750400000, 0x0000000750600000|  0%| F|  |TAMS 0x0000000750400000, 0x0000000750400000| Untracked 
| 112|0x0000000750600000, 0x0000000750600000, 0x0000000750800000|  0%| F|  |TAMS 0x0000000750600000, 0x0000000750600000| Untracked 
| 113|0x0000000750800000, 0x0000000750800000, 0x0000000750a00000|  0%| F|  |TAMS 0x0000000750800000, 0x0000000750800000| Untracked 
| 114|0x0000000750a00000, 0x0000000750a00000, 0x0000000750c00000|  0%| F|  |TAMS 0x0000000750a00000, 0x0000000750a00000| Untracked 
| 115|0x0000000750c00000, 0x0000000750c00000, 0x0000000750e00000|  0%| F|  |TAMS 0x0000000750c00000, 0x0000000750c00000| Untracked 
| 116|0x0000000750e00000, 0x0000000750e00000, 0x0000000751000000|  0%| F|  |TAMS 0x0000000750e00000, 0x0000000750e00000| Untracked 
| 117|0x0000000751000000, 0x0000000751000000, 0x0000000751200000|  0%| F|  |TAMS 0x0000000751000000, 0x0000000751000000| Untracked 
| 118|0x0000000751200000, 0x0000000751200000, 0x0000000751400000|  0%| F|  |TAMS 0x0000000751200000, 0x0000000751200000| Untracked 
| 119|0x0000000751400000, 0x0000000751400000, 0x0000000751600000|  0%| F|  |TAMS 0x0000000751400000, 0x0000000751400000| Untracked 
| 120|0x0000000751600000, 0x0000000751600000, 0x0000000751800000|  0%| F|  |TAMS 0x0000000751600000, 0x0000000751600000| Untracked 
| 121|0x0000000751800000, 0x0000000751800000, 0x0000000751a00000|  0%| F|  |TAMS 0x0000000751800000, 0x0000000751800000| Untracked 
| 122|0x0000000751a00000, 0x0000000751a00000, 0x0000000751c00000|  0%| F|  |TAMS 0x0000000751a00000, 0x0000000751a00000| Untracked 
| 123|0x0000000751c00000, 0x0000000751c00000, 0x0000000751e00000|  0%| F|  |TAMS 0x0000000751c00000, 0x0000000751c00000| Untracked 
| 124|0x0000000751e00000, 0x0000000751e00000, 0x0000000752000000|  0%| F|  |TAMS 0x0000000751e00000, 0x0000000751e00000| Untracked 
| 125|0x0000000752000000, 0x0000000752000000, 0x0000000752200000|  0%| F|  |TAMS 0x0000000752000000, 0x0000000752000000| Untracked 
| 126|0x0000000752200000, 0x0000000752200000, 0x0000000752400000|  0%| F|  |TAMS 0x0000000752200000, 0x0000000752200000| Untracked 
| 127|0x0000000752400000, 0x0000000752400000, 0x0000000752600000|  0%| F|  |TAMS 0x0000000752400000, 0x0000000752400000| Untracked 
| 128|0x0000000752600000, 0x0000000752600000, 0x0000000752800000|  0%| F|  |TAMS 0x0000000752600000, 0x0000000752600000| Untracked 
| 129|0x0000000752800000, 0x0000000752800000, 0x0000000752a00000|  0%| F|  |TAMS 0x0000000752800000, 0x0000000752800000| Untracked 
| 130|0x0000000752a00000, 0x0000000752a00000, 0x0000000752c00000|  0%| F|  |TAMS 0x0000000752a00000, 0x0000000752a00000| Untracked 
| 131|0x0000000752c00000, 0x0000000752c00000, 0x0000000752e00000|  0%| F|  |TAMS 0x0000000752c00000, 0x0000000752c00000| Untracked 
| 132|0x0000000752e00000, 0x0000000752e00000, 0x0000000753000000|  0%| F|  |TAMS 0x0000000752e00000, 0x0000000752e00000| Untracked 
| 133|0x0000000753000000, 0x0000000753000000, 0x0000000753200000|  0%| F|  |TAMS 0x0000000753000000, 0x0000000753000000| Untracked 
| 134|0x0000000753200000, 0x0000000753200000, 0x0000000753400000|  0%| F|  |TAMS 0x0000000753200000, 0x0000000753200000| Untracked 
| 135|0x0000000753400000, 0x0000000753400000, 0x0000000753600000|  0%| F|  |TAMS 0x0000000753400000, 0x0000000753400000| Untracked 
| 136|0x0000000753600000, 0x0000000753600000, 0x0000000753800000|  0%| F|  |TAMS 0x0000000753600000, 0x0000000753600000| Untracked 
| 137|0x0000000753800000, 0x0000000753800000, 0x0000000753a00000|  0%| F|  |TAMS 0x0000000753800000, 0x0000000753800000| Untracked 
| 138|0x0000000753a00000, 0x0000000753a00000, 0x0000000753c00000|  0%| F|  |TAMS 0x0000000753a00000, 0x0000000753a00000| Untracked 
| 139|0x0000000753c00000, 0x0000000753c00000, 0x0000000753e00000|  0%| F|  |TAMS 0x0000000753c00000, 0x0000000753c00000| Untracked 
| 140|0x0000000753e00000, 0x0000000753fc0400, 0x0000000754000000| 87%| E|  |TAMS 0x0000000753e00000, 0x0000000753e00000| Complete 
| 141|0x0000000754000000, 0x0000000754200000, 0x0000000754200000|100%| E|CS|TAMS 0x0000000754000000, 0x0000000754000000| Complete 
| 142|0x0000000754200000, 0x0000000754400000, 0x0000000754400000|100%| E|CS|TAMS 0x0000000754200000, 0x0000000754200000| Complete 
| 143|0x0000000754400000, 0x0000000754600000, 0x0000000754600000|100%| E|CS|TAMS 0x0000000754400000, 0x0000000754400000| Complete 
| 144|0x0000000754600000, 0x0000000754800000, 0x0000000754800000|100%| E|CS|TAMS 0x0000000754600000, 0x0000000754600000| Complete 
| 145|0x0000000754800000, 0x0000000754a00000, 0x0000000754a00000|100%| E|CS|TAMS 0x0000000754800000, 0x0000000754800000| Complete 
| 146|0x0000000754a00000, 0x0000000754c00000, 0x0000000754c00000|100%| E|CS|TAMS 0x0000000754a00000, 0x0000000754a00000| Complete 
| 147|0x0000000754c00000, 0x0000000754e00000, 0x0000000754e00000|100%| E|CS|TAMS 0x0000000754c00000, 0x0000000754c00000| Complete 
| 148|0x0000000754e00000, 0x0000000755000000, 0x0000000755000000|100%| E|CS|TAMS 0x0000000754e00000, 0x0000000754e00000| Complete 
| 149|0x0000000755000000, 0x0000000755200000, 0x0000000755200000|100%| E|CS|TAMS 0x0000000755000000, 0x0000000755000000| Complete 
| 150|0x0000000755200000, 0x0000000755400000, 0x0000000755400000|100%| E|CS|TAMS 0x0000000755200000, 0x0000000755200000| Complete 
| 151|0x0000000755400000, 0x0000000755600000, 0x0000000755600000|100%| E|CS|TAMS 0x0000000755400000, 0x0000000755400000| Complete 
| 152|0x0000000755600000, 0x0000000755800000, 0x0000000755800000|100%| E|CS|TAMS 0x0000000755600000, 0x0000000755600000| Complete 
| 153|0x0000000755800000, 0x0000000755a00000, 0x0000000755a00000|100%| E|CS|TAMS 0x0000000755800000, 0x0000000755800000| Complete 
| 154|0x0000000755a00000, 0x0000000755c00000, 0x0000000755c00000|100%| E|CS|TAMS 0x0000000755a00000, 0x0000000755a00000| Complete 
| 155|0x0000000755c00000, 0x0000000755e00000, 0x0000000755e00000|100%| E|CS|TAMS 0x0000000755c00000, 0x0000000755c00000| Complete 
| 156|0x0000000755e00000, 0x0000000756000000, 0x0000000756000000|100%| E|CS|TAMS 0x0000000755e00000, 0x0000000755e00000| Complete 
| 157|0x0000000756000000, 0x0000000756200000, 0x0000000756200000|100%| E|CS|TAMS 0x0000000756000000, 0x0000000756000000| Complete 
| 158|0x0000000756200000, 0x0000000756400000, 0x0000000756400000|100%| E|CS|TAMS 0x0000000756200000, 0x0000000756200000| Complete 
| 159|0x0000000756400000, 0x0000000756600000, 0x0000000756600000|100%| E|CS|TAMS 0x0000000756400000, 0x0000000756400000| Complete 
| 160|0x0000000756600000, 0x0000000756800000, 0x0000000756800000|100%| E|CS|TAMS 0x0000000756600000, 0x0000000756600000| Complete 
| 161|0x0000000756800000, 0x0000000756a00000, 0x0000000756a00000|100%| E|CS|TAMS 0x0000000756800000, 0x0000000756800000| Complete 

Card table byte_map: [0x0000018f99960000,0x0000018f99f50000] _byte_map_base: 0x0000018f95f4d000

Marking Bits (Prev, Next): (CMBitMap*) 0x0000018f8c8f67f0, (CMBitMap*) 0x0000018f8c8f6830
 Prev Bits: [0x0000018f9a540000, 0x0000018f9d4a8000)
 Next Bits: [0x0000018f9d4b0000, 0x0000018fa0418000)

Polling page: 0x0000018f95850000

Metaspace:

Usage:
  Non-class:     44.65 MB used.
      Class:      6.47 MB used.
       Both:     51.12 MB used.

Virtual space:
  Non-class space:       48.00 MB reserved,      44.88 MB ( 93%) committed,  6 nodes.
      Class space:        1.00 GB reserved,       6.69 MB ( <1%) committed,  1 nodes.
             Both:        1.05 GB reserved,      51.56 MB (  5%) committed. 

Chunk freelists:
   Non-Class:  2.45 MB
       Class:  1.30 MB
        Both:  3.75 MB

MaxMetaspaceSize: unlimited
CompressedClassSpaceSize: 1.00 GB
Initial GC threshold: 21.00 MB
Current GC threshold: 58.69 MB
CDS: on
MetaspaceReclaimPolicy: balanced
 - commit_granule_bytes: 65536.
 - commit_granule_words: 8192.
 - virtual_space_node_default_size: 1048576.
 - enlarge_chunks_in_place: 1.
 - new_chunks_are_fully_committed: 0.
 - uncommit_free_chunks: 1.
 - use_allocation_guard: 0.
 - handle_deallocations: 1.


Internal statistics:

num_allocs_failed_limit: 6.
num_arena_births: 482.
num_arena_deaths: 0.
num_vsnodes_births: 7.
num_vsnodes_deaths: 0.
num_space_committed: 823.
num_space_uncommitted: 0.
num_chunks_returned_to_freelist: 6.
num_chunks_taken_from_freelist: 2337.
num_chunk_merges: 6.
num_chunk_splits: 1678.
num_chunks_enlarged: 1337.
num_purges: 0.
num_inconsistent_stats: 0.

CodeCache: size=49152Kb used=12048Kb max_used=13557Kb free=37103Kb
 bounds [0x0000018f95870000, 0x0000018f965b0000, 0x0000018f98870000]
 total_blobs=7283 nmethods=5898 adapters=1312
 compilation: enabled
              stopped_count=0, restarted_count=0
 full_count=0

Compilation events (20 events):
Event: 137.379 Thread 0x0000018fa30f3720 6038       1       com.fasterxml.jackson.core.json.UTF8JsonGenerator::_verifyValueWrite (143 bytes)
Event: 137.380 Thread 0x0000018fa30f3720 nmethod 6038 0x0000018f96435d90 code [0x0000018f96436020, 0x0000018f96436a38]
Event: 137.380 Thread 0x0000018fa30f3720 6036       1       com.fasterxml.jackson.databind.util.TypeKey::hashCode (5 bytes)
Event: 137.380 Thread 0x0000018fa30f3720 nmethod 6036 0x0000018f96435a90 code [0x0000018f96435c20, 0x0000018f96435cf8]
Event: 137.380 Thread 0x0000018fa30f3720 6040       1       java.lang.invoke.VarHandleReferences$Array::runtimeTypeCheck (26 bytes)
Event: 137.380 Thread 0x0000018fa30f3720 nmethod 6040 0x0000018f96435190 code [0x0000018f96435380, 0x0000018f964357b8]
Event: 137.407 Thread 0x0000018fa30f3720 6041       1       java.nio.DirectByteBuffer::isReadOnly (2 bytes)
Event: 137.407 Thread 0x0000018fa30f3720 nmethod 6041 0x0000018f96434e90 code [0x0000018f96435020, 0x0000018f964350f8]
Event: 137.417 Thread 0x0000018fa30f3720 6042       1       java.lang.Character$UnicodeBlock::<init> (17 bytes)
Event: 137.417 Thread 0x0000018fa30f3720 nmethod 6042 0x0000018f96434910 code [0x0000018f96434ac0, 0x0000018f96434d58]
Event: 137.417 Thread 0x0000018fa30f3720 6043       1       java.lang.Character$Subset::<init> (24 bytes)
Event: 137.417 Thread 0x0000018fa30f3720 nmethod 6043 0x0000018f96434510 code [0x0000018f964346c0, 0x0000018f96434888]
Event: 137.418 Thread 0x0000018fa30f3720 6045       1       java.text.NumberFormat::isGroupingUsed (5 bytes)
Event: 137.418 Thread 0x0000018fa30f3720 nmethod 6045 0x0000018f96433f10 code [0x0000018f964340a0, 0x0000018f96434178]
Event: 137.419 Thread 0x0000018fa30f3720 6046       1       java.lang.StringBuffer::<init> (7 bytes)
Event: 137.419 Thread 0x0000018fa30f3720 nmethod 6046 0x0000018f96433c10 code [0x0000018f96433da0, 0x0000018f96433e88]
Event: 137.419 Thread 0x0000018fa30f3720 6047       1       java.util.regex.Matcher::groupCount (10 bytes)
Event: 137.419 Thread 0x0000018fa30f3720 nmethod 6047 0x0000018f96433910 code [0x0000018f96433aa0, 0x0000018f96433b78]
Event: 137.534 Thread 0x0000018fa30f3720 6048       1       java.lang.reflect.Field::getFieldAccessor (35 bytes)
Event: 137.534 Thread 0x0000018fa30f3720 nmethod 6048 0x0000018f96433610 code [0x0000018f964337a0, 0x0000018f964338a8]

GC Heap History (20 events):
Event: 132.154 GC heap before
{Heap before GC invocations=41 (full 0):
 garbage-first heap   total 331776K, used 255287K [0x0000000742600000, 0x0000000800000000)
  region size 2048K, 97 young (198656K), 5 survivors (10240K)
 Metaspace       used 52143K, committed 52608K, reserved 1097728K
  class space    used 6617K, committed 6848K, reserved 1048576K
}
Event: 132.161 GC heap after
{Heap after GC invocations=42 (full 0):
 garbage-first heap   total 331776K, used 66732K [0x0000000742600000, 0x0000000800000000)
  region size 2048K, 5 young (10240K), 5 survivors (10240K)
 Metaspace       used 52143K, committed 52608K, reserved 1097728K
  class space    used 6617K, committed 6848K, reserved 1048576K
}
Event: 132.695 GC heap before
{Heap before GC invocations=42 (full 0):
 garbage-first heap   total 331776K, used 255148K [0x0000000742600000, 0x0000000800000000)
  region size 2048K, 97 young (198656K), 5 survivors (10240K)
 Metaspace       used 52143K, committed 52608K, reserved 1097728K
  class space    used 6617K, committed 6848K, reserved 1048576K
}
Event: 132.700 GC heap after
{Heap after GC invocations=43 (full 0):
 garbage-first heap   total 331776K, used 65199K [0x0000000742600000, 0x0000000800000000)
  region size 2048K, 4 young (8192K), 4 survivors (8192K)
 Metaspace       used 52143K, committed 52608K, reserved 1097728K
  class space    used 6617K, committed 6848K, reserved 1048576K
}
Event: 133.242 GC heap before
{Heap before GC invocations=43 (full 0):
 garbage-first heap   total 331776K, used 255663K [0x0000000742600000, 0x0000000800000000)
  region size 2048K, 97 young (198656K), 4 survivors (8192K)
 Metaspace       used 52143K, committed 52608K, reserved 1097728K
  class space    used 6617K, committed 6848K, reserved 1048576K
}
Event: 133.246 GC heap after
{Heap after GC invocations=44 (full 0):
 garbage-first heap   total 331776K, used 62039K [0x0000000742600000, 0x0000000800000000)
  region size 2048K, 3 young (6144K), 3 survivors (6144K)
 Metaspace       used 52143K, committed 52608K, reserved 1097728K
  class space    used 6617K, committed 6848K, reserved 1048576K
}
Event: 133.729 GC heap before
{Heap before GC invocations=44 (full 0):
 garbage-first heap   total 331776K, used 254551K [0x0000000742600000, 0x0000000800000000)
  region size 2048K, 97 young (198656K), 3 survivors (6144K)
 Metaspace       used 52143K, committed 52608K, reserved 1097728K
  class space    used 6617K, committed 6848K, reserved 1048576K
}
Event: 133.735 GC heap after
{Heap after GC invocations=45 (full 0):
 garbage-first heap   total 331776K, used 66115K [0x0000000742600000, 0x0000000800000000)
  region size 2048K, 5 young (10240K), 5 survivors (10240K)
 Metaspace       used 52143K, committed 52608K, reserved 1097728K
  class space    used 6617K, committed 6848K, reserved 1048576K
}
Event: 134.261 GC heap before
{Heap before GC invocations=45 (full 0):
 garbage-first heap   total 331776K, used 254531K [0x0000000742600000, 0x0000000800000000)
  region size 2048K, 97 young (198656K), 5 survivors (10240K)
 Metaspace       used 52143K, committed 52608K, reserved 1097728K
  class space    used 6617K, committed 6848K, reserved 1048576K
}
Event: 134.267 GC heap after
{Heap after GC invocations=46 (full 0):
 garbage-first heap   total 331776K, used 66522K [0x0000000742600000, 0x0000000800000000)
  region size 2048K, 5 young (10240K), 5 survivors (10240K)
 Metaspace       used 52143K, committed 52608K, reserved 1097728K
  class space    used 6617K, committed 6848K, reserved 1048576K
}
Event: 134.780 GC heap before
{Heap before GC invocations=46 (full 0):
 garbage-first heap   total 331776K, used 254938K [0x0000000742600000, 0x0000000800000000)
  region size 2048K, 97 young (198656K), 5 survivors (10240K)
 Metaspace       used 52143K, committed 52608K, reserved 1097728K
  class space    used 6617K, committed 6848K, reserved 1048576K
}
Event: 134.786 GC heap after
{Heap after GC invocations=47 (full 0):
 garbage-first heap   total 331776K, used 66777K [0x0000000742600000, 0x0000000800000000)
  region size 2048K, 5 young (10240K), 5 survivors (10240K)
 Metaspace       used 52143K, committed 52608K, reserved 1097728K
  class space    used 6617K, committed 6848K, reserved 1048576K
}
Event: 135.291 GC heap before
{Heap before GC invocations=47 (full 0):
 garbage-first heap   total 331776K, used 255193K [0x0000000742600000, 0x0000000800000000)
  region size 2048K, 97 young (198656K), 5 survivors (10240K)
 Metaspace       used 52143K, committed 52608K, reserved 1097728K
  class space    used 6617K, committed 6848K, reserved 1048576K
}
Event: 135.297 GC heap after
{Heap after GC invocations=48 (full 0):
 garbage-first heap   total 331776K, used 66983K [0x0000000742600000, 0x0000000800000000)
  region size 2048K, 5 young (10240K), 5 survivors (10240K)
 Metaspace       used 52143K, committed 52608K, reserved 1097728K
  class space    used 6617K, committed 6848K, reserved 1048576K
}
Event: 135.792 GC heap before
{Heap before GC invocations=48 (full 0):
 garbage-first heap   total 331776K, used 255399K [0x0000000742600000, 0x0000000800000000)
  region size 2048K, 97 young (198656K), 5 survivors (10240K)
 Metaspace       used 52143K, committed 52608K, reserved 1097728K
  class space    used 6617K, committed 6848K, reserved 1048576K
}
Event: 135.797 GC heap after
{Heap after GC invocations=49 (full 0):
 garbage-first heap   total 331776K, used 65280K [0x0000000742600000, 0x0000000800000000)
  region size 2048K, 4 young (8192K), 4 survivors (8192K)
 Metaspace       used 52143K, committed 52608K, reserved 1097728K
  class space    used 6617K, committed 6848K, reserved 1048576K
}
Event: 136.312 GC heap before
{Heap before GC invocations=49 (full 0):
 garbage-first heap   total 331776K, used 255744K [0x0000000742600000, 0x0000000800000000)
  region size 2048K, 97 young (198656K), 4 survivors (8192K)
 Metaspace       used 52143K, committed 52608K, reserved 1097728K
  class space    used 6617K, committed 6848K, reserved 1048576K
}
Event: 136.315 GC heap after
{Heap after GC invocations=50 (full 0):
 garbage-first heap   total 331776K, used 61692K [0x0000000742600000, 0x0000000800000000)
  region size 2048K, 3 young (6144K), 3 survivors (6144K)
 Metaspace       used 52143K, committed 52608K, reserved 1097728K
  class space    used 6617K, committed 6848K, reserved 1048576K
}
Event: 137.524 GC heap before
{Heap before GC invocations=50 (full 0):
 garbage-first heap   total 331776K, used 254204K [0x0000000742600000, 0x0000000800000000)
  region size 2048K, 97 young (198656K), 3 survivors (6144K)
 Metaspace       used 52348K, committed 52800K, reserved 1097728K
  class space    used 6627K, committed 6848K, reserved 1048576K
}
Event: 137.533 GC heap after
{Heap after GC invocations=51 (full 0):
 garbage-first heap   total 331776K, used 70997K [0x0000000742600000, 0x0000000800000000)
  region size 2048K, 7 young (14336K), 7 survivors (14336K)
 Metaspace       used 52348K, committed 52800K, reserved 1097728K
  class space    used 6627K, committed 6848K, reserved 1048576K
}

Deoptimization events (16 events):
Event: 0.488 Thread 0x0000018f8c8b1160 DEOPT PACKING pc=0x0000018f95c73401 sp=0x0000006e083fd5c0
Event: 0.488 Thread 0x0000018f8c8b1160 DEOPT UNPACKING pc=0x0000018f958c2b43 sp=0x0000006e083fca30 mode 3
Event: 1.203 Thread 0x0000018fa4a29360 DEOPT PACKING pc=0x0000018f95e09879 sp=0x0000006e09efc930
Event: 1.203 Thread 0x0000018fa4a29360 DEOPT UNPACKING pc=0x0000018f958c2b43 sp=0x0000006e09efbe10 mode 3
Event: 1.993 Thread 0x0000018fa4a29360 DEOPT PACKING pc=0x0000018f9602e681 sp=0x0000006e09efc330
Event: 1.993 Thread 0x0000018fa4a29360 DEOPT UNPACKING pc=0x0000018f958c2b43 sp=0x0000006e09efb7a0 mode 3
Event: 2.376 Thread 0x0000018fa4a29360 DEOPT PACKING pc=0x0000018f960dadbc sp=0x0000006e09efd220
Event: 2.376 Thread 0x0000018fa4a29360 DEOPT UNPACKING pc=0x0000018f958c2b43 sp=0x0000006e09efc6a0 mode 3
Event: 2.377 Thread 0x0000018fa4a29360 DEOPT PACKING pc=0x0000018f960e38e3 sp=0x0000006e09efcfb0
Event: 2.377 Thread 0x0000018fa4a29360 DEOPT UNPACKING pc=0x0000018f958c2b43 sp=0x0000006e09efc440 mode 3
Event: 3.201 Thread 0x0000018fa4a29360 DEOPT PACKING pc=0x0000018f9620e755 sp=0x0000006e09efa760
Event: 3.201 Thread 0x0000018fa4a29360 DEOPT UNPACKING pc=0x0000018f958c2b43 sp=0x0000006e09ef9c78 mode 3
Event: 18.693 Thread 0x0000018fa47ac500 DEOPT PACKING pc=0x0000018f96147fa5 sp=0x0000006e0c3fe770
Event: 18.693 Thread 0x0000018fa47ac500 DEOPT UNPACKING pc=0x0000018f958c2b43 sp=0x0000006e0c3fdcd8 mode 3
Event: 124.451 Thread 0x0000018fa7848ae0 DEOPT PACKING pc=0x0000018f95b148d5 sp=0x0000006e0ddfd700
Event: 124.451 Thread 0x0000018fa7848ae0 DEOPT UNPACKING pc=0x0000018f958c2b43 sp=0x0000006e0ddfcc60 mode 3

Classes unloaded (0 events):
No events

Classes redefined (0 events):
No events

Internal exceptions (20 events):
Event: 124.982 Thread 0x0000018fa7848ae0 Exception <a 'sun/nio/fs/WindowsException'{0x000000074ca076c0}> (0x000000074ca076c0) 
thrown [t:\workspace\open\src\hotspot\share\prims\jni.cpp, line 516]
Event: 124.982 Thread 0x0000018fa7848ae0 Exception <a 'sun/nio/fs/WindowsException'{0x000000074ca08bf0}> (0x000000074ca08bf0) 
thrown [t:\workspace\open\src\hotspot\share\prims\jni.cpp, line 516]
Event: 124.982 Thread 0x0000018fa7848ae0 Exception <a 'sun/nio/fs/WindowsException'{0x000000074ca08c20}> (0x000000074ca08c20) 
thrown [t:\workspace\open\src\hotspot\share\prims\jni.cpp, line 516]
Event: 124.983 Thread 0x0000018fa7848ae0 Exception <a 'sun/nio/fs/WindowsException'{0x000000074ca0a108}> (0x000000074ca0a108) 
thrown [t:\workspace\open\src\hotspot\share\prims\jni.cpp, line 516]
Event: 124.983 Thread 0x0000018fa7848ae0 Exception <a 'sun/nio/fs/WindowsException'{0x000000074ca0a138}> (0x000000074ca0a138) 
thrown [t:\workspace\open\src\hotspot\share\prims\jni.cpp, line 516]
Event: 124.983 Thread 0x0000018fa7848ae0 Exception <a 'sun/nio/fs/WindowsException'{0x000000074ca0b620}> (0x000000074ca0b620) 
thrown [t:\workspace\open\src\hotspot\share\prims\jni.cpp, line 516]
Event: 124.984 Thread 0x0000018fa7848ae0 Exception <a 'sun/nio/fs/WindowsException'{0x000000074ca0b650}> (0x000000074ca0b650) 
thrown [t:\workspace\open\src\hotspot\share\prims\jni.cpp, line 516]
Event: 124.984 Thread 0x0000018fa7848ae0 Exception <a 'sun/nio/fs/WindowsException'{0x000000074ca0cb38}> (0x000000074ca0cb38) 
thrown [t:\workspace\open\src\hotspot\share\prims\jni.cpp, line 516]
Event: 124.984 Thread 0x0000018fa7848ae0 Exception <a 'sun/nio/fs/WindowsException'{0x000000074ca0cb68}> (0x000000074ca0cb68) 
thrown [t:\workspace\open\src\hotspot\share\prims\jni.cpp, line 516]
Event: 124.985 Thread 0x0000018fa7848ae0 Exception <a 'sun/nio/fs/WindowsException'{0x000000074ca0e0e0}> (0x000000074ca0e0e0) 
thrown [t:\workspace\open\src\hotspot\share\prims\jni.cpp, line 516]
Event: 124.985 Thread 0x0000018fa7848ae0 Exception <a 'sun/nio/fs/WindowsException'{0x000000074ca0e110}> (0x000000074ca0e110) 
thrown [t:\workspace\open\src\hotspot\share\prims\jni.cpp, line 516]
Event: 124.985 Thread 0x0000018fa7848ae0 Exception <a 'sun/nio/fs/WindowsException'{0x000000074c901cf8}> (0x000000074c901cf8) 
thrown [t:\workspace\open\src\hotspot\share\prims\jni.cpp, line 516]
Event: 124.986 Thread 0x0000018fa7848ae0 Exception <a 'sun/nio/fs/WindowsException'{0x000000074c901d28}> (0x000000074c901d28) 
thrown [t:\workspace\open\src\hotspot\share\prims\jni.cpp, line 516]
Event: 124.986 Thread 0x0000018fa7848ae0 Exception <a 'sun/nio/fs/WindowsException'{0x000000074c9032e0}> (0x000000074c9032e0) 
thrown [t:\workspace\open\src\hotspot\share\prims\jni.cpp, line 516]
Event: 124.986 Thread 0x0000018fa7848ae0 Exception <a 'sun/nio/fs/WindowsException'{0x000000074c903310}> (0x000000074c903310) 
thrown [t:\workspace\open\src\hotspot\share\prims\jni.cpp, line 516]
Event: 124.987 Thread 0x0000018fa7848ae0 Exception <a 'sun/nio/fs/WindowsException'{0x000000074c904868}> (0x000000074c904868) 
thrown [t:\workspace\open\src\hotspot\share\prims\jni.cpp, line 516]
Event: 124.987 Thread 0x0000018fa7848ae0 Exception <a 'sun/nio/fs/WindowsException'{0x000000074c904898}> (0x000000074c904898) 
thrown [t:\workspace\open\src\hotspot\share\prims\jni.cpp, line 516]
Event: 124.988 Thread 0x0000018fa7848ae0 Exception <a 'sun/nio/fs/WindowsException'{0x000000074c905e28}> (0x000000074c905e28) 
thrown [t:\workspace\open\src\hotspot\share\prims\jni.cpp, line 516]
Event: 124.988 Thread 0x0000018fa7848ae0 Exception <a 'sun/nio/fs/WindowsException'{0x000000074c905e58}> (0x000000074c905e58) 
thrown [t:\workspace\open\src\hotspot\share\prims\jni.cpp, line 516]
Event: 137.418 Thread 0x0000018fa7848fb0 Exception <a 'java/lang/NoSuchMethodError'{0x000000074e1d0018}: 'int java.lang.invoke.DirectMethodHandle$Holder.invokeStatic(java.lang.Object, java.lang.Object, int)'> (0x000000074e1d0018) 
thrown [t:\workspace\open\src\hotspot\share\interpreter\linkResolver.cpp, line 766]

VM Operations (20 events):
Event: 132.695 Executing VM operation: G1CollectForAllocation
Event: 132.700 Executing VM operation: G1CollectForAllocation done
Event: 133.242 Executing VM operation: G1CollectForAllocation
Event: 133.246 Executing VM operation: G1CollectForAllocation done
Event: 133.729 Executing VM operation: G1CollectForAllocation
Event: 133.735 Executing VM operation: G1CollectForAllocation done
Event: 134.261 Executing VM operation: G1CollectForAllocation
Event: 134.267 Executing VM operation: G1CollectForAllocation done
Event: 134.780 Executing VM operation: G1CollectForAllocation
Event: 134.786 Executing VM operation: G1CollectForAllocation done
Event: 135.291 Executing VM operation: G1CollectForAllocation
Event: 135.297 Executing VM operation: G1CollectForAllocation done
Event: 135.792 Executing VM operation: G1CollectForAllocation
Event: 135.797 Executing VM operation: G1CollectForAllocation done
Event: 136.311 Executing VM operation: G1CollectForAllocation
Event: 136.315 Executing VM operation: G1CollectForAllocation done
Event: 137.320 Executing VM operation: Cleanup
Event: 137.320 Executing VM operation: Cleanup done
Event: 137.524 Executing VM operation: G1CollectForAllocation
Event: 137.533 Executing VM operation: G1CollectForAllocation done

Events (20 events):
Event: 124.453 loading class java/text/CharacterIterator done
Event: 124.453 loading class java/nio/charset/MalformedInputException
Event: 124.453 loading class java/nio/charset/MalformedInputException done
Event: 124.454 Thread 0x0000018fa7ab3380 Thread added: 0x0000018fa7ab3380
Event: 124.454 Thread 0x0000018fa7ab42b0 Thread added: 0x0000018fa7ab42b0
Event: 124.465 loading class java/io/DataOutputStream
Event: 124.465 loading class java/io/DataOutputStream done
Event: 124.465 loading class java/util/UUID$Holder
Event: 124.465 loading class java/util/UUID$Holder done
Event: 124.466 Thread 0x0000018fd60f9b50 Thread added: 0x0000018fd60f9b50
Event: 125.289 loading class java/io/InvalidObjectException
Event: 125.289 loading class java/io/InvalidObjectException done
Event: 126.549 Thread 0x0000018fa7ab42b0 Thread exited: 0x0000018fa7ab42b0
Event: 126.700 Thread 0x0000018fa7ab3380 Thread exited: 0x0000018fa7ab3380
Event: 131.512 Thread 0x0000018fa7ab51e0 Thread exited: 0x0000018fa7ab51e0
Event: 131.644 Thread 0x0000018fd6384080 Thread added: 0x0000018fd6384080
Event: 132.883 Thread 0x0000018fd6384080 Thread exited: 0x0000018fd6384080
Event: 137.053 Thread 0x0000018fd60f9b50 Thread exited: 0x0000018fd60f9b50
Event: 137.412 loading class java/text/DigitList$1
Event: 137.412 loading class java/text/DigitList$1 done


Dynamic libraries:
0x00007ff6c5230000 - 0x00007ff6c5240000 	E:\Java\jdk-17.0.1\bin\java.exe
0x00007ffcaa950000 - 0x00007ffcaab45000 	C:\WINDOWS\SYSTEM32\ntdll.dll
0x00007ffca8aa0000 - 0x00007ffca8b5e000 	C:\WINDOWS\System32\KERNEL32.DLL
0x00007ffca8610000 - 0x00007ffca88d8000 	C:\WINDOWS\System32\KERNELBASE.dll
0x00007ffca8120000 - 0x00007ffca8220000 	C:\WINDOWS\System32\ucrtbase.dll
0x00007ffca1b10000 - 0x00007ffca1b28000 	E:\Java\jdk-17.0.1\bin\jli.dll
0x00007ffca1af0000 - 0x00007ffca1b0a000 	E:\Java\jdk-17.0.1\bin\VCRUNTIME140.dll
0x00007ffca89f0000 - 0x00007ffca8a9e000 	C:\WINDOWS\System32\ADVAPI32.dll
0x00007ffcaa440000 - 0x00007ffcaa4de000 	C:\WINDOWS\System32\msvcrt.dll
0x00007ffca8b60000 - 0x00007ffca8bfc000 	C:\WINDOWS\System32\sechost.dll
0x00007ffcaa7e0000 - 0x00007ffcaa905000 	C:\WINDOWS\System32\RPCRT4.dll
0x00007ffca9310000 - 0x00007ffca94b1000 	C:\WINDOWS\System32\USER32.dll
0x00007ffca80f0000 - 0x00007ffca8112000 	C:\WINDOWS\System32\win32u.dll
0x00007ffca8cb0000 - 0x00007ffca8cdb000 	C:\WINDOWS\System32\GDI32.dll
0x00007ffca7430000 - 0x00007ffca76ca000 	C:\WINDOWS\WinSxS\amd64_microsoft.windows.common-controls_6595b64144ccf1df_6.0.19041.1110_none_60b5254171f9507e\COMCTL32.dll
0x00007ffca8310000 - 0x00007ffca841d000 	C:\WINDOWS\System32\gdi32full.dll
0x00007ffca8270000 - 0x00007ffca830d000 	C:\WINDOWS\System32\msvcp_win.dll
0x00007ffc9f3b0000 - 0x00007ffc9f3ba000 	C:\WINDOWS\SYSTEM32\VERSION.dll
0x00007ffcaa4e0000 - 0x00007ffcaa510000 	C:\WINDOWS\System32\IMM32.DLL
0x00007ffca39f0000 - 0x00007ffca39fc000 	E:\Java\jdk-17.0.1\bin\vcruntime140_1.dll
0x00007ffc9d740000 - 0x00007ffc9d7cd000 	E:\Java\jdk-17.0.1\bin\msvcp140.dll
0x00007ffc48c50000 - 0x00007ffc4980e000 	E:\Java\jdk-17.0.1\bin\server\jvm.dll
0x00007ffca8d90000 - 0x00007ffca8d98000 	C:\WINDOWS\System32\PSAPI.DLL
0x00007ffca1e90000 - 0x00007ffca1e99000 	C:\WINDOWS\SYSTEM32\WSOCK32.dll
0x00007ffc93e20000 - 0x00007ffc93e47000 	C:\WINDOWS\SYSTEM32\WINMM.dll
0x00007ffca9fe0000 - 0x00007ffcaa04b000 	C:\WINDOWS\System32\WS2_32.dll
0x00007ffca5900000 - 0x00007ffca5912000 	C:\WINDOWS\SYSTEM32\kernel.appcore.dll
0x00007ffca0c50000 - 0x00007ffca0c5a000 	E:\Java\jdk-17.0.1\bin\jimage.dll
0x00007ffca7a80000 - 0x00007ffca7c64000 	C:\WINDOWS\SYSTEM32\DBGHELP.DLL
0x00007ffca7830000 - 0x00007ffca785c000 	C:\WINDOWS\SYSTEM32\dbgcore.DLL
0x00007ffca8060000 - 0x00007ffca80e2000 	C:\WINDOWS\System32\bcryptPrimitives.dll
0x00007ffca0b20000 - 0x00007ffca0b45000 	E:\Java\jdk-17.0.1\bin\java.dll
0x00007ffc90d00000 - 0x00007ffc90dd6000 	E:\Java\jdk-17.0.1\bin\svml.dll
0x00007ffca9740000 - 0x00007ffca9e84000 	C:\WINDOWS\System32\SHELL32.dll
0x00007ffca5b00000 - 0x00007ffca6295000 	C:\WINDOWS\SYSTEM32\windows.storage.dll
0x00007ffcaa050000 - 0x00007ffcaa3a5000 	C:\WINDOWS\System32\combase.dll
0x00007ffca73c0000 - 0x00007ffca73ee000 	C:\WINDOWS\SYSTEM32\Wldp.dll
0x00007ffca8c00000 - 0x00007ffca8cad000 	C:\WINDOWS\System32\SHCORE.dll
0x00007ffca8990000 - 0x00007ffca89e5000 	C:\WINDOWS\System32\shlwapi.dll
0x00007ffca7fa0000 - 0x00007ffca7fbf000 	C:\WINDOWS\SYSTEM32\profapi.dll
0x00007ffca0ae0000 - 0x00007ffca0af9000 	E:\Java\jdk-17.0.1\bin\net.dll
0x00007ffc9e500000 - 0x00007ffc9e60c000 	C:\WINDOWS\SYSTEM32\WINHTTP.dll
0x00007ffca7290000 - 0x00007ffca72fa000 	C:\WINDOWS\system32\mswsock.dll
0x00007ffca0770000 - 0x00007ffca0785000 	E:\Java\jdk-17.0.1\bin\nio.dll
0x00007ffca0670000 - 0x00007ffca0688000 	E:\Java\jdk-17.0.1\bin\zip.dll
0x00007ffca0c40000 - 0x00007ffca0c50000 	E:\Java\jdk-17.0.1\bin\verify.dll
0x00007ffca0480000 - 0x00007ffca0489000 	E:\Java\jdk-17.0.1\bin\management.dll
0x00007ffca0460000 - 0x00007ffca046b000 	E:\Java\jdk-17.0.1\bin\management_ext.dll
0x00007ffca6e10000 - 0x00007ffca6e4b000 	C:\WINDOWS\SYSTEM32\IPHLPAPI.DLL
0x00007ffca9300000 - 0x00007ffca9308000 	C:\WINDOWS\System32\NSI.dll
0x00007ffc9fe00000 - 0x00007ffc9fe17000 	C:\WINDOWS\SYSTEM32\dhcpcsvc6.DLL
0x00007ffca0890000 - 0x00007ffca08ad000 	C:\WINDOWS\SYSTEM32\dhcpcsvc.DLL
0x00007ffca6e50000 - 0x00007ffca6f1b000 	C:\WINDOWS\SYSTEM32\DNSAPI.dll
0x00007ffc9fd00000 - 0x00007ffc9fd0a000 	C:\Windows\System32\rasadhlp.dll
0x00007ffc94c70000 - 0x00007ffc94cef000 	C:\WINDOWS\System32\fwpuclnt.dll
0x00007ffca8580000 - 0x00007ffca85a7000 	C:\WINDOWS\System32\bcrypt.dll
0x00007ffc94820000 - 0x00007ffc94837000 	C:\WINDOWS\system32\napinsp.dll
0x00007ffc94000000 - 0x00007ffc9401b000 	C:\WINDOWS\system32\pnrpnsp.dll
0x00007ffca28d0000 - 0x00007ffca28e5000 	C:\WINDOWS\system32\wshbth.dll
0x00007ffca3860000 - 0x00007ffca387d000 	C:\WINDOWS\system32\NLAapi.dll
0x00007ffc91230000 - 0x00007ffc91242000 	C:\WINDOWS\System32\winrnr.dll
0x00007ffca7de0000 - 0x00007ffca7df8000 	C:\WINDOWS\SYSTEM32\CRYPTSP.dll
0x00007ffca6ac0000 - 0x00007ffca6af4000 	C:\WINDOWS\system32\rsaenh.dll
0x00007ffca7f60000 - 0x00007ffca7f8e000 	C:\WINDOWS\SYSTEM32\USERENV.dll
0x00007ffca7380000 - 0x00007ffca738c000 	C:\WINDOWS\SYSTEM32\CRYPTBASE.dll
0x0000018fa33c0000 - 0x0000018fa33c3000 	C:\Users\User\.javacpp\cache\javacpp-1.5.3-windows-x86_64.jar\org\bytedeco\javacpp\windows-x86_64\api-ms-win-crt-locale-l1-1-0.dll
0x0000018fa33d0000 - 0x0000018fa33d4000 	C:\Users\User\.javacpp\cache\javacpp-1.5.3-windows-x86_64.jar\org\bytedeco\javacpp\windows-x86_64\api-ms-win-crt-string-l1-1-0.dll
0x0000018fa33e0000 - 0x0000018fa33e4000 	C:\Users\User\.javacpp\cache\javacpp-1.5.3-windows-x86_64.jar\org\bytedeco\javacpp\windows-x86_64\api-ms-win-crt-stdio-l1-1-0.dll
0x0000018fa33f0000 - 0x0000018fa33f5000 	C:\Users\User\.javacpp\cache\javacpp-1.5.3-windows-x86_64.jar\org\bytedeco\javacpp\windows-x86_64\api-ms-win-crt-math-l1-1-0.dll
0x0000018fa5c10000 - 0x0000018fa5c13000 	C:\Users\User\.javacpp\cache\javacpp-1.5.3-windows-x86_64.jar\org\bytedeco\javacpp\windows-x86_64\api-ms-win-crt-heap-l1-1-0.dll
0x0000018fa5c20000 - 0x0000018fa5c24000 	C:\Users\User\.javacpp\cache\javacpp-1.5.3-windows-x86_64.jar\org\bytedeco\javacpp\windows-x86_64\api-ms-win-crt-runtime-l1-1-0.dll
0x0000018fa5c30000 - 0x0000018fa5c34000 	C:\Users\User\.javacpp\cache\javacpp-1.5.3-windows-x86_64.jar\org\bytedeco\javacpp\windows-x86_64\api-ms-win-crt-convert-l1-1-0.dll
0x0000018fa5c40000 - 0x0000018fa5c43000 	C:\Users\User\.javacpp\cache\javacpp-1.5.3-windows-x86_64.jar\org\bytedeco\javacpp\windows-x86_64\api-ms-win-crt-environment-l1-1-0.dll
0x0000018fa5c50000 - 0x0000018fa5c53000 	C:\Users\User\.javacpp\cache\javacpp-1.5.3-windows-x86_64.jar\org\bytedeco\javacpp\windows-x86_64\api-ms-win-crt-time-l1-1-0.dll
0x0000018fa5c60000 - 0x0000018fa5c63000 	C:\Users\User\.javacpp\cache\javacpp-1.5.3-windows-x86_64.jar\org\bytedeco\javacpp\windows-x86_64\api-ms-win-crt-filesystem-l1-1-0.dll
0x0000018fa5c70000 - 0x0000018fa5c73000 	C:\Users\User\.javacpp\cache\javacpp-1.5.3-windows-x86_64.jar\org\bytedeco\javacpp\windows-x86_64\api-ms-win-crt-utility-l1-1-0.dll
0x0000018fa5c80000 - 0x0000018fa5c85000 	C:\Users\User\.javacpp\cache\javacpp-1.5.3-windows-x86_64.jar\org\bytedeco\javacpp\windows-x86_64\api-ms-win-crt-multibyte-l1-1-0.dll
0x0000018fa5c90000 - 0x0000018fa5c93000 	C:\Users\User\.javacpp\cache\javacpp-1.5.3-windows-x86_64.jar\org\bytedeco\javacpp\windows-x86_64\api-ms-win-core-string-l1-1-0.dll
0x0000018fa5ca0000 - 0x0000018fa5ca3000 	C:\Users\User\.javacpp\cache\javacpp-1.5.3-windows-x86_64.jar\org\bytedeco\javacpp\windows-x86_64\api-ms-win-core-errorhandling-l1-1-0.dll
0x0000018fa5cb0000 - 0x0000018fa5cb3000 	C:\Users\User\.javacpp\cache\javacpp-1.5.3-windows-x86_64.jar\org\bytedeco\javacpp\windows-x86_64\api-ms-win-core-timezone-l1-1-0.dll
0x0000018fa5cc0000 - 0x0000018fa5cc4000 	C:\Users\User\.javacpp\cache\javacpp-1.5.3-windows-x86_64.jar\org\bytedeco\javacpp\windows-x86_64\api-ms-win-core-file-l1-1-0.dll
0x0000018fa5cd0000 - 0x0000018fa5cd3000 	C:\Users\User\.javacpp\cache\javacpp-1.5.3-windows-x86_64.jar\org\bytedeco\javacpp\windows-x86_64\api-ms-win-core-namedpipe-l1-1-0.dll
0x0000018fa5ce0000 - 0x0000018fa5ce3000 	C:\Users\User\.javacpp\cache\javacpp-1.5.3-windows-x86_64.jar\org\bytedeco\javacpp\windows-x86_64\api-ms-win-core-handle-l1-1-0.dll
0x0000018fa5cf0000 - 0x0000018fa5cf3000 	C:\Users\User\.javacpp\cache\javacpp-1.5.3-windows-x86_64.jar\org\bytedeco\javacpp\windows-x86_64\api-ms-win-core-file-l2-1-0.dll
0x0000018fa5d00000 - 0x0000018fa5d03000 	C:\Users\User\.javacpp\cache\javacpp-1.5.3-windows-x86_64.jar\org\bytedeco\javacpp\windows-x86_64\api-ms-win-core-heap-l1-1-0.dll
0x0000018fa5d10000 - 0x0000018fa5d13000 	C:\Users\User\.javacpp\cache\javacpp-1.5.3-windows-x86_64.jar\org\bytedeco\javacpp\windows-x86_64\api-ms-win-core-libraryloader-l1-1-0.dll
0x0000018fa5d20000 - 0x0000018fa5d23000 	C:\Users\User\.javacpp\cache\javacpp-1.5.3-windows-x86_64.jar\org\bytedeco\javacpp\windows-x86_64\api-ms-win-core-synch-l1-1-0.dll
0x0000018fa5d30000 - 0x0000018fa5d33000 	C:\Users\User\.javacpp\cache\javacpp-1.5.3-windows-x86_64.jar\org\bytedeco\javacpp\windows-x86_64\api-ms-win-core-processthreads-l1-1-0.dll
0x0000018fa5d40000 - 0x0000018fa5d43000 	C:\Users\User\.javacpp\cache\javacpp-1.5.3-windows-x86_64.jar\org\bytedeco\javacpp\windows-x86_64\api-ms-win-core-processenvironment-l1-1-0.dll
0x0000018fa5d50000 - 0x0000018fa5d53000 	C:\Users\User\.javacpp\cache\javacpp-1.5.3-windows-x86_64.jar\org\bytedeco\javacpp\windows-x86_64\api-ms-win-core-datetime-l1-1-0.dll
0x0000018fa5d60000 - 0x0000018fa5d63000 	C:\Users\User\.javacpp\cache\javacpp-1.5.3-windows-x86_64.jar\org\bytedeco\javacpp\windows-x86_64\api-ms-win-core-localization-l1-2-0.dll
0x0000018fa5d70000 - 0x0000018fa5d73000 	C:\Users\User\.javacpp\cache\javacpp-1.5.3-windows-x86_64.jar\org\bytedeco\javacpp\windows-x86_64\api-ms-win-core-sysinfo-l1-1-0.dll
0x0000018fa5d80000 - 0x0000018fa5d83000 	C:\Users\User\.javacpp\cache\javacpp-1.5.3-windows-x86_64.jar\org\bytedeco\javacpp\windows-x86_64\api-ms-win-core-synch-l1-2-0.dll
0x0000018fa5d90000 - 0x0000018fa5d93000 	C:\Users\User\.javacpp\cache\javacpp-1.5.3-windows-x86_64.jar\org\bytedeco\javacpp\windows-x86_64\api-ms-win-core-console-l1-1-0.dll
0x0000018fa5da0000 - 0x0000018fa5da3000 	C:\Users\User\.javacpp\cache\javacpp-1.5.3-windows-x86_64.jar\org\bytedeco\javacpp\windows-x86_64\api-ms-win-core-debug-l1-1-0.dll
0x0000018fa5db0000 - 0x0000018fa5db3000 	C:\Users\User\.javacpp\cache\javacpp-1.5.3-windows-x86_64.jar\org\bytedeco\javacpp\windows-x86_64\api-ms-win-core-rtlsupport-l1-1-0.dll
0x0000018fa5dc0000 - 0x0000018fa5dc3000 	C:\Users\User\.javacpp\cache\javacpp-1.5.3-windows-x86_64.jar\org\bytedeco\javacpp\windows-x86_64\api-ms-win-core-processthreads-l1-1-1.dll
0x0000018fa5dd0000 - 0x0000018fa5dd3000 	C:\Users\User\.javacpp\cache\javacpp-1.5.3-windows-x86_64.jar\org\bytedeco\javacpp\windows-x86_64\api-ms-win-core-file-l1-2-0.dll
0x0000018fa5de0000 - 0x0000018fa5de3000 	C:\Users\User\.javacpp\cache\javacpp-1.5.3-windows-x86_64.jar\org\bytedeco\javacpp\windows-x86_64\api-ms-win-core-profile-l1-1-0.dll
0x0000018fa5df0000 - 0x0000018fa5df3000 	C:\Users\User\.javacpp\cache\javacpp-1.5.3-windows-x86_64.jar\org\bytedeco\javacpp\windows-x86_64\api-ms-win-core-memory-l1-1-0.dll
0x0000018fa5e00000 - 0x0000018fa5e03000 	C:\Users\User\.javacpp\cache\javacpp-1.5.3-windows-x86_64.jar\org\bytedeco\javacpp\windows-x86_64\api-ms-win-core-util-l1-1-0.dll
0x0000018fa5e10000 - 0x0000018fa5e13000 	C:\Users\User\.javacpp\cache\javacpp-1.5.3-windows-x86_64.jar\org\bytedeco\javacpp\windows-x86_64\api-ms-win-core-interlocked-l1-1-0.dll
0x00007ffc90c00000 - 0x00007ffc90cfa000 	C:\Users\User\.javacpp\cache\javacpp-1.5.3-windows-x86_64.jar\org\bytedeco\javacpp\windows-x86_64\ucrtbase.dll
0x00007ffc9d7f0000 - 0x00007ffc9d805000 	C:\Users\User\.javacpp\cache\javacpp-1.5.3-windows-x86_64.jar\org\bytedeco\javacpp\windows-x86_64\vcruntime140.dll
0x00007ffc92750000 - 0x00007ffc927eb000 	C:\Users\User\.javacpp\cache\javacpp-1.5.3-windows-x86_64.jar\org\bytedeco\javacpp\windows-x86_64\msvcp140.dll
0x00007ffc92100000 - 0x00007ffc92151000 	C:\Users\User\.javacpp\cache\javacpp-1.5.3-windows-x86_64.jar\org\bytedeco\javacpp\windows-x86_64\concrt140.dll
0x00007ffc9ac20000 - 0x00007ffc9ac47000 	C:\Users\User\.javacpp\cache\javacpp-1.5.3-windows-x86_64.jar\org\bytedeco\javacpp\windows-x86_64\vcomp140.dll
0x00007ffc9d7e0000 - 0x00007ffc9d7ee000 	C:\Users\User\.javacpp\cache\javacpp-1.5.3-windows-x86_64.jar\org\bytedeco\javacpp\windows-x86_64\jnijavacpp.dll
0x000000006d7c0000 - 0x000000006f337000 	C:\Users\User\.javacpp\cache\openblas-0.3.9-1-1.5.3-windows-x86_64.jar\org\bytedeco\openblas\windows-x86_64\libopenblas_nolapack.dll
0x00007ffc860b0000 - 0x00007ffc8610a000 	C:\Users\User\.javacpp\cache\openblas-0.3.9-1-1.5.3-windows-x86_64.jar\org\bytedeco\openblas\windows-x86_64\jniopenblas_nolapack.dll
0x0000000000500000 - 0x0000000002077000 	C:\Users\User\.javacpp\cache\openblas-0.3.9-1-1.5.3-windows-x86_64.jar\org\bytedeco\openblas\windows-x86_64\libopenblas.dll
0x00007ffc43350000 - 0x00007ffc4473d000 	C:\Users\User\.javacpp\cache\openblas-0.3.9-1-1.5.3-windows-x86_64.jar\org\bytedeco\openblas\windows-x86_64\jniopenblas.dll
0x00007ffc1e3c0000 - 0x00007ffc2975a000 	C:\Program Files\NVIDIA GPU Computing Toolkit\CUDA\v11.2\bin\cufft64_10.dll
0x00007ffc44b70000 - 0x00007ffc44f72000 	C:\Users\User\.javacpp\cache\opencv-4.3.0-1.5.3-windows-x86_64.jar\org\bytedeco\opencv\windows-x86_64\opencv_core430.dll
0x00007ffc40790000 - 0x00007ffc40dad000 	C:\Users\User\.javacpp\cache\opencv-4.3.0-1.5.3-windows-x86_64.jar\org\bytedeco\opencv\windows-x86_64\opencv_imgproc430.dll
0x00007ffc6aab0000 - 0x00007ffc6adc9000 	C:\Users\User\.javacpp\cache\opencv-4.3.0-1.5.3-windows-x86_64.jar\org\bytedeco\opencv\windows-x86_64\jniopencv_core.dll
0x00007ffc7ef90000 - 0x00007ffc7f0e1000 	C:\Users\User\.javacpp\cache\opencv-4.3.0-1.5.3-windows-x86_64.jar\org\bytedeco\opencv\windows-x86_64\jniopencv_imgproc.dll
0x00007ffc42f80000 - 0x00007ffc43346000 	C:\Users\User\.javacpp\cache\opencv-4.3.0-1.5.3-windows-x86_64.jar\org\bytedeco\opencv\windows-x86_64\opencv_imgcodecs430.dll
0x00007ffc98320000 - 0x00007ffc98350000 	C:\Users\User\.javacpp\cache\opencv-4.3.0-1.5.3-windows-x86_64.jar\org\bytedeco\opencv\windows-x86_64\jniopencv_imgcodecs.dll
0x00007ffc802e0000 - 0x00007ffc8036f000 	C:\Users\User\.javacpp\cache\opencv-4.3.0-1.5.3-windows-x86_64.jar\org\bytedeco\opencv\windows-x86_64\opencv_videoio430.dll
0x00007ffca94d0000 - 0x00007ffca95fa000 	C:\WINDOWS\System32\ole32.dll
0x00007ffca9f10000 - 0x00007ffca9fdd000 	C:\WINDOWS\System32\OLEAUT32.dll
0x00007ffca12c0000 - 0x00007ffca147c000 	C:\WINDOWS\SYSTEM32\MFPlat.DLL
0x00007ffc5f580000 - 0x00007ffc5f604000 	C:\WINDOWS\SYSTEM32\MF.dll
0x00007ffc7f1b0000 - 0x00007ffc7f2ba000 	C:\WINDOWS\SYSTEM32\MFReadWrite.dll
0x00007ffca8220000 - 0x00007ffca826e000 	C:\WINDOWS\System32\cfgmgr32.dll
0x00007ffca3e80000 - 0x00007ffca40e4000 	C:\WINDOWS\SYSTEM32\d3d11.dll
0x00007ffca6300000 - 0x00007ffca63f4000 	C:\WINDOWS\SYSTEM32\dxgi.dll

dbghelp: loaded successfully - version: 4.0.5 - missing functions: none
symbol engine: initialized successfully - sym options: 0x614 - pdb path: .;E:\Java\jdk-17.0.1\bin;C:\WINDOWS\SYSTEM32;C:\WINDOWS\WinSxS\amd64_microsoft.windows.common-controls_6595b64144ccf1df_6.0.19041.1110_none_60b5254171f9507e;E:\Java\jdk-17.0.1\bin\server;C:\Users\User\.javacpp\cache\javacpp-1.5.3-windows-x86_64.jar\org\bytedeco\javacpp\windows-x86_64;C:\Users\User\.javacpp\cache\openblas-0.3.9-1-1.5.3-windows-x86_64.jar\org\bytedeco\openblas\windows-x86_64;C:\Program Files\NVIDIA GPU Computing Toolkit\CUDA\v11.2\bin;C:\Users\User\.javacpp\cache\opencv-4.3.0-1.5.3-windows-x86_64.jar\org\bytedeco\opencv\windows-x86_64;C:\Users\User\.javacpp\cache\nd4j-cuda-10.2-1.0.0-beta7-windows-x86_64.jar\org\nd4j\nativeblas\windows-x86_64;C:\Users\User\.javacpp\cache\nd4j-native-1.0.0-beta7-windows-x86_64.jar\org\nd4j\nativeblas\windows-x86_64

VM Arguments:
jvm_args: -XX:TieredStopAtLevel=1 
java_command: com.dl4jra.server.ServerApplication
java_class_path (initial): E:\SHRDC\DL4JRA2\DL4JRA\server\target\classes;C:\Users\User\.m2\repository\ch\qos\logback\logback-classic\1.2.5\logback-classic-1.2.5.jar;C:\Users\User\.m2\repository\ch\qos\logback\logback-core\1.2.5\logback-core-1.2.5.jar;C:\Users\User\.m2\repository\org\apache\logging\log4j\log4j-to-slf4j\2.14.1\log4j-to-slf4j-2.14.1.jar;C:\Users\User\.m2\repository\org\apache\logging\log4j\log4j-api\2.14.1\log4j-api-2.14.1.jar;C:\Users\User\.m2\repository\org\slf4j\jul-to-slf4j\1.7.32\jul-to-slf4j-1.7.32.jar;C:\Users\User\.m2\repository\jakarta\annotation\jakarta.annotation-api\1.3.5\jakarta.annotation-api-1.3.5.jar;C:\Users\User\.m2\repository\org\yaml\snakeyaml\1.28\snakeyaml-1.28.jar;C:\Users\User\.m2\repository\com\fasterxml\jackson\core\jackson-databind\2.12.4\jackson-databind-2.12.4.jar;C:\Users\User\.m2\repository\com\fasterxml\jackson\core\jackson-annotations\2.12.4\jackson-annotations-2.12.4.jar;C:\Users\User\.m2\repository\com\fasterxml\jackson\core\jackson-core\2.12.4\jackson-core-2.12.4.jar;C:\Users\User\.m2\repository\com\fasterxml\jackson\datatype\jackson-datatype-jdk8\2.12.4\jackson-datatype-jdk8-2.12.4.jar;C:\Users\User\.m2\repository\com\fasterxml\jackson\datatype\jackson-datatype-jsr310\2.12.4\jackson-datatype-jsr310-2.12.4.jar;C:\Users\User\.m2\repository\com\fasterxml\jackson\module\jackson-module-parameter-names\2.12.4\jackson-module-parameter-names-2.12.4.jar;C:\Users\User\.m2\repository\org\apache\tomcat\embed\tomcat-embed-core\9.0.52\tomcat-embed-core-9.0.52.jar;C:\Users\User\.m2\repository\org\apache\tomcat\embed\tomcat-embed-el\9.0.52\tomcat-embed-el-9.0.52.jar;C:\Users\User\.m2\repository\org\apache\tomcat\embed\tomcat-embed-websocket\9.0.52\tomcat-embed-websocket-9.0.52.jar;C:\Users\User\.m2\repository\org\springframework\spring-web\5.3.9\spring-web-5.3.9.jar;C:\Users\User\.m2\repository\org\springframework\spring-beans\5.3.9\spring-beans-5.3.9.jar;C:\Users\User\.m2\repository\org\springframework\spring-webmvc\5.3.9\spring
Launcher Type: SUN_STANDARD

[Global flags]
     intx CICompilerCount                          = 4                                         {product} {ergonomic}
     uint ConcGCThreads                            = 3                                         {product} {ergonomic}
     uint G1ConcRefinementThreads                  = 10                                        {product} {ergonomic}
   size_t G1HeapRegionSize                         = 2097152                                   {product} {ergonomic}
    uintx GCDrainStackTargetSize                   = 64                                        {product} {ergonomic}
   size_t InitialHeapSize                          = 199229440                                 {product} {ergonomic}
   size_t MarkStackSize                            = 4194304                                   {product} {ergonomic}
   size_t MaxHeapSize                              = 3181379584                                {product} {ergonomic}
   size_t MaxNewSize                               = 1908408320                                {product} {ergonomic}
   size_t MinHeapDeltaBytes                        = 2097152                                   {product} {ergonomic}
   size_t MinHeapSize                              = 8388608                                   {product} {ergonomic}
    uintx NonProfiledCodeHeapSize                  = 0                                      {pd product} {ergonomic}
     bool ProfileInterpreter                       = false                                  {pd product} {command line}
    uintx ProfiledCodeHeapSize                     = 0                                      {pd product} {ergonomic}
   size_t SoftMaxHeapSize                          = 3181379584                             {manageable} {ergonomic}
     intx TieredStopAtLevel                        = 1                                         {product} {command line}
     bool UseCompressedClassPointers               = true                           {product lp64_product} {ergonomic}
     bool UseCompressedOops                        = true                           {product lp64_product} {ergonomic}
     bool UseG1GC                                  = true                                      {product} {ergonomic}
     bool UseLargePagesIndividualAllocation        = false                                  {pd product} {ergonomic}

Logging:
Log output configuration:
 #0: stdout all=warning uptime,level,tags
 #1: stderr all=off uptime,level,tags

Environment Variables:
CLASSPATH=C:\Program Files\Java\jre1.8.0_301\lib
PATH=C:\Program Files\Common Files\Oracle\Java\javapath;C:\Program Files (x86)\Common Files\Oracle\Java\javapath;C:\Program Files\NVIDIA GPU Computing Toolkit\CUDA\v11.2\bin;C:\Program Files\NVIDIA GPU Computing Toolkit\CUDA\v11.2\libnvvp;C:\Program Files\NVIDIA GPU Computing Toolkit\CUDA\v11.5\bin;C:\Program Files\NVIDIA GPU Computing Toolkit\CUDA\v11.5\libnvvp;C:\Windows\system32;C:\Windows;C:\Windows\System32\Wbem;C:\Windows\System32\WindowsPowerShell\v1.0\;C:\Windows\System32\OpenSSH\;C:\Program Files (x86)\NVIDIA Corporation\PhysX\Common;C:\Program Files\NVIDIA Corporation\NVIDIA NvDLISR;C:\WINDOWS\system32;C:\WINDOWS;C:\WINDOWS\System32\Wbem;C:\WINDOWS\System32\WindowsPowerShell\v1.0\;C:\WINDOWS\System32\OpenSSH\;E:\Git\cmd;E:\Node js\;E:\Maven\apache-maven-3.8.4\bin;C:\Program Files\Java\jre1.8.0_301\bin;E:\zlib\dll_x64;C:\Program Files\NVIDIA Corporation\Nsight Compute 2020.3.0\;C:\Program Files\Java\jre1.8.0_301\bin;E:\Microsoft VS Code\bin;E:\zlib\dll_x64;
USERNAME=User
OS=Windows_NT
PROCESSOR_IDENTIFIER=Intel64 Family 6 Model 158 Stepping 10, GenuineIntel



---------------  S Y S T E M  ---------------

OS:
 Windows 10 , 64 bit Build 19041 (10.0.19041.1466)
OS uptime: 1 days 5:15 hours

CPU: total 12 (initial active 12) (6 cores per cpu, 2 threads per core) family 6 model 158 stepping 10 microcode 0xb4, cx8, cmov, fxsr, ht, mmx, 3dnowpref, sse, sse2, sse3, ssse3, sse4.1, sse4.2, popcnt, lzcnt, tsc, tscinvbit, avx, avx2, aes, erms, clmul, bmi1, bmi2, adx, fma, vzeroupper, clflush, clflushopt

Memory: 4k page, system-wide physical 12131M (3465M free)
TotalPageFile size 28003M (AvailPageFile size 11367M)
current process WorkingSet (physical memory assigned to process): 505M, peak: 626M
current process commit charge ("private bytes"): 1462M, peak: 1584M

vm_info: Java HotSpot(TM) 64-Bit Server VM (17.0.1+12-LTS-39) for windows-amd64 JRE (17.0.1+12-LTS-39), built on Sep 27 2021 18:41:35 by "mach5one" with MS VC++ 16.8 (VS2019)

END.
