#
# There is insufficient memory for the Java Runtime Environment to continue.
# Native memory allocation (malloc) failed to allocate 2160064 bytes for Chunk::new
# Possible reasons:
#   The system is out of physical RAM or swap space
#   The process is running with CompressedOops enabled, and the Java Heap may be blocking the growth of the native heap
# Possible solutions:
#   Reduce memory load on the system
#   Increase physical memory or swap space
#   Check if swap backing store is full
#   Decrease Java heap size (-Xmx/-Xms)
#   Decrease number of Java threads
#   Decrease Java thread stack sizes (-Xss)
#   Set larger code cache with -XX:ReservedCodeCacheSize=
#   JVM is running with Zero Based Compressed Oops mode in which the Java heap is
#     placed in the first 32GB address space. The Java Heap base address is the
#     maximum limit for the native heap growth. Please use -XX:HeapBaseMinAddress
#     to set the Java Heap base and to place the Java Heap above 32GB virtual address.
# This output file may be truncated or incomplete.
#
#  Out of Memory Error (arena.cpp:189), pid=16536, tid=2872
#
# JRE version: Java(TM) SE Runtime Environment (17.0.1+12) (build 17.0.1+12-LTS-39)
# Java VM: Java HotSpot(TM) 64-Bit Server VM (17.0.1+12-LTS-39, mixed mode, sharing, tiered, compressed oops, compressed class ptrs, g1 gc, windows-amd64)
# No core dump will be written. Minidumps are not enabled by default on client versions of Windows
#

---------------  S U M M A R Y ------------

Command Line: -Dclassworlds.conf=E:\Maven\apache-maven-3.8.4\bin\m2.conf -Dmaven.home=E:\Maven\apache-maven-3.8.4 -Dlibrary.jansi.path=E:\Maven\apache-maven-3.8.4\lib\jansi-native -Dmaven.multiModuleProjectDirectory=E:\SHRDC\DL4JRA\server org.codehaus.plexus.classworlds.launcher.Launcher spring-boot:run

Host: Intel(R) Core(TM) i7-9750H CPU @ 2.60GHz, 12 cores, 11G,  Windows 10 , 64 bit Build 19041 (10.0.19041.1348)
Time: Mon Dec 27 11:37:21 2021 Malay Peninsula Standard Time elapsed time: 7.660636 seconds (0d 0h 0m 7s)

---------------  T H R E A D  ---------------

Current thread (0x0000025c99038d00):  JavaThread "C2 CompilerThread0" daemon [_thread_in_native, id=2872, stack(0x0000005e73d00000,0x0000005e73e00000)]


Current CompileTask:
C2:   7660 4152       4       org.apache.maven.model.inheritance.DefaultInheritanceAssembler$InheritanceModelMerger::mergePluginContainer_Plugins (430 bytes)

Stack: [0x0000005e73d00000,0x0000005e73e00000]
Native frames: (J=compiled Java code, j=interpreted, Vv=VM code, C=native code)
V  [jvm.dll+0x66fa1a]
V  [jvm.dll+0x7ce5a4]
V  [jvm.dll+0x7cfd4e]
V  [jvm.dll+0x7d03b3]
V  [jvm.dll+0x242b05]
V  [jvm.dll+0xaa05b]
V  [jvm.dll+0xaa5ec]
V  [jvm.dll+0x35fa07]
V  [jvm.dll+0x1b9918]
V  [jvm.dll+0x215d49]
V  [jvm.dll+0x215011]
V  [jvm.dll+0x1a168d]
V  [jvm.dll+0x224848]
V  [jvm.dll+0x2229ac]
V  [jvm.dll+0x78435b]
V  [jvm.dll+0x77e91a]
V  [jvm.dll+0x66e845]
C  [ucrtbase.dll+0x21bb2]
C  [KERNEL32.DLL+0x17034]
C  [ntdll.dll+0x52651]


---------------  P R O C E S S  ---------------

Threads class SMR info:
_java_thread_list=0x0000025c9d136f00, length=14, elements={
0x0000025cf659f0d0, 0x0000025c990197c0, 0x0000025c9901a540, 0x0000025c990323a0,
0x0000025c99032e60, 0x0000025c99036840, 0x0000025c99037100, 0x0000025c99038d00,
0x0000025c9903cb00, 0x0000025c9903f410, 0x0000025c99d36bd0, 0x0000025c99d5a100,
0x0000025c9a981230, 0x0000025c9ad2b3f0
}

Java Threads: ( => current thread )
  0x0000025cf659f0d0 JavaThread "main" [_thread_in_native, id=15020, stack(0x0000005e73000000,0x0000005e73100000)]
  0x0000025c990197c0 JavaThread "Reference Handler" daemon [_thread_blocked, id=10640, stack(0x0000005e73700000,0x0000005e73800000)]
  0x0000025c9901a540 JavaThread "Finalizer" daemon [_thread_blocked, id=9488, stack(0x0000005e73800000,0x0000005e73900000)]
  0x0000025c990323a0 JavaThread "Signal Dispatcher" daemon [_thread_blocked, id=16340, stack(0x0000005e73900000,0x0000005e73a00000)]
  0x0000025c99032e60 JavaThread "Attach Listener" daemon [_thread_blocked, id=480, stack(0x0000005e73a00000,0x0000005e73b00000)]
  0x0000025c99036840 JavaThread "Service Thread" daemon [_thread_blocked, id=7900, stack(0x0000005e73b00000,0x0000005e73c00000)]
  0x0000025c99037100 JavaThread "Monitor Deflation Thread" daemon [_thread_blocked, id=5752, stack(0x0000005e73c00000,0x0000005e73d00000)]
=>0x0000025c99038d00 JavaThread "C2 CompilerThread0" daemon [_thread_in_native, id=2872, stack(0x0000005e73d00000,0x0000005e73e00000)]
  0x0000025c9903cb00 JavaThread "C1 CompilerThread0" daemon [_thread_blocked, id=9036, stack(0x0000005e73e00000,0x0000005e73f00000)]
  0x0000025c9903f410 JavaThread "Sweeper thread" daemon [_thread_blocked, id=16752, stack(0x0000005e73f00000,0x0000005e74000000)]
  0x0000025c99d36bd0 JavaThread "Notification Thread" daemon [_thread_blocked, id=17256, stack(0x0000005e74000000,0x0000005e74100000)]
  0x0000025c99d5a100 JavaThread "Common-Cleaner" daemon [_thread_blocked, id=7004, stack(0x0000005e74200000,0x0000005e74300000)]
  0x0000025c9a981230 JavaThread "C2 CompilerThread1" daemon [_thread_blocked, id=10076, stack(0x0000005e74b00000,0x0000005e74c00000)]
  0x0000025c9ad2b3f0 JavaThread "C2 CompilerThread2" daemon [_thread_blocked, id=12016, stack(0x0000005e74c00000,0x0000005e74d00000)]

Other Threads:
  0x0000025c99013ff0 VMThread "VM Thread" [stack: 0x0000005e73600000,0x0000005e73700000] [id=4596]
  0x0000025cf65fa940 WatcherThread [stack: 0x0000005e74100000,0x0000005e74200000] [id=13904]
  0x0000025cf65e4260 GCTaskThread "GC Thread#0" [stack: 0x0000005e73100000,0x0000005e73200000] [id=17168]
  0x0000025c9a582a30 GCTaskThread "GC Thread#1" [stack: 0x0000005e74500000,0x0000005e74600000] [id=17048]
  0x0000025c99daeb00 GCTaskThread "GC Thread#2" [stack: 0x0000005e74600000,0x0000005e74700000] [id=15140]
  0x0000025c9a80d8d0 GCTaskThread "GC Thread#3" [stack: 0x0000005e74700000,0x0000005e74800000] [id=14700]
  0x0000025c9a6fe5d0 GCTaskThread "GC Thread#4" [stack: 0x0000005e74800000,0x0000005e74900000] [id=7076]
  0x0000025c9a9fe910 GCTaskThread "GC Thread#5" [stack: 0x0000005e74900000,0x0000005e74a00000] [id=4240]
  0x0000025c9a6fe880 GCTaskThread "GC Thread#6" [stack: 0x0000005e74a00000,0x0000005e74b00000] [id=15560]
  0x0000025c99ffe3b0 GCTaskThread "GC Thread#7" [stack: 0x0000005e74300000,0x0000005e74400000] [id=5640]
  0x0000025c9a4232f0 GCTaskThread "GC Thread#8" [stack: 0x0000005e74400000,0x0000005e74500000] [id=7452]
  0x0000025c9b55ede0 GCTaskThread "GC Thread#9" [stack: 0x0000005e74d00000,0x0000005e74e00000] [id=13912]
  0x0000025cf65f0e40 ConcurrentGCThread "G1 Main Marker" [stack: 0x0000005e73200000,0x0000005e73300000] [id=10200]
  0x0000025cf65f2770 ConcurrentGCThread "G1 Conc#0" [stack: 0x0000005e73300000,0x0000005e73400000] [id=12228]
  0x0000025cf666c5b0 ConcurrentGCThread "G1 Refine#0" [stack: 0x0000005e73400000,0x0000005e73500000] [id=936]
  0x0000025cf666cee0 ConcurrentGCThread "G1 Service" [stack: 0x0000005e73500000,0x0000005e73600000] [id=16216]

Threads with active compile tasks:
C2 CompilerThread0     7789 4152       4       org.apache.maven.model.inheritance.DefaultInheritanceAssembler$InheritanceModelMerger::mergePluginContainer_Plugins (430 bytes)

VM state: not at safepoint (normal execution)

VM Mutex/Monitor currently owned by a thread: None

Heap address: 0x0000000742600000, size: 3034 MB, Compressed Oops mode: Zero based, Oop shift amount: 3

CDS archive(s) mapped at: [0x0000000800000000-0x0000000800bc0000-0x0000000800bc0000), size 12320768, SharedBaseAddress: 0x0000000800000000, ArchiveRelocationMode: 0.
Compressed class space mapped at: 0x0000000800c00000-0x0000000840c00000, reserved size: 1073741824
Narrow klass base: 0x0000000800000000, Narrow klass shift: 0, Narrow klass range: 0x100000000

GC Precious Log:
 CPUs: 12 total, 12 available
 Memory: 12131M
 Large Page Support: Disabled
 NUMA Support: Disabled
 Compressed Oops: Enabled (Zero based)
 Heap Region Size: 2M
 Heap Min Capacity: 8M
 Heap Initial Capacity: 190M
 Heap Max Capacity: 3034M
 Pre-touch: Disabled
 Parallel Workers: 10
 Concurrent Workers: 3
 Concurrent Refinement Workers: 10
 Periodic GC: Disabled

Heap:
 garbage-first heap   total 194560K, used 29653K [0x0000000742600000, 0x0000000800000000)
  region size 2048K, 10 young (20480K), 5 survivors (10240K)
 Metaspace       used 16148K, committed 16448K, reserved 1064960K
  class space    used 1726K, committed 1856K, reserved 1048576K

Heap Regions: E=young(eden), S=young(survivor), O=old, HS=humongous(starts), HC=humongous(continues), CS=collection set, F=free, OA=open archive, CA=closed archive, TAMS=top-at-mark-start (previous, next)
|   0|0x0000000742600000, 0x0000000742800000, 0x0000000742800000|100%| O|  |TAMS 0x0000000742600000, 0x0000000742600000| Untracked 
|   1|0x0000000742800000, 0x0000000742a00000, 0x0000000742a00000|100%| O|  |TAMS 0x0000000742800000, 0x0000000742800000| Untracked 
|   2|0x0000000742a00000, 0x0000000742c00000, 0x0000000742c00000|100%| O|  |TAMS 0x0000000742a00000, 0x0000000742a00000| Untracked 
|   3|0x0000000742c00000, 0x0000000742c00000, 0x0000000742e00000|  0%| F|  |TAMS 0x0000000742c00000, 0x0000000742c00000| Untracked 
|   4|0x0000000742e00000, 0x0000000742e00000, 0x0000000743000000|  0%| F|  |TAMS 0x0000000742e00000, 0x0000000742e00000| Untracked 
|   5|0x0000000743000000, 0x0000000743000000, 0x0000000743200000|  0%| F|  |TAMS 0x0000000743000000, 0x0000000743000000| Untracked 
|   6|0x0000000743200000, 0x0000000743200000, 0x0000000743400000|  0%| F|  |TAMS 0x0000000743200000, 0x0000000743200000| Untracked 
|   7|0x0000000743400000, 0x0000000743400000, 0x0000000743600000|  0%| F|  |TAMS 0x0000000743400000, 0x0000000743400000| Untracked 
|   8|0x0000000743600000, 0x0000000743600000, 0x0000000743800000|  0%| F|  |TAMS 0x0000000743600000, 0x0000000743600000| Untracked 
|   9|0x0000000743800000, 0x0000000743800000, 0x0000000743a00000|  0%| F|  |TAMS 0x0000000743800000, 0x0000000743800000| Untracked 
|  10|0x0000000743a00000, 0x0000000743a00000, 0x0000000743c00000|  0%| F|  |TAMS 0x0000000743a00000, 0x0000000743a00000| Untracked 
|  11|0x0000000743c00000, 0x0000000743c00000, 0x0000000743e00000|  0%| F|  |TAMS 0x0000000743c00000, 0x0000000743c00000| Untracked 
|  12|0x0000000743e00000, 0x0000000743e00000, 0x0000000744000000|  0%| F|  |TAMS 0x0000000743e00000, 0x0000000743e00000| Untracked 
|  13|0x0000000744000000, 0x0000000744000000, 0x0000000744200000|  0%| F|  |TAMS 0x0000000744000000, 0x0000000744000000| Untracked 
|  14|0x0000000744200000, 0x0000000744200000, 0x0000000744400000|  0%| F|  |TAMS 0x0000000744200000, 0x0000000744200000| Untracked 
|  15|0x0000000744400000, 0x0000000744400000, 0x0000000744600000|  0%| F|  |TAMS 0x0000000744400000, 0x0000000744400000| Untracked 
|  16|0x0000000744600000, 0x0000000744600000, 0x0000000744800000|  0%| F|  |TAMS 0x0000000744600000, 0x0000000744600000| Untracked 
|  17|0x0000000744800000, 0x0000000744800000, 0x0000000744a00000|  0%| F|  |TAMS 0x0000000744800000, 0x0000000744800000| Untracked 
|  18|0x0000000744a00000, 0x0000000744a00000, 0x0000000744c00000|  0%| F|  |TAMS 0x0000000744a00000, 0x0000000744a00000| Untracked 
|  19|0x0000000744c00000, 0x0000000744c00000, 0x0000000744e00000|  0%| F|  |TAMS 0x0000000744c00000, 0x0000000744c00000| Untracked 
|  20|0x0000000744e00000, 0x0000000745000000, 0x0000000745000000|100%| O|  |TAMS 0x0000000744e00000, 0x0000000744e00000| Untracked 
|  21|0x0000000745000000, 0x0000000745200000, 0x0000000745200000|100%| O|  |TAMS 0x0000000745000000, 0x0000000745000000| Untracked 
|  22|0x0000000745200000, 0x000000074539cc00, 0x0000000745400000| 80%| O|  |TAMS 0x0000000745200000, 0x0000000745200000| Untracked 
|  23|0x0000000745400000, 0x0000000745400000, 0x0000000745600000|  0%| F|  |TAMS 0x0000000745400000, 0x0000000745400000| Untracked 
|  24|0x0000000745600000, 0x0000000745600000, 0x0000000745800000|  0%| F|  |TAMS 0x0000000745600000, 0x0000000745600000| Untracked 
|  25|0x0000000745800000, 0x0000000745800000, 0x0000000745a00000|  0%| F|  |TAMS 0x0000000745800000, 0x0000000745800000| Untracked 
|  26|0x0000000745a00000, 0x0000000745a00000, 0x0000000745c00000|  0%| F|  |TAMS 0x0000000745a00000, 0x0000000745a00000| Untracked 
|  27|0x0000000745c00000, 0x0000000745c00000, 0x0000000745e00000|  0%| F|  |TAMS 0x0000000745c00000, 0x0000000745c00000| Untracked 
|  28|0x0000000745e00000, 0x0000000745e00000, 0x0000000746000000|  0%| F|  |TAMS 0x0000000745e00000, 0x0000000745e00000| Untracked 
|  29|0x0000000746000000, 0x0000000746000000, 0x0000000746200000|  0%| F|  |TAMS 0x0000000746000000, 0x0000000746000000| Untracked 
|  30|0x0000000746200000, 0x0000000746200000, 0x0000000746400000|  0%| F|  |TAMS 0x0000000746200000, 0x0000000746200000| Untracked 
|  31|0x0000000746400000, 0x0000000746400000, 0x0000000746600000|  0%| F|  |TAMS 0x0000000746400000, 0x0000000746400000| Untracked 
|  32|0x0000000746600000, 0x0000000746600000, 0x0000000746800000|  0%| F|  |TAMS 0x0000000746600000, 0x0000000746600000| Untracked 
|  33|0x0000000746800000, 0x0000000746800000, 0x0000000746a00000|  0%| F|  |TAMS 0x0000000746800000, 0x0000000746800000| Untracked 
|  34|0x0000000746a00000, 0x0000000746b58b68, 0x0000000746c00000| 67%| S|CS|TAMS 0x0000000746a00000, 0x0000000746a00000| Complete 
|  35|0x0000000746c00000, 0x0000000746e00000, 0x0000000746e00000|100%| S|CS|TAMS 0x0000000746c00000, 0x0000000746c00000| Complete 
|  36|0x0000000746e00000, 0x0000000747000000, 0x0000000747000000|100%| S|CS|TAMS 0x0000000746e00000, 0x0000000746e00000| Complete 
|  37|0x0000000747000000, 0x0000000747200000, 0x0000000747200000|100%| S|CS|TAMS 0x0000000747000000, 0x0000000747000000| Complete 
|  38|0x0000000747200000, 0x0000000747200000, 0x0000000747400000|  0%| F|  |TAMS 0x0000000747200000, 0x0000000747200000| Untracked 
|  39|0x0000000747400000, 0x0000000747400000, 0x0000000747600000|  0%| F|  |TAMS 0x0000000747400000, 0x0000000747400000| Untracked 
|  40|0x0000000747600000, 0x0000000747600000, 0x0000000747800000|  0%| F|  |TAMS 0x0000000747600000, 0x0000000747600000| Untracked 
|  41|0x0000000747800000, 0x0000000747800000, 0x0000000747a00000|  0%| F|  |TAMS 0x0000000747800000, 0x0000000747800000| Untracked 
|  42|0x0000000747a00000, 0x0000000747a00000, 0x0000000747c00000|  0%| F|  |TAMS 0x0000000747a00000, 0x0000000747a00000| Untracked 
|  43|0x0000000747c00000, 0x0000000747e00000, 0x0000000747e00000|100%| S|CS|TAMS 0x0000000747c00000, 0x0000000747c00000| Complete 
|  44|0x0000000747e00000, 0x0000000747e00000, 0x0000000748000000|  0%| F|  |TAMS 0x0000000747e00000, 0x0000000747e00000| Untracked 
|  45|0x0000000748000000, 0x0000000748000000, 0x0000000748200000|  0%| F|  |TAMS 0x0000000748000000, 0x0000000748000000| Untracked 
|  46|0x0000000748200000, 0x0000000748200000, 0x0000000748400000|  0%| F|  |TAMS 0x0000000748200000, 0x0000000748200000| Untracked 
|  47|0x0000000748400000, 0x0000000748400000, 0x0000000748600000|  0%| F|  |TAMS 0x0000000748400000, 0x0000000748400000| Untracked 
|  48|0x0000000748600000, 0x0000000748600000, 0x0000000748800000|  0%| F|  |TAMS 0x0000000748600000, 0x0000000748600000| Untracked 
|  49|0x0000000748800000, 0x0000000748800000, 0x0000000748a00000|  0%| F|  |TAMS 0x0000000748800000, 0x0000000748800000| Untracked 
|  50|0x0000000748a00000, 0x0000000748a00000, 0x0000000748c00000|  0%| F|  |TAMS 0x0000000748a00000, 0x0000000748a00000| Untracked 
|  51|0x0000000748c00000, 0x0000000748c00000, 0x0000000748e00000|  0%| F|  |TAMS 0x0000000748c00000, 0x0000000748c00000| Untracked 
|  52|0x0000000748e00000, 0x0000000748e00000, 0x0000000749000000|  0%| F|  |TAMS 0x0000000748e00000, 0x0000000748e00000| Untracked 
|  53|0x0000000749000000, 0x0000000749000000, 0x0000000749200000|  0%| F|  |TAMS 0x0000000749000000, 0x0000000749000000| Untracked 
|  54|0x0000000749200000, 0x0000000749200000, 0x0000000749400000|  0%| F|  |TAMS 0x0000000749200000, 0x0000000749200000| Untracked 
|  55|0x0000000749400000, 0x0000000749400000, 0x0000000749600000|  0%| F|  |TAMS 0x0000000749400000, 0x0000000749400000| Untracked 
|  56|0x0000000749600000, 0x0000000749600000, 0x0000000749800000|  0%| F|  |TAMS 0x0000000749600000, 0x0000000749600000| Untracked 
|  57|0x0000000749800000, 0x0000000749800000, 0x0000000749a00000|  0%| F|  |TAMS 0x0000000749800000, 0x0000000749800000| Untracked 
|  58|0x0000000749a00000, 0x0000000749a00000, 0x0000000749c00000|  0%| F|  |TAMS 0x0000000749a00000, 0x0000000749a00000| Untracked 
|  59|0x0000000749c00000, 0x0000000749c00000, 0x0000000749e00000|  0%| F|  |TAMS 0x0000000749c00000, 0x0000000749c00000| Untracked 
|  60|0x0000000749e00000, 0x0000000749e00000, 0x000000074a000000|  0%| F|  |TAMS 0x0000000749e00000, 0x0000000749e00000| Untracked 
|  61|0x000000074a000000, 0x000000074a000000, 0x000000074a200000|  0%| F|  |TAMS 0x000000074a000000, 0x000000074a000000| Untracked 
|  62|0x000000074a200000, 0x000000074a200000, 0x000000074a400000|  0%| F|  |TAMS 0x000000074a200000, 0x000000074a200000| Untracked 
|  63|0x000000074a400000, 0x000000074a400000, 0x000000074a600000|  0%| F|  |TAMS 0x000000074a400000, 0x000000074a400000| Untracked 
|  64|0x000000074a600000, 0x000000074a600000, 0x000000074a800000|  0%| F|  |TAMS 0x000000074a600000, 0x000000074a600000| Untracked 
|  65|0x000000074a800000, 0x000000074a800000, 0x000000074aa00000|  0%| F|  |TAMS 0x000000074a800000, 0x000000074a800000| Untracked 
|  66|0x000000074aa00000, 0x000000074aa00000, 0x000000074ac00000|  0%| F|  |TAMS 0x000000074aa00000, 0x000000074aa00000| Untracked 
|  67|0x000000074ac00000, 0x000000074ac00000, 0x000000074ae00000|  0%| F|  |TAMS 0x000000074ac00000, 0x000000074ac00000| Untracked 
|  68|0x000000074ae00000, 0x000000074ae00000, 0x000000074b000000|  0%| F|  |TAMS 0x000000074ae00000, 0x000000074ae00000| Untracked 
|  69|0x000000074b000000, 0x000000074b000000, 0x000000074b200000|  0%| F|  |TAMS 0x000000074b000000, 0x000000074b000000| Untracked 
|  70|0x000000074b200000, 0x000000074b200000, 0x000000074b400000|  0%| F|  |TAMS 0x000000074b200000, 0x000000074b200000| Untracked 
|  71|0x000000074b400000, 0x000000074b400000, 0x000000074b600000|  0%| F|  |TAMS 0x000000074b400000, 0x000000074b400000| Untracked 
|  72|0x000000074b600000, 0x000000074b600000, 0x000000074b800000|  0%| F|  |TAMS 0x000000074b600000, 0x000000074b600000| Untracked 
|  73|0x000000074b800000, 0x000000074b800000, 0x000000074ba00000|  0%| F|  |TAMS 0x000000074b800000, 0x000000074b800000| Untracked 
|  74|0x000000074ba00000, 0x000000074ba00000, 0x000000074bc00000|  0%| F|  |TAMS 0x000000074ba00000, 0x000000074ba00000| Untracked 
|  75|0x000000074bc00000, 0x000000074bc00000, 0x000000074be00000|  0%| F|  |TAMS 0x000000074bc00000, 0x000000074bc00000| Untracked 
|  76|0x000000074be00000, 0x000000074be00000, 0x000000074c000000|  0%| F|  |TAMS 0x000000074be00000, 0x000000074be00000| Untracked 
|  77|0x000000074c000000, 0x000000074c000000, 0x000000074c200000|  0%| F|  |TAMS 0x000000074c000000, 0x000000074c000000| Untracked 
|  78|0x000000074c200000, 0x000000074c200000, 0x000000074c400000|  0%| F|  |TAMS 0x000000074c200000, 0x000000074c200000| Untracked 
|  79|0x000000074c400000, 0x000000074c400000, 0x000000074c600000|  0%| F|  |TAMS 0x000000074c400000, 0x000000074c400000| Untracked 
|  80|0x000000074c600000, 0x000000074c600000, 0x000000074c800000|  0%| F|  |TAMS 0x000000074c600000, 0x000000074c600000| Untracked 
|  81|0x000000074c800000, 0x000000074c800000, 0x000000074ca00000|  0%| F|  |TAMS 0x000000074c800000, 0x000000074c800000| Untracked 
|  82|0x000000074ca00000, 0x000000074ca00000, 0x000000074cc00000|  0%| F|  |TAMS 0x000000074ca00000, 0x000000074ca00000| Untracked 
|  83|0x000000074cc00000, 0x000000074cc00000, 0x000000074ce00000|  0%| F|  |TAMS 0x000000074cc00000, 0x000000074cc00000| Untracked 
|  84|0x000000074ce00000, 0x000000074ce00000, 0x000000074d000000|  0%| F|  |TAMS 0x000000074ce00000, 0x000000074ce00000| Untracked 
|  85|0x000000074d000000, 0x000000074d000000, 0x000000074d200000|  0%| F|  |TAMS 0x000000074d000000, 0x000000074d000000| Untracked 
|  86|0x000000074d200000, 0x000000074d200000, 0x000000074d400000|  0%| F|  |TAMS 0x000000074d200000, 0x000000074d200000| Untracked 
|  87|0x000000074d400000, 0x000000074d400000, 0x000000074d600000|  0%| F|  |TAMS 0x000000074d400000, 0x000000074d400000| Untracked 
|  88|0x000000074d600000, 0x000000074d600000, 0x000000074d800000|  0%| F|  |TAMS 0x000000074d600000, 0x000000074d600000| Untracked 
|  89|0x000000074d800000, 0x000000074d800000, 0x000000074da00000|  0%| F|  |TAMS 0x000000074d800000, 0x000000074d800000| Untracked 
|  90|0x000000074da00000, 0x000000074db00800, 0x000000074dc00000| 50%| E|  |TAMS 0x000000074da00000, 0x000000074da00000| Complete 
|  91|0x000000074dc00000, 0x000000074de00000, 0x000000074de00000|100%| E|CS|TAMS 0x000000074dc00000, 0x000000074dc00000| Complete 
|  92|0x000000074de00000, 0x000000074e000000, 0x000000074e000000|100%| E|CS|TAMS 0x000000074de00000, 0x000000074de00000| Complete 
|  93|0x000000074e000000, 0x000000074e200000, 0x000000074e200000|100%| E|CS|TAMS 0x000000074e000000, 0x000000074e000000| Complete 
|  94|0x000000074e200000, 0x000000074e400000, 0x000000074e400000|100%| E|CS|TAMS 0x000000074e200000, 0x000000074e200000| Complete 

Card table byte_map: [0x0000025c8f920000,0x0000025c8ff10000] _byte_map_base: 0x0000025c8bf0d000

Marking Bits (Prev, Next): (CMBitMap*) 0x0000025cf65e4780, (CMBitMap*) 0x0000025cf65e47c0
 Prev Bits: [0x0000025c90500000, 0x0000025c93468000)
 Next Bits: [0x0000025c93470000, 0x0000025c963d8000)

Polling page: 0x0000025cf6370000

Metaspace:

Usage:
  Non-class:     14.08 MB used.
      Class:      1.69 MB used.
       Both:     15.77 MB used.

Virtual space:
  Non-class space:       16.00 MB reserved,      14.25 MB ( 89%) committed,  2 nodes.
      Class space:        1.00 GB reserved,       1.81 MB ( <1%) committed,  1 nodes.
             Both:        1.02 GB reserved,      16.06 MB (  2%) committed. 

Chunk freelists:
   Non-Class:  1.12 MB
       Class:  2.00 MB
        Both:  3.13 MB

MaxMetaspaceSize: unlimited
CompressedClassSpaceSize: 1.00 GB
Initial GC threshold: 21.00 MB
Current GC threshold: 21.00 MB
CDS: on
MetaspaceReclaimPolicy: balanced
 - commit_granule_bytes: 65536.
 - commit_granule_words: 8192.
 - virtual_space_node_default_size: 1048576.
 - enlarge_chunks_in_place: 1.
 - new_chunks_are_fully_committed: 0.
 - uncommit_free_chunks: 1.
 - use_allocation_guard: 0.
 - handle_deallocations: 1.


Internal statistics:

num_allocs_failed_limit: 0.
num_arena_births: 120.
num_arena_deaths: 0.
num_vsnodes_births: 3.
num_vsnodes_deaths: 0.
num_space_committed: 257.
num_space_uncommitted: 0.
num_chunks_returned_to_freelist: 0.
num_chunks_taken_from_freelist: 659.
num_chunk_merges: 0.
num_chunk_splits: 481.
num_chunks_enlarged: 386.
num_purges: 0.
num_inconsistent_stats: 0.

CodeHeap 'non-profiled nmethods': size=120000Kb used=2459Kb max_used=2459Kb free=117540Kb
 bounds [0x0000025c87ad0000, 0x0000025c87d40000, 0x0000025c8f000000]
CodeHeap 'profiled nmethods': size=120000Kb used=9347Kb max_used=9347Kb free=110652Kb
 bounds [0x0000025c805a0000, 0x0000025c80ed0000, 0x0000025c87ad0000]
CodeHeap 'non-nmethods': size=5760Kb used=1183Kb max_used=1250Kb free=4577Kb
 bounds [0x0000025c80000000, 0x0000025c80270000, 0x0000025c805a0000]
 total_blobs=4842 nmethods=4363 adapters=390
 compilation: enabled
              stopped_count=0, restarted_count=0
 full_count=0

Compilation events (20 events):
Event: 7.595 Thread 0x0000025c9a981230 4434       4       jdk.internal.org.objectweb.asm.ByteVector::putByte (39 bytes)
Event: 7.595 Thread 0x0000025c9903cb00 nmethod 4431 0x0000025c80eba190 code [0x0000025c80eba340, 0x0000025c80eba578]
Event: 7.595 Thread 0x0000025c9903cb00 4433       3       jdk.internal.org.objectweb.asm.ByteVector::enlarge (51 bytes)
Event: 7.596 Thread 0x0000025c9903cb00 nmethod 4433 0x0000025c80eba690 code [0x0000025c80eba840, 0x0000025c80ebab68]
Event: 7.596 Thread 0x0000025c9903cb00 4436   !   3       java.lang.invoke.MemberName$Factory::resolve (159 bytes)
Event: 7.598 Thread 0x0000025c9ad2b3f0 nmethod 4430 0x0000025c87d35e90 code [0x0000025c87d36000, 0x0000025c87d36138]
Event: 7.599 Thread 0x0000025c9903cb00 nmethod 4436 0x0000025c80ebac90 code [0x0000025c80ebaec0, 0x0000025c80ebb5c8]
Event: 7.599 Thread 0x0000025c9903cb00 4439       3       sun.invoke.util.Wrapper::forBasicType (16 bytes)
Event: 7.600 Thread 0x0000025c9903cb00 nmethod 4439 0x0000025c80ebb910 code [0x0000025c80ebbac0, 0x0000025c80ebbc68]
Event: 7.600 Thread 0x0000025c9903cb00 4440       3       sun.invoke.util.VerifyAccess::isClassAccessible (230 bytes)
Event: 7.601 Thread 0x0000025c9a981230 nmethod 4434 0x0000025c87d36290 code [0x0000025c87d36420, 0x0000025c87d36568]
Event: 7.602 Thread 0x0000025c9903cb00 nmethod 4440 0x0000025c80ebbd10 code [0x0000025c80ebc020, 0x0000025c80ebcf18]
Event: 7.602 Thread 0x0000025c9903cb00 4442       3       java.lang.invoke.MemberName::getInvocationType (56 bytes)
Event: 7.604 Thread 0x0000025c9903cb00 nmethod 4442 0x0000025c80ebd310 code [0x0000025c80ebd540, 0x0000025c80ebde88]
Event: 7.604 Thread 0x0000025c9903cb00 4443       3       java.lang.invoke.MemberName::isStatic (8 bytes)
Event: 7.604 Thread 0x0000025c9903cb00 nmethod 4443 0x0000025c80ebe110 code [0x0000025c80ebe2a0, 0x0000025c80ebe478]
Event: 7.606 Thread 0x0000025c9903cb00 4445       3       sun.invoke.util.BytecodeDescriptor::unparseSig (49 bytes)
Event: 7.607 Thread 0x0000025c9903cb00 nmethod 4445 0x0000025c80ebe510 code [0x0000025c80ebe740, 0x0000025c80ebec68]
Event: 7.607 Thread 0x0000025c9903cb00 4446       3       sun.invoke.util.Wrapper::forPrimitiveType (49 bytes)
Event: 7.609 Thread 0x0000025c9903cb00 nmethod 4446 0x0000025c80ebee90 code [0x0000025c80ebf200, 0x0000025c80ec05c8]

GC Heap History (10 events):
Event: 1.239 GC heap before
{Heap before GC invocations=0 (full 0):
 garbage-first heap   total 194560K, used 22528K [0x0000000742600000, 0x0000000800000000)
  region size 2048K, 11 young (22528K), 0 survivors (0K)
 Metaspace       used 4753K, committed 4928K, reserved 1056768K
  class space    used 561K, committed 640K, reserved 1048576K
}
Event: 1.247 GC heap after
{Heap after GC invocations=1 (full 0):
 garbage-first heap   total 194560K, used 3924K [0x0000000742600000, 0x0000000800000000)
  region size 2048K, 2 young (4096K), 2 survivors (4096K)
 Metaspace       used 4753K, committed 4928K, reserved 1056768K
  class space    used 561K, committed 640K, reserved 1048576K
}
Event: 2.301 GC heap before
{Heap before GC invocations=1 (full 0):
 garbage-first heap   total 194560K, used 30548K [0x0000000742600000, 0x0000000800000000)
  region size 2048K, 15 young (30720K), 2 survivors (4096K)
 Metaspace       used 8964K, committed 9088K, reserved 1064960K
  class space    used 1101K, committed 1152K, reserved 1048576K
}
Event: 2.311 GC heap after
{Heap after GC invocations=2 (full 0):
 garbage-first heap   total 194560K, used 5666K [0x0000000742600000, 0x0000000800000000)
  region size 2048K, 1 young (2048K), 1 survivors (2048K)
 Metaspace       used 8964K, committed 9088K, reserved 1064960K
  class space    used 1101K, committed 1152K, reserved 1048576K
}
Event: 4.525 GC heap before
{Heap before GC invocations=2 (full 0):
 garbage-first heap   total 194560K, used 120354K [0x0000000742600000, 0x0000000800000000)
  region size 2048K, 57 young (116736K), 1 survivors (2048K)
 Metaspace       used 12933K, committed 13056K, reserved 1064960K
  class space    used 1452K, committed 1536K, reserved 1048576K
}
Event: 4.542 GC heap after
{Heap after GC invocations=3 (full 0):
 garbage-first heap   total 194560K, used 12667K [0x0000000742600000, 0x0000000800000000)
  region size 2048K, 5 young (10240K), 5 survivors (10240K)
 Metaspace       used 12933K, committed 13056K, reserved 1064960K
  class space    used 1452K, committed 1536K, reserved 1048576K
}
Event: 5.529 GC heap before
{Heap before GC invocations=3 (full 0):
 garbage-first heap   total 194560K, used 119163K [0x0000000742600000, 0x0000000800000000)
  region size 2048K, 57 young (116736K), 5 survivors (10240K)
 Metaspace       used 13385K, committed 13568K, reserved 1064960K
  class space    used 1467K, committed 1536K, reserved 1048576K
}
Event: 5.546 GC heap after
{Heap after GC invocations=4 (full 0):
 garbage-first heap   total 194560K, used 15891K [0x0000000742600000, 0x0000000800000000)
  region size 2048K, 6 young (12288K), 6 survivors (12288K)
 Metaspace       used 13385K, committed 13568K, reserved 1064960K
  class space    used 1467K, committed 1536K, reserved 1048576K
}
Event: 7.311 GC heap before
{Heap before GC invocations=4 (full 0):
 garbage-first heap   total 194560K, used 155155K [0x0000000742600000, 0x0000000800000000)
  region size 2048K, 57 young (116736K), 6 survivors (12288K)
 Metaspace       used 15890K, committed 16128K, reserved 1064960K
  class space    used 1700K, committed 1856K, reserved 1048576K
}
Event: 7.332 GC heap after
{Heap after GC invocations=5 (full 0):
 garbage-first heap   total 194560K, used 21461K [0x0000000742600000, 0x0000000800000000)
  region size 2048K, 5 young (10240K), 5 survivors (10240K)
 Metaspace       used 15890K, committed 16128K, reserved 1064960K
  class space    used 1700K, committed 1856K, reserved 1048576K
}

Deoptimization events (20 events):
Event: 7.353 Thread 0x0000025cf659f0d0 DEOPT PACKING pc=0x0000025c80ea25e8 sp=0x0000005e730fd970
Event: 7.353 Thread 0x0000025cf659f0d0 DEOPT UNPACKING pc=0x0000025c80052b43 sp=0x0000005e730fce00 mode 0
Event: 7.354 Thread 0x0000025cf659f0d0 DEOPT PACKING pc=0x0000025c80ea25e8 sp=0x0000005e730fd7c0
Event: 7.354 Thread 0x0000025cf659f0d0 DEOPT UNPACKING pc=0x0000025c80052b43 sp=0x0000005e730fcc50 mode 0
Event: 7.354 Thread 0x0000025cf659f0d0 DEOPT PACKING pc=0x0000025c80ea25e8 sp=0x0000005e730fd7c0
Event: 7.354 Thread 0x0000025cf659f0d0 DEOPT UNPACKING pc=0x0000025c80052b43 sp=0x0000005e730fcc50 mode 0
Event: 7.354 Thread 0x0000025cf659f0d0 DEOPT PACKING pc=0x0000025c80ea25e8 sp=0x0000005e730fd970
Event: 7.354 Thread 0x0000025cf659f0d0 DEOPT UNPACKING pc=0x0000025c80052b43 sp=0x0000005e730fce00 mode 0
Event: 7.354 Thread 0x0000025cf659f0d0 DEOPT PACKING pc=0x0000025c80ea25e8 sp=0x0000005e730fd970
Event: 7.354 Thread 0x0000025cf659f0d0 DEOPT UNPACKING pc=0x0000025c80052b43 sp=0x0000005e730fce00 mode 0
Event: 7.388 Thread 0x0000025cf659f0d0 DEOPT PACKING pc=0x0000025c80d43ffc sp=0x0000005e730fdc20
Event: 7.388 Thread 0x0000025cf659f0d0 DEOPT UNPACKING pc=0x0000025c80052b43 sp=0x0000005e730fd118 mode 0
Event: 7.388 Thread 0x0000025cf659f0d0 DEOPT PACKING pc=0x0000025c80e3e3d0 sp=0x0000005e730fdd10
Event: 7.388 Thread 0x0000025cf659f0d0 DEOPT UNPACKING pc=0x0000025c80052b43 sp=0x0000005e730fd228 mode 0
Event: 7.390 Thread 0x0000025cf659f0d0 DEOPT PACKING pc=0x0000025c80e3e3d0 sp=0x0000005e730fdd10
Event: 7.390 Thread 0x0000025cf659f0d0 DEOPT UNPACKING pc=0x0000025c80052b43 sp=0x0000005e730fd228 mode 0
Event: 7.607 Thread 0x0000025cf659f0d0 Uncommon trap: trap_request=0xffffffde fr.pc=0x0000025c87c38fe0 relative=0x00000000000005c0
Event: 7.607 Thread 0x0000025cf659f0d0 Uncommon trap: reason=class_check action=maybe_recompile pc=0x0000025c87c38fe0 method=java.util.Hashtable.get(Ljava/lang/Object;)Ljava/lang/Object; @ 6 c2
Event: 7.607 Thread 0x0000025cf659f0d0 DEOPT PACKING pc=0x0000025c87c38fe0 sp=0x0000005e730fdda0
Event: 7.607 Thread 0x0000025cf659f0d0 DEOPT UNPACKING pc=0x0000025c800523a3 sp=0x0000005e730fdd50 mode 2

Classes unloaded (0 events):
No events

Classes redefined (0 events):
No events

Internal exceptions (20 events):
Event: 2.624 Thread 0x0000025cf659f0d0 Exception <a 'java/lang/NoSuchMethodError'{0x000000074dfd0be0}: 'java.lang.Object java.lang.invoke.DirectMethodHandle$Holder.invokeStaticInit(java.lang.Object, int, int, int, int)'> (0x000000074dfd0be0) 
thrown [t:\workspace\open\src\hotspot\share\interpreter\linkResolver.cpp, line 766]
Event: 2.856 Thread 0x0000025cf659f0d0 Implicit null exception at 0x0000025c87b59e72 to 0x0000025c87b5a4cc
Event: 2.856 Thread 0x0000025cf659f0d0 Implicit null exception at 0x0000025c87af6e72 to 0x0000025c87af74ec
Event: 3.438 Thread 0x0000025cf659f0d0 Implicit null exception at 0x0000025c87b6a5e0 to 0x0000025c87b6a67a
Event: 3.438 Thread 0x0000025cf659f0d0 Implicit null exception at 0x0000025c87b6ec0f to 0x0000025c87b6ee48
Event: 3.438 Thread 0x0000025cf659f0d0 Implicit null exception at 0x0000025c87b55e0f to 0x0000025c87b55e89
Event: 5.171 Thread 0x0000025cf659f0d0 Implicit null exception at 0x0000025c87b5160f to 0x0000025c87b51840
Event: 5.769 Thread 0x0000025cf659f0d0 Implicit null exception at 0x0000025c87c4ca20 to 0x0000025c87c4d418
Event: 7.065 Thread 0x0000025cf659f0d0 Exception <a 'java/lang/NoClassDefFoundError'{0x00000007491ff8e8}: org/sonatype/aether/version/VersionConstraint> (0x00000007491ff8e8) 
thrown [t:\workspace\open\src\hotspot\share\classfile\systemDictionary.cpp, line 245]
Event: 7.090 Thread 0x0000025cf659f0d0 Exception <a 'java/lang/NoSuchMethodError'{0x0000000748ea0a38}: 'int java.lang.invoke.DirectMethodHandle$Holder.invokeStaticInit(java.lang.Object, java.lang.Object)'> (0x0000000748ea0a38) 
thrown [t:\workspace\open\src\hotspot\share\interpreter\linkResolver.cpp, line 766]
Event: 7.095 Thread 0x0000025cf659f0d0 Exception <a 'java/lang/NoSuchMethodError'{0x0000000748eb0908}: 'int java.lang.invoke.DirectMethodHandle$Holder.invokeStatic(java.lang.Object, java.lang.Object, java.lang.Object, java.lang.Object)'> (0x0000000748eb0908) 
thrown [t:\workspace\open\src\hotspot\share\interpreter\linkResolver.cpp, line 766]
Event: 7.096 Thread 0x0000025cf659f0d0 Exception <a 'java/lang/NoSuchMethodError'{0x0000000748eb4728}: 'java.lang.Object java.lang.invoke.Invokers$Holder.invokeExact_MT(java.lang.Object, java.lang.Object, java.lang.Object, java.lang.Object, java.lang.Object, java.lang.Object)'> (0x0000000748eb4728) 
thrown [t:\workspace\open\src\hotspot\share\interpreter\linkResolver.cpp, line 766]
Event: 7.586 Thread 0x0000025cf659f0d0 Exception <a 'java/lang/NoSuchMethodError'{0x000000074ddd8218}: 'void java.lang.invoke.DirectMethodHandle$Holder.invokeStatic(java.lang.Object, long)'> (0x000000074ddd8218) 
thrown [t:\workspace\open\src\hotspot\share\interpreter\linkResolver.cpp, line 766]
Event: 7.588 Thread 0x0000025cf659f0d0 Exception <a 'java/lang/NoSuchMethodError'{0x000000074ddddbb0}: 'java.lang.Object java.lang.invoke.DirectMethodHandle$Holder.newInvokeSpecial(java.lang.Object, long)'> (0x000000074ddddbb0) 
thrown [t:\workspace\open\src\hotspot\share\interpreter\linkResolver.cpp, line 766]
Event: 7.591 Thread 0x0000025cf659f0d0 Exception <a 'java/lang/NoSuchMethodError'{0x000000074dde26c8}: 'java.lang.Object java.lang.invoke.DirectMethodHandle$Holder.invokeStaticInit(java.lang.Object)'> (0x000000074dde26c8) 
thrown [t:\workspace\open\src\hotspot\share\interpreter\linkResolver.cpp, line 766]
Event: 7.593 Thread 0x0000025cf659f0d0 Exception <a 'java/lang/NoSuchMethodError'{0x000000074ddec480}: 'java.lang.Object java.lang.invoke.DirectMethodHandle$Holder.invokeStaticInit(java.lang.Object, java.lang.Object, long, java.lang.Object)'> (0x000000074ddec480) 
thrown [t:\workspace\open\src\hotspot\share\interpreter\linkResolver.cpp, line 766]
Event: 7.594 Thread 0x0000025cf659f0d0 Exception <a 'java/lang/NoSuchMethodError'{0x000000074ddf2b40}: 'java.lang.Object java.lang.invoke.DirectMethodHandle$Holder.newInvokeSpecial(java.lang.Object, java.lang.Object, long)'> (0x000000074ddf2b40) 
thrown [t:\workspace\open\src\hotspot\share\interpreter\linkResolver.cpp, line 766]
Event: 7.596 Thread 0x0000025cf659f0d0 Exception <a 'java/lang/NoSuchMethodError'{0x000000074ddf6e30}: 'java.lang.Object java.lang.invoke.Invokers$Holder.linkToTargetMethod(java.lang.Object, long, java.lang.Object)'> (0x000000074ddf6e30) 
thrown [t:\workspace\open\src\hotspot\share\interpreter\linkResolver.cpp, line 766]
Event: 7.602 Thread 0x0000025cf659f0d0 Exception <a 'java/lang/NoSuchMethodError'{0x000000074ddfb278}: 'int java.lang.invoke.DirectMethodHandle$Holder.invokeVirtual(java.lang.Object, java.lang.Object)'> (0x000000074ddfb278) 
thrown [t:\workspace\open\src\hotspot\share\interpreter\linkResolver.cpp, line 766]
Event: 7.605 Thread 0x0000025cf659f0d0 Exception <a 'java/lang/NoSuchMethodError'{0x000000074da05d10}: 'void java.lang.invoke.DirectMethodHandle$Holder.invokeStatic(java.lang.Object, java.lang.Object, java.lang.Object)'> (0x000000074da05d10) 
thrown [t:\workspace\open\src\hotspot\share\interpreter\linkResolver.cpp, line 766]

VM Operations (20 events):
Event: 2.825 Executing VM operation: HandshakeAllThreads
Event: 2.825 Executing VM operation: HandshakeAllThreads done
Event: 3.411 Executing VM operation: ICBufferFull
Event: 3.411 Executing VM operation: ICBufferFull done
Event: 3.836 Executing VM operation: ICBufferFull
Event: 3.837 Executing VM operation: ICBufferFull done
Event: 4.525 Executing VM operation: G1CollectForAllocation
Event: 4.542 Executing VM operation: G1CollectForAllocation done
Event: 5.381 Executing VM operation: ICBufferFull
Event: 5.382 Executing VM operation: ICBufferFull done
Event: 5.453 Executing VM operation: HandshakeAllThreads
Event: 5.453 Executing VM operation: HandshakeAllThreads done
Event: 5.529 Executing VM operation: G1CollectForAllocation
Event: 5.546 Executing VM operation: G1CollectForAllocation done
Event: 5.810 Executing VM operation: HandshakeAllThreads
Event: 5.811 Executing VM operation: HandshakeAllThreads done
Event: 6.346 Executing VM operation: ICBufferFull
Event: 6.346 Executing VM operation: ICBufferFull done
Event: 7.310 Executing VM operation: G1CollectForAllocation
Event: 7.333 Executing VM operation: G1CollectForAllocation done

Events (20 events):
Event: 7.600 loading class java/lang/ProcessImpl$2
Event: 7.600 loading class java/lang/ProcessImpl$2 done
Event: 7.600 loading class java/lang/ProcessBuilder$NullOutputStream
Event: 7.600 loading class java/lang/ProcessBuilder$NullOutputStream done
Event: 7.601 loading class java/lang/ProcessBuilder$NullInputStream
Event: 7.601 loading class java/lang/ProcessBuilder$NullInputStream done
Event: 7.601 loading class jdk/internal/event/ProcessStartEvent
Event: 7.601 loading class jdk/internal/event/Event
Event: 7.602 loading class jdk/internal/event/Event done
Event: 7.602 loading class jdk/internal/event/ProcessStartEvent done
Event: 7.604 loading class sun/misc/Signal
Event: 7.605 loading class sun/misc/Signal done
Event: 7.605 loading class sun/misc/SignalHandler
Event: 7.605 loading class sun/misc/SignalHandler done
Event: 7.605 loading class sun/invoke/util/VerifyAccess$1
Event: 7.605 loading class sun/invoke/util/VerifyAccess$1 done
Event: 7.607 loading class sun/misc/Signal$InternalMiscHandler
Event: 7.607 loading class sun/misc/Signal$InternalMiscHandler done
Event: 7.607 loading class sun/misc/Signal$SunMiscHandler
Event: 7.607 loading class sun/misc/Signal$SunMiscHandler done


Dynamic libraries:
0x00007ff617f30000 - 0x00007ff617f40000 	E:\Java\jdk-17.0.1\bin\java.exe
0x00007ff996550000 - 0x00007ff996745000 	C:\WINDOWS\SYSTEM32\ntdll.dll
0x00007ff994a70000 - 0x00007ff994b2e000 	C:\WINDOWS\System32\KERNEL32.DLL
0x00007ff993c60000 - 0x00007ff993f28000 	C:\WINDOWS\System32\KERNELBASE.dll
0x00007ff9942a0000 - 0x00007ff9943a0000 	C:\WINDOWS\System32\ucrtbase.dll
0x00007ff983ae0000 - 0x00007ff983af8000 	E:\Java\jdk-17.0.1\bin\jli.dll
0x00007ff9832f0000 - 0x00007ff98330a000 	E:\Java\jdk-17.0.1\bin\VCRUNTIME140.dll
0x00007ff995b80000 - 0x00007ff995c2c000 	C:\WINDOWS\System32\ADVAPI32.dll
0x00007ff995330000 - 0x00007ff9953ce000 	C:\WINDOWS\System32\msvcrt.dll
0x00007ff994b30000 - 0x00007ff994bcb000 	C:\WINDOWS\System32\sechost.dll
0x00007ff995190000 - 0x00007ff9952ba000 	C:\WINDOWS\System32\RPCRT4.dll
0x00007ff9947a0000 - 0x00007ff994941000 	C:\WINDOWS\System32\USER32.dll
0x00007ff994500000 - 0x00007ff994522000 	C:\WINDOWS\System32\win32u.dll
0x00007ff97d100000 - 0x00007ff97d39a000 	C:\WINDOWS\WinSxS\amd64_microsoft.windows.common-controls_6595b64144ccf1df_6.0.19041.1110_none_60b5254171f9507e\COMCTL32.dll
0x00007ff994660000 - 0x00007ff99468b000 	C:\WINDOWS\System32\GDI32.dll
0x00007ff9943a0000 - 0x00007ff9944ad000 	C:\WINDOWS\System32\gdi32full.dll
0x00007ff994140000 - 0x00007ff9941dd000 	C:\WINDOWS\System32\msvcp_win.dll
0x00007ff98ba20000 - 0x00007ff98ba2a000 	C:\WINDOWS\SYSTEM32\VERSION.dll
0x00007ff9953d0000 - 0x00007ff995400000 	C:\WINDOWS\System32\IMM32.DLL
0x00007ff98c850000 - 0x00007ff98c85c000 	E:\Java\jdk-17.0.1\bin\vcruntime140_1.dll
0x00007ff9440f0000 - 0x00007ff94417d000 	E:\Java\jdk-17.0.1\bin\msvcp140.dll
0x00007ff844250000 - 0x00007ff844e0e000 	E:\Java\jdk-17.0.1\bin\server\jvm.dll
0x00007ff995c30000 - 0x00007ff995c38000 	C:\WINDOWS\System32\PSAPI.DLL
0x00007ff98e210000 - 0x00007ff98e219000 	C:\WINDOWS\SYSTEM32\WSOCK32.dll
0x00007ff9803a0000 - 0x00007ff9803c7000 	C:\WINDOWS\SYSTEM32\WINMM.dll
0x00007ff9952c0000 - 0x00007ff99532b000 	C:\WINDOWS\System32\WS2_32.dll
0x00007ff991b50000 - 0x00007ff991b62000 	C:\WINDOWS\SYSTEM32\kernel.appcore.dll
0x00007ff97e470000 - 0x00007ff97e47a000 	E:\Java\jdk-17.0.1\bin\jimage.dll
0x00007ff97dcd0000 - 0x00007ff97deb4000 	C:\WINDOWS\SYSTEM32\DBGHELP.DLL
0x00007ff979340000 - 0x00007ff97936c000 	C:\WINDOWS\SYSTEM32\dbgcore.DLL
0x00007ff994210000 - 0x00007ff994292000 	C:\WINDOWS\System32\bcryptPrimitives.dll
0x00007ff97e440000 - 0x00007ff97e465000 	E:\Java\jdk-17.0.1\bin\java.dll
0x00007ff944010000 - 0x00007ff9440e6000 	E:\Java\jdk-17.0.1\bin\svml.dll
0x00007ff995ca0000 - 0x00007ff9963e4000 	C:\WINDOWS\System32\SHELL32.dll
0x00007ff991d50000 - 0x00007ff9924e4000 	C:\WINDOWS\SYSTEM32\windows.storage.dll
0x00007ff995820000 - 0x00007ff995b75000 	C:\WINDOWS\System32\combase.dll
0x00007ff9936b0000 - 0x00007ff9936de000 	C:\WINDOWS\SYSTEM32\Wldp.dll
0x00007ff9946f0000 - 0x00007ff99479d000 	C:\WINDOWS\System32\SHCORE.dll
0x00007ff994690000 - 0x00007ff9946e5000 	C:\WINDOWS\System32\shlwapi.dll
0x00007ff993ba0000 - 0x00007ff993bbf000 	C:\WINDOWS\SYSTEM32\profapi.dll
0x00007ff970d20000 - 0x00007ff970d39000 	E:\Java\jdk-17.0.1\bin\net.dll
0x00007ff98a5c0000 - 0x00007ff98a6cc000 	C:\WINDOWS\SYSTEM32\WINHTTP.dll
0x00007ff993410000 - 0x00007ff99347a000 	C:\WINDOWS\system32\mswsock.dll
0x00007ff96eb90000 - 0x00007ff96eba5000 	E:\Java\jdk-17.0.1\bin\nio.dll
0x00007ff964e60000 - 0x00007ff964e78000 	E:\Java\jdk-17.0.1\bin\zip.dll
0x0000000069ac0000 - 0x0000000069ae4000 	E:\Maven\apache-maven-3.8.4\lib\jansi-native\Windows\x86_64\jansi.dll
0x00007ff97e200000 - 0x00007ff97e210000 	E:\Java\jdk-17.0.1\bin\verify.dll

dbghelp: loaded successfully - version: 4.0.5 - missing functions: none
symbol engine: initialized successfully - sym options: 0x614 - pdb path: .;E:\Java\jdk-17.0.1\bin;C:\WINDOWS\SYSTEM32;C:\WINDOWS\WinSxS\amd64_microsoft.windows.common-controls_6595b64144ccf1df_6.0.19041.1110_none_60b5254171f9507e;E:\Java\jdk-17.0.1\bin\server;E:\Maven\apache-maven-3.8.4\lib\jansi-native\Windows\x86_64

VM Arguments:
jvm_args: -Dclassworlds.conf=E:\Maven\apache-maven-3.8.4\bin\m2.conf -Dmaven.home=E:\Maven\apache-maven-3.8.4 -Dlibrary.jansi.path=E:\Maven\apache-maven-3.8.4\lib\jansi-native -Dmaven.multiModuleProjectDirectory=E:\SHRDC\DL4JRA\server 
java_command: org.codehaus.plexus.classworlds.launcher.Launcher spring-boot:run
java_class_path (initial): E:\Maven\apache-maven-3.8.4\boot\plexus-classworlds-2.6.0.jar
Launcher Type: SUN_STANDARD

[Global flags]
     intx CICompilerCount                          = 4                                         {product} {ergonomic}
     uint ConcGCThreads                            = 3                                         {product} {ergonomic}
     uint G1ConcRefinementThreads                  = 10                                        {product} {ergonomic}
   size_t G1HeapRegionSize                         = 2097152                                   {product} {ergonomic}
    uintx GCDrainStackTargetSize                   = 64                                        {product} {ergonomic}
   size_t InitialHeapSize                          = 199229440                                 {product} {ergonomic}
   size_t MarkStackSize                            = 4194304                                   {product} {ergonomic}
   size_t MaxHeapSize                              = 3181379584                                {product} {ergonomic}
   size_t MaxNewSize                               = 1908408320                                {product} {ergonomic}
   size_t MinHeapDeltaBytes                        = 2097152                                   {product} {ergonomic}
   size_t MinHeapSize                              = 8388608                                   {product} {ergonomic}
    uintx NonNMethodCodeHeapSize                   = 5839372                                {pd product} {ergonomic}
    uintx NonProfiledCodeHeapSize                  = 122909434                              {pd product} {ergonomic}
    uintx ProfiledCodeHeapSize                     = 122909434                              {pd product} {ergonomic}
    uintx ReservedCodeCacheSize                    = 251658240                              {pd product} {ergonomic}
     bool SegmentedCodeCache                       = true                                      {product} {ergonomic}
   size_t SoftMaxHeapSize                          = 3181379584                             {manageable} {ergonomic}
     bool UseCompressedClassPointers               = true                           {product lp64_product} {ergonomic}
     bool UseCompressedOops                        = true                           {product lp64_product} {ergonomic}
     bool UseG1GC                                  = true                                      {product} {ergonomic}
     bool UseLargePagesIndividualAllocation        = false                                  {pd product} {ergonomic}

Logging:
Log output configuration:
 #0: stdout all=warning uptime,level,tags
 #1: stderr all=off uptime,level,tags

Environment Variables:
CLASSPATH=C:\Program Files\Java\jre1.8.0_301\lib
PATH=C:\Program Files\Common Files\Oracle\Java\javapath;C:\Program Files (x86)\Common Files\Oracle\Java\javapath;C:\Program Files\NVIDIA GPU Computing Toolkit\CUDA\v11.2\bin;C:\Program Files\NVIDIA GPU Computing Toolkit\CUDA\v11.2\libnvvp;C:\Program Files\NVIDIA GPU Computing Toolkit\CUDA\v11.5\bin;C:\Program Files\NVIDIA GPU Computing Toolkit\CUDA\v11.5\libnvvp;C:\Windows\system32;C:\Windows;C:\Windows\System32\Wbem;C:\Windows\System32\WindowsPowerShell\v1.0\;C:\Windows\System32\OpenSSH\;C:\Program Files (x86)\NVIDIA Corporation\PhysX\Common;C:\Program Files\NVIDIA Corporation\NVIDIA NvDLISR;C:\WINDOWS\system32;C:\WINDOWS;C:\WINDOWS\System32\Wbem;C:\WINDOWS\System32\WindowsPowerShell\v1.0\;C:\WINDOWS\System32\OpenSSH\;E:\Git\cmd;E:\Node js\;E:\Maven\apache-maven-3.8.4\bin;C:\Program Files\Java\jre1.8.0_301\bin;E:\zlib\dll_x64;C:\Program Files\NVIDIA Corporation\Nsight Compute 2020.3.0\;C:\Program Files\Java\jre1.8.0_301\bin;E:\Microsoft VS Code\bin;E:\zlib\dll_x64;
USERNAME=User
OS=Windows_NT
PROCESSOR_IDENTIFIER=Intel64 Family 6 Model 158 Stepping 10, GenuineIntel



---------------  S Y S T E M  ---------------

OS:
 Windows 10 , 64 bit Build 19041 (10.0.19041.1348)
OS uptime: 1 days 21:27 hours

CPU: total 12 (initial active 12) (6 cores per cpu, 2 threads per core) family 6 model 158 stepping 10 microcode 0xb4, cx8, cmov, fxsr, ht, mmx, 3dnowpref, sse, sse2, sse3, ssse3, sse4.1, sse4.2, popcnt, lzcnt, tsc, tscinvbit, avx, avx2, aes, erms, clmul, bmi1, bmi2, adx, fma, vzeroupper, clflush, clflushopt

Memory: 4k page, system-wide physical 12131M (4323M free)
TotalPageFile size 27422M (AvailPageFile size 3M)
current process WorkingSet (physical memory assigned to process): 267M, peak: 275M
current process commit charge ("private bytes"): 345M, peak: 355M

vm_info: Java HotSpot(TM) 64-Bit Server VM (17.0.1+12-LTS-39) for windows-amd64 JRE (17.0.1+12-LTS-39), built on Sep 27 2021 18:41:35 by "mach5one" with MS VC++ 16.8 (VS2019)

END.
