#
# There is insufficient memory for the Java Runtime Environment to continue.
# Native memory allocation (malloc) failed to allocate 32784 bytes for Chunk::new
# Possible reasons:
#   The system is out of physical RAM or swap space
#   The process is running with CompressedOops enabled, and the Java Heap may be blocking the growth of the native heap
# Possible solutions:
#   Reduce memory load on the system
#   Increase physical memory or swap space
#   Check if swap backing store is full
#   Decrease Java heap size (-Xmx/-Xms)
#   Decrease number of Java threads
#   Decrease Java thread stack sizes (-Xss)
#   Set larger code cache with -XX:ReservedCodeCacheSize=
#   JVM is running with Zero Based Compressed Oops mode in which the Java heap is
#     placed in the first 32GB address space. The Java Heap base address is the
#     maximum limit for the native heap growth. Please use -XX:HeapBaseMinAddress
#     to set the Java Heap base and to place the Java Heap above 32GB virtual address.
# This output file may be truncated or incomplete.
#
#  Out of Memory Error (allocation.cpp:389), pid=10012, tid=0x00000000000048dc
#
# JRE version: Java(TM) SE Runtime Environment (8.0_301-b09) (build 1.8.0_301-b09)
# Java VM: Java HotSpot(TM) 64-Bit Server VM (25.301-b09 mixed mode windows-amd64 compressed oops)
# Failed to write core dump. Minidumps are not enabled by default on client versions of Windows
#

---------------  T H R E A D  ---------------

Current thread (0x0000023039295800):  JavaThread "C2 CompilerThread1" daemon [_thread_in_native, id=18652, stack(0x000000a226100000,0x000000a226200000)]

Stack: [0x000000a226100000,0x000000a226200000]
Native frames: (J=compiled Java code, j=interpreted, Vv=VM code, C=native code)
V  [jvm.dll+0x32ed79]
V  [jvm.dll+0x275722]
V  [jvm.dll+0x2763cd]
V  [jvm.dll+0x26ce05]
V  [jvm.dll+0xd551c]
V  [jvm.dll+0xd5d1c]
V  [jvm.dll+0xd586d]
V  [jvm.dll+0x4c656f]
V  [jvm.dll+0x48d9a1]
V  [jvm.dll+0x4421d0]
V  [jvm.dll+0x43fee4]
V  [jvm.dll+0x42ae57]
V  [jvm.dll+0xac1bb]
V  [jvm.dll+0xaa81b]
V  [jvm.dll+0x23ddc2]
V  [jvm.dll+0x2923dc]
C  [ucrtbase.dll+0x21bb2]
C  [KERNEL32.DLL+0x17034]
C  [ntdll.dll+0x52651]


Current CompileTask:
C2:   2188  883       4       java.net.URLStreamHandler::parseURL (1193 bytes)


---------------  P R O C E S S  ---------------

Java Threads: ( => current thread )
  0x000002303a122000 JavaThread "JavaCPP Deallocator" daemon [_thread_blocked, id=10636, stack(0x000000a226600000,0x000000a226700000)]
  0x000002303933d000 JavaThread "Service Thread" daemon [_thread_blocked, id=4696, stack(0x000000a226400000,0x000000a226500000)]
  0x00000230392a4000 JavaThread "C1 CompilerThread3" daemon [_thread_blocked, id=11800, stack(0x000000a226300000,0x000000a226400000)]
  0x0000023039299800 JavaThread "C2 CompilerThread2" daemon [_thread_blocked, id=10584, stack(0x000000a226200000,0x000000a226300000)]
=>0x0000023039295800 JavaThread "C2 CompilerThread1" daemon [_thread_in_native, id=18652, stack(0x000000a226100000,0x000000a226200000)]
  0x0000023039293000 JavaThread "C2 CompilerThread0" daemon [_thread_blocked, id=14732, stack(0x000000a226000000,0x000000a226100000)]
  0x0000023039291800 JavaThread "Monitor Ctrl-Break" daemon [_thread_in_native, id=10788, stack(0x000000a225f00000,0x000000a226000000)]
  0x0000023039282800 JavaThread "Attach Listener" daemon [_thread_blocked, id=9820, stack(0x000000a225e00000,0x000000a225f00000)]
  0x0000023036dd9800 JavaThread "Signal Dispatcher" daemon [_thread_blocked, id=18724, stack(0x000000a225d00000,0x000000a225e00000)]
  0x0000023036d8d800 JavaThread "Finalizer" daemon [_thread_blocked, id=19296, stack(0x000000a225c00000,0x000000a225d00000)]
  0x0000023036d86000 JavaThread "Reference Handler" daemon [_thread_blocked, id=12424, stack(0x000000a225b00000,0x000000a225c00000)]
  0x000002301e755000 JavaThread "main" [_thread_in_native, id=18504, stack(0x000000a224f00000,0x000000a225000000)]

Other Threads:
  0x0000023036d56000 VMThread [stack: 0x000000a225a00000,0x000000a225b00000] [id=4728]
  0x0000023039357000 WatcherThread [stack: 0x000000a226500000,0x000000a226600000] [id=6052]

VM state:not at safepoint (normal execution)

VM Mutex/Monitor currently owned by a thread: None

heap address: 0x0000000702600000, size: 3034 MB, Compressed Oops mode: Zero based, Oop shift amount: 3
Narrow klass base: 0x0000000000000000, Narrow klass shift: 3
Compressed class space size: 1073741824 Address: 0x00000007c0000000

Heap:
 PSYoungGen      total 103424K, used 4123K [0x0000000780d00000, 0x0000000787c00000, 0x00000007c0000000)
  eden space 95744K, 4% used [0x0000000780d00000,0x0000000781106e38,0x0000000786a80000)
  from space 7680K, 0% used [0x0000000787480000,0x0000000787480000,0x0000000787c00000)
  to   space 7680K, 0% used [0x0000000786a80000,0x0000000786a80000,0x0000000787200000)
 ParOldGen       total 109568K, used 21403K [0x0000000702600000, 0x0000000709100000, 0x0000000780d00000)
  object space 109568K, 19% used [0x0000000702600000,0x0000000703ae6fe8,0x0000000709100000)
 Metaspace       used 12536K, capacity 12724K, committed 12800K, reserved 1062912K
  class space    used 950K, capacity 981K, committed 1024K, reserved 1048576K

Card table byte_map: [0x000002302f400000,0x000002302f9f0000] byte_map_base: 0x000002302bbed000

Marking Bits: (ParMarkBitMap*) 0x000000005def7fe0
 Begin Bits: [0x000002302fdf0000, 0x0000023032d58000)
 End Bits:   [0x0000023032d58000, 0x0000023035cc0000)

Polling page: 0x000002301e700000

CodeCache: size=245760Kb used=4721Kb max_used=4741Kb free=241038Kb
 bounds [0x0000023020040000, 0x00000230204f0000, 0x000002302f040000]
 total_blobs=1762 nmethods=902 adapters=773
 compilation: enabled

Compilation events (10 events):
Event: 2.138 Thread 0x00000230392a4000  898       3       java.util.zip.ZipFile$ZipFileInflaterInputStream::finalize (5 bytes)
Event: 2.138 Thread 0x00000230392a4000 nmethod 898 0x00000230204d3fd0 code [0x00000230204d4140, 0x00000230204d42d0]
Event: 2.138 Thread 0x00000230392a4000  893       3       java.lang.ClassLoader::defineClassSourceLocation (28 bytes)
Event: 2.139 Thread 0x00000230392a4000 nmethod 893 0x00000230204d4350 code [0x00000230204d44e0, 0x00000230204d4b30]
Event: 2.139 Thread 0x00000230392a4000  894       3       sun.misc.URLClassPath$JarLoader$2::getCodeSourceURL (8 bytes)
Event: 2.139 Thread 0x00000230392a4000 nmethod 894 0x00000230204d4d10 code [0x00000230204d4e60, 0x00000230204d4fd8]
Event: 2.139 Thread 0x00000230392a4000  895       3       sun.misc.URLClassPath$JarLoader$2::getManifest (26 bytes)
Event: 2.139 Thread 0x00000230392a4000 nmethod 895 0x00000230204d5090 code [0x00000230204d5240, 0x00000230204d5790]
Event: 2.139 Thread 0x00000230392a4000  896       3       java.util.jar.JavaUtilJarAccessImpl::ensureInitialization (5 bytes)
Event: 2.139 Thread 0x00000230392a4000 nmethod 896 0x00000230204d59d0 code [0x00000230204d5b40, 0x00000230204d5d50]

GC Heap History (10 events):
Event: 0.813 GC heap before
{Heap before GC invocations=1 (full 0):
 PSYoungGen      total 56832K, used 49152K [0x0000000780d00000, 0x0000000784c00000, 0x00000007c0000000)
  eden space 49152K, 100% used [0x0000000780d00000,0x0000000783d00000,0x0000000783d00000)
  from space 7680K, 0% used [0x0000000784480000,0x0000000784480000,0x0000000784c00000)
  to   space 7680K, 0% used [0x0000000783d00000,0x0000000783d00000,0x0000000784480000)
 ParOldGen       total 130048K, used 0K [0x0000000702600000, 0x000000070a500000, 0x0000000780d00000)
  object space 130048K, 0% used [0x0000000702600000,0x0000000702600000,0x000000070a500000)
 Metaspace       used 6867K, capacity 7020K, committed 7168K, reserved 1056768K
  class space    used 687K, capacity 724K, committed 768K, reserved 1048576K
Event: 0.825 GC heap after
Heap after GC invocations=1 (full 0):
 PSYoungGen      total 56832K, used 5477K [0x0000000780d00000, 0x0000000787c00000, 0x00000007c0000000)
  eden space 49152K, 0% used [0x0000000780d00000,0x0000000780d00000,0x0000000783d00000)
  from space 7680K, 71% used [0x0000000783d00000,0x00000007842595d0,0x0000000784480000)
  to   space 7680K, 0% used [0x0000000787480000,0x0000000787480000,0x0000000787c00000)
 ParOldGen       total 130048K, used 16392K [0x0000000702600000, 0x000000070a500000, 0x0000000780d00000)
  object space 130048K, 12% used [0x0000000702600000,0x0000000703602020,0x000000070a500000)
 Metaspace       used 6867K, capacity 7020K, committed 7168K, reserved 1056768K
  class space    used 687K, capacity 724K, committed 768K, reserved 1048576K
}
Event: 1.598 GC heap before
{Heap before GC invocations=2 (full 0):
 PSYoungGen      total 56832K, used 54629K [0x0000000780d00000, 0x0000000787c00000, 0x00000007c0000000)
  eden space 49152K, 100% used [0x0000000780d00000,0x0000000783d00000,0x0000000783d00000)
  from space 7680K, 71% used [0x0000000783d00000,0x00000007842595d0,0x0000000784480000)
  to   space 7680K, 0% used [0x0000000787480000,0x0000000787480000,0x0000000787c00000)
 ParOldGen       total 130048K, used 16392K [0x0000000702600000, 0x000000070a500000, 0x0000000780d00000)
  object space 130048K, 12% used [0x0000000702600000,0x0000000703602020,0x000000070a500000)
 Metaspace       used 11077K, capacity 11252K, committed 11392K, reserved 1060864K
  class space    used 742K, capacity 789K, committed 896K, reserved 1048576K
Event: 1.601 GC heap after
Heap after GC invocations=2 (full 0):
 PSYoungGen      total 54272K, used 4608K [0x0000000780d00000, 0x0000000787980000, 0x00000007c0000000)
  eden space 49152K, 0% used [0x0000000780d00000,0x0000000780d00000,0x0000000783d00000)
  from space 5120K, 90% used [0x0000000787480000,0x0000000787900168,0x0000000787980000)
  to   space 7680K, 0% used [0x0000000786a80000,0x0000000786a80000,0x0000000787200000)
 ParOldGen       total 130048K, used 16400K [0x0000000702600000, 0x000000070a500000, 0x0000000780d00000)
  object space 130048K, 12% used [0x0000000702600000,0x0000000703604020,0x000000070a500000)
 Metaspace       used 11077K, capacity 11252K, committed 11392K, reserved 1060864K
  class space    used 742K, capacity 789K, committed 896K, reserved 1048576K
}
Event: 1.769 GC heap before
{Heap before GC invocations=3 (full 0):
 PSYoungGen      total 54272K, used 53760K [0x0000000780d00000, 0x0000000787980000, 0x00000007c0000000)
  eden space 49152K, 100% used [0x0000000780d00000,0x0000000783d00000,0x0000000783d00000)
  from space 5120K, 90% used [0x0000000787480000,0x0000000787900168,0x0000000787980000)
  to   space 7680K, 0% used [0x0000000786a80000,0x0000000786a80000,0x0000000787200000)
 ParOldGen       total 130048K, used 16400K [0x0000000702600000, 0x000000070a500000, 0x0000000780d00000)
  object space 130048K, 12% used [0x0000000702600000,0x0000000703604020,0x000000070a500000)
 Metaspace       used 11102K, capacity 11316K, committed 11648K, reserved 1060864K
  class space    used 742K, capacity 789K, committed 896K, reserved 1048576K
Event: 1.772 GC heap after
Heap after GC invocations=3 (full 0):
 PSYoungGen      total 103424K, used 4404K [0x0000000780d00000, 0x0000000787c00000, 0x00000007c0000000)
  eden space 95744K, 0% used [0x0000000780d00000,0x0000000780d00000,0x0000000786a80000)
  from space 7680K, 57% used [0x0000000786a80000,0x0000000786ecd3e0,0x0000000787200000)
  to   space 7680K, 0% used [0x0000000787480000,0x0000000787480000,0x0000000787c00000)
 ParOldGen       total 130048K, used 16408K [0x0000000702600000, 0x000000070a500000, 0x0000000780d00000)
  object space 130048K, 12% used [0x0000000702600000,0x0000000703606020,0x000000070a500000)
 Metaspace       used 11102K, capacity 11316K, committed 11648K, reserved 1060864K
  class space    used 742K, capacity 789K, committed 896K, reserved 1048576K
}
Event: 2.117 GC heap before
{Heap before GC invocations=4 (full 0):
 PSYoungGen      total 103424K, used 38282K [0x0000000780d00000, 0x0000000787c00000, 0x00000007c0000000)
  eden space 95744K, 35% used [0x0000000780d00000,0x0000000782e15428,0x0000000786a80000)
  from space 7680K, 57% used [0x0000000786a80000,0x0000000786ecd3e0,0x0000000787200000)
  to   space 7680K, 0% used [0x0000000787480000,0x0000000787480000,0x0000000787c00000)
 ParOldGen       total 130048K, used 16408K [0x0000000702600000, 0x000000070a500000, 0x0000000780d00000)
  object space 130048K, 12% used [0x0000000702600000,0x0000000703606020,0x000000070a500000)
 Metaspace       used 12277K, capacity 12436K, committed 12544K, reserved 1064960K
  class space    used 911K, capacity 949K, committed 1024K, reserved 1048576K
Event: 2.120 GC heap after
Heap after GC invocations=4 (full 0):
 PSYoungGen      total 103424K, used 5228K [0x0000000780d00000, 0x0000000787c00000, 0x00000007c0000000)
  eden space 95744K, 0% used [0x0000000780d00000,0x0000000780d00000,0x0000000786a80000)
  from space 7680K, 68% used [0x0000000787480000,0x000000078799b298,0x0000000787c00000)
  to   space 7680K, 0% used [0x0000000786a80000,0x0000000786a80000,0x0000000787200000)
 ParOldGen       total 130048K, used 16416K [0x0000000702600000, 0x000000070a500000, 0x0000000780d00000)
  object space 130048K, 12% used [0x0000000702600000,0x0000000703608020,0x000000070a500000)
 Metaspace       used 12277K, capacity 12436K, committed 12544K, reserved 1064960K
  class space    used 911K, capacity 949K, committed 1024K, reserved 1048576K
}
Event: 2.120 GC heap before
{Heap before GC invocations=5 (full 1):
 PSYoungGen      total 103424K, used 5228K [0x0000000780d00000, 0x0000000787c00000, 0x00000007c0000000)
  eden space 95744K, 0% used [0x0000000780d00000,0x0000000780d00000,0x0000000786a80000)
  from space 7680K, 68% used [0x0000000787480000,0x000000078799b298,0x0000000787c00000)
  to   space 7680K, 0% used [0x0000000786a80000,0x0000000786a80000,0x0000000787200000)
 ParOldGen       total 130048K, used 16416K [0x0000000702600000, 0x000000070a500000, 0x0000000780d00000)
  object space 130048K, 12% used [0x0000000702600000,0x0000000703608020,0x000000070a500000)
 Metaspace       used 12277K, capacity 12436K, committed 12544K, reserved 1064960K
  class space    used 911K, capacity 949K, committed 1024K, reserved 1048576K
Event: 2.137 GC heap after
Heap after GC invocations=5 (full 1):
 PSYoungGen      total 103424K, used 0K [0x0000000780d00000, 0x0000000787c00000, 0x00000007c0000000)
  eden space 95744K, 0% used [0x0000000780d00000,0x0000000780d00000,0x0000000786a80000)
  from space 7680K, 0% used [0x0000000787480000,0x0000000787480000,0x0000000787c00000)
  to   space 7680K, 0% used [0x0000000786a80000,0x0000000786a80000,0x0000000787200000)
 ParOldGen       total 109568K, used 21403K [0x0000000702600000, 0x0000000709100000, 0x0000000780d00000)
  object space 109568K, 19% used [0x0000000702600000,0x0000000703ae6fe8,0x0000000709100000)
 Metaspace       used 12277K, capacity 12436K, committed 12544K, reserved 1062912K
  class space    used 911K, capacity 949K, committed 1024K, reserved 1048576K
}

Deoptimization events (7 events):
Event: 0.693 Thread 0x000002301e755000 Uncommon trap: reason=unstable_if action=reinterpret pc=0x000002302026b63c method=java.io.WinNTFileSystem.normalize(Ljava/lang/String;II)Ljava/lang/String; @ 8
Event: 0.698 Thread 0x000002301e755000 Uncommon trap: reason=unstable_if action=reinterpret pc=0x000002302024ad00 method=java.io.WinNTFileSystem.isLetter(C)Z @ 3
Event: 0.987 Thread 0x000002301e755000 Uncommon trap: reason=unstable_if action=reinterpret pc=0x0000023020383c78 method=java.io.WinNTFileSystem.normalize(Ljava/lang/String;)Ljava/lang/String; @ 128
Event: 0.988 Thread 0x000002301e755000 Uncommon trap: reason=unstable_if action=reinterpret pc=0x000002302036d5a8 method=java.io.WinNTFileSystem.prefixLength(Ljava/lang/String;)I @ 42
Event: 0.994 Thread 0x000002301e755000 Uncommon trap: reason=unstable_if action=reinterpret pc=0x0000023020325a04 method=java.lang.String$CaseInsensitiveComparator.compare(Ljava/lang/String;Ljava/lang/String;)I @ 49
Event: 1.021 Thread 0x000002301e755000 Uncommon trap: reason=unstable_if action=reinterpret pc=0x000002302031db34 method=java.lang.String$CaseInsensitiveComparator.compare(Ljava/lang/String;Ljava/lang/String;)I @ 49
Event: 1.878 Thread 0x000002301e755000 Uncommon trap: reason=unstable_if action=reinterpret pc=0x000002302046bac8 method=sun.misc.URLClassPath$1.next()Z @ 56

Classes redefined (0 events):
No events

Internal exceptions (10 events):
Event: 2.017 Thread 0x000002301e755000 Exception <a 'sun/nio/fs/WindowsException'> (0x0000000782300788) thrown at [C:\jenkins\workspace\8-2-build-windows-amd64-cygwin\jdk8u301\1513\hotspot\src\share\vm\prims\jni.cpp, line 710]
Event: 2.018 Thread 0x000002301e755000 Exception <a 'sun/nio/fs/WindowsException'> (0x0000000782302020) thrown at [C:\jenkins\workspace\8-2-build-windows-amd64-cygwin\jdk8u301\1513\hotspot\src\share\vm\prims\jni.cpp, line 710]
Event: 2.019 Thread 0x000002301e755000 Exception <a 'sun/nio/fs/WindowsException'> (0x00000007823038a0) thrown at [C:\jenkins\workspace\8-2-build-windows-amd64-cygwin\jdk8u301\1513\hotspot\src\share\vm\prims\jni.cpp, line 710]
Event: 2.019 Thread 0x000002301e755000 Exception <a 'sun/nio/fs/WindowsException'> (0x0000000782305198) thrown at [C:\jenkins\workspace\8-2-build-windows-amd64-cygwin\jdk8u301\1513\hotspot\src\share\vm\prims\jni.cpp, line 710]
Event: 2.021 Thread 0x000002301e755000 Exception <a 'sun/nio/fs/WindowsException'> (0x0000000782306838) thrown at [C:\jenkins\workspace\8-2-build-windows-amd64-cygwin\jdk8u301\1513\hotspot\src\share\vm\prims\jni.cpp, line 710]
Event: 2.021 Thread 0x000002301e755000 Exception <a 'sun/nio/fs/WindowsException'> (0x0000000782307f38) thrown at [C:\jenkins\workspace\8-2-build-windows-amd64-cygwin\jdk8u301\1513\hotspot\src\share\vm\prims\jni.cpp, line 710]
Event: 2.022 Thread 0x000002301e755000 Exception <a 'sun/nio/fs/WindowsException'> (0x00000007823095d8) thrown at [C:\jenkins\workspace\8-2-build-windows-amd64-cygwin\jdk8u301\1513\hotspot\src\share\vm\prims\jni.cpp, line 710]
Event: 2.022 Thread 0x000002301e755000 Exception <a 'sun/nio/fs/WindowsException'> (0x000000078230ac90) thrown at [C:\jenkins\workspace\8-2-build-windows-amd64-cygwin\jdk8u301\1513\hotspot\src\share\vm\prims\jni.cpp, line 710]
Event: 2.023 Thread 0x000002301e755000 Exception <a 'sun/nio/fs/WindowsException'> (0x000000078230c330) thrown at [C:\jenkins\workspace\8-2-build-windows-amd64-cygwin\jdk8u301\1513\hotspot\src\share\vm\prims\jni.cpp, line 710]
Event: 2.024 Thread 0x000002301e755000 Exception <a 'sun/nio/fs/WindowsException'> (0x000000078230da98) thrown at [C:\jenkins\workspace\8-2-build-windows-amd64-cygwin\jdk8u301\1513\hotspot\src\share\vm\prims\jni.cpp, line 710]

Events (10 events):
Event: 2.142 loading class org/bytedeco/opencv/opencv_core/Size2d
Event: 2.142 loading class org/bytedeco/opencv/opencv_core/Size2d done
Event: 2.142 loading class org/bytedeco/opencv/opencv_core/Rect2dVector$Iterator
Event: 2.142 loading class org/bytedeco/opencv/opencv_core/Rect2dVector$Iterator done
Event: 2.142 loading class org/bytedeco/opencv/opencv_core/Rect2dVector
Event: 2.142 loading class org/bytedeco/opencv/opencv_core/Rect2dVector done
Event: 2.143 loading class org/bytedeco/opencv/opencv_core/Rect2f
Event: 2.143 loading class org/bytedeco/opencv/opencv_core/Rect2f done
Event: 2.143 loading class org/bytedeco/opencv/opencv_core/Size2f
Event: 2.143 loading class org/bytedeco/opencv/opencv_core/Size2f done


Dynamic libraries:
0x00007ff7e6e10000 - 0x00007ff7e6e57000 	E:\Java\jdk1.8.0_301\bin\java.exe
0x00007ffbc6070000 - 0x00007ffbc6265000 	C:\WINDOWS\SYSTEM32\ntdll.dll
0x00007ffbc4240000 - 0x00007ffbc42fe000 	C:\WINDOWS\System32\KERNEL32.DLL
0x00007ffbc3cf0000 - 0x00007ffbc3fb8000 	C:\WINDOWS\System32\KERNELBASE.dll
0x00007ffbc5ba0000 - 0x00007ffbc5c4e000 	C:\WINDOWS\System32\ADVAPI32.dll
0x00007ffbc5e60000 - 0x00007ffbc5efe000 	C:\WINDOWS\System32\msvcrt.dll
0x00007ffbc4a40000 - 0x00007ffbc4adc000 	C:\WINDOWS\System32\sechost.dll
0x00007ffbc43d0000 - 0x00007ffbc44f5000 	C:\WINDOWS\System32\RPCRT4.dll
0x00007ffbc4bc0000 - 0x00007ffbc4d60000 	C:\WINDOWS\System32\USER32.dll
0x00007ffbc3ae0000 - 0x00007ffbc3b02000 	C:\WINDOWS\System32\win32u.dll
0x00007ffbc45b0000 - 0x00007ffbc45db000 	C:\WINDOWS\System32\GDI32.dll
0x00007ffbc3780000 - 0x00007ffbc388d000 	C:\WINDOWS\System32\gdi32full.dll
0x00007ffbc3890000 - 0x00007ffbc392d000 	C:\WINDOWS\System32\msvcp_win.dll
0x00007ffbc3bf0000 - 0x00007ffbc3cf0000 	C:\WINDOWS\System32\ucrtbase.dll
0x00007ffbad2c0000 - 0x00007ffbad55a000 	C:\WINDOWS\WinSxS\amd64_microsoft.windows.common-controls_6595b64144ccf1df_6.0.19041.1110_none_60b5254171f9507e\COMCTL32.dll
0x00007ffbc4690000 - 0x00007ffbc46c0000 	C:\WINDOWS\System32\IMM32.DLL
0x00007ffbab530000 - 0x00007ffbab545000 	E:\Java\jdk1.8.0_301\jre\bin\vcruntime140.dll
0x00007ffb9cbf0000 - 0x00007ffb9cc8b000 	E:\Java\jdk1.8.0_301\jre\bin\msvcp140.dll
0x000000005d710000 - 0x000000005df70000 	E:\Java\jdk1.8.0_301\jre\bin\server\jvm.dll
0x00007ffbc4a30000 - 0x00007ffbc4a38000 	C:\WINDOWS\System32\PSAPI.DLL
0x00007ffbbdf60000 - 0x00007ffbbdf69000 	C:\WINDOWS\SYSTEM32\WSOCK32.dll
0x00007ffbab7a0000 - 0x00007ffbab7c7000 	C:\WINDOWS\SYSTEM32\WINMM.dll
0x00007ffbc51e0000 - 0x00007ffbc524b000 	C:\WINDOWS\System32\WS2_32.dll
0x00007ffbbb360000 - 0x00007ffbbb36a000 	C:\WINDOWS\SYSTEM32\VERSION.dll
0x00007ffbc1670000 - 0x00007ffbc1682000 	C:\WINDOWS\SYSTEM32\kernel.appcore.dll
0x00007ffbb3330000 - 0x00007ffbb3340000 	E:\Java\jdk1.8.0_301\jre\bin\verify.dll
0x00007ffbab500000 - 0x00007ffbab52b000 	E:\Java\jdk1.8.0_301\jre\bin\java.dll
0x00007ffbbf5e0000 - 0x00007ffbbf610000 	E:\Java\jdk1.8.0_301\jre\bin\instrument.dll
0x00007ffbab4e0000 - 0x00007ffbab4f8000 	E:\Java\jdk1.8.0_301\jre\bin\zip.dll
0x00007ffbc52b0000 - 0x00007ffbc59f4000 	C:\WINDOWS\System32\SHELL32.dll
0x00007ffbc1870000 - 0x00007ffbc2004000 	C:\WINDOWS\SYSTEM32\windows.storage.dll
0x00007ffbc46c0000 - 0x00007ffbc4a15000 	C:\WINDOWS\System32\combase.dll
0x00007ffbc31d0000 - 0x00007ffbc31fe000 	C:\WINDOWS\SYSTEM32\Wldp.dll
0x00007ffbc45e0000 - 0x00007ffbc468d000 	C:\WINDOWS\System32\SHCORE.dll
0x00007ffbc5e00000 - 0x00007ffbc5e55000 	C:\WINDOWS\System32\shlwapi.dll
0x00007ffbc36c0000 - 0x00007ffbc36df000 	C:\WINDOWS\SYSTEM32\profapi.dll
0x00007ffbbf5c0000 - 0x00007ffbbf5da000 	C:\Program Files\JetBrains\IntelliJ IDEA Community Edition 2019.2.4\bin\breakgen64.dll
0x00007ffba8c50000 - 0x00007ffba8c6c000 	E:\Java\jdk1.8.0_301\jre\bin\net.dll
0x00007ffbc2f30000 - 0x00007ffbc2f9a000 	C:\WINDOWS\system32\mswsock.dll
0x000002303bf50000 - 0x000002303bf53000 	C:\Users\User\.javacpp\cache\javacpp-1.5.3-windows-x86_64.jar\org\bytedeco\javacpp\windows-x86_64\api-ms-win-crt-locale-l1-1-0.dll
0x00007ffba8c30000 - 0x00007ffba8c43000 	E:\Java\jdk1.8.0_301\jre\bin\nio.dll
0x000002303bf60000 - 0x000002303bf64000 	C:\Users\User\.javacpp\cache\javacpp-1.5.3-windows-x86_64.jar\org\bytedeco\javacpp\windows-x86_64\api-ms-win-crt-string-l1-1-0.dll
0x000002303bf70000 - 0x000002303bf74000 	C:\Users\User\.javacpp\cache\javacpp-1.5.3-windows-x86_64.jar\org\bytedeco\javacpp\windows-x86_64\api-ms-win-crt-stdio-l1-1-0.dll
0x000002303bf80000 - 0x000002303bf85000 	C:\Users\User\.javacpp\cache\javacpp-1.5.3-windows-x86_64.jar\org\bytedeco\javacpp\windows-x86_64\api-ms-win-crt-math-l1-1-0.dll
0x000002303bf90000 - 0x000002303bf93000 	C:\Users\User\.javacpp\cache\javacpp-1.5.3-windows-x86_64.jar\org\bytedeco\javacpp\windows-x86_64\api-ms-win-crt-heap-l1-1-0.dll
0x000002303bfa0000 - 0x000002303bfa4000 	C:\Users\User\.javacpp\cache\javacpp-1.5.3-windows-x86_64.jar\org\bytedeco\javacpp\windows-x86_64\api-ms-win-crt-runtime-l1-1-0.dll
0x000002303bfb0000 - 0x000002303bfb4000 	C:\Users\User\.javacpp\cache\javacpp-1.5.3-windows-x86_64.jar\org\bytedeco\javacpp\windows-x86_64\api-ms-win-crt-convert-l1-1-0.dll
0x000002303bfc0000 - 0x000002303bfc3000 	C:\Users\User\.javacpp\cache\javacpp-1.5.3-windows-x86_64.jar\org\bytedeco\javacpp\windows-x86_64\api-ms-win-crt-environment-l1-1-0.dll
0x000002303bfd0000 - 0x000002303bfd3000 	C:\Users\User\.javacpp\cache\javacpp-1.5.3-windows-x86_64.jar\org\bytedeco\javacpp\windows-x86_64\api-ms-win-crt-time-l1-1-0.dll
0x000002303bfe0000 - 0x000002303bfe3000 	C:\Users\User\.javacpp\cache\javacpp-1.5.3-windows-x86_64.jar\org\bytedeco\javacpp\windows-x86_64\api-ms-win-crt-filesystem-l1-1-0.dll
0x000002303bff0000 - 0x000002303bff3000 	C:\Users\User\.javacpp\cache\javacpp-1.5.3-windows-x86_64.jar\org\bytedeco\javacpp\windows-x86_64\api-ms-win-crt-utility-l1-1-0.dll
0x000002303c000000 - 0x000002303c005000 	C:\Users\User\.javacpp\cache\javacpp-1.5.3-windows-x86_64.jar\org\bytedeco\javacpp\windows-x86_64\api-ms-win-crt-multibyte-l1-1-0.dll
0x000002303c010000 - 0x000002303c013000 	C:\Users\User\.javacpp\cache\javacpp-1.5.3-windows-x86_64.jar\org\bytedeco\javacpp\windows-x86_64\api-ms-win-core-string-l1-1-0.dll
0x000002303c020000 - 0x000002303c023000 	C:\Users\User\.javacpp\cache\javacpp-1.5.3-windows-x86_64.jar\org\bytedeco\javacpp\windows-x86_64\api-ms-win-core-errorhandling-l1-1-0.dll
0x000002303c030000 - 0x000002303c033000 	C:\Users\User\.javacpp\cache\javacpp-1.5.3-windows-x86_64.jar\org\bytedeco\javacpp\windows-x86_64\api-ms-win-core-timezone-l1-1-0.dll
0x000002303c040000 - 0x000002303c044000 	C:\Users\User\.javacpp\cache\javacpp-1.5.3-windows-x86_64.jar\org\bytedeco\javacpp\windows-x86_64\api-ms-win-core-file-l1-1-0.dll
0x000002303c050000 - 0x000002303c053000 	C:\Users\User\.javacpp\cache\javacpp-1.5.3-windows-x86_64.jar\org\bytedeco\javacpp\windows-x86_64\api-ms-win-core-namedpipe-l1-1-0.dll
0x000002303c060000 - 0x000002303c063000 	C:\Users\User\.javacpp\cache\javacpp-1.5.3-windows-x86_64.jar\org\bytedeco\javacpp\windows-x86_64\api-ms-win-core-handle-l1-1-0.dll
0x000002303c070000 - 0x000002303c073000 	C:\Users\User\.javacpp\cache\javacpp-1.5.3-windows-x86_64.jar\org\bytedeco\javacpp\windows-x86_64\api-ms-win-core-file-l2-1-0.dll
0x000002303c080000 - 0x000002303c083000 	C:\Users\User\.javacpp\cache\javacpp-1.5.3-windows-x86_64.jar\org\bytedeco\javacpp\windows-x86_64\api-ms-win-core-heap-l1-1-0.dll
0x000002303c090000 - 0x000002303c093000 	C:\Users\User\.javacpp\cache\javacpp-1.5.3-windows-x86_64.jar\org\bytedeco\javacpp\windows-x86_64\api-ms-win-core-libraryloader-l1-1-0.dll
0x000002303c0a0000 - 0x000002303c0a3000 	C:\Users\User\.javacpp\cache\javacpp-1.5.3-windows-x86_64.jar\org\bytedeco\javacpp\windows-x86_64\api-ms-win-core-synch-l1-1-0.dll
0x000002303c0b0000 - 0x000002303c0b3000 	C:\Users\User\.javacpp\cache\javacpp-1.5.3-windows-x86_64.jar\org\bytedeco\javacpp\windows-x86_64\api-ms-win-core-processthreads-l1-1-0.dll
0x000002303c0c0000 - 0x000002303c0c3000 	C:\Users\User\.javacpp\cache\javacpp-1.5.3-windows-x86_64.jar\org\bytedeco\javacpp\windows-x86_64\api-ms-win-core-processenvironment-l1-1-0.dll
0x000002303c0d0000 - 0x000002303c0d3000 	C:\Users\User\.javacpp\cache\javacpp-1.5.3-windows-x86_64.jar\org\bytedeco\javacpp\windows-x86_64\api-ms-win-core-datetime-l1-1-0.dll
0x000002303c0e0000 - 0x000002303c0e3000 	C:\Users\User\.javacpp\cache\javacpp-1.5.3-windows-x86_64.jar\org\bytedeco\javacpp\windows-x86_64\api-ms-win-core-localization-l1-2-0.dll
0x000002303c0f0000 - 0x000002303c0f3000 	C:\Users\User\.javacpp\cache\javacpp-1.5.3-windows-x86_64.jar\org\bytedeco\javacpp\windows-x86_64\api-ms-win-core-sysinfo-l1-1-0.dll
0x000002303c100000 - 0x000002303c103000 	C:\Users\User\.javacpp\cache\javacpp-1.5.3-windows-x86_64.jar\org\bytedeco\javacpp\windows-x86_64\api-ms-win-core-synch-l1-2-0.dll
0x000002303c110000 - 0x000002303c113000 	C:\Users\User\.javacpp\cache\javacpp-1.5.3-windows-x86_64.jar\org\bytedeco\javacpp\windows-x86_64\api-ms-win-core-console-l1-1-0.dll
0x000002303c120000 - 0x000002303c123000 	C:\Users\User\.javacpp\cache\javacpp-1.5.3-windows-x86_64.jar\org\bytedeco\javacpp\windows-x86_64\api-ms-win-core-debug-l1-1-0.dll
0x000002303c130000 - 0x000002303c133000 	C:\Users\User\.javacpp\cache\javacpp-1.5.3-windows-x86_64.jar\org\bytedeco\javacpp\windows-x86_64\api-ms-win-core-rtlsupport-l1-1-0.dll
0x000002303c140000 - 0x000002303c143000 	C:\Users\User\.javacpp\cache\javacpp-1.5.3-windows-x86_64.jar\org\bytedeco\javacpp\windows-x86_64\api-ms-win-core-processthreads-l1-1-1.dll
0x000002303c150000 - 0x000002303c153000 	C:\Users\User\.javacpp\cache\javacpp-1.5.3-windows-x86_64.jar\org\bytedeco\javacpp\windows-x86_64\api-ms-win-core-file-l1-2-0.dll
0x000002303c160000 - 0x000002303c163000 	C:\Users\User\.javacpp\cache\javacpp-1.5.3-windows-x86_64.jar\org\bytedeco\javacpp\windows-x86_64\api-ms-win-core-profile-l1-1-0.dll
0x000002303c170000 - 0x000002303c173000 	C:\Users\User\.javacpp\cache\javacpp-1.5.3-windows-x86_64.jar\org\bytedeco\javacpp\windows-x86_64\api-ms-win-core-memory-l1-1-0.dll
0x000002303c180000 - 0x000002303c183000 	C:\Users\User\.javacpp\cache\javacpp-1.5.3-windows-x86_64.jar\org\bytedeco\javacpp\windows-x86_64\api-ms-win-core-util-l1-1-0.dll
0x000002303c190000 - 0x000002303c193000 	C:\Users\User\.javacpp\cache\javacpp-1.5.3-windows-x86_64.jar\org\bytedeco\javacpp\windows-x86_64\api-ms-win-core-interlocked-l1-1-0.dll
0x00007ffb6a420000 - 0x00007ffb6a51a000 	C:\Users\User\.javacpp\cache\javacpp-1.5.3-windows-x86_64.jar\org\bytedeco\javacpp\windows-x86_64\ucrtbase.dll
0x00007ffbabd00000 - 0x00007ffbabd15000 	C:\Users\User\.javacpp\cache\javacpp-1.5.3-windows-x86_64.jar\org\bytedeco\javacpp\windows-x86_64\vcruntime140.dll
0x00007ffba6320000 - 0x00007ffba63bb000 	C:\Users\User\.javacpp\cache\javacpp-1.5.3-windows-x86_64.jar\org\bytedeco\javacpp\windows-x86_64\msvcp140.dll
0x00007ffbaa240000 - 0x00007ffbaa291000 	C:\Users\User\.javacpp\cache\javacpp-1.5.3-windows-x86_64.jar\org\bytedeco\javacpp\windows-x86_64\concrt140.dll
0x00007ffbabcd0000 - 0x00007ffbabcf7000 	C:\Users\User\.javacpp\cache\javacpp-1.5.3-windows-x86_64.jar\org\bytedeco\javacpp\windows-x86_64\vcomp140.dll
0x00007ffbace40000 - 0x00007ffbace4e000 	C:\Users\User\.javacpp\cache\javacpp-1.5.3-windows-x86_64.jar\org\bytedeco\javacpp\windows-x86_64\jnijavacpp.dll
0x000000006d7c0000 - 0x000000006f337000 	C:\Users\User\.javacpp\cache\openblas-0.3.9-1-1.5.3-windows-x86_64.jar\org\bytedeco\openblas\windows-x86_64\libopenblas_nolapack.dll
0x00007ffb917f0000 - 0x00007ffb9184a000 	C:\Users\User\.javacpp\cache\openblas-0.3.9-1-1.5.3-windows-x86_64.jar\org\bytedeco\openblas\windows-x86_64\jniopenblas_nolapack.dll
0x00000000004f0000 - 0x0000000002067000 	C:\Users\User\.javacpp\cache\openblas-0.3.9-1-1.5.3-windows-x86_64.jar\org\bytedeco\openblas\windows-x86_64\libopenblas.dll
0x00007ffb34830000 - 0x00007ffb35c1d000 	C:\Users\User\.javacpp\cache\openblas-0.3.9-1-1.5.3-windows-x86_64.jar\org\bytedeco\openblas\windows-x86_64\jniopenblas.dll
0x00007ffb22770000 - 0x00007ffb2db0a000 	C:\Program Files\NVIDIA GPU Computing Toolkit\CUDA\v11.2\bin\cufft64_10.dll
0x00007ffb3e040000 - 0x00007ffb3e442000 	C:\Users\User\.javacpp\cache\opencv-4.3.0-1.5.3-windows-x86_64.jar\org\bytedeco\opencv\windows-x86_64\opencv_core430.dll
0x00007ffb34210000 - 0x00007ffb3482d000 	C:\Users\User\.javacpp\cache\opencv-4.3.0-1.5.3-windows-x86_64.jar\org\bytedeco\opencv\windows-x86_64\opencv_imgproc430.dll
0x00007ffb64b80000 - 0x00007ffb64e99000 	C:\Users\User\.javacpp\cache\opencv-4.3.0-1.5.3-windows-x86_64.jar\org\bytedeco\opencv\windows-x86_64\jniopencv_core.dll
0x00007ffbade70000 - 0x00007ffbae054000 	C:\WINDOWS\SYSTEM32\dbghelp.dll
0x00007ffbc3fc0000 - 0x00007ffbc4042000 	C:\WINDOWS\System32\bcryptPrimitives.dll

VM Arguments:
jvm_args: -javaagent:C:\Program Files\JetBrains\IntelliJ IDEA Community Edition 2019.2.4\lib\idea_rt.jar=62686:C:\Program Files\JetBrains\IntelliJ IDEA Community Edition 2019.2.4\bin -Dfile.encoding=UTF-8 
java_command: com.intellij.rt.execution.CommandLineWrapper C:\Users\User\AppData\Local\Temp\idea_classpath814320876 com.dl4jra.server.testing.CnnTest
java_class_path (initial): C:\Program Files\JetBrains\IntelliJ IDEA Community Edition 2019.2.4\lib\idea_rt.jar;C:\Program Files\JetBrains\IntelliJ IDEA Community Edition 2019.2.4\lib\idea_rt.jar
Launcher Type: SUN_STANDARD

Environment Variables:
CLASSPATH=C:\Program Files\Java\jre1.8.0_301\lib
PATH=C:\Program Files\Common Files\Oracle\Java\javapath;C:\Program Files (x86)\Common Files\Oracle\Java\javapath;C:\Program Files\NVIDIA GPU Computing Toolkit\CUDA\v11.2\bin;C:\Program Files\NVIDIA GPU Computing Toolkit\CUDA\v11.2\libnvvp;C:\Program Files\NVIDIA GPU Computing Toolkit\CUDA\v11.5\bin;C:\Program Files\NVIDIA GPU Computing Toolkit\CUDA\v11.5\libnvvp;C:\Windows\system32;C:\Windows;C:\Windows\System32\Wbem;C:\Windows\System32\WindowsPowerShell\v1.0\;C:\Windows\System32\OpenSSH\;C:\Program Files (x86)\NVIDIA Corporation\PhysX\Common;C:\Program Files\NVIDIA Corporation\NVIDIA NvDLISR;C:\WINDOWS\system32;C:\WINDOWS;C:\WINDOWS\System32\Wbem;C:\WINDOWS\System32\WindowsPowerShell\v1.0\;C:\WINDOWS\System32\OpenSSH\;E:\Git\cmd;E:\Node js\;E:\Maven\apache-maven-3.8.4\bin;C:\Program Files\Java\jre1.8.0_301\bin;E:\zlib\dll_x64;C:\Program Files\NVIDIA Corporation\Nsight Compute 2020.3.0\;;C:\Program Files\Docker\Docker\resources\bin;C:\ProgramData\DockerDesktop\version-bin;C:\Program Files\Java\jre1.8.0_301\bin;E:\Microsoft VS Code\bin;E:\zlib\dll_x64;
USERNAME=User
OS=Windows_NT
PROCESSOR_IDENTIFIER=Intel64 Family 6 Model 158 Stepping 10, GenuineIntel



---------------  S Y S T E M  ---------------

OS: Windows 10.0 , 64 bit Build 19041 (10.0.19041.1503)

CPU:total 12 (initial active 12) (6 cores per cpu, 2 threads per core) family 6 model 158 stepping 10, cmov, cx8, fxsr, mmx, sse, sse2, sse3, ssse3, sse4.1, sse4.2, popcnt, avx, avx2, aes, clmul, erms, 3dnowpref, lzcnt, ht, tsc, tscinvbit, bmi1, bmi2, adx

Memory: 4k page, physical 12422396k(2148088k free), swap 27925396k(19392k free)

vm_info: Java HotSpot(TM) 64-Bit Server VM (25.301-b09) for windows-amd64 JRE (1.8.0_301-b09), built on Jun  9 2021 06:46:21 by "java_re" with MS VC++ 15.9 (VS2017)

time: Thu Feb 17 11:55:27 2022
timezone: Malay Peninsula Standard Time
elapsed time: 2.205052 seconds (0d 0h 0m 2s)

