#
# A fatal error has been detected by the Java Runtime Environment:
#
#  EXCEPTION_ACCESS_VIOLATION (0xc0000005) at pc=0x0000000008ee3f98, pid=17952, tid=11120
#
# JRE version: Java(TM) SE Runtime Environment (17.0.1+12) (build 17.0.1+12-LTS-39)
# Java VM: Java HotSpot(TM) 64-Bit Server VM (17.0.1+12-LTS-39, mixed mode, emulated-client, sharing, tiered, compressed oops, compressed class ptrs, g1 gc, windows-amd64)
# Problematic frame:
# C  0x0000000008ee3f98
#
# No core dump will be written. Minidumps are not enabled by default on client versions of Windows
#
# If you would like to submit a bug report, please visit:
#   https://bugreport.java.com/bugreport/crash.jsp
# The crash happened outside the Java Virtual Machine in native code.
# See problematic frame for where to report the bug.
#

---------------  S U M M A R Y ------------

Command Line: -XX:TieredStopAtLevel=1 com.dl4jra.server.ServerApplication

Host: Intel(R) Core(TM) i7-9750H CPU @ 2.60GHz, 12 cores, 11G,  Windows 10 , 64 bit Build 19041 (10.0.19041.1466)
Time: Mon Jan 24 15:15:26 2022 Malay Peninsula Standard Time elapsed time: 552.067728 seconds (0d 0h 9m 12s)

---------------  T H R E A D  ---------------

Current thread (0x0000024701a419e0):  JavaThread "clientInboundChannel-65" [_thread_in_native, id=11120, stack(0x00000062e1b00000,0x00000062e1c00000)]

Stack: [0x00000062e1b00000,0x00000062e1c00000],  sp=0x00000062e1bfd1d0,  free space=1012k
Native frames: (J=compiled Java code, j=interpreted, Vv=VM code, C=native code)
C  0x0000000008ee3f98

Java frames: (J=compiled Java code, j=interpreted, Vv=VM code)
J 5945  org.nd4j.nativeblas.Nd4jCpu.execTransformAny(Lorg/bytedeco/javacpp/PointerPointer;ILorg/nd4j/nativeblas/OpaqueDataBuffer;Lorg/bytedeco/javacpp/LongPointer;Lorg/bytedeco/javacpp/LongPointer;Lorg/nd4j/nativeblas/OpaqueDataBuffer;Lorg/bytedeco/javacpp/LongPointer;Lorg/bytedeco/javacpp/LongPointer;Lorg/bytedeco/javacpp/Pointer;)V (0 bytes) @ 0x0000024771187726 [0x0000024771187620+0x0000000000000106]
J 5693 c1 org.nd4j.linalg.cpu.nativecpu.ops.NativeOpExecutioner.exec(Lorg/nd4j/linalg/api/ops/TransformOp;Lorg/nd4j/linalg/api/ops/OpContext;)V (1440 bytes) @ 0x0000024771101824 [0x00000247710fd1c0+0x0000000000004664]
J 5690 c1 org.nd4j.linalg.cpu.nativecpu.ops.NativeOpExecutioner.exec(Lorg/nd4j/linalg/api/ops/Op;Lorg/nd4j/linalg/api/ops/OpContext;)Lorg/nd4j/linalg/api/ndarray/INDArray; (143 bytes) @ 0x00000247710faacc [0x00000247710fa5c0+0x000000000000050c]
J 5899 c1 org.nd4j.linalg.api.ndarray.BaseNDArray.assign(Lorg/nd4j/linalg/api/ndarray/INDArray;)Lorg/nd4j/linalg/api/ndarray/INDArray; (104 bytes) @ 0x000002477117668c [0x0000024771175fe0+0x00000000000006ac]
J 5984 c1 org.nd4j.linalg.api.ndarray.BaseNDArray.dup(C)Lorg/nd4j/linalg/api/ndarray/INDArray; (144 bytes) @ 0x000002477119f39c [0x000002477119eea0+0x00000000000004fc]
J 6014 c1 org.nd4j.linalg.workspace.BaseWorkspaceMgr.dup(Ljava/lang/Enum;Lorg/nd4j/linalg/api/ndarray/INDArray;C)Lorg/nd4j/linalg/api/ndarray/INDArray; (147 bytes) @ 0x00000247711b55f4 [0x00000247711b5520+0x00000000000000d4]
j  org.deeplearning4j.util.TimeSeriesUtils.reshapeTimeSeriesMaskToVector(Lorg/nd4j/linalg/api/ndarray/INDArray;Lorg/deeplearning4j/nn/workspace/LayerWorkspaceMgr;Lorg/deeplearning4j/nn/workspace/ArrayType;)Lorg/nd4j/linalg/api/ndarray/INDArray;+43
j  org.deeplearning4j.nn.layers.recurrent.RnnOutputLayer.setMaskArray(Lorg/nd4j/linalg/api/ndarray/INDArray;)V+22
j  org.deeplearning4j.nn.graph.ComputationGraph.setLayerMaskArrays([Lorg/nd4j/linalg/api/ndarray/INDArray;[Lorg/nd4j/linalg/api/ndarray/INDArray;)V+432
j  org.deeplearning4j.nn.graph.ComputationGraph.output(Z[Lorg/nd4j/linalg/api/ndarray/INDArray;[Lorg/nd4j/linalg/api/ndarray/INDArray;[Lorg/nd4j/linalg/api/ndarray/INDArray;Lorg/nd4j/linalg/api/memory/MemoryWorkspace;)[Lorg/nd4j/linalg/api/ndarray/INDArray;+19
j  org.deeplearning4j.nn.graph.ComputationGraph.output(Z[Lorg/nd4j/linalg/api/ndarray/INDArray;[Lorg/nd4j/linalg/api/ndarray/INDArray;[Lorg/nd4j/linalg/api/ndarray/INDArray;)[Lorg/nd4j/linalg/api/ndarray/INDArray;+22
j  org.deeplearning4j.nn.graph.ComputationGraph.output([Lorg/nd4j/linalg/api/ndarray/INDArray;)[Lorg/nd4j/linalg/api/ndarray/INDArray;+11
j  com.dl4jra.server.cnn.CNN.EvaluateModelRNN()V+90
j  com.dl4jra.server.cnn.CNNController.EvaluateModelRNN(Lcom/dl4jra/server/cnn/request/Nodeclass;)Lcom/dl4jra/server/cnn/response/RBProcessCompleted;+22
v  ~StubRoutines::call_stub
J 2597  jdk.internal.reflect.NativeMethodAccessorImpl.invoke0(Ljava/lang/reflect/Method;Ljava/lang/Object;[Ljava/lang/Object;)Ljava/lang/Object; java.base@17.0.1 (0 bytes) @ 0x0000024770b31da7 [0x0000024770b31d20+0x0000000000000087]
J 2596 c1 jdk.internal.reflect.NativeMethodAccessorImpl.invoke(Ljava/lang/Object;[Ljava/lang/Object;)Ljava/lang/Object; java.base@17.0.1 (137 bytes) @ 0x0000024770b325cc [0x0000024770b32280+0x000000000000034c]
J 2466 c1 jdk.internal.reflect.DelegatingMethodAccessorImpl.invoke(Ljava/lang/Object;[Ljava/lang/Object;)Ljava/lang/Object; java.base@17.0.1 (10 bytes) @ 0x0000024770af4de4 [0x0000024770af4da0+0x0000000000000044]
J 2486 c1 java.lang.reflect.Method.invoke(Ljava/lang/Object;[Ljava/lang/Object;)Ljava/lang/Object; java.base@17.0.1 (65 bytes) @ 0x0000024770afb3ec [0x0000024770afb2e0+0x000000000000010c]
j  org.springframework.messaging.handler.invocation.InvocableHandlerMethod.doInvoke([Ljava/lang/Object;)Ljava/lang/Object;+16
j  org.springframework.messaging.handler.invocation.InvocableHandlerMethod.invoke(Lorg/springframework/messaging/Message;[Ljava/lang/Object;)Ljava/lang/Object;+52
j  org.springframework.messaging.handler.invocation.AbstractMethodMessageHandler.handleMatch(Ljava/lang/Object;Lorg/springframework/messaging/handler/HandlerMethod;Ljava/lang/String;Lorg/springframework/messaging/Message;)V+91
j  org.springframework.messaging.simp.annotation.support.SimpAnnotationMethodMessageHandler.handleMatch(Lorg/springframework/messaging/simp/SimpMessageMappingInfo;Lorg/springframework/messaging/handler/HandlerMethod;Ljava/lang/String;Lorg/springframework/messaging/Message;)V+109
j  org.springframework.messaging.simp.annotation.support.SimpAnnotationMethodMessageHandler.handleMatch(Ljava/lang/Object;Lorg/springframework/messaging/handler/HandlerMethod;Ljava/lang/String;Lorg/springframework/messaging/Message;)V+9
j  org.springframework.messaging.handler.invocation.AbstractMethodMessageHandler.handleMessageInternal(Lorg/springframework/messaging/Message;Ljava/lang/String;)V+299
j  org.springframework.messaging.handler.invocation.AbstractMethodMessageHandler.handleMessage(Lorg/springframework/messaging/Message;)V+124
J 4996 c1 org.springframework.messaging.support.ExecutorSubscribableChannel$SendTask.run()V (171 bytes) @ 0x0000024770e87184 [0x0000024770e870e0+0x00000000000000a4]
j  java.util.concurrent.ThreadPoolExecutor.runWorker(Ljava/util/concurrent/ThreadPoolExecutor$Worker;)V+92 java.base@17.0.1
j  java.util.concurrent.ThreadPoolExecutor$Worker.run()V+5 java.base@17.0.1
j  java.lang.Thread.run()V+11 java.base@17.0.1
v  ~StubRoutines::call_stub

siginfo: EXCEPTION_ACCESS_VIOLATION (0xc0000005), reading address 0x0000024731dcca58


Register to memory mapping:

RIP=0x0000000008ee3f98 points into unknown readable memory: 0x8b488404100f41f3 | f3 41 0f 10 04 84 48 8b
RAX=0x0 is NULL
RBX=0x0 is NULL
RCX=0x00000062e1bfd350 is pointing into the stack for thread: 0x0000024701a419e0
RDX=0x000002473bd69658 points into unknown readable memory: 0x0000000000000001 | 01 00 00 00 00 00 00 00
RSP=0x00000062e1bfd1d0 is pointing into the stack for thread: 0x0000024701a419e0
RBP=0x0 is NULL
RSI=0x0 is NULL
RDI=0x00000062e1bfd350 is pointing into the stack for thread: 0x0000024701a419e0
R8 =0x0 is NULL
R9 =0x0 is NULL
R10=0x00000062e1bfd350 is pointing into the stack for thread: 0x0000024701a419e0
R11=0x0000000000000080 is an unknown value
R12=0x0000024731dcca58 is an unknown value
R13=0x0000024735c79fe8 points into unknown readable memory: 0x0000000000000080 | 80 00 00 00 00 00 00 00
R14=0x0000024735c7a460 points into unknown readable memory: 0x0000000000000000 | 00 00 00 00 00 00 00 00
R15=0x0 is NULL


Registers:
RAX=0x0000000000000000, RBX=0x0000000000000000, RCX=0x00000062e1bfd350, RDX=0x000002473bd69658
RSP=0x00000062e1bfd1d0, RBP=0x0000000000000000, RSI=0x0000000000000000, RDI=0x00000062e1bfd350
R8 =0x0000000000000000, R9 =0x0000000000000000, R10=0x00000062e1bfd350, R11=0x0000000000000080
R12=0x0000024731dcca58, R13=0x0000024735c79fe8, R14=0x0000024735c7a460, R15=0x0000000000000000
RIP=0x0000000008ee3f98, EFLAGS=0x0000000000010246

Top of Stack: (sp=0x00000062e1bfd1d0)
0x00000062e1bfd1d0:   0000000000000009 00000062e1bfd438
0x00000062e1bfd1e0:   00000062e1bfd550 0000024701a419e0
0x00000062e1bfd1f0:   0000000000000000 0000000000000003
0x00000062e1bfd200:   0000000000000001 0000000000000000
0x00000062e1bfd210:   0000000000000080 0000000000000001
0x00000062e1bfd220:   0000000000000000 0000024701a419e0
0x00000062e1bfd230:   00000247704c5780 0000024701a5f768
0x00000062e1bfd240:   0000000000000001 0000000000000001
0x00000062e1bfd250:   0000000000000001 000002472f616770
0x00000062e1bfd260:   00000247012a5d78 00000007500dea90
0x00000062e1bfd270:   00000062e1bfd680 000002477048d079
0x00000062e1bfd280:   00000062e1bfd708 000002473bd69658
0x00000062e1bfd290:   0000024735c79fe8 000002477058c8a4
0x00000062e1bfd2a0:   0000024766ac0000 0000024766ac0000
0x00000062e1bfd2b0:   0000024766ac02b4 0000024700000000
0x00000062e1bfd2c0:   0000000000000050 0000024766ac0de0 

Instructions: (pc=0x0000000008ee3f98)
0x0000000008ee3e98:   31 c0 f3 0f 10 02 48 83 c0 01 48 01 ca f3 41 0f
0x0000000008ee3ea8:   11 02 4d 01 c2 48 39 c6 75 e8 eb cb 49 8d 14 86
0x0000000008ee3eb8:   31 c0 f3 0f 10 04 81 f3 0f 11 04 82 48 83 c0 01
0x0000000008ee3ec8:   48 39 c6 75 ed eb b0 4c 89 ef 4d 89 fd 49 89 df
0x0000000008ee3ed8:   49 83 c7 01 e9 45 fe ff ff 8b 7e 10 8b 76 08 89
0x0000000008ee3ee8:   d9 49 89 f8 48 89 f2 e8 7c d5 31 fa 48 89 7c 24
0x0000000008ee3ef8:   40 49 89 d9 4d 89 f8 48 c7 44 24 48 01 00 00 00
0x0000000008ee3f08:   89 c2 48 8d 84 24 80 01 00 00 48 c7 44 24 38 00
0x0000000008ee3f18:   00 00 00 48 89 c7 48 89 c1 48 c7 44 24 30 01 00
0x0000000008ee3f28:   00 00 48 89 74 24 28 48 c7 44 24 20 00 00 00 00
0x0000000008ee3f38:   e8 e3 d2 31 fa 48 89 f9 e8 3b d4 31 fa 4c 8b ac
0x0000000008ee3f48:   24 c0 00 00 00 48 89 c5 48 89 f9 e8 48 d4 31 fa
0x0000000008ee3f58:   48 39 e8 0f 8e fa f0 ff ff 48 8b 84 24 b8 00 00
0x0000000008ee3f68:   00 4d 8b 7d 00 48 89 f9 48 8b 18 4c 0f af fd e8
0x0000000008ee3f78:   14 d4 31 fa 48 0f af dd 48 89 c6 eb 2e 49 8b 45
0x0000000008ee3f88:   08 48 8b 94 24 b8 00 00 00 48 0f af c6 4c 01 f8
0x0000000008ee3f98:   f3 41 0f 10 04 84 48 8b 42 08 48 0f af c6 48 83
0x0000000008ee3fa8:   c6 01 48 01 d8 f3 41 0f 11 04 86 48 89 f9 e8 f5
0x0000000008ee3fb8:   d3 31 fa 48 39 f0 7f c5 48 83 c5 01 eb 8a 4c 89
0x0000000008ee3fc8:   44 24 20 45 31 c9 49 89 d8 4c 89 fa 48 c7 44 24
0x0000000008ee3fd8:   28 01 00 00 00 48 8d 84 24 80 01 00 00 48 89 c7
0x0000000008ee3fe8:   48 89 c1 48 89 84 24 a8 00 00 00 e8 a8 d1 31 fa
0x0000000008ee3ff8:   48 89 f9 e8 50 d3 31 fa 48 89 c3 eb 2e 48 8b bc
0x0000000008ee4008:   24 c0 00 00 00 48 8b 07 48 8b bc 24 b8 00 00 00
0x0000000008ee4018:   48 0f af c3 f3 41 0f 10 04 84 48 8b 07 48 0f af
0x0000000008ee4028:   c3 48 83 c3 01 f3 41 0f 11 04 86 48 8b 8c 24 a8
0x0000000008ee4038:   00 00 00 e8 20 d3 31 fa 48 39 d8 7f c0 e9 11 f0
0x0000000008ee4048:   ff ff 4c 89 44 24 20 45 31 c9 49 89 d8 4c 89 fa
0x0000000008ee4058:   48 c7 44 24 28 01 00 00 00 4c 8d ac 24 80 01 00
0x0000000008ee4068:   00 4c 89 e9 e8 2f d1 31 fa 4c 89 e9 e8 d7 d2 31
0x0000000008ee4078:   fa 4c 89 e9 48 89 c3 e8 dc d2 31 fa 48 39 c3 0f
0x0000000008ee4088:   8d ce ef ff ff 44 8b bc 24 80 00 00 00 8b 6c 24 


Stack slot to memory mapping:
stack at sp + 0 slots: 0x0000000000000009 is an unknown value
stack at sp + 1 slots: 0x00000062e1bfd438 is pointing into the stack for thread: 0x0000024701a419e0
stack at sp + 2 slots: 0x00000062e1bfd550 is pointing into the stack for thread: 0x0000024701a419e0
stack at sp + 3 slots: 0x0000024701a419e0 is a thread
stack at sp + 4 slots: 0x0 is NULL
stack at sp + 5 slots: 0x0000000000000003 is an unknown value
stack at sp + 6 slots: 0x0000000000000001 is an unknown value
stack at sp + 7 slots: 0x0 is NULL


---------------  P R O C E S S  ---------------

Threads class SMR info:
_java_thread_list=0x000002472f5d07a0, length=83, elements={
0x000002477d50f020, 0x000002477d50fe90, 0x000002477d52a7e0, 0x000002477d52b560,
0x000002477d52f430, 0x000002477d52fde0, 0x000002477d533d40, 0x000002477d53c740,
0x000002477e1a20c0, 0x000002477e1a57e0, 0x000002470180eaa0, 0x000002470180ef70,
0x000002470181df30, 0x0000024701833150, 0x000002477ebc7030, 0x00000247022096c0,
0x0000024701ae43b0, 0x0000024701ae5220, 0x0000024701ae56f0, 0x0000024701ae3540,
0x0000024701ae4880, 0x0000024701ae6560, 0x0000024701ae4d50, 0x0000024701ae3a10,
0x0000024701a41040, 0x0000024701a42850, 0x0000024701ae5bc0, 0x0000024701ae3ee0,
0x0000024701ae6a30, 0x0000024701a8e7a0, 0x0000024701a8c120, 0x0000024701a8ffb0,
0x0000024701a90e20, 0x0000024701a8c5f0, 0x0000024701a8d930, 0x0000024701a8de00,
0x0000024701a8b2b0, 0x0000024701a8e2d0, 0x0000024701a8b780, 0x0000024701a8bc50,
0x0000024701a8ec70, 0x0000024701a8ade0, 0x0000024701a912f0, 0x0000024701a8cac0,
0x0000024701a8fae0, 0x0000024701a8d460, 0x0000024701a8cf90, 0x0000024701a917c0,
0x0000024701a8f140, 0x0000024701a8f610, 0x0000024701a89f70, 0x0000024701a90480,
0x0000024701a8a440, 0x0000024701a90950, 0x0000024701a8a910, 0x0000024701a42d20,
0x0000024701a41eb0, 0x0000024701a483c0, 0x0000024701a431f0, 0x0000024701a42380,
0x0000024701a44a00, 0x0000024701a40b70, 0x0000024701a419e0, 0x0000024701a45d40,
0x0000024701a466e0, 0x0000024701a44060, 0x0000024701a41510, 0x0000024701a436c0,
0x0000024701a46bb0, 0x0000024701a43b90, 0x0000024701a44530, 0x0000024701a47ef0,
0x0000024701a47080, 0x0000024701a44ed0, 0x0000024701a45870, 0x0000024701a453a0,
0x0000024701a46210, 0x0000024701a47550, 0x0000024701a47a20, 0x0000024701ae6090,
0x0000024701ae3070, 0x0000024701cede40, 0x0000024701ce9140
}

Java Threads: ( => current thread )
  0x000002477d50f020 JavaThread "Reference Handler" daemon [_thread_blocked, id=10968, stack(0x00000062dc000000,0x00000062dc100000)]
  0x000002477d50fe90 JavaThread "Finalizer" daemon [_thread_blocked, id=12116, stack(0x00000062dc100000,0x00000062dc200000)]
  0x000002477d52a7e0 JavaThread "Signal Dispatcher" daemon [_thread_blocked, id=14004, stack(0x00000062dc200000,0x00000062dc300000)]
  0x000002477d52b560 JavaThread "Attach Listener" daemon [_thread_blocked, id=12932, stack(0x00000062dc300000,0x00000062dc400000)]
  0x000002477d52f430 JavaThread "Service Thread" daemon [_thread_blocked, id=2700, stack(0x00000062dc400000,0x00000062dc500000)]
  0x000002477d52fde0 JavaThread "Monitor Deflation Thread" daemon [_thread_blocked, id=7012, stack(0x00000062dc500000,0x00000062dc600000)]
  0x000002477d533d40 JavaThread "C1 CompilerThread0" daemon [_thread_blocked, id=13888, stack(0x00000062dc600000,0x00000062dc700000)]
  0x000002477d53c740 JavaThread "Sweeper thread" daemon [_thread_blocked, id=17612, stack(0x00000062dc700000,0x00000062dc800000)]
  0x000002477e1a20c0 JavaThread "Notification Thread" daemon [_thread_blocked, id=18936, stack(0x00000062dca00000,0x00000062dcb00000)]
  0x000002477e1a57e0 JavaThread "Common-Cleaner" daemon [_thread_blocked, id=18448, stack(0x00000062dcc00000,0x00000062dcd00000)]
  0x000002470180eaa0 JavaThread "Catalina-utility-1" [_thread_blocked, id=17968, stack(0x00000062ddb00000,0x00000062ddc00000)]
  0x000002470180ef70 JavaThread "Catalina-utility-2" [_thread_blocked, id=324, stack(0x00000062ddc00000,0x00000062ddd00000)]
  0x000002470181df30 JavaThread "container-0" [_thread_blocked, id=11780, stack(0x00000062ddd00000,0x00000062dde00000)]
  0x0000024701833150 JavaThread "JavaCPP Deallocator" daemon [_thread_blocked, id=15964, stack(0x00000062dde00000,0x00000062ddf00000)]
  0x000002477ebc7030 JavaThread "MessageBroker-1" [_thread_blocked, id=19004, stack(0x00000062dc800000,0x00000062dc900000)]
  0x00000247022096c0 JavaThread "File Watcher" daemon [_thread_blocked, id=17752, stack(0x00000062dc900000,0x00000062dca00000)]
  0x0000024701ae43b0 JavaThread "Live Reload Server" daemon [_thread_in_native, id=14420, stack(0x00000062df500000,0x00000062df600000)]
  0x0000024701ae5220 JavaThread "spring.cloud.inetutils" daemon [_thread_blocked, id=17544, stack(0x00000062dd000000,0x00000062dd100000)]
  0x0000024701ae56f0 JavaThread "http-nio-8081-Poller" daemon [_thread_in_native, id=16032, stack(0x00000062df600000,0x00000062df700000)]
  0x0000024701ae3540 JavaThread "http-nio-8081-Acceptor" daemon [_thread_in_native, id=11984, stack(0x00000062df700000,0x00000062df800000)]
  0x0000024701ae4880 JavaThread "DestroyJavaVM" [_thread_blocked, id=12132, stack(0x00000062db900000,0x00000062dba00000)]
  0x0000024701ae6560 JavaThread "http-nio-8081-exec-1" daemon [_thread_blocked, id=7776, stack(0x00000062dd300000,0x00000062dd400000)]
  0x0000024701ae4d50 JavaThread "WebSocket background processing" daemon [_thread_blocked, id=10604, stack(0x00000062dd400000,0x00000062dd500000)]
  0x0000024701ae3a10 JavaThread "http-nio-8081-exec-2" daemon [_thread_blocked, id=14784, stack(0x00000062dfc00000,0x00000062dfd00000)]
  0x0000024701a41040 JavaThread "MessageBroker-2" [_thread_blocked, id=11024, stack(0x00000062db600000,0x00000062db700000)]
  0x0000024701a42850 JavaThread "http-nio-8081-exec-3" daemon [_thread_blocked, id=18584, stack(0x00000062db700000,0x00000062db800000)]
  0x0000024701ae5bc0 JavaThread "http-nio-8081-exec-4" daemon [_thread_blocked, id=7860, stack(0x00000062e1000000,0x00000062e1100000)]
  0x0000024701ae3ee0 JavaThread "http-nio-8081-exec-5" daemon [_thread_blocked, id=19120, stack(0x00000062e1100000,0x00000062e1200000)]
  0x0000024701ae6a30 JavaThread "http-nio-8081-exec-6" daemon [_thread_blocked, id=10812, stack(0x00000062e1300000,0x00000062e1400000)]
  0x0000024701a8e7a0 JavaThread "http-nio-8081-exec-7" daemon [_thread_blocked, id=19244, stack(0x00000062e2a00000,0x00000062e2b00000)]
  0x0000024701a8c120 JavaThread "http-nio-8081-exec-8" daemon [_thread_blocked, id=3828, stack(0x00000062e2c00000,0x00000062e2d00000)]
  0x0000024701a8ffb0 JavaThread "http-nio-8081-exec-9" daemon [_thread_blocked, id=10364, stack(0x00000062db800000,0x00000062db900000)]
  0x0000024701a90e20 JavaThread "clientInboundChannel-49" [_thread_blocked, id=17568, stack(0x00000062df800000,0x00000062df900000)]
  0x0000024701a8c5f0 JavaThread "clientInboundChannel-50" [_thread_blocked, id=18524, stack(0x00000062df900000,0x00000062dfa00000)]
  0x0000024701a8d930 JavaThread "clientInboundChannel-51" [_thread_blocked, id=18232, stack(0x00000062dfa00000,0x00000062dfb00000)]
  0x0000024701a8de00 JavaThread "clientOutboundChannel-27" [_thread_blocked, id=3464, stack(0x00000062dfb00000,0x00000062dfc00000)]
  0x0000024701a8b2b0 JavaThread "http-nio-8081-exec-10" daemon [_thread_blocked, id=17608, stack(0x00000062dfd00000,0x00000062dfe00000)]
  0x0000024701a8e2d0 JavaThread "clientInboundChannel-52" [_thread_blocked, id=15880, stack(0x00000062dfe00000,0x00000062dff00000)]
  0x0000024701a8b780 JavaThread "clientInboundChannel-53" [_thread_blocked, id=16936, stack(0x00000062dff00000,0x00000062e0000000)]
  0x0000024701a8bc50 JavaThread "clientInboundChannel-54" [_thread_blocked, id=9064, stack(0x00000062e0000000,0x00000062e0100000)]
  0x0000024701a8ec70 JavaThread "clientOutboundChannel-28" [_thread_blocked, id=12504, stack(0x00000062e0100000,0x00000062e0200000)]
  0x0000024701a8ade0 JavaThread "clientOutboundChannel-29" [_thread_blocked, id=16928, stack(0x00000062e0200000,0x00000062e0300000)]
  0x0000024701a912f0 JavaThread "clientOutboundChannel-30" [_thread_blocked, id=13804, stack(0x00000062e0300000,0x00000062e0400000)]
  0x0000024701a8cac0 JavaThread "clientInboundChannel-55" [_thread_blocked, id=6364, stack(0x00000062e0400000,0x00000062e0500000)]
  0x0000024701a8fae0 JavaThread "clientInboundChannel-56" [_thread_blocked, id=8920, stack(0x00000062e0500000,0x00000062e0600000)]
  0x0000024701a8d460 JavaThread "clientInboundChannel-57" [_thread_blocked, id=12688, stack(0x00000062e0600000,0x00000062e0700000)]
  0x0000024701a8cf90 JavaThread "clientOutboundChannel-31" [_thread_blocked, id=18436, stack(0x00000062e0700000,0x00000062e0800000)]
  0x0000024701a917c0 JavaThread "clientOutboundChannel-32" [_thread_blocked, id=12316, stack(0x00000062e0800000,0x00000062e0900000)]
  0x0000024701a8f140 JavaThread "clientOutboundChannel-33" [_thread_blocked, id=8620, stack(0x00000062e0900000,0x00000062e0a00000)]
  0x0000024701a8f610 JavaThread "clientInboundChannel-58" [_thread_blocked, id=18740, stack(0x00000062e0b00000,0x00000062e0c00000)]
  0x0000024701a89f70 JavaThread "clientInboundChannel-59" [_thread_blocked, id=6488, stack(0x00000062e0c00000,0x00000062e0d00000)]
  0x0000024701a90480 JavaThread "clientInboundChannel-60" [_thread_blocked, id=18636, stack(0x00000062e0d00000,0x00000062e0e00000)]
  0x0000024701a8a440 JavaThread "clientOutboundChannel-34" [_thread_blocked, id=6836, stack(0x00000062e0e00000,0x00000062e0f00000)]
  0x0000024701a90950 JavaThread "clientOutboundChannel-35" [_thread_blocked, id=18784, stack(0x00000062e0f00000,0x00000062e1000000)]
  0x0000024701a8a910 JavaThread "clientOutboundChannel-36" [_thread_blocked, id=1124, stack(0x00000062e1200000,0x00000062e1300000)]
  0x0000024701a42d20 JavaThread "clientInboundChannel-61" [_thread_blocked, id=11872, stack(0x00000062e1400000,0x00000062e1500000)]
  0x0000024701a41eb0 JavaThread "clientInboundChannel-62" [_thread_blocked, id=19424, stack(0x00000062e1500000,0x00000062e1600000)]
  0x0000024701a483c0 JavaThread "clientInboundChannel-63" [_thread_blocked, id=10904, stack(0x00000062e1600000,0x00000062e1700000)]
  0x0000024701a431f0 JavaThread "clientOutboundChannel-37" [_thread_blocked, id=18060, stack(0x00000062e1700000,0x00000062e1800000)]
  0x0000024701a42380 JavaThread "clientOutboundChannel-38" [_thread_blocked, id=15508, stack(0x00000062e1800000,0x00000062e1900000)]
  0x0000024701a44a00 JavaThread "clientOutboundChannel-39" [_thread_blocked, id=17804, stack(0x00000062e1900000,0x00000062e1a00000)]
  0x0000024701a40b70 JavaThread "clientInboundChannel-64" [_thread_blocked, id=12028, stack(0x00000062e1a00000,0x00000062e1b00000)]
=>0x0000024701a419e0 JavaThread "clientInboundChannel-65" [_thread_in_native, id=11120, stack(0x00000062e1b00000,0x00000062e1c00000)]
  0x0000024701a45d40 JavaThread "clientInboundChannel-66" [_thread_blocked, id=16904, stack(0x00000062e1c00000,0x00000062e1d00000)]
  0x0000024701a466e0 JavaThread "clientOutboundChannel-40" [_thread_blocked, id=19072, stack(0x00000062e1d00000,0x00000062e1e00000)]
  0x0000024701a44060 JavaThread "clientOutboundChannel-41" [_thread_blocked, id=1368, stack(0x00000062e2000000,0x00000062e2100000)]
  0x0000024701a41510 JavaThread "clientOutboundChannel-42" [_thread_blocked, id=5360, stack(0x00000062e2100000,0x00000062e2200000)]
  0x0000024701a436c0 JavaThread "clientInboundChannel-67" [_thread_blocked, id=6528, stack(0x00000062e2200000,0x00000062e2300000)]
  0x0000024701a46bb0 JavaThread "clientInboundChannel-68" [_thread_blocked, id=18656, stack(0x00000062e2300000,0x00000062e2400000)]
  0x0000024701a43b90 JavaThread "clientInboundChannel-69" [_thread_blocked, id=17124, stack(0x00000062e2400000,0x00000062e2500000)]
  0x0000024701a44530 JavaThread "clientOutboundChannel-43" [_thread_blocked, id=17904, stack(0x00000062e2500000,0x00000062e2600000)]
  0x0000024701a47ef0 JavaThread "clientOutboundChannel-44" [_thread_blocked, id=10288, stack(0x00000062e2600000,0x00000062e2700000)]
  0x0000024701a47080 JavaThread "clientOutboundChannel-45" [_thread_blocked, id=14100, stack(0x00000062e2700000,0x00000062e2800000)]
  0x0000024701a44ed0 JavaThread "clientInboundChannel-70" [_thread_blocked, id=19008, stack(0x00000062e2800000,0x00000062e2900000)]
  0x0000024701a45870 JavaThread "clientInboundChannel-71" [_thread_blocked, id=18344, stack(0x00000062e2900000,0x00000062e2a00000)]
  0x0000024701a453a0 JavaThread "clientInboundChannel-72" [_thread_blocked, id=17824, stack(0x00000062e2b00000,0x00000062e2c00000)]
  0x0000024701a46210 JavaThread "clientOutboundChannel-46" [_thread_blocked, id=3856, stack(0x00000062e2d00000,0x00000062e2e00000)]
  0x0000024701a47550 JavaThread "clientOutboundChannel-47" [_thread_blocked, id=5292, stack(0x00000062e2e00000,0x00000062e2f00000)]
  0x0000024701a47a20 JavaThread "clientOutboundChannel-48" [_thread_blocked, id=15160, stack(0x00000062e2f00000,0x00000062e3000000)]
  0x0000024701ae6090 JavaThread "clientOutboundChannel-49" [_thread_blocked, id=4112, stack(0x00000062e3000000,0x00000062e3100000)]
  0x0000024701ae3070 JavaThread "clientOutboundChannel-50" [_thread_blocked, id=6408, stack(0x00000062e3100000,0x00000062e3200000)]
  0x0000024701cede40 JavaThread "DeallocatorServiceThread_0" daemon [_thread_blocked, id=14404, stack(0x00000062e3200000,0x00000062e3300000)]
  0x0000024701ce9140 JavaThread "DeallocatorServiceThread_1" daemon [_thread_blocked, id=19284, stack(0x00000062e3300000,0x00000062e3400000)]

Other Threads:
  0x000002477d508010 VMThread "VM Thread" [stack: 0x00000062dbf00000,0x00000062dc000000] [id=8592]
  0x0000024768cf5ad0 WatcherThread [stack: 0x00000062dcb00000,0x00000062dcc00000] [id=3480]
  0x0000024768cd7810 GCTaskThread "GC Thread#0" [stack: 0x00000062dba00000,0x00000062dbb00000] [id=15636]
  0x000002477ebfecc0 GCTaskThread "GC Thread#1" [stack: 0x00000062dcd00000,0x00000062dce00000] [id=12276]
  0x000002477ed01860 GCTaskThread "GC Thread#2" [stack: 0x00000062dce00000,0x00000062dcf00000] [id=12136]
  0x000002477ed01b10 GCTaskThread "GC Thread#3" [stack: 0x00000062dcf00000,0x00000062dd000000] [id=16044]
  0x000002477ee47640 GCTaskThread "GC Thread#4" [stack: 0x00000062dd100000,0x00000062dd200000] [id=13120]
  0x000002477ee478f0 GCTaskThread "GC Thread#5" [stack: 0x00000062dd200000,0x00000062dd300000] [id=13048]
  0x000002477f0048d0 GCTaskThread "GC Thread#6" [stack: 0x00000062dd600000,0x00000062dd700000] [id=18560]
  0x000002477f004b80 GCTaskThread "GC Thread#7" [stack: 0x00000062dd700000,0x00000062dd800000] [id=17836]
  0x000002477f0aae10 GCTaskThread "GC Thread#8" [stack: 0x00000062dd800000,0x00000062dd900000] [id=17488]
  0x000002477f690e10 GCTaskThread "GC Thread#9" [stack: 0x00000062dd500000,0x00000062dd600000] [id=1444]
  0x0000024768ce44e0 ConcurrentGCThread "G1 Main Marker" [stack: 0x00000062dbb00000,0x00000062dbc00000] [id=16380]
  0x0000024768ce66a0 ConcurrentGCThread "G1 Conc#0" [stack: 0x00000062dbc00000,0x00000062dbd00000] [id=18512]
  0x000002477f680010 ConcurrentGCThread "G1 Conc#1" [stack: 0x00000062dd900000,0x00000062dda00000] [id=17728]
  0x000002477f6802c0 ConcurrentGCThread "G1 Conc#2" [stack: 0x00000062dda00000,0x00000062ddb00000] [id=17820]
  0x0000024768d3f4f0 ConcurrentGCThread "G1 Refine#0" [stack: 0x00000062dbd00000,0x00000062dbe00000] [id=13944]
  0x0000024768d3ff10 ConcurrentGCThread "G1 Service" [stack: 0x00000062dbe00000,0x00000062dbf00000] [id=1300]

Threads with active compile tasks:

VM state: not at safepoint (normal execution)

VM Mutex/Monitor currently owned by a thread: None

Heap address: 0x0000000742600000, size: 3034 MB, Compressed Oops mode: Zero based, Oop shift amount: 3

CDS archive(s) mapped at: [0x0000000800000000-0x0000000800bc0000-0x0000000800bc0000), size 12320768, SharedBaseAddress: 0x0000000800000000, ArchiveRelocationMode: 0.
Compressed class space mapped at: 0x0000000800c00000-0x0000000840c00000, reserved size: 1073741824
Narrow klass base: 0x0000000800000000, Narrow klass shift: 0, Narrow klass range: 0x100000000

GC Precious Log:
 CPUs: 12 total, 12 available
 Memory: 12131M
 Large Page Support: Disabled
 NUMA Support: Disabled
 Compressed Oops: Enabled (Zero based)
 Heap Region Size: 2M
 Heap Min Capacity: 8M
 Heap Initial Capacity: 190M
 Heap Max Capacity: 3034M
 Pre-touch: Disabled
 Parallel Workers: 10
 Concurrent Workers: 3
 Concurrent Refinement Workers: 10
 Periodic GC: Disabled

Heap:
 garbage-first heap   total 319488K, used 147819K [0x0000000742600000, 0x0000000800000000)
  region size 2048K, 52 young (106496K), 5 survivors (10240K)
 Metaspace       used 52261K, committed 52672K, reserved 1097728K
  class space    used 6615K, committed 6784K, reserved 1048576K

Heap Regions: E=young(eden), S=young(survivor), O=old, HS=humongous(starts), HC=humongous(continues), CS=collection set, F=free, OA=open archive, CA=closed archive, TAMS=top-at-mark-start (previous, next)
|   0|0x0000000742600000, 0x0000000742800000, 0x0000000742800000|100%|HS|  |TAMS 0x0000000742800000, 0x0000000742600000| Complete 
|   1|0x0000000742800000, 0x0000000742a00000, 0x0000000742a00000|100%| O|  |TAMS 0x0000000742a00000, 0x0000000742800000| Untracked 
|   2|0x0000000742a00000, 0x0000000742c00000, 0x0000000742c00000|100%| O|  |TAMS 0x0000000742c00000, 0x0000000742a00000| Untracked 
|   3|0x0000000742c00000, 0x0000000742e00000, 0x0000000742e00000|100%| O|  |TAMS 0x0000000742e00000, 0x0000000742c00000| Untracked 
|   4|0x0000000742e00000, 0x0000000743000000, 0x0000000743000000|100%| O|  |TAMS 0x0000000743000000, 0x0000000742e00000| Untracked 
|   5|0x0000000743000000, 0x000000074319b200, 0x0000000743200000| 80%| O|  |TAMS 0x000000074319b200, 0x0000000743000000| Untracked 
|   6|0x0000000743200000, 0x0000000743400000, 0x0000000743400000|100%| O|  |TAMS 0x0000000743400000, 0x0000000743200000| Untracked 
|   7|0x0000000743400000, 0x0000000743600000, 0x0000000743600000|100%| O|  |TAMS 0x000000074352fc00, 0x0000000743400000| Untracked 
|   8|0x0000000743600000, 0x0000000743800000, 0x0000000743800000|100%| O|  |TAMS 0x0000000743600000, 0x0000000743600000| Untracked 
|   9|0x0000000743800000, 0x0000000743a00000, 0x0000000743a00000|100%| O|  |TAMS 0x0000000743800000, 0x0000000743800000| Untracked 
|  10|0x0000000743a00000, 0x0000000743c00000, 0x0000000743c00000|100%| O|  |TAMS 0x0000000743a00000, 0x0000000743a00000| Untracked 
|  11|0x0000000743c00000, 0x0000000743c45000, 0x0000000743e00000| 13%| O|  |TAMS 0x0000000743c00000, 0x0000000743c00000| Untracked 
|  12|0x0000000743e00000, 0x0000000744000000, 0x0000000744000000|100%| O|  |TAMS 0x0000000744000000, 0x0000000743e00000| Untracked 
|  13|0x0000000744000000, 0x0000000744200000, 0x0000000744200000|100%| O|  |TAMS 0x0000000744200000, 0x0000000744000000| Untracked 
|  14|0x0000000744200000, 0x0000000744400000, 0x0000000744400000|100%| O|  |TAMS 0x0000000744400000, 0x0000000744200000| Untracked 
|  15|0x0000000744400000, 0x0000000744600000, 0x0000000744600000|100%| O|  |TAMS 0x0000000744600000, 0x0000000744400000| Untracked 
|  16|0x0000000744600000, 0x0000000744800000, 0x0000000744800000|100%| O|  |TAMS 0x0000000744800000, 0x0000000744600000| Untracked 
|  17|0x0000000744800000, 0x0000000744a00000, 0x0000000744a00000|100%| O|  |TAMS 0x0000000744a00000, 0x0000000744800000| Untracked 
|  18|0x0000000744a00000, 0x0000000744c00000, 0x0000000744c00000|100%| O|  |TAMS 0x0000000744c00000, 0x0000000744a00000| Untracked 
|  19|0x0000000744c00000, 0x0000000744e00000, 0x0000000744e00000|100%|HS|  |TAMS 0x0000000744e00000, 0x0000000744c00000| Complete 
|  20|0x0000000744e00000, 0x0000000745000000, 0x0000000745000000|100%|HS|  |TAMS 0x0000000745000000, 0x0000000744e00000| Complete 
|  21|0x0000000745000000, 0x0000000745200000, 0x0000000745200000|100%|HC|  |TAMS 0x0000000745200000, 0x0000000745000000| Complete 
|  22|0x0000000745200000, 0x0000000745400000, 0x0000000745400000|100%| O|  |TAMS 0x0000000745200000, 0x0000000745200000| Untracked 
|  23|0x0000000745400000, 0x0000000745400000, 0x0000000745600000|  0%| F|  |TAMS 0x0000000745400000, 0x0000000745400000| Untracked 
|  24|0x0000000745600000, 0x0000000745600000, 0x0000000745800000|  0%| F|  |TAMS 0x0000000745600000, 0x0000000745600000| Untracked 
|  25|0x0000000745800000, 0x0000000745800000, 0x0000000745a00000|  0%| F|  |TAMS 0x0000000745800000, 0x0000000745800000| Untracked 
|  26|0x0000000745a00000, 0x0000000745a00000, 0x0000000745c00000|  0%| F|  |TAMS 0x0000000745a00000, 0x0000000745a00000| Untracked 
|  27|0x0000000745c00000, 0x0000000745c00000, 0x0000000745e00000|  0%| F|  |TAMS 0x0000000745c00000, 0x0000000745c00000| Untracked 
|  28|0x0000000745e00000, 0x0000000745e00000, 0x0000000746000000|  0%| F|  |TAMS 0x0000000745e00000, 0x0000000745e00000| Untracked 
|  29|0x0000000746000000, 0x0000000746000000, 0x0000000746200000|  0%| F|  |TAMS 0x0000000746000000, 0x0000000746000000| Untracked 
|  30|0x0000000746200000, 0x0000000746200000, 0x0000000746400000|  0%| F|  |TAMS 0x0000000746200000, 0x0000000746200000| Untracked 
|  31|0x0000000746400000, 0x0000000746400000, 0x0000000746600000|  0%| F|  |TAMS 0x0000000746400000, 0x0000000746400000| Untracked 
|  32|0x0000000746600000, 0x0000000746600000, 0x0000000746800000|  0%| F|  |TAMS 0x0000000746600000, 0x0000000746600000| Untracked 
|  33|0x0000000746800000, 0x0000000746800000, 0x0000000746a00000|  0%| F|  |TAMS 0x0000000746800000, 0x0000000746800000| Untracked 
|  34|0x0000000746a00000, 0x0000000746a00000, 0x0000000746c00000|  0%| F|  |TAMS 0x0000000746a00000, 0x0000000746a00000| Untracked 
|  35|0x0000000746c00000, 0x0000000746c00000, 0x0000000746e00000|  0%| F|  |TAMS 0x0000000746c00000, 0x0000000746c00000| Untracked 
|  36|0x0000000746e00000, 0x0000000746e00000, 0x0000000747000000|  0%| F|  |TAMS 0x0000000746e00000, 0x0000000746e00000| Untracked 
|  37|0x0000000747000000, 0x0000000747000000, 0x0000000747200000|  0%| F|  |TAMS 0x0000000747000000, 0x0000000747000000| Untracked 
|  38|0x0000000747200000, 0x0000000747200000, 0x0000000747400000|  0%| F|  |TAMS 0x0000000747200000, 0x0000000747200000| Untracked 
|  39|0x0000000747400000, 0x0000000747400000, 0x0000000747600000|  0%| F|  |TAMS 0x0000000747400000, 0x0000000747400000| Untracked 
|  40|0x0000000747600000, 0x0000000747600000, 0x0000000747800000|  0%| F|  |TAMS 0x0000000747600000, 0x0000000747600000| Untracked 
|  41|0x0000000747800000, 0x0000000747800000, 0x0000000747a00000|  0%| F|  |TAMS 0x0000000747800000, 0x0000000747800000| Untracked 
|  42|0x0000000747a00000, 0x0000000747a00000, 0x0000000747c00000|  0%| F|  |TAMS 0x0000000747a00000, 0x0000000747a00000| Untracked 
|  43|0x0000000747c00000, 0x0000000747c00000, 0x0000000747e00000|  0%| F|  |TAMS 0x0000000747c00000, 0x0000000747c00000| Untracked 
|  44|0x0000000747e00000, 0x0000000747e00000, 0x0000000748000000|  0%| F|  |TAMS 0x0000000747e00000, 0x0000000747e00000| Untracked 
|  45|0x0000000748000000, 0x0000000748000000, 0x0000000748200000|  0%| F|  |TAMS 0x0000000748000000, 0x0000000748000000| Untracked 
|  46|0x0000000748200000, 0x0000000748200000, 0x0000000748400000|  0%| F|  |TAMS 0x0000000748200000, 0x0000000748200000| Untracked 
|  47|0x0000000748400000, 0x0000000748400000, 0x0000000748600000|  0%| F|  |TAMS 0x0000000748400000, 0x0000000748400000| Untracked 
|  48|0x0000000748600000, 0x0000000748600000, 0x0000000748800000|  0%| F|  |TAMS 0x0000000748600000, 0x0000000748600000| Untracked 
|  49|0x0000000748800000, 0x0000000748800000, 0x0000000748a00000|  0%| F|  |TAMS 0x0000000748800000, 0x0000000748800000| Untracked 
|  50|0x0000000748a00000, 0x0000000748a00000, 0x0000000748c00000|  0%| F|  |TAMS 0x0000000748a00000, 0x0000000748a00000| Untracked 
|  51|0x0000000748c00000, 0x0000000748c00000, 0x0000000748e00000|  0%| F|  |TAMS 0x0000000748c00000, 0x0000000748c00000| Untracked 
|  52|0x0000000748e00000, 0x0000000748e00000, 0x0000000749000000|  0%| F|  |TAMS 0x0000000748e00000, 0x0000000748e00000| Untracked 
|  53|0x0000000749000000, 0x0000000749000000, 0x0000000749200000|  0%| F|  |TAMS 0x0000000749000000, 0x0000000749000000| Untracked 
|  54|0x0000000749200000, 0x0000000749200000, 0x0000000749400000|  0%| F|  |TAMS 0x0000000749200000, 0x0000000749200000| Untracked 
|  55|0x0000000749400000, 0x0000000749400000, 0x0000000749600000|  0%| F|  |TAMS 0x0000000749400000, 0x0000000749400000| Untracked 
|  56|0x0000000749600000, 0x0000000749600000, 0x0000000749800000|  0%| F|  |TAMS 0x0000000749600000, 0x0000000749600000| Untracked 
|  57|0x0000000749800000, 0x0000000749800000, 0x0000000749a00000|  0%| F|  |TAMS 0x0000000749800000, 0x0000000749800000| Untracked 
|  58|0x0000000749a00000, 0x0000000749a7ac88, 0x0000000749c00000| 23%| S|CS|TAMS 0x0000000749a00000, 0x0000000749a00000| Complete 
|  59|0x0000000749c00000, 0x0000000749e00000, 0x0000000749e00000|100%| S|CS|TAMS 0x0000000749c00000, 0x0000000749c00000| Complete 
|  60|0x0000000749e00000, 0x000000074a000000, 0x000000074a000000|100%| S|CS|TAMS 0x0000000749e00000, 0x0000000749e00000| Complete 
|  61|0x000000074a000000, 0x000000074a200000, 0x000000074a200000|100%| S|CS|TAMS 0x000000074a000000, 0x000000074a000000| Complete 
|  62|0x000000074a200000, 0x000000074a400000, 0x000000074a400000|100%| S|CS|TAMS 0x000000074a200000, 0x000000074a200000| Complete 
|  63|0x000000074a400000, 0x000000074a400000, 0x000000074a600000|  0%| F|  |TAMS 0x000000074a400000, 0x000000074a400000| Untracked 
|  64|0x000000074a600000, 0x000000074a600000, 0x000000074a800000|  0%| F|  |TAMS 0x000000074a600000, 0x000000074a600000| Untracked 
|  65|0x000000074a800000, 0x000000074a800000, 0x000000074aa00000|  0%| F|  |TAMS 0x000000074a800000, 0x000000074a800000| Untracked 
|  66|0x000000074aa00000, 0x000000074aa00000, 0x000000074ac00000|  0%| F|  |TAMS 0x000000074aa00000, 0x000000074aa00000| Untracked 
|  67|0x000000074ac00000, 0x000000074ac00000, 0x000000074ae00000|  0%| F|  |TAMS 0x000000074ac00000, 0x000000074ac00000| Untracked 
|  68|0x000000074ae00000, 0x000000074ae00000, 0x000000074b000000|  0%| F|  |TAMS 0x000000074ae00000, 0x000000074ae00000| Untracked 
|  69|0x000000074b000000, 0x000000074b000000, 0x000000074b200000|  0%| F|  |TAMS 0x000000074b000000, 0x000000074b000000| Untracked 
|  70|0x000000074b200000, 0x000000074b200000, 0x000000074b400000|  0%| F|  |TAMS 0x000000074b200000, 0x000000074b200000| Untracked 
|  71|0x000000074b400000, 0x000000074b400000, 0x000000074b600000|  0%| F|  |TAMS 0x000000074b400000, 0x000000074b400000| Untracked 
|  72|0x000000074b600000, 0x000000074b600000, 0x000000074b800000|  0%| F|  |TAMS 0x000000074b600000, 0x000000074b600000| Untracked 
|  73|0x000000074b800000, 0x000000074b800000, 0x000000074ba00000|  0%| F|  |TAMS 0x000000074b800000, 0x000000074b800000| Untracked 
|  74|0x000000074ba00000, 0x000000074ba00000, 0x000000074bc00000|  0%| F|  |TAMS 0x000000074ba00000, 0x000000074ba00000| Untracked 
|  75|0x000000074bc00000, 0x000000074bc00000, 0x000000074be00000|  0%| F|  |TAMS 0x000000074bc00000, 0x000000074bc00000| Untracked 
|  76|0x000000074be00000, 0x000000074be00000, 0x000000074c000000|  0%| F|  |TAMS 0x000000074be00000, 0x000000074be00000| Untracked 
|  77|0x000000074c000000, 0x000000074c000000, 0x000000074c200000|  0%| F|  |TAMS 0x000000074c000000, 0x000000074c000000| Untracked 
|  78|0x000000074c200000, 0x000000074c200000, 0x000000074c400000|  0%| F|  |TAMS 0x000000074c200000, 0x000000074c200000| Untracked 
|  79|0x000000074c400000, 0x000000074c400000, 0x000000074c600000|  0%| F|  |TAMS 0x000000074c400000, 0x000000074c400000| Untracked 
|  80|0x000000074c600000, 0x000000074c600000, 0x000000074c800000|  0%| F|  |TAMS 0x000000074c600000, 0x000000074c600000| Untracked 
|  81|0x000000074c800000, 0x000000074c800000, 0x000000074ca00000|  0%| F|  |TAMS 0x000000074c800000, 0x000000074c800000| Untracked 
|  82|0x000000074ca00000, 0x000000074ca00000, 0x000000074cc00000|  0%| F|  |TAMS 0x000000074ca00000, 0x000000074ca00000| Untracked 
|  83|0x000000074cc00000, 0x000000074cc00000, 0x000000074ce00000|  0%| F|  |TAMS 0x000000074cc00000, 0x000000074cc00000| Untracked 
|  84|0x000000074ce00000, 0x000000074ce00000, 0x000000074d000000|  0%| F|  |TAMS 0x000000074ce00000, 0x000000074ce00000| Untracked 
|  85|0x000000074d000000, 0x000000074d000000, 0x000000074d200000|  0%| F|  |TAMS 0x000000074d000000, 0x000000074d000000| Untracked 
|  86|0x000000074d200000, 0x000000074d200000, 0x000000074d400000|  0%| F|  |TAMS 0x000000074d200000, 0x000000074d200000| Untracked 
|  87|0x000000074d400000, 0x000000074d400000, 0x000000074d600000|  0%| F|  |TAMS 0x000000074d400000, 0x000000074d400000| Untracked 
|  88|0x000000074d600000, 0x000000074d600000, 0x000000074d800000|  0%| F|  |TAMS 0x000000074d600000, 0x000000074d600000| Untracked 
|  89|0x000000074d800000, 0x000000074d800000, 0x000000074da00000|  0%| F|  |TAMS 0x000000074d800000, 0x000000074d800000| Untracked 
|  90|0x000000074da00000, 0x000000074da00000, 0x000000074dc00000|  0%| F|  |TAMS 0x000000074da00000, 0x000000074da00000| Untracked 
|  91|0x000000074dc00000, 0x000000074dc00000, 0x000000074de00000|  0%| F|  |TAMS 0x000000074dc00000, 0x000000074dc00000| Untracked 
|  92|0x000000074de00000, 0x000000074de00000, 0x000000074e000000|  0%| F|  |TAMS 0x000000074de00000, 0x000000074de00000| Untracked 
|  93|0x000000074e000000, 0x000000074e000000, 0x000000074e200000|  0%| F|  |TAMS 0x000000074e000000, 0x000000074e000000| Untracked 
|  94|0x000000074e200000, 0x000000074e200000, 0x000000074e400000|  0%| F|  |TAMS 0x000000074e200000, 0x000000074e200000| Untracked 
|  95|0x000000074e400000, 0x000000074e400000, 0x000000074e600000|  0%| F|  |TAMS 0x000000074e400000, 0x000000074e400000| Untracked 
|  96|0x000000074e600000, 0x000000074e600000, 0x000000074e800000|  0%| F|  |TAMS 0x000000074e600000, 0x000000074e600000| Untracked 
|  97|0x000000074e800000, 0x000000074e800000, 0x000000074ea00000|  0%| F|  |TAMS 0x000000074e800000, 0x000000074e800000| Untracked 
|  98|0x000000074ea00000, 0x000000074ea00000, 0x000000074ec00000|  0%| F|  |TAMS 0x000000074ea00000, 0x000000074ea00000| Untracked 
|  99|0x000000074ec00000, 0x000000074ec00000, 0x000000074ee00000|  0%| F|  |TAMS 0x000000074ec00000, 0x000000074ec00000| Untracked 
| 100|0x000000074ee00000, 0x000000074ee00000, 0x000000074f000000|  0%| F|  |TAMS 0x000000074ee00000, 0x000000074ee00000| Untracked 
| 101|0x000000074f000000, 0x000000074f000000, 0x000000074f200000|  0%| F|  |TAMS 0x000000074f000000, 0x000000074f000000| Untracked 
| 102|0x000000074f200000, 0x000000074f200000, 0x000000074f400000|  0%| F|  |TAMS 0x000000074f200000, 0x000000074f200000| Untracked 
| 103|0x000000074f400000, 0x000000074f400000, 0x000000074f600000|  0%| F|  |TAMS 0x000000074f400000, 0x000000074f400000| Untracked 
| 104|0x000000074f600000, 0x000000074f600000, 0x000000074f800000|  0%| F|  |TAMS 0x000000074f600000, 0x000000074f600000| Untracked 
| 105|0x000000074f800000, 0x000000074f800000, 0x000000074fa00000|  0%| F|  |TAMS 0x000000074f800000, 0x000000074f800000| Untracked 
| 106|0x000000074fa00000, 0x000000074fa00000, 0x000000074fc00000|  0%| F|  |TAMS 0x000000074fa00000, 0x000000074fa00000| Untracked 
| 107|0x000000074fc00000, 0x000000074fc00000, 0x000000074fe00000|  0%| F|  |TAMS 0x000000074fc00000, 0x000000074fc00000| Untracked 
| 108|0x000000074fe00000, 0x000000074fe00000, 0x0000000750000000|  0%| F|  |TAMS 0x000000074fe00000, 0x000000074fe00000| Untracked 
| 109|0x0000000750000000, 0x00000007500f0938, 0x0000000750200000| 46%| E|  |TAMS 0x0000000750000000, 0x0000000750000000| Complete 
| 110|0x0000000750200000, 0x0000000750400000, 0x0000000750400000|100%| E|CS|TAMS 0x0000000750200000, 0x0000000750200000| Complete 
| 111|0x0000000750400000, 0x0000000750600000, 0x0000000750600000|100%| E|CS|TAMS 0x0000000750400000, 0x0000000750400000| Complete 
| 112|0x0000000750600000, 0x0000000750800000, 0x0000000750800000|100%| E|CS|TAMS 0x0000000750600000, 0x0000000750600000| Complete 
| 113|0x0000000750800000, 0x0000000750a00000, 0x0000000750a00000|100%| E|CS|TAMS 0x0000000750800000, 0x0000000750800000| Complete 
| 114|0x0000000750a00000, 0x0000000750c00000, 0x0000000750c00000|100%| E|CS|TAMS 0x0000000750a00000, 0x0000000750a00000| Complete 
| 115|0x0000000750c00000, 0x0000000750e00000, 0x0000000750e00000|100%| E|CS|TAMS 0x0000000750c00000, 0x0000000750c00000| Complete 
| 116|0x0000000750e00000, 0x0000000751000000, 0x0000000751000000|100%| E|CS|TAMS 0x0000000750e00000, 0x0000000750e00000| Complete 
| 117|0x0000000751000000, 0x0000000751200000, 0x0000000751200000|100%| E|CS|TAMS 0x0000000751000000, 0x0000000751000000| Complete 
| 118|0x0000000751200000, 0x0000000751400000, 0x0000000751400000|100%| E|CS|TAMS 0x0000000751200000, 0x0000000751200000| Complete 
| 119|0x0000000751400000, 0x0000000751600000, 0x0000000751600000|100%| E|CS|TAMS 0x0000000751400000, 0x0000000751400000| Complete 
| 120|0x0000000751600000, 0x0000000751800000, 0x0000000751800000|100%| E|CS|TAMS 0x0000000751600000, 0x0000000751600000| Complete 
| 121|0x0000000751800000, 0x0000000751a00000, 0x0000000751a00000|100%| E|CS|TAMS 0x0000000751800000, 0x0000000751800000| Complete 
| 122|0x0000000751a00000, 0x0000000751c00000, 0x0000000751c00000|100%| E|CS|TAMS 0x0000000751a00000, 0x0000000751a00000| Complete 
| 123|0x0000000751c00000, 0x0000000751e00000, 0x0000000751e00000|100%| E|CS|TAMS 0x0000000751c00000, 0x0000000751c00000| Complete 
| 124|0x0000000751e00000, 0x0000000752000000, 0x0000000752000000|100%| E|CS|TAMS 0x0000000751e00000, 0x0000000751e00000| Complete 
| 125|0x0000000752000000, 0x0000000752200000, 0x0000000752200000|100%| E|CS|TAMS 0x0000000752000000, 0x0000000752000000| Complete 
| 126|0x0000000752200000, 0x0000000752400000, 0x0000000752400000|100%| E|CS|TAMS 0x0000000752200000, 0x0000000752200000| Complete 
| 127|0x0000000752400000, 0x0000000752600000, 0x0000000752600000|100%| E|CS|TAMS 0x0000000752400000, 0x0000000752400000| Complete 
| 128|0x0000000752600000, 0x0000000752800000, 0x0000000752800000|100%| E|CS|TAMS 0x0000000752600000, 0x0000000752600000| Complete 
| 129|0x0000000752800000, 0x0000000752a00000, 0x0000000752a00000|100%| E|CS|TAMS 0x0000000752800000, 0x0000000752800000| Complete 
| 130|0x0000000752a00000, 0x0000000752c00000, 0x0000000752c00000|100%| E|CS|TAMS 0x0000000752a00000, 0x0000000752a00000| Complete 
| 131|0x0000000752c00000, 0x0000000752e00000, 0x0000000752e00000|100%| E|CS|TAMS 0x0000000752c00000, 0x0000000752c00000| Complete 
| 132|0x0000000752e00000, 0x0000000753000000, 0x0000000753000000|100%| E|CS|TAMS 0x0000000752e00000, 0x0000000752e00000| Complete 
| 133|0x0000000753000000, 0x0000000753200000, 0x0000000753200000|100%| E|CS|TAMS 0x0000000753000000, 0x0000000753000000| Complete 
| 134|0x0000000753200000, 0x0000000753400000, 0x0000000753400000|100%| E|CS|TAMS 0x0000000753200000, 0x0000000753200000| Complete 
| 135|0x0000000753400000, 0x0000000753600000, 0x0000000753600000|100%| E|CS|TAMS 0x0000000753400000, 0x0000000753400000| Complete 
| 136|0x0000000753600000, 0x0000000753800000, 0x0000000753800000|100%| E|CS|TAMS 0x0000000753600000, 0x0000000753600000| Complete 
| 137|0x0000000753800000, 0x0000000753a00000, 0x0000000753a00000|100%| E|CS|TAMS 0x0000000753800000, 0x0000000753800000| Complete 
| 138|0x0000000753a00000, 0x0000000753c00000, 0x0000000753c00000|100%| E|CS|TAMS 0x0000000753a00000, 0x0000000753a00000| Complete 
| 139|0x0000000753c00000, 0x0000000753e00000, 0x0000000753e00000|100%| E|CS|TAMS 0x0000000753c00000, 0x0000000753c00000| Complete 
| 140|0x0000000753e00000, 0x0000000754000000, 0x0000000754000000|100%| E|CS|TAMS 0x0000000753e00000, 0x0000000753e00000| Complete 
| 141|0x0000000754000000, 0x0000000754200000, 0x0000000754200000|100%| E|CS|TAMS 0x0000000754000000, 0x0000000754000000| Complete 
| 142|0x0000000754200000, 0x0000000754400000, 0x0000000754400000|100%| E|CS|TAMS 0x0000000754200000, 0x0000000754200000| Complete 
| 143|0x0000000754400000, 0x0000000754600000, 0x0000000754600000|100%| E|CS|TAMS 0x0000000754400000, 0x0000000754400000| Complete 
| 144|0x0000000754600000, 0x0000000754800000, 0x0000000754800000|100%| E|CS|TAMS 0x0000000754600000, 0x0000000754600000| Complete 
| 145|0x0000000754800000, 0x0000000754a00000, 0x0000000754a00000|100%| E|CS|TAMS 0x0000000754800000, 0x0000000754800000| Complete 
| 146|0x0000000754a00000, 0x0000000754c00000, 0x0000000754c00000|100%| E|CS|TAMS 0x0000000754a00000, 0x0000000754a00000| Complete 
| 147|0x0000000754c00000, 0x0000000754e00000, 0x0000000754e00000|100%| E|CS|TAMS 0x0000000754c00000, 0x0000000754c00000| Complete 
| 148|0x0000000754e00000, 0x0000000755000000, 0x0000000755000000|100%| E|CS|TAMS 0x0000000754e00000, 0x0000000754e00000| Complete 
| 149|0x0000000755000000, 0x0000000755200000, 0x0000000755200000|100%| E|CS|TAMS 0x0000000755000000, 0x0000000755000000| Complete 
| 150|0x0000000755200000, 0x0000000755400000, 0x0000000755400000|100%| E|CS|TAMS 0x0000000755200000, 0x0000000755200000| Complete 
| 151|0x0000000755400000, 0x0000000755600000, 0x0000000755600000|100%| E|CS|TAMS 0x0000000755400000, 0x0000000755400000| Complete 
| 152|0x0000000755600000, 0x0000000755800000, 0x0000000755800000|100%| E|CS|TAMS 0x0000000755600000, 0x0000000755600000| Complete 
| 153|0x0000000755800000, 0x0000000755a00000, 0x0000000755a00000|100%| E|CS|TAMS 0x0000000755800000, 0x0000000755800000| Complete 
| 154|0x0000000755a00000, 0x0000000755c00000, 0x0000000755c00000|100%| E|CS|TAMS 0x0000000755a00000, 0x0000000755a00000| Complete 
| 155|0x0000000755c00000, 0x0000000755e00000, 0x0000000755e00000|100%| E|CS|TAMS 0x0000000755c00000, 0x0000000755c00000| Complete 

Card table byte_map: [0x0000024773da0000,0x0000024774390000] _byte_map_base: 0x000002477038d000

Marking Bits (Prev, Next): (CMBitMap*) 0x0000024768cd7e60, (CMBitMap*) 0x0000024768cd7e20
 Prev Bits: [0x00000247778f0000, 0x000002477a858000)
 Next Bits: [0x0000024774980000, 0x00000247778e8000)

Polling page: 0x0000024766c60000

Metaspace:

Usage:
  Non-class:     44.58 MB used.
      Class:      6.46 MB used.
       Both:     51.04 MB used.

Virtual space:
  Non-class space:       48.00 MB reserved,      44.81 MB ( 93%) committed,  6 nodes.
      Class space:        1.00 GB reserved,       6.62 MB ( <1%) committed,  1 nodes.
             Both:        1.05 GB reserved,      51.44 MB (  5%) committed. 

Chunk freelists:
   Non-Class:  2.54 MB
       Class:  1.33 MB
        Both:  3.87 MB

MaxMetaspaceSize: unlimited
CompressedClassSpaceSize: 1.00 GB
Initial GC threshold: 21.00 MB
Current GC threshold: 84.19 MB
CDS: on
MetaspaceReclaimPolicy: balanced
 - commit_granule_bytes: 65536.
 - commit_granule_words: 8192.
 - virtual_space_node_default_size: 1048576.
 - enlarge_chunks_in_place: 1.
 - new_chunks_are_fully_committed: 0.
 - uncommit_free_chunks: 1.
 - use_allocation_guard: 0.
 - handle_deallocations: 1.


Internal statistics:

num_allocs_failed_limit: 6.
num_arena_births: 492.
num_arena_deaths: 90.
num_vsnodes_births: 7.
num_vsnodes_deaths: 0.
num_space_committed: 821.
num_space_uncommitted: 0.
num_chunks_returned_to_freelist: 105.
num_chunks_taken_from_freelist: 2396.
num_chunk_merges: 34.
num_chunk_splits: 1682.
num_chunks_enlarged: 1337.
num_purges: 6.
num_inconsistent_stats: 0.

CodeCache: size=49152Kb used=12181Kb max_used=13729Kb free=36970Kb
 bounds [0x0000024770480000, 0x00000247711f0000, 0x0000024773480000]
 total_blobs=7403 nmethods=6019 adapters=1311
 compilation: enabled
              stopped_count=0, restarted_count=0
 full_count=0

Compilation events (20 events):
Event: 551.766 Thread 0x000002477d533d40 6159       1       java.lang.Character$UnicodeBlock::<init> (17 bytes)
Event: 551.766 Thread 0x000002477d533d40 nmethod 6159 0x0000024770effd10 code [0x0000024770effec0, 0x0000024770f00158]
Event: 551.766 Thread 0x000002477d533d40 6160       1       java.lang.Character$Subset::<init> (24 bytes)
Event: 551.766 Thread 0x000002477d533d40 nmethod 6160 0x0000024770eff910 code [0x0000024770effac0, 0x0000024770effc88]
Event: 551.767 Thread 0x000002477d533d40 6162   !   1       java.lang.invoke.LambdaForm::compileToBytecode (164 bytes)
Event: 551.768 Thread 0x000002477d533d40 nmethod 6162 0x0000024770efe590 code [0x0000024770efe800, 0x0000024770eff068]
Event: 551.768 Thread 0x000002477d533d40 6163       1       java.util.regex.Matcher::start (65 bytes)
Event: 551.768 Thread 0x000002477d533d40 nmethod 6163 0x0000024770efdc10 code [0x0000024770efde20, 0x0000024770efe308]
Event: 551.768 Thread 0x000002477d533d40 6164       1       java.util.regex.ASCII::isDigit (18 bytes)
Event: 551.768 Thread 0x000002477d533d40 nmethod 6164 0x0000024770efd910 code [0x0000024770efdaa0, 0x0000024770efdb78]
Event: 551.768 Thread 0x000002477d533d40 6165       1       java.util.regex.CharPredicates$$Lambda$20/0x800000029::is (5 bytes)
Event: 551.768 Thread 0x000002477d533d40 nmethod 6165 0x0000024770efd610 code [0x0000024770efd7a0, 0x0000024770efd8b8]
Event: 551.768 Thread 0x000002477d533d40 6166       1       java.util.regex.CharPredicates::lambda$ASCII_DIGIT$18 (20 bytes)
Event: 551.768 Thread 0x000002477d533d40 nmethod 6166 0x0000024770efd310 code [0x0000024770efd4a0, 0x0000024770efd598]
Event: 551.768 Thread 0x000002477d533d40 6167       1       java.util.regex.Matcher::end (67 bytes)
Event: 551.769 Thread 0x000002477d533d40 nmethod 6167 0x0000024770efc990 code [0x0000024770efcba0, 0x0000024770efd088]
Event: 551.769 Thread 0x000002477d533d40 6168       1       java.util.regex.Pattern$LastNode::match (45 bytes)
Event: 551.769 Thread 0x000002477d533d40 nmethod 6168 0x0000024770efc590 code [0x0000024770efc720, 0x0000024770efc878]
Event: 551.780 Thread 0x000002477d533d40 6169       1       java.util.ComparableTimSort::sort (219 bytes)
Event: 551.780 Thread 0x000002477d533d40 nmethod 6169 0x0000024770efbc90 code [0x0000024770efbea0, 0x0000024770efc298]

GC Heap History (20 events):
Event: 546.606 GC heap before
{Heap before GC invocations=51 (full 0):
 garbage-first heap   total 319488K, used 233985K [0x0000000742600000, 0x0000000800000000)
  region size 2048K, 93 young (190464K), 5 survivors (10240K)
 Metaspace       used 52056K, committed 52480K, reserved 1097728K
  class space    used 6604K, committed 6784K, reserved 1048576K
}
Event: 546.612 GC heap after
{Heap after GC invocations=52 (full 0):
 garbage-first heap   total 319488K, used 54106K [0x0000000742600000, 0x0000000800000000)
  region size 2048K, 5 young (10240K), 5 survivors (10240K)
 Metaspace       used 52056K, committed 52480K, reserved 1097728K
  class space    used 6604K, committed 6784K, reserved 1048576K
}
Event: 547.098 GC heap before
{Heap before GC invocations=52 (full 0):
 garbage-first heap   total 319488K, used 234330K [0x0000000742600000, 0x0000000800000000)
  region size 2048K, 93 young (190464K), 5 survivors (10240K)
 Metaspace       used 52056K, committed 52480K, reserved 1097728K
  class space    used 6604K, committed 6784K, reserved 1048576K
}
Event: 547.104 GC heap after
{Heap after GC invocations=53 (full 0):
 garbage-first heap   total 319488K, used 53851K [0x0000000742600000, 0x0000000800000000)
  region size 2048K, 5 young (10240K), 5 survivors (10240K)
 Metaspace       used 52056K, committed 52480K, reserved 1097728K
  class space    used 6604K, committed 6784K, reserved 1048576K
}
Event: 547.584 GC heap before
{Heap before GC invocations=53 (full 0):
 garbage-first heap   total 319488K, used 234075K [0x0000000742600000, 0x0000000800000000)
  region size 2048K, 93 young (190464K), 5 survivors (10240K)
 Metaspace       used 52056K, committed 52480K, reserved 1097728K
  class space    used 6604K, committed 6784K, reserved 1048576K
}
Event: 547.589 GC heap after
{Heap after GC invocations=54 (full 0):
 garbage-first heap   total 319488K, used 50424K [0x0000000742600000, 0x0000000800000000)
  region size 2048K, 3 young (6144K), 3 survivors (6144K)
 Metaspace       used 52056K, committed 52480K, reserved 1097728K
  class space    used 6604K, committed 6784K, reserved 1048576K
}
Event: 548.041 GC heap before
{Heap before GC invocations=54 (full 0):
 garbage-first heap   total 319488K, used 234744K [0x0000000742600000, 0x0000000800000000)
  region size 2048K, 93 young (190464K), 3 survivors (6144K)
 Metaspace       used 52056K, committed 52480K, reserved 1097728K
  class space    used 6604K, committed 6784K, reserved 1048576K
}
Event: 548.047 GC heap after
{Heap after GC invocations=55 (full 0):
 garbage-first heap   total 319488K, used 53560K [0x0000000742600000, 0x0000000800000000)
  region size 2048K, 5 young (10240K), 5 survivors (10240K)
 Metaspace       used 52056K, committed 52480K, reserved 1097728K
  class space    used 6604K, committed 6784K, reserved 1048576K
}
Event: 548.539 GC heap before
{Heap before GC invocations=55 (full 0):
 garbage-first heap   total 319488K, used 233784K [0x0000000742600000, 0x0000000800000000)
  region size 2048K, 93 young (190464K), 5 survivors (10240K)
 Metaspace       used 52056K, committed 52480K, reserved 1097728K
  class space    used 6604K, committed 6784K, reserved 1048576K
}
Event: 548.546 GC heap after
{Heap after GC invocations=56 (full 0):
 garbage-first heap   total 319488K, used 54011K [0x0000000742600000, 0x0000000800000000)
  region size 2048K, 5 young (10240K), 5 survivors (10240K)
 Metaspace       used 52056K, committed 52480K, reserved 1097728K
  class space    used 6604K, committed 6784K, reserved 1048576K
}
Event: 549.030 GC heap before
{Heap before GC invocations=56 (full 0):
 garbage-first heap   total 319488K, used 234235K [0x0000000742600000, 0x0000000800000000)
  region size 2048K, 93 young (190464K), 5 survivors (10240K)
 Metaspace       used 52056K, committed 52480K, reserved 1097728K
  class space    used 6604K, committed 6784K, reserved 1048576K
}
Event: 549.036 GC heap after
{Heap after GC invocations=57 (full 0):
 garbage-first heap   total 319488K, used 54084K [0x0000000742600000, 0x0000000800000000)
  region size 2048K, 5 young (10240K), 5 survivors (10240K)
 Metaspace       used 52056K, committed 52480K, reserved 1097728K
  class space    used 6604K, committed 6784K, reserved 1048576K
}
Event: 549.523 GC heap before
{Heap before GC invocations=57 (full 0):
 garbage-first heap   total 319488K, used 234308K [0x0000000742600000, 0x0000000800000000)
  region size 2048K, 93 young (190464K), 5 survivors (10240K)
 Metaspace       used 52056K, committed 52480K, reserved 1097728K
  class space    used 6604K, committed 6784K, reserved 1048576K
}
Event: 549.528 GC heap after
{Heap after GC invocations=58 (full 0):
 garbage-first heap   total 319488K, used 51000K [0x0000000742600000, 0x0000000800000000)
  region size 2048K, 3 young (6144K), 3 survivors (6144K)
 Metaspace       used 52056K, committed 52480K, reserved 1097728K
  class space    used 6604K, committed 6784K, reserved 1048576K
}
Event: 549.983 GC heap before
{Heap before GC invocations=58 (full 0):
 garbage-first heap   total 319488K, used 235320K [0x0000000742600000, 0x0000000800000000)
  region size 2048K, 93 young (190464K), 3 survivors (6144K)
 Metaspace       used 52056K, committed 52480K, reserved 1097728K
  class space    used 6604K, committed 6784K, reserved 1048576K
}
Event: 549.989 GC heap after
{Heap after GC invocations=59 (full 0):
 garbage-first heap   total 319488K, used 53836K [0x0000000742600000, 0x0000000800000000)
  region size 2048K, 5 young (10240K), 5 survivors (10240K)
 Metaspace       used 52056K, committed 52480K, reserved 1097728K
  class space    used 6604K, committed 6784K, reserved 1048576K
}
Event: 550.474 GC heap before
{Heap before GC invocations=59 (full 0):
 garbage-first heap   total 319488K, used 234060K [0x0000000742600000, 0x0000000800000000)
  region size 2048K, 93 young (190464K), 5 survivors (10240K)
 Metaspace       used 52056K, committed 52480K, reserved 1097728K
  class space    used 6604K, committed 6784K, reserved 1048576K
}
Event: 550.480 GC heap after
{Heap after GC invocations=60 (full 0):
 garbage-first heap   total 319488K, used 54342K [0x0000000742600000, 0x0000000800000000)
  region size 2048K, 5 young (10240K), 5 survivors (10240K)
 Metaspace       used 52056K, committed 52480K, reserved 1097728K
  class space    used 6604K, committed 6784K, reserved 1048576K
}
Event: 551.770 GC heap before
{Heap before GC invocations=60 (full 0):
 garbage-first heap   total 319488K, used 234566K [0x0000000742600000, 0x0000000800000000)
  region size 2048K, 93 young (190464K), 5 survivors (10240K)
 Metaspace       used 52261K, committed 52672K, reserved 1097728K
  class space    used 6615K, committed 6784K, reserved 1048576K
}
Event: 551.779 GC heap after
{Heap after GC invocations=61 (full 0):
 garbage-first heap   total 319488K, used 53611K [0x0000000742600000, 0x0000000800000000)
  region size 2048K, 5 young (10240K), 5 survivors (10240K)
 Metaspace       used 52261K, committed 52672K, reserved 1097728K
  class space    used 6615K, committed 6784K, reserved 1048576K
}

Deoptimization events (16 events):
Event: 0.725 Thread 0x0000024768c925b0 DEOPT PACKING pc=0x0000024770884201 sp=0x00000062db9fd5b0
Event: 0.725 Thread 0x0000024768c925b0 DEOPT UNPACKING pc=0x00000247704d2b43 sp=0x00000062db9fca20 mode 3
Event: 1.520 Thread 0x000002477ee47ba0 DEOPT PACKING pc=0x0000024770a14a79 sp=0x00000062dd4fc860
Event: 1.520 Thread 0x000002477ee47ba0 DEOPT UNPACKING pc=0x00000247704d2b43 sp=0x00000062dd4fbd40 mode 3
Event: 2.531 Thread 0x000002477ee47ba0 DEOPT PACKING pc=0x0000024770c38601 sp=0x00000062dd4fd400
Event: 2.531 Thread 0x000002477ee47ba0 DEOPT UNPACKING pc=0x00000247704d2b43 sp=0x00000062dd4fc870 mode 3
Event: 2.950 Thread 0x000002477ee47ba0 DEOPT PACKING pc=0x0000024770ce883c sp=0x00000062dd4fd140
Event: 2.950 Thread 0x000002477ee47ba0 DEOPT UNPACKING pc=0x00000247704d2b43 sp=0x00000062dd4fc5c0 mode 3
Event: 2.961 Thread 0x000002477ee47ba0 DEOPT PACKING pc=0x0000024770cf1663 sp=0x00000062dd4fcee0
Event: 2.961 Thread 0x000002477ee47ba0 DEOPT UNPACKING pc=0x00000247704d2b43 sp=0x00000062dd4fc370 mode 3
Event: 3.879 Thread 0x000002477ee47ba0 DEOPT PACKING pc=0x0000024770e22555 sp=0x00000062dd4fa690
Event: 3.879 Thread 0x000002477ee47ba0 DEOPT UNPACKING pc=0x00000247704d2b43 sp=0x00000062dd4f9ba8 mode 3
Event: 24.798 Thread 0x0000024701ae6560 DEOPT PACKING pc=0x0000024770d552a5 sp=0x00000062dd3fe850
Event: 24.798 Thread 0x0000024701ae6560 DEOPT UNPACKING pc=0x00000247704d2b43 sp=0x00000062dd3fddb8 mode 3
Event: 538.857 Thread 0x0000024701a41eb0 DEOPT PACKING pc=0x0000024770e228d5 sp=0x00000062e15fda60
Event: 538.857 Thread 0x0000024701a41eb0 DEOPT UNPACKING pc=0x00000247704d2b43 sp=0x00000062e15fcfc0 mode 3

Classes unloaded (20 events):
Event: 434.785 Thread 0x000002477d508010 Unloading class 0x0000000800d50c00 'java/lang/invoke/LambdaForm$MH+0x0000000800d50c00'
Event: 434.785 Thread 0x000002477d508010 Unloading class 0x0000000800d50800 'java/lang/invoke/LambdaForm$MH+0x0000000800d50800'
Event: 434.785 Thread 0x000002477d508010 Unloading class 0x0000000800d28800 'java/lang/invoke/LambdaForm$MH+0x0000000800d28800'
Event: 434.785 Thread 0x000002477d508010 Unloading class 0x0000000800d28000 'java/lang/invoke/LambdaForm$MH+0x0000000800d28000'
Event: 434.785 Thread 0x000002477d508010 Unloading class 0x0000000800d23c00 'java/lang/invoke/LambdaForm$MH+0x0000000800d23c00'
Event: 434.785 Thread 0x000002477d508010 Unloading class 0x0000000800d23800 'java/lang/invoke/LambdaForm$MH+0x0000000800d23800'
Event: 434.785 Thread 0x000002477d508010 Unloading class 0x0000000800d23000 'java/lang/invoke/LambdaForm$MH+0x0000000800d23000'
Event: 434.785 Thread 0x000002477d508010 Unloading class 0x0000000800d22800 'java/lang/invoke/LambdaForm$MH+0x0000000800d22800'
Event: 434.785 Thread 0x000002477d508010 Unloading class 0x0000000800d07000 'java/lang/invoke/LambdaForm$MH+0x0000000800d07000'
Event: 434.785 Thread 0x000002477d508010 Unloading class 0x0000000800d06400 'java/lang/invoke/LambdaForm$MH+0x0000000800d06400'
Event: 538.288 Thread 0x000002477d508010 Unloading class 0x0000000801101800 'jdk/internal/reflect/GeneratedConstructorAccessor45'
Event: 538.288 Thread 0x000002477d508010 Unloading class 0x0000000801100c00 'java/lang/invoke/LambdaForm$MH+0x0000000801100c00'
Event: 538.288 Thread 0x000002477d508010 Unloading class 0x0000000801100800 'java/lang/invoke/LambdaForm$MH+0x0000000801100800'
Event: 538.288 Thread 0x000002477d508010 Unloading class 0x0000000801100400 'java/lang/invoke/LambdaForm$MH+0x0000000801100400'
Event: 538.922 Thread 0x000002477d508010 Unloading class 0x00000008011b1400 'java/lang/invoke/LambdaForm$MH+0x00000008011b1400'
Event: 538.922 Thread 0x000002477d508010 Unloading class 0x00000008011b1000 'java/lang/invoke/LambdaForm$MH+0x00000008011b1000'
Event: 538.922 Thread 0x000002477d508010 Unloading class 0x00000008011b0c00 'java/lang/invoke/LambdaForm$MH+0x00000008011b0c00'
Event: 538.922 Thread 0x000002477d508010 Unloading class 0x00000008011b0800 'java/lang/invoke/LambdaForm$MH+0x00000008011b0800'
Event: 538.922 Thread 0x000002477d508010 Unloading class 0x00000008011b0400 'java/lang/invoke/LambdaForm$MH+0x00000008011b0400'
Event: 538.922 Thread 0x000002477d508010 Unloading class 0x00000008011b0000 'java/lang/invoke/LambdaForm$MH+0x00000008011b0000'

Classes redefined (0 events):
No events

Internal exceptions (20 events):
Event: 539.420 Thread 0x0000024701a41eb0 Exception <a 'sun/nio/fs/WindowsException'{0x000000074fc04408}> (0x000000074fc04408) 
thrown [t:\workspace\open\src\hotspot\share\prims\jni.cpp, line 516]
Event: 539.420 Thread 0x0000024701a41eb0 Exception <a 'sun/nio/fs/WindowsException'{0x000000074fc05938}> (0x000000074fc05938) 
thrown [t:\workspace\open\src\hotspot\share\prims\jni.cpp, line 516]
Event: 539.420 Thread 0x0000024701a41eb0 Exception <a 'sun/nio/fs/WindowsException'{0x000000074fc05968}> (0x000000074fc05968) 
thrown [t:\workspace\open\src\hotspot\share\prims\jni.cpp, line 516]
Event: 539.421 Thread 0x0000024701a41eb0 Exception <a 'sun/nio/fs/WindowsException'{0x000000074fc06e50}> (0x000000074fc06e50) 
thrown [t:\workspace\open\src\hotspot\share\prims\jni.cpp, line 516]
Event: 539.421 Thread 0x0000024701a41eb0 Exception <a 'sun/nio/fs/WindowsException'{0x000000074fc06e80}> (0x000000074fc06e80) 
thrown [t:\workspace\open\src\hotspot\share\prims\jni.cpp, line 516]
Event: 539.421 Thread 0x0000024701a41eb0 Exception <a 'sun/nio/fs/WindowsException'{0x000000074fc08368}> (0x000000074fc08368) 
thrown [t:\workspace\open\src\hotspot\share\prims\jni.cpp, line 516]
Event: 539.422 Thread 0x0000024701a41eb0 Exception <a 'sun/nio/fs/WindowsException'{0x000000074fc08398}> (0x000000074fc08398) 
thrown [t:\workspace\open\src\hotspot\share\prims\jni.cpp, line 516]
Event: 539.422 Thread 0x0000024701a41eb0 Exception <a 'sun/nio/fs/WindowsException'{0x000000074fc09880}> (0x000000074fc09880) 
thrown [t:\workspace\open\src\hotspot\share\prims\jni.cpp, line 516]
Event: 539.422 Thread 0x0000024701a41eb0 Exception <a 'sun/nio/fs/WindowsException'{0x000000074fc098b0}> (0x000000074fc098b0) 
thrown [t:\workspace\open\src\hotspot\share\prims\jni.cpp, line 516]
Event: 539.423 Thread 0x0000024701a41eb0 Exception <a 'sun/nio/fs/WindowsException'{0x000000074fc0ae28}> (0x000000074fc0ae28) 
thrown [t:\workspace\open\src\hotspot\share\prims\jni.cpp, line 516]
Event: 539.423 Thread 0x0000024701a41eb0 Exception <a 'sun/nio/fs/WindowsException'{0x000000074fc0ae58}> (0x000000074fc0ae58) 
thrown [t:\workspace\open\src\hotspot\share\prims\jni.cpp, line 516]
Event: 539.423 Thread 0x0000024701a41eb0 Exception <a 'sun/nio/fs/WindowsException'{0x000000074fc0c430}> (0x000000074fc0c430) 
thrown [t:\workspace\open\src\hotspot\share\prims\jni.cpp, line 516]
Event: 539.424 Thread 0x0000024701a41eb0 Exception <a 'sun/nio/fs/WindowsException'{0x000000074fc0c460}> (0x000000074fc0c460) 
thrown [t:\workspace\open\src\hotspot\share\prims\jni.cpp, line 516]
Event: 539.424 Thread 0x0000024701a41eb0 Exception <a 'sun/nio/fs/WindowsException'{0x000000074fc0da18}> (0x000000074fc0da18) 
thrown [t:\workspace\open\src\hotspot\share\prims\jni.cpp, line 516]
Event: 539.424 Thread 0x0000024701a41eb0 Exception <a 'sun/nio/fs/WindowsException'{0x000000074fc0da48}> (0x000000074fc0da48) 
thrown [t:\workspace\open\src\hotspot\share\prims\jni.cpp, line 516]
Event: 539.425 Thread 0x0000024701a41eb0 Exception <a 'sun/nio/fs/WindowsException'{0x000000074fc0efa0}> (0x000000074fc0efa0) 
thrown [t:\workspace\open\src\hotspot\share\prims\jni.cpp, line 516]
Event: 539.425 Thread 0x0000024701a41eb0 Exception <a 'sun/nio/fs/WindowsException'{0x000000074fc0efd0}> (0x000000074fc0efd0) 
thrown [t:\workspace\open\src\hotspot\share\prims\jni.cpp, line 516]
Event: 539.425 Thread 0x0000024701a41eb0 Exception <a 'sun/nio/fs/WindowsException'{0x000000074fc10560}> (0x000000074fc10560) 
thrown [t:\workspace\open\src\hotspot\share\prims\jni.cpp, line 516]
Event: 539.426 Thread 0x0000024701a41eb0 Exception <a 'sun/nio/fs/WindowsException'{0x000000074fc10590}> (0x000000074fc10590) 
thrown [t:\workspace\open\src\hotspot\share\prims\jni.cpp, line 516]
Event: 551.767 Thread 0x0000024701a419e0 Exception <a 'java/lang/NoSuchMethodError'{0x000000074af86db8}: 'int java.lang.invoke.DirectMethodHandle$Holder.invokeStatic(java.lang.Object, java.lang.Object, int)'> (0x000000074af86db8) 
thrown [t:\workspace\open\src\hotspot\share\interpreter\linkResolver.cpp, line 766]

VM Operations (20 events):
Event: 547.098 Executing VM operation: G1CollectForAllocation
Event: 547.104 Executing VM operation: G1CollectForAllocation done
Event: 547.584 Executing VM operation: G1CollectForAllocation
Event: 547.589 Executing VM operation: G1CollectForAllocation done
Event: 548.041 Executing VM operation: G1CollectForAllocation
Event: 548.047 Executing VM operation: G1CollectForAllocation done
Event: 548.539 Executing VM operation: G1CollectForAllocation
Event: 548.546 Executing VM operation: G1CollectForAllocation done
Event: 549.030 Executing VM operation: G1CollectForAllocation
Event: 549.036 Executing VM operation: G1CollectForAllocation done
Event: 549.523 Executing VM operation: G1CollectForAllocation
Event: 549.528 Executing VM operation: G1CollectForAllocation done
Event: 549.982 Executing VM operation: G1CollectForAllocation
Event: 549.989 Executing VM operation: G1CollectForAllocation done
Event: 550.474 Executing VM operation: G1CollectForAllocation
Event: 550.480 Executing VM operation: G1CollectForAllocation done
Event: 551.487 Executing VM operation: Cleanup
Event: 551.487 Executing VM operation: Cleanup done
Event: 551.770 Executing VM operation: G1CollectForAllocation
Event: 551.779 Executing VM operation: G1CollectForAllocation done

Events (20 events):
Event: 538.857 loading class java/io/CharArrayWriter done
Event: 538.859 loading class java/nio/charset/MalformedInputException
Event: 538.859 loading class java/nio/charset/MalformedInputException done
Event: 538.859 loading class java/text/CharacterIterator
Event: 538.859 loading class java/text/CharacterIterator done
Event: 538.860 Thread 0x000002477f3e81e0 Thread added: 0x000002477f3e81e0
Event: 538.861 Thread 0x0000024701d4d810 Thread added: 0x0000024701d4d810
Event: 538.870 loading class java/io/DataOutputStream
Event: 538.870 loading class java/io/DataOutputStream done
Event: 538.870 loading class java/util/UUID$Holder
Event: 538.870 loading class java/util/UUID$Holder done
Event: 538.871 Thread 0x0000024701ceae20 Thread added: 0x0000024701ceae20
Event: 539.722 loading class java/io/InvalidObjectException
Event: 539.722 loading class java/io/InvalidObjectException done
Event: 541.966 Thread 0x0000024701d4d810 Thread exited: 0x0000024701d4d810
Event: 544.493 Thread 0x000002477eb6e600 Thread exited: 0x000002477eb6e600
Event: 544.493 Thread 0x000002477f3e81e0 Thread exited: 0x000002477f3e81e0
Event: 551.335 Thread 0x0000024701ceae20 Thread exited: 0x0000024701ceae20
Event: 551.742 loading class java/text/DigitList$1
Event: 551.742 loading class java/text/DigitList$1 done


Dynamic libraries:
0x00007ff6c5230000 - 0x00007ff6c5240000 	E:\Java\jdk-17.0.1\bin\java.exe
0x00007ffcaa950000 - 0x00007ffcaab45000 	C:\WINDOWS\SYSTEM32\ntdll.dll
0x00007ffca8aa0000 - 0x00007ffca8b5e000 	C:\WINDOWS\System32\KERNEL32.DLL
0x00007ffca8610000 - 0x00007ffca88d8000 	C:\WINDOWS\System32\KERNELBASE.dll
0x00007ffca8120000 - 0x00007ffca8220000 	C:\WINDOWS\System32\ucrtbase.dll
0x00007ffca0770000 - 0x00007ffca0788000 	E:\Java\jdk-17.0.1\bin\jli.dll
0x00007ffca0670000 - 0x00007ffca068a000 	E:\Java\jdk-17.0.1\bin\VCRUNTIME140.dll
0x00007ffca89f0000 - 0x00007ffca8a9e000 	C:\WINDOWS\System32\ADVAPI32.dll
0x00007ffcaa440000 - 0x00007ffcaa4de000 	C:\WINDOWS\System32\msvcrt.dll
0x00007ffca8b60000 - 0x00007ffca8bfc000 	C:\WINDOWS\System32\sechost.dll
0x00007ffcaa7e0000 - 0x00007ffcaa905000 	C:\WINDOWS\System32\RPCRT4.dll
0x00007ffca9310000 - 0x00007ffca94b1000 	C:\WINDOWS\System32\USER32.dll
0x00007ffca80f0000 - 0x00007ffca8112000 	C:\WINDOWS\System32\win32u.dll
0x00007ffca7430000 - 0x00007ffca76ca000 	C:\WINDOWS\WinSxS\amd64_microsoft.windows.common-controls_6595b64144ccf1df_6.0.19041.1110_none_60b5254171f9507e\COMCTL32.dll
0x00007ffca8cb0000 - 0x00007ffca8cdb000 	C:\WINDOWS\System32\GDI32.dll
0x00007ffca8310000 - 0x00007ffca841d000 	C:\WINDOWS\System32\gdi32full.dll
0x00007ffca8270000 - 0x00007ffca830d000 	C:\WINDOWS\System32\msvcp_win.dll
0x00007ffc9f3b0000 - 0x00007ffc9f3ba000 	C:\WINDOWS\SYSTEM32\VERSION.dll
0x00007ffcaa4e0000 - 0x00007ffcaa510000 	C:\WINDOWS\System32\IMM32.DLL
0x00007ffca0ae0000 - 0x00007ffca0aec000 	E:\Java\jdk-17.0.1\bin\vcruntime140_1.dll
0x00007ffc9d740000 - 0x00007ffc9d7cd000 	E:\Java\jdk-17.0.1\bin\msvcp140.dll
0x00007ffc48c50000 - 0x00007ffc4980e000 	E:\Java\jdk-17.0.1\bin\server\jvm.dll
0x00007ffca8d90000 - 0x00007ffca8d98000 	C:\WINDOWS\System32\PSAPI.DLL
0x00007ffca1e90000 - 0x00007ffca1e99000 	C:\WINDOWS\SYSTEM32\WSOCK32.dll
0x00007ffc93e20000 - 0x00007ffc93e47000 	C:\WINDOWS\SYSTEM32\WINMM.dll
0x00007ffca9fe0000 - 0x00007ffcaa04b000 	C:\WINDOWS\System32\WS2_32.dll
0x00007ffca5900000 - 0x00007ffca5912000 	C:\WINDOWS\SYSTEM32\kernel.appcore.dll
0x00007ffca0480000 - 0x00007ffca048a000 	E:\Java\jdk-17.0.1\bin\jimage.dll
0x00007ffca7a80000 - 0x00007ffca7c64000 	C:\WINDOWS\SYSTEM32\DBGHELP.DLL
0x00007ffca7830000 - 0x00007ffca785c000 	C:\WINDOWS\SYSTEM32\dbgcore.DLL
0x00007ffca8060000 - 0x00007ffca80e2000 	C:\WINDOWS\System32\bcryptPrimitives.dll
0x00007ffc9d7e0000 - 0x00007ffc9d805000 	E:\Java\jdk-17.0.1\bin\java.dll
0x00007ffc90d00000 - 0x00007ffc90dd6000 	E:\Java\jdk-17.0.1\bin\svml.dll
0x00007ffca9740000 - 0x00007ffca9e84000 	C:\WINDOWS\System32\SHELL32.dll
0x00007ffca5b00000 - 0x00007ffca6295000 	C:\WINDOWS\SYSTEM32\windows.storage.dll
0x00007ffcaa050000 - 0x00007ffcaa3a5000 	C:\WINDOWS\System32\combase.dll
0x00007ffca73c0000 - 0x00007ffca73ee000 	C:\WINDOWS\SYSTEM32\Wldp.dll
0x00007ffca8c00000 - 0x00007ffca8cad000 	C:\WINDOWS\System32\SHCORE.dll
0x00007ffca8990000 - 0x00007ffca89e5000 	C:\WINDOWS\System32\shlwapi.dll
0x00007ffca7fa0000 - 0x00007ffca7fbf000 	C:\WINDOWS\SYSTEM32\profapi.dll
0x00007ffc9d6f0000 - 0x00007ffc9d709000 	E:\Java\jdk-17.0.1\bin\net.dll
0x00007ffc9e500000 - 0x00007ffc9e60c000 	C:\WINDOWS\SYSTEM32\WINHTTP.dll
0x00007ffca7290000 - 0x00007ffca72fa000 	C:\WINDOWS\system32\mswsock.dll
0x00007ffc9c800000 - 0x00007ffc9c815000 	E:\Java\jdk-17.0.1\bin\nio.dll
0x00007ffc9b2a0000 - 0x00007ffc9b2b8000 	E:\Java\jdk-17.0.1\bin\zip.dll
0x00007ffca0460000 - 0x00007ffca0470000 	E:\Java\jdk-17.0.1\bin\verify.dll
0x00007ffc9d730000 - 0x00007ffc9d739000 	E:\Java\jdk-17.0.1\bin\management.dll
0x00007ffc9ac40000 - 0x00007ffc9ac4b000 	E:\Java\jdk-17.0.1\bin\management_ext.dll
0x00007ffca6e10000 - 0x00007ffca6e4b000 	C:\WINDOWS\SYSTEM32\IPHLPAPI.DLL
0x00007ffca9300000 - 0x00007ffca9308000 	C:\WINDOWS\System32\NSI.dll
0x00007ffc9fe00000 - 0x00007ffc9fe17000 	C:\WINDOWS\SYSTEM32\dhcpcsvc6.DLL
0x00007ffca0890000 - 0x00007ffca08ad000 	C:\WINDOWS\SYSTEM32\dhcpcsvc.DLL
0x00007ffca6e50000 - 0x00007ffca6f1b000 	C:\WINDOWS\SYSTEM32\DNSAPI.dll
0x00007ffc9fd00000 - 0x00007ffc9fd0a000 	C:\Windows\System32\rasadhlp.dll
0x00007ffc94c70000 - 0x00007ffc94cef000 	C:\WINDOWS\System32\fwpuclnt.dll
0x00007ffca8580000 - 0x00007ffca85a7000 	C:\WINDOWS\System32\bcrypt.dll
0x00007ffc94820000 - 0x00007ffc94837000 	C:\WINDOWS\system32\napinsp.dll
0x00007ffc94000000 - 0x00007ffc9401b000 	C:\WINDOWS\system32\pnrpnsp.dll
0x00007ffca28d0000 - 0x00007ffca28e5000 	C:\WINDOWS\system32\wshbth.dll
0x00007ffca3860000 - 0x00007ffca387d000 	C:\WINDOWS\system32\NLAapi.dll
0x00007ffc91230000 - 0x00007ffc91242000 	C:\WINDOWS\System32\winrnr.dll
0x00007ffca7de0000 - 0x00007ffca7df8000 	C:\WINDOWS\SYSTEM32\CRYPTSP.dll
0x00007ffca6ac0000 - 0x00007ffca6af4000 	C:\WINDOWS\system32\rsaenh.dll
0x00007ffca7f60000 - 0x00007ffca7f8e000 	C:\WINDOWS\SYSTEM32\USERENV.dll
0x00007ffca7380000 - 0x00007ffca738c000 	C:\WINDOWS\SYSTEM32\CRYPTBASE.dll
0x0000024700340000 - 0x0000024700343000 	C:\Users\User\.javacpp\cache\javacpp-1.5.3-windows-x86_64.jar\org\bytedeco\javacpp\windows-x86_64\api-ms-win-crt-locale-l1-1-0.dll
0x0000024700350000 - 0x0000024700354000 	C:\Users\User\.javacpp\cache\javacpp-1.5.3-windows-x86_64.jar\org\bytedeco\javacpp\windows-x86_64\api-ms-win-crt-string-l1-1-0.dll
0x0000024700360000 - 0x0000024700364000 	C:\Users\User\.javacpp\cache\javacpp-1.5.3-windows-x86_64.jar\org\bytedeco\javacpp\windows-x86_64\api-ms-win-crt-stdio-l1-1-0.dll
0x0000024700370000 - 0x0000024700375000 	C:\Users\User\.javacpp\cache\javacpp-1.5.3-windows-x86_64.jar\org\bytedeco\javacpp\windows-x86_64\api-ms-win-crt-math-l1-1-0.dll
0x0000024700380000 - 0x0000024700383000 	C:\Users\User\.javacpp\cache\javacpp-1.5.3-windows-x86_64.jar\org\bytedeco\javacpp\windows-x86_64\api-ms-win-crt-heap-l1-1-0.dll
0x0000024700390000 - 0x0000024700394000 	C:\Users\User\.javacpp\cache\javacpp-1.5.3-windows-x86_64.jar\org\bytedeco\javacpp\windows-x86_64\api-ms-win-crt-runtime-l1-1-0.dll
0x00000247003a0000 - 0x00000247003a4000 	C:\Users\User\.javacpp\cache\javacpp-1.5.3-windows-x86_64.jar\org\bytedeco\javacpp\windows-x86_64\api-ms-win-crt-convert-l1-1-0.dll
0x00000247003b0000 - 0x00000247003b3000 	C:\Users\User\.javacpp\cache\javacpp-1.5.3-windows-x86_64.jar\org\bytedeco\javacpp\windows-x86_64\api-ms-win-crt-environment-l1-1-0.dll
0x00000247003c0000 - 0x00000247003c3000 	C:\Users\User\.javacpp\cache\javacpp-1.5.3-windows-x86_64.jar\org\bytedeco\javacpp\windows-x86_64\api-ms-win-crt-time-l1-1-0.dll
0x00000247003d0000 - 0x00000247003d3000 	C:\Users\User\.javacpp\cache\javacpp-1.5.3-windows-x86_64.jar\org\bytedeco\javacpp\windows-x86_64\api-ms-win-crt-filesystem-l1-1-0.dll
0x00000247003e0000 - 0x00000247003e3000 	C:\Users\User\.javacpp\cache\javacpp-1.5.3-windows-x86_64.jar\org\bytedeco\javacpp\windows-x86_64\api-ms-win-crt-utility-l1-1-0.dll
0x00000247003f0000 - 0x00000247003f5000 	C:\Users\User\.javacpp\cache\javacpp-1.5.3-windows-x86_64.jar\org\bytedeco\javacpp\windows-x86_64\api-ms-win-crt-multibyte-l1-1-0.dll
0x00000247023d0000 - 0x00000247023d3000 	C:\Users\User\.javacpp\cache\javacpp-1.5.3-windows-x86_64.jar\org\bytedeco\javacpp\windows-x86_64\api-ms-win-core-string-l1-1-0.dll
0x00000247023e0000 - 0x00000247023e3000 	C:\Users\User\.javacpp\cache\javacpp-1.5.3-windows-x86_64.jar\org\bytedeco\javacpp\windows-x86_64\api-ms-win-core-errorhandling-l1-1-0.dll
0x00000247023f0000 - 0x00000247023f3000 	C:\Users\User\.javacpp\cache\javacpp-1.5.3-windows-x86_64.jar\org\bytedeco\javacpp\windows-x86_64\api-ms-win-core-timezone-l1-1-0.dll
0x0000024702400000 - 0x0000024702404000 	C:\Users\User\.javacpp\cache\javacpp-1.5.3-windows-x86_64.jar\org\bytedeco\javacpp\windows-x86_64\api-ms-win-core-file-l1-1-0.dll
0x0000024702410000 - 0x0000024702413000 	C:\Users\User\.javacpp\cache\javacpp-1.5.3-windows-x86_64.jar\org\bytedeco\javacpp\windows-x86_64\api-ms-win-core-namedpipe-l1-1-0.dll
0x0000024702420000 - 0x0000024702423000 	C:\Users\User\.javacpp\cache\javacpp-1.5.3-windows-x86_64.jar\org\bytedeco\javacpp\windows-x86_64\api-ms-win-core-handle-l1-1-0.dll
0x0000024702430000 - 0x0000024702433000 	C:\Users\User\.javacpp\cache\javacpp-1.5.3-windows-x86_64.jar\org\bytedeco\javacpp\windows-x86_64\api-ms-win-core-file-l2-1-0.dll
0x0000024702440000 - 0x0000024702443000 	C:\Users\User\.javacpp\cache\javacpp-1.5.3-windows-x86_64.jar\org\bytedeco\javacpp\windows-x86_64\api-ms-win-core-heap-l1-1-0.dll
0x0000024702450000 - 0x0000024702453000 	C:\Users\User\.javacpp\cache\javacpp-1.5.3-windows-x86_64.jar\org\bytedeco\javacpp\windows-x86_64\api-ms-win-core-libraryloader-l1-1-0.dll
0x0000024702460000 - 0x0000024702463000 	C:\Users\User\.javacpp\cache\javacpp-1.5.3-windows-x86_64.jar\org\bytedeco\javacpp\windows-x86_64\api-ms-win-core-synch-l1-1-0.dll
0x0000024702470000 - 0x0000024702473000 	C:\Users\User\.javacpp\cache\javacpp-1.5.3-windows-x86_64.jar\org\bytedeco\javacpp\windows-x86_64\api-ms-win-core-processthreads-l1-1-0.dll
0x0000024702480000 - 0x0000024702483000 	C:\Users\User\.javacpp\cache\javacpp-1.5.3-windows-x86_64.jar\org\bytedeco\javacpp\windows-x86_64\api-ms-win-core-processenvironment-l1-1-0.dll
0x0000024702490000 - 0x0000024702493000 	C:\Users\User\.javacpp\cache\javacpp-1.5.3-windows-x86_64.jar\org\bytedeco\javacpp\windows-x86_64\api-ms-win-core-datetime-l1-1-0.dll
0x00000247024a0000 - 0x00000247024a3000 	C:\Users\User\.javacpp\cache\javacpp-1.5.3-windows-x86_64.jar\org\bytedeco\javacpp\windows-x86_64\api-ms-win-core-localization-l1-2-0.dll
0x00000247024b0000 - 0x00000247024b3000 	C:\Users\User\.javacpp\cache\javacpp-1.5.3-windows-x86_64.jar\org\bytedeco\javacpp\windows-x86_64\api-ms-win-core-sysinfo-l1-1-0.dll
0x00000247024c0000 - 0x00000247024c3000 	C:\Users\User\.javacpp\cache\javacpp-1.5.3-windows-x86_64.jar\org\bytedeco\javacpp\windows-x86_64\api-ms-win-core-synch-l1-2-0.dll
0x00000247024d0000 - 0x00000247024d3000 	C:\Users\User\.javacpp\cache\javacpp-1.5.3-windows-x86_64.jar\org\bytedeco\javacpp\windows-x86_64\api-ms-win-core-console-l1-1-0.dll
0x00000247024e0000 - 0x00000247024e3000 	C:\Users\User\.javacpp\cache\javacpp-1.5.3-windows-x86_64.jar\org\bytedeco\javacpp\windows-x86_64\api-ms-win-core-debug-l1-1-0.dll
0x00000247024f0000 - 0x00000247024f3000 	C:\Users\User\.javacpp\cache\javacpp-1.5.3-windows-x86_64.jar\org\bytedeco\javacpp\windows-x86_64\api-ms-win-core-rtlsupport-l1-1-0.dll
0x0000024702500000 - 0x0000024702503000 	C:\Users\User\.javacpp\cache\javacpp-1.5.3-windows-x86_64.jar\org\bytedeco\javacpp\windows-x86_64\api-ms-win-core-processthreads-l1-1-1.dll
0x0000024702510000 - 0x0000024702513000 	C:\Users\User\.javacpp\cache\javacpp-1.5.3-windows-x86_64.jar\org\bytedeco\javacpp\windows-x86_64\api-ms-win-core-file-l1-2-0.dll
0x0000024702520000 - 0x0000024702523000 	C:\Users\User\.javacpp\cache\javacpp-1.5.3-windows-x86_64.jar\org\bytedeco\javacpp\windows-x86_64\api-ms-win-core-profile-l1-1-0.dll
0x0000024702530000 - 0x0000024702533000 	C:\Users\User\.javacpp\cache\javacpp-1.5.3-windows-x86_64.jar\org\bytedeco\javacpp\windows-x86_64\api-ms-win-core-memory-l1-1-0.dll
0x0000024702540000 - 0x0000024702543000 	C:\Users\User\.javacpp\cache\javacpp-1.5.3-windows-x86_64.jar\org\bytedeco\javacpp\windows-x86_64\api-ms-win-core-util-l1-1-0.dll
0x0000024702550000 - 0x0000024702553000 	C:\Users\User\.javacpp\cache\javacpp-1.5.3-windows-x86_64.jar\org\bytedeco\javacpp\windows-x86_64\api-ms-win-core-interlocked-l1-1-0.dll
0x00007ffc90c00000 - 0x00007ffc90cfa000 	C:\Users\User\.javacpp\cache\javacpp-1.5.3-windows-x86_64.jar\org\bytedeco\javacpp\windows-x86_64\ucrtbase.dll
0x00007ffc9ac20000 - 0x00007ffc9ac35000 	C:\Users\User\.javacpp\cache\javacpp-1.5.3-windows-x86_64.jar\org\bytedeco\javacpp\windows-x86_64\vcruntime140.dll
0x00007ffc92750000 - 0x00007ffc927eb000 	C:\Users\User\.javacpp\cache\javacpp-1.5.3-windows-x86_64.jar\org\bytedeco\javacpp\windows-x86_64\msvcp140.dll
0x00007ffc92100000 - 0x00007ffc92151000 	C:\Users\User\.javacpp\cache\javacpp-1.5.3-windows-x86_64.jar\org\bytedeco\javacpp\windows-x86_64\concrt140.dll
0x00007ffc98320000 - 0x00007ffc98347000 	C:\Users\User\.javacpp\cache\javacpp-1.5.3-windows-x86_64.jar\org\bytedeco\javacpp\windows-x86_64\vcomp140.dll
0x00007ffc9ac10000 - 0x00007ffc9ac1e000 	C:\Users\User\.javacpp\cache\javacpp-1.5.3-windows-x86_64.jar\org\bytedeco\javacpp\windows-x86_64\jnijavacpp.dll
0x000000006d7c0000 - 0x000000006f337000 	C:\Users\User\.javacpp\cache\openblas-0.3.9-1-1.5.3-windows-x86_64.jar\org\bytedeco\openblas\windows-x86_64\libopenblas_nolapack.dll
0x00007ffc860b0000 - 0x00007ffc8610a000 	C:\Users\User\.javacpp\cache\openblas-0.3.9-1-1.5.3-windows-x86_64.jar\org\bytedeco\openblas\windows-x86_64\jniopenblas_nolapack.dll
0x00000000008f0000 - 0x0000000002467000 	C:\Users\User\.javacpp\cache\openblas-0.3.9-1-1.5.3-windows-x86_64.jar\org\bytedeco\openblas\windows-x86_64\libopenblas.dll
0x00007ffc43350000 - 0x00007ffc4473d000 	C:\Users\User\.javacpp\cache\openblas-0.3.9-1-1.5.3-windows-x86_64.jar\org\bytedeco\openblas\windows-x86_64\jniopenblas.dll
0x00007ffc1e3c0000 - 0x00007ffc2975a000 	C:\Program Files\NVIDIA GPU Computing Toolkit\CUDA\v11.2\bin\cufft64_10.dll
0x00007ffc44b70000 - 0x00007ffc44f72000 	C:\Users\User\.javacpp\cache\opencv-4.3.0-1.5.3-windows-x86_64.jar\org\bytedeco\opencv\windows-x86_64\opencv_core430.dll
0x00007ffc40790000 - 0x00007ffc40dad000 	C:\Users\User\.javacpp\cache\opencv-4.3.0-1.5.3-windows-x86_64.jar\org\bytedeco\opencv\windows-x86_64\opencv_imgproc430.dll
0x00007ffc43030000 - 0x00007ffc43349000 	C:\Users\User\.javacpp\cache\opencv-4.3.0-1.5.3-windows-x86_64.jar\org\bytedeco\opencv\windows-x86_64\jniopencv_core.dll
0x00007ffc7ef90000 - 0x00007ffc7f0e1000 	C:\Users\User\.javacpp\cache\opencv-4.3.0-1.5.3-windows-x86_64.jar\org\bytedeco\opencv\windows-x86_64\jniopencv_imgproc.dll
0x00007ffc3f3b0000 - 0x00007ffc3f776000 	C:\Users\User\.javacpp\cache\opencv-4.3.0-1.5.3-windows-x86_64.jar\org\bytedeco\opencv\windows-x86_64\opencv_imgcodecs430.dll
0x00007ffc98130000 - 0x00007ffc98160000 	C:\Users\User\.javacpp\cache\opencv-4.3.0-1.5.3-windows-x86_64.jar\org\bytedeco\opencv\windows-x86_64\jniopencv_imgcodecs.dll
0x00007ffc802e0000 - 0x00007ffc8036f000 	C:\Users\User\.javacpp\cache\opencv-4.3.0-1.5.3-windows-x86_64.jar\org\bytedeco\opencv\windows-x86_64\opencv_videoio430.dll
0x00007ffca94d0000 - 0x00007ffca95fa000 	C:\WINDOWS\System32\ole32.dll
0x00007ffca9f10000 - 0x00007ffca9fdd000 	C:\WINDOWS\System32\OLEAUT32.dll
0x00007ffca12c0000 - 0x00007ffca147c000 	C:\WINDOWS\SYSTEM32\MFPlat.DLL
0x00007ffca8220000 - 0x00007ffca826e000 	C:\WINDOWS\System32\cfgmgr32.dll
0x00007ffc5f580000 - 0x00007ffc5f604000 	C:\WINDOWS\SYSTEM32\MF.dll
0x00007ffca3e80000 - 0x00007ffca40e4000 	C:\WINDOWS\SYSTEM32\d3d11.dll
0x00007ffc7f1b0000 - 0x00007ffc7f2ba000 	C:\WINDOWS\SYSTEM32\MFReadWrite.dll
0x00007ffca6300000 - 0x00007ffca63f4000 	C:\WINDOWS\SYSTEM32\dxgi.dll

dbghelp: loaded successfully - version: 4.0.5 - missing functions: none
symbol engine: initialized successfully - sym options: 0x614 - pdb path: .;E:\Java\jdk-17.0.1\bin;C:\WINDOWS\SYSTEM32;C:\WINDOWS\WinSxS\amd64_microsoft.windows.common-controls_6595b64144ccf1df_6.0.19041.1110_none_60b5254171f9507e;E:\Java\jdk-17.0.1\bin\server;C:\Users\User\.javacpp\cache\javacpp-1.5.3-windows-x86_64.jar\org\bytedeco\javacpp\windows-x86_64;C:\Users\User\.javacpp\cache\openblas-0.3.9-1-1.5.3-windows-x86_64.jar\org\bytedeco\openblas\windows-x86_64;C:\Program Files\NVIDIA GPU Computing Toolkit\CUDA\v11.2\bin;C:\Users\User\.javacpp\cache\opencv-4.3.0-1.5.3-windows-x86_64.jar\org\bytedeco\opencv\windows-x86_64;C:\Users\User\.javacpp\cache\nd4j-cuda-10.2-1.0.0-beta7-windows-x86_64.jar\org\nd4j\nativeblas\windows-x86_64;C:\Users\User\.javacpp\cache\nd4j-native-1.0.0-beta7-windows-x86_64.jar\org\nd4j\nativeblas\windows-x86_64

VM Arguments:
jvm_args: -XX:TieredStopAtLevel=1 
java_command: com.dl4jra.server.ServerApplication
java_class_path (initial): E:\SHRDC\DL4JRA2\DL4JRA\server\target\classes;C:\Users\User\.m2\repository\ch\qos\logback\logback-classic\1.2.5\logback-classic-1.2.5.jar;C:\Users\User\.m2\repository\ch\qos\logback\logback-core\1.2.5\logback-core-1.2.5.jar;C:\Users\User\.m2\repository\org\apache\logging\log4j\log4j-to-slf4j\2.14.1\log4j-to-slf4j-2.14.1.jar;C:\Users\User\.m2\repository\org\apache\logging\log4j\log4j-api\2.14.1\log4j-api-2.14.1.jar;C:\Users\User\.m2\repository\org\slf4j\jul-to-slf4j\1.7.32\jul-to-slf4j-1.7.32.jar;C:\Users\User\.m2\repository\jakarta\annotation\jakarta.annotation-api\1.3.5\jakarta.annotation-api-1.3.5.jar;C:\Users\User\.m2\repository\org\yaml\snakeyaml\1.28\snakeyaml-1.28.jar;C:\Users\User\.m2\repository\com\fasterxml\jackson\core\jackson-databind\2.12.4\jackson-databind-2.12.4.jar;C:\Users\User\.m2\repository\com\fasterxml\jackson\core\jackson-annotations\2.12.4\jackson-annotations-2.12.4.jar;C:\Users\User\.m2\repository\com\fasterxml\jackson\core\jackson-core\2.12.4\jackson-core-2.12.4.jar;C:\Users\User\.m2\repository\com\fasterxml\jackson\datatype\jackson-datatype-jdk8\2.12.4\jackson-datatype-jdk8-2.12.4.jar;C:\Users\User\.m2\repository\com\fasterxml\jackson\datatype\jackson-datatype-jsr310\2.12.4\jackson-datatype-jsr310-2.12.4.jar;C:\Users\User\.m2\repository\com\fasterxml\jackson\module\jackson-module-parameter-names\2.12.4\jackson-module-parameter-names-2.12.4.jar;C:\Users\User\.m2\repository\org\apache\tomcat\embed\tomcat-embed-core\9.0.52\tomcat-embed-core-9.0.52.jar;C:\Users\User\.m2\repository\org\apache\tomcat\embed\tomcat-embed-el\9.0.52\tomcat-embed-el-9.0.52.jar;C:\Users\User\.m2\repository\org\apache\tomcat\embed\tomcat-embed-websocket\9.0.52\tomcat-embed-websocket-9.0.52.jar;C:\Users\User\.m2\repository\org\springframework\spring-web\5.3.9\spring-web-5.3.9.jar;C:\Users\User\.m2\repository\org\springframework\spring-beans\5.3.9\spring-beans-5.3.9.jar;C:\Users\User\.m2\repository\org\springframework\spring-webmvc\5.3.9\spring
Launcher Type: SUN_STANDARD

[Global flags]
     intx CICompilerCount                          = 4                                         {product} {ergonomic}
     uint ConcGCThreads                            = 3                                         {product} {ergonomic}
     uint G1ConcRefinementThreads                  = 10                                        {product} {ergonomic}
   size_t G1HeapRegionSize                         = 2097152                                   {product} {ergonomic}
    uintx GCDrainStackTargetSize                   = 64                                        {product} {ergonomic}
   size_t InitialHeapSize                          = 199229440                                 {product} {ergonomic}
   size_t MarkStackSize                            = 4194304                                   {product} {ergonomic}
   size_t MaxHeapSize                              = 3181379584                                {product} {ergonomic}
   size_t MaxNewSize                               = 1908408320                                {product} {ergonomic}
   size_t MinHeapDeltaBytes                        = 2097152                                   {product} {ergonomic}
   size_t MinHeapSize                              = 8388608                                   {product} {ergonomic}
    uintx NonProfiledCodeHeapSize                  = 0                                      {pd product} {ergonomic}
     bool ProfileInterpreter                       = false                                  {pd product} {command line}
    uintx ProfiledCodeHeapSize                     = 0                                      {pd product} {ergonomic}
   size_t SoftMaxHeapSize                          = 3181379584                             {manageable} {ergonomic}
     intx TieredStopAtLevel                        = 1                                         {product} {command line}
     bool UseCompressedClassPointers               = true                           {product lp64_product} {ergonomic}
     bool UseCompressedOops                        = true                           {product lp64_product} {ergonomic}
     bool UseG1GC                                  = true                                      {product} {ergonomic}
     bool UseLargePagesIndividualAllocation        = false                                  {pd product} {ergonomic}

Logging:
Log output configuration:
 #0: stdout all=warning uptime,level,tags
 #1: stderr all=off uptime,level,tags

Environment Variables:
CLASSPATH=C:\Program Files\Java\jre1.8.0_301\lib
PATH=C:\Program Files\Common Files\Oracle\Java\javapath;C:\Program Files (x86)\Common Files\Oracle\Java\javapath;C:\Program Files\NVIDIA GPU Computing Toolkit\CUDA\v11.2\bin;C:\Program Files\NVIDIA GPU Computing Toolkit\CUDA\v11.2\libnvvp;C:\Program Files\NVIDIA GPU Computing Toolkit\CUDA\v11.5\bin;C:\Program Files\NVIDIA GPU Computing Toolkit\CUDA\v11.5\libnvvp;C:\Windows\system32;C:\Windows;C:\Windows\System32\Wbem;C:\Windows\System32\WindowsPowerShell\v1.0\;C:\Windows\System32\OpenSSH\;C:\Program Files (x86)\NVIDIA Corporation\PhysX\Common;C:\Program Files\NVIDIA Corporation\NVIDIA NvDLISR;C:\WINDOWS\system32;C:\WINDOWS;C:\WINDOWS\System32\Wbem;C:\WINDOWS\System32\WindowsPowerShell\v1.0\;C:\WINDOWS\System32\OpenSSH\;E:\Git\cmd;E:\Node js\;E:\Maven\apache-maven-3.8.4\bin;C:\Program Files\Java\jre1.8.0_301\bin;E:\zlib\dll_x64;C:\Program Files\NVIDIA Corporation\Nsight Compute 2020.3.0\;C:\Program Files\Java\jre1.8.0_301\bin;E:\Microsoft VS Code\bin;E:\zlib\dll_x64;
USERNAME=User
OS=Windows_NT
PROCESSOR_IDENTIFIER=Intel64 Family 6 Model 158 Stepping 10, GenuineIntel



---------------  S Y S T E M  ---------------

OS:
 Windows 10 , 64 bit Build 19041 (10.0.19041.1466)
OS uptime: 1 days 5:04 hours

CPU: total 12 (initial active 12) (6 cores per cpu, 2 threads per core) family 6 model 158 stepping 10 microcode 0xb4, cx8, cmov, fxsr, ht, mmx, 3dnowpref, sse, sse2, sse3, ssse3, sse4.1, sse4.2, popcnt, lzcnt, tsc, tscinvbit, avx, avx2, aes, erms, clmul, bmi1, bmi2, adx, fma, vzeroupper, clflush, clflushopt

Memory: 4k page, system-wide physical 12131M (3280M free)
TotalPageFile size 28003M (AvailPageFile size 11944M)
current process WorkingSet (physical memory assigned to process): 484M, peak: 624M
current process commit charge ("private bytes"): 1444M, peak: 1583M

vm_info: Java HotSpot(TM) 64-Bit Server VM (17.0.1+12-LTS-39) for windows-amd64 JRE (17.0.1+12-LTS-39), built on Sep 27 2021 18:41:35 by "mach5one" with MS VC++ 16.8 (VS2019)

END.
