#
# A fatal error has been detected by the Java Runtime Environment:
#
#  EXCEPTION_ACCESS_VIOLATION (0xc0000005) at pc=0x00000000091f3f98, pid=18144, tid=0x000000000000051c
#
# JRE version: Java(TM) SE Runtime Environment (8.0_301-b09) (build 1.8.0_301-b09)
# Java VM: Java HotSpot(TM) 64-Bit Server VM (25.301-b09 mixed mode windows-amd64 compressed oops)
# Problematic frame:
# C  [libnd4jcpu.dll+0x6a73f98]
#
# Failed to write core dump. Minidumps are not enabled by default on client versions of Windows
#
# If you would like to submit a bug report, please visit:
#   http://bugreport.java.com/bugreport/crash.jsp
# The crash happened outside the Java Virtual Machine in native code.
# See problematic frame for where to report the bug.
#

---------------  T H R E A D  ---------------

Current thread (0x0000028377d05000):  JavaThread "main" [_thread_in_native, id=1308, stack(0x000000bcf9500000,0x000000bcf9600000)]

siginfo: ExceptionCode=0xc0000005, reading address 0x000002835b989a58

Registers:
RAX=0x0000000000000000, RBX=0x0000000000000000, RCX=0x000000bcf95fe130, RDX=0x00000283a965e248
RSP=0x000000bcf95fdfb0, RBP=0x0000000000000000, RSI=0x0000000000000000, RDI=0x000000bcf95fe130
R8 =0x0000000000000000, R9 =0x0000000000000000, R10=0x000000bcf95fe130, R11=0x0000000000000080
R12=0x000002835b989a58, R13=0x00000283b1762a98, R14=0x000002838a5d7490, R15=0x0000000000000000
RIP=0x00000000091f3f98, EFLAGS=0x0000000000010246

Top of Stack: (sp=0x000000bcf95fdfb0)
0x000000bcf95fdfb0:   0000000000fa066a 00000000000000d2
0x000000bcf95fdfc0:   000002835528fd80 0000028377d05000
0x000000bcf95fdfd0:   0000000000000000 0000000000000003
0x000000bcf95fdfe0:   0000000000000001 0000000000000000
0x000000bcf95fdff0:   0000000000000080 0000000000000001
0x000000bcf95fe000:   0000028377f102a8 00007ffbf059b86b
0x000000bcf95fe010:   0000000000c0066a 00000000000000d4
0x000000bcf95fe020:   000002835528fd01 0000000000000001
0x000000bcf95fe030:   0000000000000001 0000000000000020
0x000000bcf95fe040:   0000000000000000 0000028377f12040
0x000000bcf95fe050:   0000028378090000 0000028377f10000
0x000000bcf95fe060:   0000028377f102a8 00000283a965e248
0x000000bcf95fe070:   00000283b1762a98 0000028377f10ea0
0x000000bcf95fe080:   0000000000000010 0000000000000000
0x000000bcf95fe090:   0000000000000000 0000000000000020
0x000000bcf95fe0a0:   0000000000000010 0000000000000004 

Instructions: (pc=0x00000000091f3f98)
0x00000000091f3f78:   14 d4 31 fa 48 0f af dd 48 89 c6 eb 2e 49 8b 45
0x00000000091f3f88:   08 48 8b 94 24 b8 00 00 00 48 0f af c6 4c 01 f8
0x00000000091f3f98:   f3 41 0f 10 04 84 48 8b 42 08 48 0f af c6 48 83
0x00000000091f3fa8:   c6 01 48 01 d8 f3 41 0f 11 04 86 48 89 f9 e8 f5 


Register to memory mapping:

RAX=0x0000000000000000 is an unknown value
RBX=0x0000000000000000 is an unknown value
RCX=0x000000bcf95fe130 is pointing into the stack for thread: 0x0000028377d05000
RDX=0x00000283a965e248 is an unknown value
RSP=0x000000bcf95fdfb0 is pointing into the stack for thread: 0x0000028377d05000
RBP=0x0000000000000000 is an unknown value
RSI=0x0000000000000000 is an unknown value
RDI=0x000000bcf95fe130 is pointing into the stack for thread: 0x0000028377d05000
R8 =0x0000000000000000 is an unknown value
R9 =0x0000000000000000 is an unknown value
R10=0x000000bcf95fe130 is pointing into the stack for thread: 0x0000028377d05000
R11=0x0000000000000080 is an unknown value
R12=0x000002835b989a58 is an unknown value
R13=0x00000283b1762a98 is an unknown value
R14=0x000002838a5d7490 is an unknown value
R15=0x0000000000000000 is an unknown value


Stack: [0x000000bcf9500000,0x000000bcf9600000],  sp=0x000000bcf95fdfb0,  free space=1015k
Native frames: (J=compiled Java code, j=interpreted, Vv=VM code, C=native code)

Java frames: (J=compiled Java code, j=interpreted, Vv=VM code)
J 2034  org.nd4j.nativeblas.Nd4jCpu.execTransformAny(Lorg/bytedeco/javacpp/PointerPointer;ILorg/nd4j/nativeblas/OpaqueDataBuffer;Lorg/bytedeco/javacpp/LongPointer;Lorg/bytedeco/javacpp/LongPointer;Lorg/nd4j/nativeblas/OpaqueDataBuffer;Lorg/bytedeco/javacpp/LongPointer;Lorg/bytedeco/javacpp/LongPointer;Lorg/bytedeco/javacpp/Pointer;)V (0 bytes) @ 0x000002830092ebbe [0x000002830092eac0+0xfe]
J 2336 C2 org.nd4j.linalg.cpu.nativecpu.ops.NativeOpExecutioner.exec(Lorg/nd4j/linalg/api/ops/TransformOp;Lorg/nd4j/linalg/api/ops/OpContext;)V (1440 bytes) @ 0x0000028300323368 [0x00000283003223c0+0xfa8]
J 3041 C2 org.nd4j.linalg.api.ndarray.BaseNDArray.assign(Lorg/nd4j/linalg/api/ndarray/INDArray;)Lorg/nd4j/linalg/api/ndarray/INDArray; (104 bytes) @ 0x000002830099c544 [0x000002830099ba20+0xb24]
J 2517 C2 org.nd4j.linalg.workspace.BaseWorkspaceMgr.dup(Ljava/lang/Enum;Lorg/nd4j/linalg/api/ndarray/INDArray;C)Lorg/nd4j/linalg/api/ndarray/INDArray; (147 bytes) @ 0x00000283005a4408 [0x00000283005a3d60+0x6a8]
J 2934 C1 org.deeplearning4j.util.TimeSeriesUtils.reshapeTimeSeriesMaskToVector(Lorg/nd4j/linalg/api/ndarray/INDArray;Lorg/deeplearning4j/nn/workspace/LayerWorkspaceMgr;Lorg/deeplearning4j/nn/workspace/ArrayType;)Lorg/nd4j/linalg/api/ndarray/INDArray; (77 bytes) @ 0x0000028300903a54 [0x0000028300903660+0x3f4]
J 2850 C1 org.deeplearning4j.nn.layers.recurrent.RnnOutputLayer.setMaskArray(Lorg/nd4j/linalg/api/ndarray/INDArray;)V (125 bytes) @ 0x0000028300949bb4 [0x0000028300949760+0x454]
J 3067 C1 org.deeplearning4j.nn.graph.ComputationGraph.setLayerMaskArrays([Lorg/nd4j/linalg/api/ndarray/INDArray;[Lorg/nd4j/linalg/api/ndarray/INDArray;)V (444 bytes) @ 0x00000283002e07d4 [0x00000283002de780+0x2054]
j  org.deeplearning4j.nn.graph.ComputationGraph.output(Z[Lorg/nd4j/linalg/api/ndarray/INDArray;[Lorg/nd4j/linalg/api/ndarray/INDArray;[Lorg/nd4j/linalg/api/ndarray/INDArray;Lorg/nd4j/linalg/api/memory/MemoryWorkspace;)[Lorg/nd4j/linalg/api/ndarray/INDArray;+19
j  org.deeplearning4j.nn.graph.ComputationGraph.output(Z[Lorg/nd4j/linalg/api/ndarray/INDArray;[Lorg/nd4j/linalg/api/ndarray/INDArray;[Lorg/nd4j/linalg/api/ndarray/INDArray;)[Lorg/nd4j/linalg/api/ndarray/INDArray;+22
j  org.deeplearning4j.nn.graph.ComputationGraph.output([Lorg/nd4j/linalg/api/ndarray/INDArray;)[Lorg/nd4j/linalg/api/ndarray/INDArray;+11
j  com.dl4jra.server.cnn.CNN.EvaluateModel_CG()V+90
j  com.dl4jra.server.testing.CnnTest.main([Ljava/lang/String;)V+177
v  ~StubRoutines::call_stub
j  sun.reflect.NativeMethodAccessorImpl.invoke0(Ljava/lang/reflect/Method;Ljava/lang/Object;[Ljava/lang/Object;)Ljava/lang/Object;+0
j  sun.reflect.NativeMethodAccessorImpl.invoke(Ljava/lang/Object;[Ljava/lang/Object;)Ljava/lang/Object;+100
j  sun.reflect.DelegatingMethodAccessorImpl.invoke(Ljava/lang/Object;[Ljava/lang/Object;)Ljava/lang/Object;+6
j  java.lang.reflect.Method.invoke(Ljava/lang/Object;[Ljava/lang/Object;)Ljava/lang/Object;+56
j  com.intellij.rt.execution.CommandLineWrapper.main([Ljava/lang/String;)V+193
v  ~StubRoutines::call_stub

---------------  P R O C E S S  ---------------

Java Threads: ( => current thread )
  0x000002837dff4000 JavaThread "DeallocatorServiceThread_1" daemon [_thread_blocked, id=13044, stack(0x000000bcfc400000,0x000000bcfc500000)]
  0x00000283156ae800 JavaThread "DeallocatorServiceThread_0" daemon [_thread_blocked, id=13320, stack(0x000000bcfc300000,0x000000bcfc400000)]
  0x0000028315522000 JavaThread "JavaCPP Deallocator" daemon [_thread_blocked, id=14492, stack(0x000000bcfac00000,0x000000bcfad00000)]
  0x000002837dbf5000 JavaThread "Service Thread" daemon [_thread_blocked, id=4452, stack(0x000000bcfaa00000,0x000000bcfab00000)]
  0x000002837db52800 JavaThread "C1 CompilerThread3" daemon [_thread_blocked, id=12708, stack(0x000000bcfa900000,0x000000bcfaa00000)]
  0x000002837db51000 JavaThread "C2 CompilerThread2" daemon [_thread_blocked, id=13824, stack(0x000000bcfa800000,0x000000bcfa900000)]
  0x000002837db49800 JavaThread "C2 CompilerThread1" daemon [_thread_blocked, id=10708, stack(0x000000bcfa700000,0x000000bcfa800000)]
  0x000002837db46800 JavaThread "C2 CompilerThread0" daemon [_thread_blocked, id=4432, stack(0x000000bcfa600000,0x000000bcfa700000)]
  0x000002837b6d0000 JavaThread "Monitor Ctrl-Break" daemon [_thread_in_native, id=17420, stack(0x000000bcfa500000,0x000000bcfa600000)]
  0x000002837b6ab000 JavaThread "Attach Listener" daemon [_thread_blocked, id=1864, stack(0x000000bcfa400000,0x000000bcfa500000)]
  0x000002837db43000 JavaThread "Signal Dispatcher" daemon [_thread_blocked, id=7780, stack(0x000000bcfa300000,0x000000bcfa400000)]
  0x000002837b676800 JavaThread "Finalizer" daemon [_thread_blocked, id=312, stack(0x000000bcfa200000,0x000000bcfa300000)]
  0x000002837b66e800 JavaThread "Reference Handler" daemon [_thread_blocked, id=17868, stack(0x000000bcfa100000,0x000000bcfa200000)]
=>0x0000028377d05000 JavaThread "main" [_thread_in_native, id=1308, stack(0x000000bcf9500000,0x000000bcf9600000)]

Other Threads:
  0x000002837b646000 VMThread [stack: 0x000000bcfa000000,0x000000bcfa100000] [id=12760]
  0x000002837dc0f800 WatcherThread [stack: 0x000000bcfab00000,0x000000bcfac00000] [id=7784]

VM state:not at safepoint (normal execution)

VM Mutex/Monitor currently owned by a thread: None

heap address: 0x0000000702600000, size: 3034 MB, Compressed Oops mode: Zero based, Oop shift amount: 3
Narrow klass base: 0x0000000000000000, Narrow klass shift: 3
Compressed class space size: 1073741824 Address: 0x00000007c0000000

Heap:
 PSYoungGen      total 1003520K, used 488837K [0x0000000780d00000, 0x00000007bff80000, 0x00000007c0000000)
  eden space 973312K, 48% used [0x0000000780d00000,0x000000079da29650,0x00000007bc380000)
  from space 30208K, 54% used [0x00000007bc380000,0x00000007bd3b8000,0x00000007be100000)
  to   space 29696K, 0% used [0x00000007be280000,0x00000007be280000,0x00000007bff80000)
 ParOldGen       total 79872K, used 31426K [0x0000000702600000, 0x0000000707400000, 0x0000000780d00000)
  object space 79872K, 39% used [0x0000000702600000,0x00000007044b0b40,0x0000000707400000)
 Metaspace       used 21241K, capacity 21512K, committed 21808K, reserved 1069056K
  class space    used 2053K, capacity 2141K, committed 2176K, reserved 1048576K

Card table byte_map: [0x0000028379c00000,0x000002837a1f0000] byte_map_base: 0x00000283763ed000

Marking Bits: (ParMarkBitMap*) 0x000000006b087fe0
 Begin Bits: [0x000002830f000000, 0x0000028311f68000)
 End Bits:   [0x0000028311f68000, 0x0000028314ed0000)

Polling page: 0x0000028377cc0000

CodeCache: size=245760Kb used=12006Kb max_used=12024Kb free=233753Kb
 bounds [0x0000028300000000, 0x0000028300be0000, 0x000002830f000000]
 total_blobs=3574 nmethods=2510 adapters=976
 compilation: enabled

Compilation events (10 events):
Event: 201.756 Thread 0x000002837db46800 nmethod 3229 0x00000283008486d0 code [0x0000028300848820, 0x0000028300848ba8]
Event: 201.762 Thread 0x000002837db46800 3230       4       org.nd4j.linalg.api.ndarray.BaseNDArray::putScalar (214 bytes)
Event: 201.765 Thread 0x000002837db46800 nmethod 3230 0x0000028300847d10 code [0x0000028300847e80, 0x00000283008481c8]
Event: 201.770 Thread 0x000002837db51000 nmethod 3226 0x0000028300940dd0 code [0x0000028300941080, 0x00000283009420f8]
Event: 201.771 Thread 0x000002837db49800 nmethod 3228 0x0000028300b7dc90 code [0x0000028300b7de60, 0x0000028300b7ec48]
Event: 201.787 Thread 0x000002837db46800 3231 %     4       org.deeplearning4j.datasets.datavec.RecordReaderMultiDataSetIterator::convertWritablesSequence @ 493 (1146 bytes)
Event: 201.810 Thread 0x000002837db51000 3232       4       org.nd4j.linalg.api.ndarray.BaseNDArray::putScalar (121 bytes)
Event: 201.810 Thread 0x000002837db49800 3233       4       org.nd4j.linalg.api.shape.Shape::getOffsetUnsafe (150 bytes)
Event: 201.811 Thread 0x000002837db49800 nmethod 3233 0x00000283008d4e10 code [0x00000283008d4f60, 0x00000283008d50b8]
Event: 201.813 Thread 0x000002837db51000 nmethod 3232 0x0000028300b7d290 code [0x0000028300b7d400, 0x0000028300b7d768]

GC Heap History (10 events):
Event: 188.409 GC heap before
{Heap before GC invocations=54 (full 1):
 PSYoungGen      total 1001472K, used 986080K [0x0000000780d00000, 0x00000007bfe80000, 0x00000007c0000000)
  eden space 970240K, 100% used [0x0000000780d00000,0x00000007bc080000,0x00000007bc080000)
  from space 31232K, 50% used [0x00000007be000000,0x00000007bef78000,0x00000007bfe80000)
  to   space 31744K, 0% used [0x00000007bc080000,0x00000007bc080000,0x00000007bdf80000)
 ParOldGen       total 79872K, used 31018K [0x0000000702600000, 0x0000000707400000, 0x0000000780d00000)
  object space 79872K, 38% used [0x0000000702600000,0x000000070444ab40,0x0000000707400000)
 Metaspace       used 21087K, capacity 21352K, committed 21552K, reserved 1069056K
  class space    used 2046K, capacity 2109K, committed 2176K, reserved 1048576K
Event: 188.449 GC heap after
Heap after GC invocations=54 (full 1):
 PSYoungGen      total 1001984K, used 23232K [0x0000000780d00000, 0x00000007c0000000, 0x00000007c0000000)
  eden space 970240K, 0% used [0x0000000780d00000,0x0000000780d00000,0x00000007bc080000)
  from space 31744K, 73% used [0x00000007bc080000,0x00000007bd730000,0x00000007bdf80000)
  to   space 31744K, 0% used [0x00000007be100000,0x00000007be100000,0x00000007c0000000)
 ParOldGen       total 79872K, used 31090K [0x0000000702600000, 0x0000000707400000, 0x0000000780d00000)
  object space 79872K, 38% used [0x0000000702600000,0x000000070445cb40,0x0000000707400000)
 Metaspace       used 21087K, capacity 21352K, committed 21552K, reserved 1069056K
  class space    used 2046K, capacity 2109K, committed 2176K, reserved 1048576K
}
Event: 191.648 GC heap before
{Heap before GC invocations=55 (full 1):
 PSYoungGen      total 1001984K, used 993472K [0x0000000780d00000, 0x00000007c0000000, 0x00000007c0000000)
  eden space 970240K, 100% used [0x0000000780d00000,0x00000007bc080000,0x00000007bc080000)
  from space 31744K, 73% used [0x00000007bc080000,0x00000007bd730000,0x00000007bdf80000)
  to   space 31744K, 0% used [0x00000007be100000,0x00000007be100000,0x00000007c0000000)
 ParOldGen       total 79872K, used 31090K [0x0000000702600000, 0x0000000707400000, 0x0000000780d00000)
  object space 79872K, 38% used [0x0000000702600000,0x000000070445cb40,0x0000000707400000)
 Metaspace       used 21087K, capacity 21352K, committed 21552K, reserved 1069056K
  class space    used 2046K, capacity 2109K, committed 2176K, reserved 1048576K
Event: 191.679 GC heap after
Heap after GC invocations=55 (full 1):
 PSYoungGen      total 1002496K, used 16000K [0x0000000780d00000, 0x00000007bff00000, 0x00000007c0000000)
  eden space 971776K, 0% used [0x0000000780d00000,0x0000000780d00000,0x00000007bc200000)
  from space 30720K, 52% used [0x00000007be100000,0x00000007bf0a0000,0x00000007bff00000)
  to   space 31232K, 0% used [0x00000007bc200000,0x00000007bc200000,0x00000007be080000)
 ParOldGen       total 79872K, used 31178K [0x0000000702600000, 0x0000000707400000, 0x0000000780d00000)
  object space 79872K, 39% used [0x0000000702600000,0x0000000704472b40,0x0000000707400000)
 Metaspace       used 21087K, capacity 21352K, committed 21552K, reserved 1069056K
  class space    used 2046K, capacity 2109K, committed 2176K, reserved 1048576K
}
Event: 194.516 GC heap before
{Heap before GC invocations=56 (full 1):
 PSYoungGen      total 1002496K, used 987776K [0x0000000780d00000, 0x00000007bff00000, 0x00000007c0000000)
  eden space 971776K, 100% used [0x0000000780d00000,0x00000007bc200000,0x00000007bc200000)
  from space 30720K, 52% used [0x00000007be100000,0x00000007bf0a0000,0x00000007bff00000)
  to   space 31232K, 0% used [0x00000007bc200000,0x00000007bc200000,0x00000007be080000)
 ParOldGen       total 79872K, used 31178K [0x0000000702600000, 0x0000000707400000, 0x0000000780d00000)
  object space 79872K, 39% used [0x0000000702600000,0x0000000704472b40,0x0000000707400000)
 Metaspace       used 21087K, capacity 21352K, committed 21552K, reserved 1069056K
  class space    used 2046K, capacity 2109K, committed 2176K, reserved 1048576K
Event: 194.546 GC heap after
Heap after GC invocations=56 (full 1):
 PSYoungGen      total 1003008K, used 16384K [0x0000000780d00000, 0x00000007bff80000, 0x00000007c0000000)
  eden space 971776K, 0% used [0x0000000780d00000,0x0000000780d00000,0x00000007bc200000)
  from space 31232K, 52% used [0x00000007bc200000,0x00000007bd200000,0x00000007be080000)
  to   space 30720K, 0% used [0x00000007be180000,0x00000007be180000,0x00000007bff80000)
 ParOldGen       total 79872K, used 31250K [0x0000000702600000, 0x0000000707400000, 0x0000000780d00000)
  object space 79872K, 39% used [0x0000000702600000,0x0000000704484b40,0x0000000707400000)
 Metaspace       used 21087K, capacity 21352K, committed 21552K, reserved 1069056K
  class space    used 2046K, capacity 2109K, committed 2176K, reserved 1048576K
}
Event: 197.002 GC heap before
{Heap before GC invocations=57 (full 1):
 PSYoungGen      total 1003008K, used 988160K [0x0000000780d00000, 0x00000007bff80000, 0x00000007c0000000)
  eden space 971776K, 100% used [0x0000000780d00000,0x00000007bc200000,0x00000007bc200000)
  from space 31232K, 52% used [0x00000007bc200000,0x00000007bd200000,0x00000007be080000)
  to   space 30720K, 0% used [0x00000007be180000,0x00000007be180000,0x00000007bff80000)
 ParOldGen       total 79872K, used 31250K [0x0000000702600000, 0x0000000707400000, 0x0000000780d00000)
  object space 79872K, 39% used [0x0000000702600000,0x0000000704484b40,0x0000000707400000)
 Metaspace       used 21088K, capacity 21352K, committed 21552K, reserved 1069056K
  class space    used 2046K, capacity 2109K, committed 2176K, reserved 1048576K
Event: 197.034 GC heap after
Heap after GC invocations=57 (full 1):
 PSYoungGen      total 1003008K, used 21280K [0x0000000780d00000, 0x00000007bfe80000, 0x00000007c0000000)
  eden space 973312K, 0% used [0x0000000780d00000,0x0000000780d00000,0x00000007bc380000)
  from space 29696K, 71% used [0x00000007be180000,0x00000007bf648000,0x00000007bfe80000)
  to   space 30208K, 0% used [0x00000007bc380000,0x00000007bc380000,0x00000007be100000)
 ParOldGen       total 79872K, used 31338K [0x0000000702600000, 0x0000000707400000, 0x0000000780d00000)
  object space 79872K, 39% used [0x0000000702600000,0x000000070449ab40,0x0000000707400000)
 Metaspace       used 21088K, capacity 21352K, committed 21552K, reserved 1069056K
  class space    used 2046K, capacity 2109K, committed 2176K, reserved 1048576K
}
Event: 199.829 GC heap before
{Heap before GC invocations=58 (full 1):
 PSYoungGen      total 1003008K, used 994592K [0x0000000780d00000, 0x00000007bfe80000, 0x00000007c0000000)
  eden space 973312K, 100% used [0x0000000780d00000,0x00000007bc380000,0x00000007bc380000)
  from space 29696K, 71% used [0x00000007be180000,0x00000007bf648000,0x00000007bfe80000)
  to   space 30208K, 0% used [0x00000007bc380000,0x00000007bc380000,0x00000007be100000)
 ParOldGen       total 79872K, used 31338K [0x0000000702600000, 0x0000000707400000, 0x0000000780d00000)
  object space 79872K, 39% used [0x0000000702600000,0x000000070449ab40,0x0000000707400000)
 Metaspace       used 21089K, capacity 21352K, committed 21552K, reserved 1069056K
  class space    used 2047K, capacity 2109K, committed 2176K, reserved 1048576K
Event: 199.858 GC heap after
Heap after GC invocations=58 (full 1):
 PSYoungGen      total 1003520K, used 16608K [0x0000000780d00000, 0x00000007bff80000, 0x00000007c0000000)
  eden space 973312K, 0% used [0x0000000780d00000,0x0000000780d00000,0x00000007bc380000)
  from space 30208K, 54% used [0x00000007bc380000,0x00000007bd3b8000,0x00000007be100000)
  to   space 29696K, 0% used [0x00000007be280000,0x00000007be280000,0x00000007bff80000)
 ParOldGen       total 79872K, used 31426K [0x0000000702600000, 0x0000000707400000, 0x0000000780d00000)
  object space 79872K, 39% used [0x0000000702600000,0x00000007044b0b40,0x0000000707400000)
 Metaspace       used 21089K, capacity 21352K, committed 21552K, reserved 1069056K
  class space    used 2047K, capacity 2109K, committed 2176K, reserved 1048576K
}

Deoptimization events (10 events):
Event: 201.678 Thread 0x0000028377d05000 Uncommon trap: reason=null_check action=make_not_entrant pc=0x000002830062ad90 method=sun.util.locale.provider.LocaleProviderAdapter.getAdapter(Ljava/lang/Class;Ljava/util/Locale;)Lsun/util/locale/provider/LocaleProviderAdapter; @ 24
Event: 201.678 Thread 0x0000028377d05000 Uncommon trap: reason=unstable_if action=reinterpret pc=0x0000028300609590 method=sun.util.locale.BaseLocale.equals(Ljava/lang/Object;)Z @ 29
Event: 201.678 Thread 0x0000028377d05000 Uncommon trap: reason=null_check action=make_not_entrant pc=0x00000283009872e8 method=sun.util.locale.provider.LocaleResources.getDecimalFormatSymbolsData()[Ljava/lang/Object; @ 15
Event: 201.678 Thread 0x0000028377d05000 Uncommon trap: reason=bimorphic action=maybe_recompile pc=0x00000283001afc4c method=java.util.ArrayList.<init>(Ljava/util/Collection;)V @ 5
Event: 201.678 Thread 0x0000028377d05000 Uncommon trap: reason=unstable_if action=reinterpret pc=0x000002830046fad0 method=java.util.Locale.hashCode()I @ 6
Event: 201.678 Thread 0x0000028377d05000 Uncommon trap: reason=null_check action=make_not_entrant pc=0x00000283007b5318 method=java.util.Currency.getInstance(Ljava/lang/String;II)Ljava/util/Currency; @ 9
Event: 201.679 Thread 0x0000028377d05000 Uncommon trap: reason=unstable_if action=reinterpret pc=0x000002830037f5f8 method=java.util.regex.Pattern$Curly.match0(Ljava/util/regex/Matcher;IILjava/lang/CharSequence;)Z @ 34
Event: 201.679 Thread 0x0000028377d05000 Uncommon trap: reason=unstable_if action=reinterpret pc=0x00000283003827e8 method=java.util.Formatter$FormatSpecifier.index(Ljava/lang/String;)I @ 1
Event: 201.679 Thread 0x0000028377d05000 Uncommon trap: reason=unstable_if action=reinterpret pc=0x000002830061e568 method=java.util.Formatter$Conversion.isValid(C)Z @ 4
Event: 201.679 Thread 0x0000028377d05000 Uncommon trap: reason=unstable_if action=reinterpret pc=0x0000028300997034 method=org.nd4j.linalg.api.ndarray.BaseNDArray.getDouble(J)D @ 108

Classes redefined (0 events):
No events

Internal exceptions (10 events):
Event: 3.483 Thread 0x0000028377d05000 Exception <a 'sun/nio/fs/WindowsException'> (0x0000000782b7aa68) thrown at [C:\jenkins\workspace\8-2-build-windows-amd64-cygwin\jdk8u301\1513\hotspot\src\share\vm\prims\jni.cpp, line 710]
Event: 3.483 Thread 0x0000028377d05000 Exception <a 'sun/nio/fs/WindowsException'> (0x0000000782b7c150) thrown at [C:\jenkins\workspace\8-2-build-windows-amd64-cygwin\jdk8u301\1513\hotspot\src\share\vm\prims\jni.cpp, line 710]
Event: 3.483 Thread 0x0000028377d05000 Exception <a 'sun/nio/fs/WindowsException'> (0x0000000782b7d820) thrown at [C:\jenkins\workspace\8-2-build-windows-amd64-cygwin\jdk8u301\1513\hotspot\src\share\vm\prims\jni.cpp, line 710]
Event: 3.484 Thread 0x0000028377d05000 Exception <a 'sun/nio/fs/WindowsException'> (0x0000000782b7efb8) thrown at [C:\jenkins\workspace\8-2-build-windows-amd64-cygwin\jdk8u301\1513\hotspot\src\share\vm\prims\jni.cpp, line 710]
Event: 3.484 Thread 0x0000028377d05000 Exception <a 'sun/nio/fs/WindowsException'> (0x0000000782b807e0) thrown at [C:\jenkins\workspace\8-2-build-windows-amd64-cygwin\jdk8u301\1513\hotspot\src\share\vm\prims\jni.cpp, line 710]
Event: 3.484 Thread 0x0000028377d05000 Exception <a 'sun/nio/fs/WindowsException'> (0x0000000782b81fe8) thrown at [C:\jenkins\workspace\8-2-build-windows-amd64-cygwin\jdk8u301\1513\hotspot\src\share\vm\prims\jni.cpp, line 710]
Event: 3.485 Thread 0x0000028377d05000 Exception <a 'sun/nio/fs/WindowsException'> (0x0000000782b83768) thrown at [C:\jenkins\workspace\8-2-build-windows-amd64-cygwin\jdk8u301\1513\hotspot\src\share\vm\prims\jni.cpp, line 710]
Event: 3.485 Thread 0x0000028377d05000 Exception <a 'sun/nio/fs/WindowsException'> (0x0000000782b84f30) thrown at [C:\jenkins\workspace\8-2-build-windows-amd64-cygwin\jdk8u301\1513\hotspot\src\share\vm\prims\jni.cpp, line 710]
Event: 201.678 Thread 0x0000028377d05000 Implicit null exception at 0x000002830062ab96 to 0x000002830062ad7d
Event: 201.678 Thread 0x0000028377d05000 Implicit null exception at 0x00000283009870d5 to 0x00000283009872dc

Events (10 events):
Event: 201.679 Thread 0x0000028377d05000 DEOPT PACKING pc=0x0000028300997034 sp=0x000000bcf95fe650
Event: 201.679 Thread 0x0000028377d05000 DEOPT UNPACKING pc=0x0000028300045843 sp=0x000000bcf95fe608 mode 2
Event: 201.679 loading class org/apache/commons/lang3/StringUtils
Event: 201.679 loading class org/apache/commons/lang3/StringUtils done
Event: 201.684 loading class java/lang/Character$UnicodeBlock
Event: 201.722 loading class java/lang/Character$Subset
Event: 201.722 loading class java/lang/Character$Subset done
Event: 201.722 loading class java/lang/Character$UnicodeBlock done
Event: 201.725 loading class java/util/regex/Pattern$Block
Event: 201.725 loading class java/util/regex/Pattern$Block done


Dynamic libraries:
0x00007ff73af50000 - 0x00007ff73af97000 	E:\Java\jdk1.8.0_301\bin\java.exe
0x00007ffbf0570000 - 0x00007ffbf0765000 	C:\WINDOWS\SYSTEM32\ntdll.dll
0x00007ffbf0180000 - 0x00007ffbf023e000 	C:\WINDOWS\System32\KERNEL32.DLL
0x00007ffbee2a0000 - 0x00007ffbee568000 	C:\WINDOWS\System32\KERNELBASE.dll
0x00007ffbee8f0000 - 0x00007ffbee99e000 	C:\WINDOWS\System32\ADVAPI32.dll
0x00007ffbef310000 - 0x00007ffbef3ae000 	C:\WINDOWS\System32\msvcrt.dll
0x00007ffbee750000 - 0x00007ffbee7ec000 	C:\WINDOWS\System32\sechost.dll
0x00007ffbee9a0000 - 0x00007ffbeeac5000 	C:\WINDOWS\System32\RPCRT4.dll
0x00007ffbf0240000 - 0x00007ffbf03e0000 	C:\WINDOWS\System32\USER32.dll
0x00007ffbee080000 - 0x00007ffbee0a2000 	C:\WINDOWS\System32\win32u.dll
0x00007ffbef3c0000 - 0x00007ffbef3eb000 	C:\WINDOWS\System32\GDI32.dll
0x00007ffbedc80000 - 0x00007ffbedd8d000 	C:\WINDOWS\System32\gdi32full.dll
0x00007ffbee0b0000 - 0x00007ffbee14d000 	C:\WINDOWS\System32\msvcp_win.dll
0x00007ffbede20000 - 0x00007ffbedf20000 	C:\WINDOWS\System32\ucrtbase.dll
0x00007ffbed050000 - 0x00007ffbed2ea000 	C:\WINDOWS\WinSxS\amd64_microsoft.windows.common-controls_6595b64144ccf1df_6.0.19041.1110_none_60b5254171f9507e\COMCTL32.dll
0x00007ffbee7f0000 - 0x00007ffbee820000 	C:\WINDOWS\System32\IMM32.DLL
0x00007ffbd61d0000 - 0x00007ffbd61e5000 	E:\Java\jdk1.8.0_301\jre\bin\vcruntime140.dll
0x00007ffbb2010000 - 0x00007ffbb20ab000 	E:\Java\jdk1.8.0_301\jre\bin\msvcp140.dll
0x000000006a8a0000 - 0x000000006b100000 	E:\Java\jdk1.8.0_301\jre\bin\server\jvm.dll
0x00007ffbf0170000 - 0x00007ffbf0178000 	C:\WINDOWS\System32\PSAPI.DLL
0x00007ffbd6f70000 - 0x00007ffbd6f97000 	C:\WINDOWS\SYSTEM32\WINMM.dll
0x00007ffbd26b0000 - 0x00007ffbd26b9000 	C:\WINDOWS\SYSTEM32\WSOCK32.dll
0x00007ffbe4fb0000 - 0x00007ffbe4fba000 	C:\WINDOWS\SYSTEM32\VERSION.dll
0x00007ffbf04c0000 - 0x00007ffbf052b000 	C:\WINDOWS\System32\WS2_32.dll
0x00007ffbeb520000 - 0x00007ffbeb532000 	C:\WINDOWS\SYSTEM32\kernel.appcore.dll
0x00007ffbe94b0000 - 0x00007ffbe94c0000 	E:\Java\jdk1.8.0_301\jre\bin\verify.dll
0x00007ffbd4f60000 - 0x00007ffbd4f8b000 	E:\Java\jdk1.8.0_301\jre\bin\java.dll
0x00007ffbd5d70000 - 0x00007ffbd5da0000 	E:\Java\jdk1.8.0_301\jre\bin\instrument.dll
0x00007ffbd4f40000 - 0x00007ffbd4f58000 	E:\Java\jdk1.8.0_301\jre\bin\zip.dll
0x00007ffbef510000 - 0x00007ffbefc54000 	C:\WINDOWS\System32\SHELL32.dll
0x00007ffbeb720000 - 0x00007ffbebeb4000 	C:\WINDOWS\SYSTEM32\windows.storage.dll
0x00007ffbeead0000 - 0x00007ffbeee25000 	C:\WINDOWS\System32\combase.dll
0x00007ffbecfe0000 - 0x00007ffbed00e000 	C:\WINDOWS\SYSTEM32\Wldp.dll
0x00007ffbee840000 - 0x00007ffbee8ed000 	C:\WINDOWS\System32\SHCORE.dll
0x00007ffbeee30000 - 0x00007ffbeee85000 	C:\WINDOWS\System32\shlwapi.dll
0x00007ffbedbc0000 - 0x00007ffbedbdf000 	C:\WINDOWS\SYSTEM32\profapi.dll
0x00007ffbd5d50000 - 0x00007ffbd5d6a000 	C:\Program Files\JetBrains\IntelliJ IDEA Community Edition 2019.2.4\bin\breakgen64.dll
0x00007ffbd28e0000 - 0x00007ffbd28fc000 	E:\Java\jdk1.8.0_301\jre\bin\net.dll
0x00007ffbeceb0000 - 0x00007ffbecf1a000 	C:\WINDOWS\system32\mswsock.dll
0x0000028378040000 - 0x0000028378043000 	C:\Users\User\.javacpp\cache\javacpp-1.5.3-windows-x86_64.jar\org\bytedeco\javacpp\windows-x86_64\api-ms-win-crt-locale-l1-1-0.dll
0x00007ffbd28c0000 - 0x00007ffbd28d3000 	E:\Java\jdk1.8.0_301\jre\bin\nio.dll
0x0000028378050000 - 0x0000028378054000 	C:\Users\User\.javacpp\cache\javacpp-1.5.3-windows-x86_64.jar\org\bytedeco\javacpp\windows-x86_64\api-ms-win-crt-string-l1-1-0.dll
0x0000028378060000 - 0x0000028378064000 	C:\Users\User\.javacpp\cache\javacpp-1.5.3-windows-x86_64.jar\org\bytedeco\javacpp\windows-x86_64\api-ms-win-crt-stdio-l1-1-0.dll
0x0000028378070000 - 0x0000028378075000 	C:\Users\User\.javacpp\cache\javacpp-1.5.3-windows-x86_64.jar\org\bytedeco\javacpp\windows-x86_64\api-ms-win-crt-math-l1-1-0.dll
0x0000028378080000 - 0x0000028378083000 	C:\Users\User\.javacpp\cache\javacpp-1.5.3-windows-x86_64.jar\org\bytedeco\javacpp\windows-x86_64\api-ms-win-crt-heap-l1-1-0.dll
0x000002837f810000 - 0x000002837f814000 	C:\Users\User\.javacpp\cache\javacpp-1.5.3-windows-x86_64.jar\org\bytedeco\javacpp\windows-x86_64\api-ms-win-crt-runtime-l1-1-0.dll
0x000002837f820000 - 0x000002837f824000 	C:\Users\User\.javacpp\cache\javacpp-1.5.3-windows-x86_64.jar\org\bytedeco\javacpp\windows-x86_64\api-ms-win-crt-convert-l1-1-0.dll
0x000002837f830000 - 0x000002837f833000 	C:\Users\User\.javacpp\cache\javacpp-1.5.3-windows-x86_64.jar\org\bytedeco\javacpp\windows-x86_64\api-ms-win-crt-environment-l1-1-0.dll
0x000002837f840000 - 0x000002837f843000 	C:\Users\User\.javacpp\cache\javacpp-1.5.3-windows-x86_64.jar\org\bytedeco\javacpp\windows-x86_64\api-ms-win-crt-time-l1-1-0.dll
0x000002837f850000 - 0x000002837f853000 	C:\Users\User\.javacpp\cache\javacpp-1.5.3-windows-x86_64.jar\org\bytedeco\javacpp\windows-x86_64\api-ms-win-crt-filesystem-l1-1-0.dll
0x000002837f860000 - 0x000002837f863000 	C:\Users\User\.javacpp\cache\javacpp-1.5.3-windows-x86_64.jar\org\bytedeco\javacpp\windows-x86_64\api-ms-win-crt-utility-l1-1-0.dll
0x000002837f870000 - 0x000002837f875000 	C:\Users\User\.javacpp\cache\javacpp-1.5.3-windows-x86_64.jar\org\bytedeco\javacpp\windows-x86_64\api-ms-win-crt-multibyte-l1-1-0.dll
0x000002837f880000 - 0x000002837f883000 	C:\Users\User\.javacpp\cache\javacpp-1.5.3-windows-x86_64.jar\org\bytedeco\javacpp\windows-x86_64\api-ms-win-core-string-l1-1-0.dll
0x000002837f890000 - 0x000002837f893000 	C:\Users\User\.javacpp\cache\javacpp-1.5.3-windows-x86_64.jar\org\bytedeco\javacpp\windows-x86_64\api-ms-win-core-errorhandling-l1-1-0.dll
0x000002837f8a0000 - 0x000002837f8a3000 	C:\Users\User\.javacpp\cache\javacpp-1.5.3-windows-x86_64.jar\org\bytedeco\javacpp\windows-x86_64\api-ms-win-core-timezone-l1-1-0.dll
0x000002837f8b0000 - 0x000002837f8b4000 	C:\Users\User\.javacpp\cache\javacpp-1.5.3-windows-x86_64.jar\org\bytedeco\javacpp\windows-x86_64\api-ms-win-core-file-l1-1-0.dll
0x000002837f8c0000 - 0x000002837f8c3000 	C:\Users\User\.javacpp\cache\javacpp-1.5.3-windows-x86_64.jar\org\bytedeco\javacpp\windows-x86_64\api-ms-win-core-namedpipe-l1-1-0.dll
0x000002837f8d0000 - 0x000002837f8d3000 	C:\Users\User\.javacpp\cache\javacpp-1.5.3-windows-x86_64.jar\org\bytedeco\javacpp\windows-x86_64\api-ms-win-core-handle-l1-1-0.dll
0x000002837f8e0000 - 0x000002837f8e3000 	C:\Users\User\.javacpp\cache\javacpp-1.5.3-windows-x86_64.jar\org\bytedeco\javacpp\windows-x86_64\api-ms-win-core-file-l2-1-0.dll
0x000002837f8f0000 - 0x000002837f8f3000 	C:\Users\User\.javacpp\cache\javacpp-1.5.3-windows-x86_64.jar\org\bytedeco\javacpp\windows-x86_64\api-ms-win-core-heap-l1-1-0.dll
0x000002837f900000 - 0x000002837f903000 	C:\Users\User\.javacpp\cache\javacpp-1.5.3-windows-x86_64.jar\org\bytedeco\javacpp\windows-x86_64\api-ms-win-core-libraryloader-l1-1-0.dll
0x000002837f910000 - 0x000002837f913000 	C:\Users\User\.javacpp\cache\javacpp-1.5.3-windows-x86_64.jar\org\bytedeco\javacpp\windows-x86_64\api-ms-win-core-synch-l1-1-0.dll
0x000002837f920000 - 0x000002837f923000 	C:\Users\User\.javacpp\cache\javacpp-1.5.3-windows-x86_64.jar\org\bytedeco\javacpp\windows-x86_64\api-ms-win-core-processthreads-l1-1-0.dll
0x000002837f930000 - 0x000002837f933000 	C:\Users\User\.javacpp\cache\javacpp-1.5.3-windows-x86_64.jar\org\bytedeco\javacpp\windows-x86_64\api-ms-win-core-processenvironment-l1-1-0.dll
0x000002837f940000 - 0x000002837f943000 	C:\Users\User\.javacpp\cache\javacpp-1.5.3-windows-x86_64.jar\org\bytedeco\javacpp\windows-x86_64\api-ms-win-core-datetime-l1-1-0.dll
0x000002837f950000 - 0x000002837f953000 	C:\Users\User\.javacpp\cache\javacpp-1.5.3-windows-x86_64.jar\org\bytedeco\javacpp\windows-x86_64\api-ms-win-core-localization-l1-2-0.dll
0x000002837f960000 - 0x000002837f963000 	C:\Users\User\.javacpp\cache\javacpp-1.5.3-windows-x86_64.jar\org\bytedeco\javacpp\windows-x86_64\api-ms-win-core-sysinfo-l1-1-0.dll
0x000002837f970000 - 0x000002837f973000 	C:\Users\User\.javacpp\cache\javacpp-1.5.3-windows-x86_64.jar\org\bytedeco\javacpp\windows-x86_64\api-ms-win-core-synch-l1-2-0.dll
0x000002837f980000 - 0x000002837f983000 	C:\Users\User\.javacpp\cache\javacpp-1.5.3-windows-x86_64.jar\org\bytedeco\javacpp\windows-x86_64\api-ms-win-core-console-l1-1-0.dll
0x000002837f990000 - 0x000002837f993000 	C:\Users\User\.javacpp\cache\javacpp-1.5.3-windows-x86_64.jar\org\bytedeco\javacpp\windows-x86_64\api-ms-win-core-debug-l1-1-0.dll
0x000002837f9a0000 - 0x000002837f9a3000 	C:\Users\User\.javacpp\cache\javacpp-1.5.3-windows-x86_64.jar\org\bytedeco\javacpp\windows-x86_64\api-ms-win-core-rtlsupport-l1-1-0.dll
0x000002837f9b0000 - 0x000002837f9b3000 	C:\Users\User\.javacpp\cache\javacpp-1.5.3-windows-x86_64.jar\org\bytedeco\javacpp\windows-x86_64\api-ms-win-core-processthreads-l1-1-1.dll
0x000002837f9c0000 - 0x000002837f9c3000 	C:\Users\User\.javacpp\cache\javacpp-1.5.3-windows-x86_64.jar\org\bytedeco\javacpp\windows-x86_64\api-ms-win-core-file-l1-2-0.dll
0x000002837f9d0000 - 0x000002837f9d3000 	C:\Users\User\.javacpp\cache\javacpp-1.5.3-windows-x86_64.jar\org\bytedeco\javacpp\windows-x86_64\api-ms-win-core-profile-l1-1-0.dll
0x000002837f9e0000 - 0x000002837f9e3000 	C:\Users\User\.javacpp\cache\javacpp-1.5.3-windows-x86_64.jar\org\bytedeco\javacpp\windows-x86_64\api-ms-win-core-memory-l1-1-0.dll
0x000002837f9f0000 - 0x000002837f9f3000 	C:\Users\User\.javacpp\cache\javacpp-1.5.3-windows-x86_64.jar\org\bytedeco\javacpp\windows-x86_64\api-ms-win-core-util-l1-1-0.dll
0x000002837fa00000 - 0x000002837fa03000 	C:\Users\User\.javacpp\cache\javacpp-1.5.3-windows-x86_64.jar\org\bytedeco\javacpp\windows-x86_64\api-ms-win-core-interlocked-l1-1-0.dll
0x00007ffbd24f0000 - 0x00007ffbd25ea000 	C:\Users\User\.javacpp\cache\javacpp-1.5.3-windows-x86_64.jar\org\bytedeco\javacpp\windows-x86_64\ucrtbase.dll
0x00007ffbd5d00000 - 0x00007ffbd5d15000 	C:\Users\User\.javacpp\cache\javacpp-1.5.3-windows-x86_64.jar\org\bytedeco\javacpp\windows-x86_64\vcruntime140.dll
0x00007ffb83130000 - 0x00007ffb831cb000 	C:\Users\User\.javacpp\cache\javacpp-1.5.3-windows-x86_64.jar\org\bytedeco\javacpp\windows-x86_64\msvcp140.dll
0x00007ffbca110000 - 0x00007ffbca161000 	C:\Users\User\.javacpp\cache\javacpp-1.5.3-windows-x86_64.jar\org\bytedeco\javacpp\windows-x86_64\concrt140.dll
0x00007ffbd5c80000 - 0x00007ffbd5ca7000 	C:\Users\User\.javacpp\cache\javacpp-1.5.3-windows-x86_64.jar\org\bytedeco\javacpp\windows-x86_64\vcomp140.dll
0x00007ffbe50b0000 - 0x00007ffbe50be000 	C:\Users\User\.javacpp\cache\javacpp-1.5.3-windows-x86_64.jar\org\bytedeco\javacpp\windows-x86_64\jnijavacpp.dll
0x000000006d7c0000 - 0x000000006f337000 	C:\Users\User\.javacpp\cache\openblas-0.3.9-1-1.5.3-windows-x86_64.jar\org\bytedeco\openblas\windows-x86_64\libopenblas_nolapack.dll
0x00007ffbbfcf0000 - 0x00007ffbbfd4a000 	C:\Users\User\.javacpp\cache\openblas-0.3.9-1-1.5.3-windows-x86_64.jar\org\bytedeco\openblas\windows-x86_64\jniopenblas_nolapack.dll
0x0000000000c00000 - 0x0000000002777000 	C:\Users\User\.javacpp\cache\openblas-0.3.9-1-1.5.3-windows-x86_64.jar\org\bytedeco\openblas\windows-x86_64\libopenblas.dll
0x00007ffb62e90000 - 0x00007ffb6427d000 	C:\Users\User\.javacpp\cache\openblas-0.3.9-1-1.5.3-windows-x86_64.jar\org\bytedeco\openblas\windows-x86_64\jniopenblas.dll
0x0000000064940000 - 0x0000000064956000 	C:\Users\User\.javacpp\cache\nd4j-cuda-10.2-1.0.0-beta7-windows-x86_64.jar\org\nd4j\nativeblas\windows-x86_64\libwinpthread-1.dll
0x0000000061440000 - 0x000000006145c000 	C:\Users\User\.javacpp\cache\nd4j-cuda-10.2-1.0.0-beta7-windows-x86_64.jar\org\nd4j\nativeblas\windows-x86_64\libgcc_s_seh-1.dll
0x0000000063600000 - 0x0000000063633000 	C:\Users\User\.javacpp\cache\nd4j-cuda-10.2-1.0.0-beta7-windows-x86_64.jar\org\nd4j\nativeblas\windows-x86_64\libgomp-1.dll
0x000000006fc40000 - 0x000000006fdf3000 	C:\Users\User\.javacpp\cache\nd4j-cuda-10.2-1.0.0-beta7-windows-x86_64.jar\org\nd4j\nativeblas\windows-x86_64\libstdc++-6.dll
0x0000000002780000 - 0x000000000adea000 	C:\Users\User\.javacpp\cache\nd4j-native-1.0.0-beta7-windows-x86_64.jar\org\nd4j\nativeblas\windows-x86_64\libnd4jcpu.dll
0x0000000066880000 - 0x0000000066b27000 	C:\Users\User\.javacpp\cache\nd4j-native-1.0.0-beta7-windows-x86_64.jar\org\nd4j\nativeblas\windows-x86_64\jnind4jcpu.dll
0x00007ffbeda00000 - 0x00007ffbeda18000 	C:\WINDOWS\SYSTEM32\CRYPTSP.dll
0x00007ffbec6e0000 - 0x00007ffbec714000 	C:\WINDOWS\system32\rsaenh.dll
0x00007ffbee270000 - 0x00007ffbee297000 	C:\WINDOWS\System32\bcrypt.dll
0x00007ffbedb80000 - 0x00007ffbedbae000 	C:\WINDOWS\SYSTEM32\USERENV.dll
0x00007ffbedd90000 - 0x00007ffbede12000 	C:\WINDOWS\System32\bcryptprimitives.dll
0x00007ffbecfa0000 - 0x00007ffbecfac000 	C:\WINDOWS\SYSTEM32\CRYPTBASE.dll
0x00007ffbeca30000 - 0x00007ffbeca6b000 	C:\WINDOWS\SYSTEM32\IPHLPAPI.DLL
0x00007ffbef3b0000 - 0x00007ffbef3b8000 	C:\WINDOWS\System32\NSI.dll
0x00007ffbe5610000 - 0x00007ffbe5627000 	C:\WINDOWS\SYSTEM32\dhcpcsvc6.DLL
0x00007ffbe64f0000 - 0x00007ffbe650d000 	C:\WINDOWS\SYSTEM32\dhcpcsvc.DLL
0x00007ffbeca70000 - 0x00007ffbecb3b000 	C:\WINDOWS\SYSTEM32\DNSAPI.dll
0x00007ffbed6a0000 - 0x00007ffbed884000 	C:\WINDOWS\SYSTEM32\dbghelp.dll

VM Arguments:
jvm_args: -javaagent:C:\Program Files\JetBrains\IntelliJ IDEA Community Edition 2019.2.4\lib\idea_rt.jar=65499:C:\Program Files\JetBrains\IntelliJ IDEA Community Edition 2019.2.4\bin -Dfile.encoding=UTF-8 
java_command: com.intellij.rt.execution.CommandLineWrapper C:\Users\User\AppData\Local\Temp\idea_classpath107649569 com.dl4jra.server.testing.CnnTest
java_class_path (initial): C:\Program Files\JetBrains\IntelliJ IDEA Community Edition 2019.2.4\lib\idea_rt.jar;C:\Program Files\JetBrains\IntelliJ IDEA Community Edition 2019.2.4\lib\idea_rt.jar
Launcher Type: SUN_STANDARD

Environment Variables:
CLASSPATH=C:\Program Files\Java\jre1.8.0_301\lib
PATH=C:\Program Files\Common Files\Oracle\Java\javapath;C:\Program Files (x86)\Common Files\Oracle\Java\javapath;C:\Program Files\NVIDIA GPU Computing Toolkit\CUDA\v11.2\bin;C:\Program Files\NVIDIA GPU Computing Toolkit\CUDA\v11.2\libnvvp;C:\Program Files\NVIDIA GPU Computing Toolkit\CUDA\v11.5\bin;C:\Program Files\NVIDIA GPU Computing Toolkit\CUDA\v11.5\libnvvp;C:\Windows\system32;C:\Windows;C:\Windows\System32\Wbem;C:\Windows\System32\WindowsPowerShell\v1.0\;C:\Windows\System32\OpenSSH\;C:\Program Files (x86)\NVIDIA Corporation\PhysX\Common;C:\Program Files\NVIDIA Corporation\NVIDIA NvDLISR;C:\WINDOWS\system32;C:\WINDOWS;C:\WINDOWS\System32\Wbem;C:\WINDOWS\System32\WindowsPowerShell\v1.0\;C:\WINDOWS\System32\OpenSSH\;E:\Git\cmd;E:\Node js\;E:\Maven\apache-maven-3.8.4\bin;C:\Program Files\Java\jre1.8.0_301\bin;E:\zlib\dll_x64;C:\Program Files\NVIDIA Corporation\Nsight Compute 2020.3.0\;C:\Program Files\Java\jre1.8.0_301\bin;E:\Microsoft VS Code\bin;E:\zlib\dll_x64;
USERNAME=User
OS=Windows_NT
PROCESSOR_IDENTIFIER=Intel64 Family 6 Model 158 Stepping 10, GenuineIntel



---------------  S Y S T E M  ---------------

OS: Windows 10.0 , 64 bit Build 19041 (10.0.19041.1503)

CPU:total 12 (initial active 12) (6 cores per cpu, 2 threads per core) family 6 model 158 stepping 10, cmov, cx8, fxsr, mmx, sse, sse2, sse3, ssse3, sse4.1, sse4.2, popcnt, avx, avx2, aes, clmul, erms, 3dnowpref, lzcnt, ht, tsc, tscinvbit, bmi1, bmi2, adx

Memory: 4k page, physical 12422396k(2650676k free), swap 20286716k(5119876k free)

vm_info: Java HotSpot(TM) 64-Bit Server VM (25.301-b09) for windows-amd64 JRE (1.8.0_301-b09), built on Jun  9 2021 06:46:21 by "java_re" with MS VC++ 15.9 (VS2017)

time: Tue Feb 15 16:57:39 2022
timezone: Malay Peninsula Standard Time
elapsed time: 201.910875 seconds (0d 0h 3m 21s)

