#
# A fatal error has been detected by the Java Runtime Environment:
#
#  EXCEPTION_ACCESS_VIOLATION (0xc0000005) at pc=0x0000000008be3f98, pid=8852, tid=0x00000000000037fc
#
# JRE version: Java(TM) SE Runtime Environment (8.0_301-b09) (build 1.8.0_301-b09)
# Java VM: Java HotSpot(TM) 64-Bit Server VM (25.301-b09 mixed mode windows-amd64 compressed oops)
# Problematic frame:
# C  [libnd4jcpu.dll+0x6a73f98]
#
# Failed to write core dump. Minidumps are not enabled by default on client versions of Windows
#
# If you would like to submit a bug report, please visit:
#   http://bugreport.java.com/bugreport/crash.jsp
# The crash happened outside the Java Virtual Machine in native code.
# See problematic frame for where to report the bug.
#

---------------  T H R E A D  ---------------

Current thread (0x000001bd2a696800):  JavaThread "main" [_thread_in_native, id=14332, stack(0x0000000b06e00000,0x0000000b06f00000)]

siginfo: ExceptionCode=0xc0000005, reading address 0x000001bd27a3da58

Registers:
RAX=0x0000000000000000, RBX=0x0000000000000000, RCX=0x0000000b06efe0f0, RDX=0x000001bdac5dee68
RSP=0x0000000b06efdf70, RBP=0x0000000000000000, RSI=0x0000000000000000, RDI=0x0000000b06efe0f0
R8 =0x0000000000000000, R9 =0x0000000000000000, R10=0x0000000b06efe0f0, R11=0x0000000000000080
R12=0x000001bd27a3da58, R13=0x000001bd23f25ea8, R14=0x000001bd0706b090, R15=0x0000000000000000
RIP=0x0000000008be3f98, EFLAGS=0x0000000000010246

Top of Stack: (sp=0x0000000b06efdf70)
0x0000000b06efdf70:   0000000002ad075d 00000000000000ca
0x0000000b06efdf80:   000001bd80b366f0 000001bd2a696800
0x0000000b06efdf90:   0000000000000000 0000000000000003
0x0000000b06efdfa0:   0000000000000001 0000000000000000
0x0000000b06efdfb0:   0000000000000080 0000000000000001
0x0000000b06efdfc0:   000001bd2a8a02a8 00007ffbf059b86b
0x0000000b06efdfd0:   00000000029d075d 00000000000000cc
0x0000000b06efdfe0:   000001bd80b36601 0000000000000001
0x0000000b06efdff0:   0000000000000001 0000000000000020
0x0000000b06efe000:   0000000000000000 000001bd2a8a2340
0x0000000b06efe010:   000001bd2aa60000 000001bd2a8a0000
0x0000000b06efe020:   000001bd2a8a02a8 000001bdac5dee68
0x0000000b06efe030:   000001bd23f25ea8 000001bd2a8a0ea0
0x0000000b06efe040:   0000000000000010 0000000000000000
0x0000000b06efe050:   0000000000000000 0000000000000020
0x0000000b06efe060:   0000000000000010 0000000000000004 

Instructions: (pc=0x0000000008be3f98)
0x0000000008be3f78:   14 d4 31 fa 48 0f af dd 48 89 c6 eb 2e 49 8b 45
0x0000000008be3f88:   08 48 8b 94 24 b8 00 00 00 48 0f af c6 4c 01 f8
0x0000000008be3f98:   f3 41 0f 10 04 84 48 8b 42 08 48 0f af c6 48 83
0x0000000008be3fa8:   c6 01 48 01 d8 f3 41 0f 11 04 86 48 89 f9 e8 f5 


Register to memory mapping:

RAX=0x0000000000000000 is an unknown value
RBX=0x0000000000000000 is an unknown value
RCX=0x0000000b06efe0f0 is pointing into the stack for thread: 0x000001bd2a696800
RDX=0x000001bdac5dee68 is an unknown value
RSP=0x0000000b06efdf70 is pointing into the stack for thread: 0x000001bd2a696800
RBP=0x0000000000000000 is an unknown value
RSI=0x0000000000000000 is an unknown value
RDI=0x0000000b06efe0f0 is pointing into the stack for thread: 0x000001bd2a696800
R8 =0x0000000000000000 is an unknown value
R9 =0x0000000000000000 is an unknown value
R10=0x0000000b06efe0f0 is pointing into the stack for thread: 0x000001bd2a696800
R11=0x0000000000000080 is an unknown value
R12=0x000001bd27a3da58 is an unknown value
R13=0x000001bd23f25ea8 is an unknown value
R14=0x000001bd0706b090 is an unknown value
R15=0x0000000000000000 is an unknown value


Stack: [0x0000000b06e00000,0x0000000b06f00000],  sp=0x0000000b06efdf70,  free space=1015k
Native frames: (J=compiled Java code, j=interpreted, Vv=VM code, C=native code)

Java frames: (J=compiled Java code, j=interpreted, Vv=VM code)
J 1960  org.nd4j.nativeblas.Nd4jCpu.execTransformAny(Lorg/bytedeco/javacpp/PointerPointer;ILorg/nd4j/nativeblas/OpaqueDataBuffer;Lorg/bytedeco/javacpp/LongPointer;Lorg/bytedeco/javacpp/LongPointer;Lorg/nd4j/nativeblas/OpaqueDataBuffer;Lorg/bytedeco/javacpp/LongPointer;Lorg/bytedeco/javacpp/LongPointer;Lorg/bytedeco/javacpp/Pointer;)V (0 bytes) @ 0x000001bd2cb02bbe [0x000001bd2cb02ac0+0xfe]
J 2316 C2 org.nd4j.linalg.cpu.nativecpu.ops.NativeOpExecutioner.exec(Lorg/nd4j/linalg/api/ops/TransformOp;Lorg/nd4j/linalg/api/ops/OpContext;)V (1440 bytes) @ 0x000001bd2cc76028 [0x000001bd2cc75080+0xfa8]
J 3035 C2 org.nd4j.linalg.api.ndarray.BaseNDArray.assign(Lorg/nd4j/linalg/api/ndarray/INDArray;)Lorg/nd4j/linalg/api/ndarray/INDArray; (104 bytes) @ 0x000001bd2cb90fd0 [0x000001bd2cb90380+0xc50]
J 2508 C2 org.nd4j.linalg.workspace.BaseWorkspaceMgr.dup(Ljava/lang/Enum;Lorg/nd4j/linalg/api/ndarray/INDArray;C)Lorg/nd4j/linalg/api/ndarray/INDArray; (147 bytes) @ 0x000001bd2c449b48 [0x000001bd2c4494a0+0x6a8]
J 2923 C1 org.deeplearning4j.util.TimeSeriesUtils.reshapeTimeSeriesMaskToVector(Lorg/nd4j/linalg/api/ndarray/INDArray;Lorg/deeplearning4j/nn/workspace/LayerWorkspaceMgr;Lorg/deeplearning4j/nn/workspace/ArrayType;)Lorg/nd4j/linalg/api/ndarray/INDArray; (77 bytes) @ 0x000001bd2c9cec94 [0x000001bd2c9ce8a0+0x3f4]
J 2843 C1 org.deeplearning4j.nn.layers.recurrent.RnnOutputLayer.setMaskArray(Lorg/nd4j/linalg/api/ndarray/INDArray;)V (125 bytes) @ 0x000001bd2cbed4b4 [0x000001bd2cbed060+0x454]
J 3056 C1 org.deeplearning4j.nn.graph.ComputationGraph.setLayerMaskArrays([Lorg/nd4j/linalg/api/ndarray/INDArray;[Lorg/nd4j/linalg/api/ndarray/INDArray;)V (444 bytes) @ 0x000001bd2c37a354 [0x000001bd2c378300+0x2054]
j  org.deeplearning4j.nn.graph.ComputationGraph.output(Z[Lorg/nd4j/linalg/api/ndarray/INDArray;[Lorg/nd4j/linalg/api/ndarray/INDArray;[Lorg/nd4j/linalg/api/ndarray/INDArray;Lorg/nd4j/linalg/api/memory/MemoryWorkspace;)[Lorg/nd4j/linalg/api/ndarray/INDArray;+19
j  org.deeplearning4j.nn.graph.ComputationGraph.output(Z[Lorg/nd4j/linalg/api/ndarray/INDArray;[Lorg/nd4j/linalg/api/ndarray/INDArray;[Lorg/nd4j/linalg/api/ndarray/INDArray;)[Lorg/nd4j/linalg/api/ndarray/INDArray;+22
j  org.deeplearning4j.nn.graph.ComputationGraph.output([Lorg/nd4j/linalg/api/ndarray/INDArray;)[Lorg/nd4j/linalg/api/ndarray/INDArray;+11
j  com.dl4jra.server.cnn.CNN.EvaluateModel_CG()V+90
j  com.dl4jra.server.testing.CnnTest.main([Ljava/lang/String;)V+177
v  ~StubRoutines::call_stub
j  sun.reflect.NativeMethodAccessorImpl.invoke0(Ljava/lang/reflect/Method;Ljava/lang/Object;[Ljava/lang/Object;)Ljava/lang/Object;+0
j  sun.reflect.NativeMethodAccessorImpl.invoke(Ljava/lang/Object;[Ljava/lang/Object;)Ljava/lang/Object;+100
j  sun.reflect.DelegatingMethodAccessorImpl.invoke(Ljava/lang/Object;[Ljava/lang/Object;)Ljava/lang/Object;+6
j  java.lang.reflect.Method.invoke(Ljava/lang/Object;[Ljava/lang/Object;)Ljava/lang/Object;+56
j  com.intellij.rt.execution.CommandLineWrapper.main([Ljava/lang/String;)V+193
v  ~StubRoutines::call_stub

---------------  P R O C E S S  ---------------

Java Threads: ( => current thread )
  0x000001bd458d3800 JavaThread "DeallocatorServiceThread_1" daemon [_thread_blocked, id=10288, stack(0x0000000b09d00000,0x0000000b09e00000)]
  0x000001bd45957000 JavaThread "DeallocatorServiceThread_0" daemon [_thread_blocked, id=11416, stack(0x0000000b09c00000,0x0000000b09d00000)]
  0x000001bd4663f800 JavaThread "JavaCPP Deallocator" daemon [_thread_blocked, id=13220, stack(0x0000000b08500000,0x0000000b08600000)]
  0x000001bd454a2000 JavaThread "Service Thread" daemon [_thread_blocked, id=11428, stack(0x0000000b08300000,0x0000000b08400000)]
  0x000001bd453f5000 JavaThread "C1 CompilerThread3" daemon [_thread_blocked, id=9764, stack(0x0000000b08200000,0x0000000b08300000)]
  0x000001bd453f3000 JavaThread "C2 CompilerThread2" daemon [_thread_blocked, id=3620, stack(0x0000000b08100000,0x0000000b08200000)]
  0x000001bd453f0800 JavaThread "C2 CompilerThread1" daemon [_thread_blocked, id=10492, stack(0x0000000b08000000,0x0000000b08100000)]
  0x000001bd453ed800 JavaThread "C2 CompilerThread0" daemon [_thread_blocked, id=2376, stack(0x0000000b07f00000,0x0000000b08000000)]
  0x000001bd453e8000 JavaThread "Monitor Ctrl-Break" daemon [_thread_in_native, id=2456, stack(0x0000000b07e00000,0x0000000b07f00000)]
  0x000001bd42f65000 JavaThread "Attach Listener" daemon [_thread_blocked, id=15064, stack(0x0000000b07d00000,0x0000000b07e00000)]
  0x000001bd453e2800 JavaThread "Signal Dispatcher" daemon [_thread_blocked, id=2316, stack(0x0000000b07c00000,0x0000000b07d00000)]
  0x000001bd42f1c000 JavaThread "Finalizer" daemon [_thread_blocked, id=6420, stack(0x0000000b07b00000,0x0000000b07c00000)]
  0x000001bd42f15000 JavaThread "Reference Handler" daemon [_thread_blocked, id=7748, stack(0x0000000b07a00000,0x0000000b07b00000)]
=>0x000001bd2a696800 JavaThread "main" [_thread_in_native, id=14332, stack(0x0000000b06e00000,0x0000000b06f00000)]

Other Threads:
  0x000001bd42eed000 VMThread [stack: 0x0000000b07900000,0x0000000b07a00000] [id=13000]
  0x000001bd454b9800 WatcherThread [stack: 0x0000000b08400000,0x0000000b08500000] [id=4940]

VM state:not at safepoint (normal execution)

VM Mutex/Monitor currently owned by a thread: None

heap address: 0x0000000702600000, size: 3034 MB, Compressed Oops mode: Zero based, Oop shift amount: 3
Narrow klass base: 0x0000000000000000, Narrow klass shift: 3
Compressed class space size: 1073741824 Address: 0x00000007c0000000

Heap:
 PSYoungGen      total 999936K, used 90701K [0x0000000780d00000, 0x00000007c0000000, 0x00000007c0000000)
  eden space 968704K, 6% used [0x0000000780d00000,0x00000007849e3f98,0x00000007bbf00000)
  from space 31232K, 90% used [0x00000007be000000,0x00000007bfbaf5f8,0x00000007bfe80000)
  to   space 33280K, 0% used [0x00000007bbf00000,0x00000007bbf00000,0x00000007bdf80000)
 ParOldGen       total 79360K, used 30623K [0x0000000702600000, 0x0000000707380000, 0x0000000780d00000)
  object space 79360K, 38% used [0x0000000702600000,0x00000007043e7f88,0x0000000707380000)
 Metaspace       used 21234K, capacity 21512K, committed 21808K, reserved 1069056K
  class space    used 2053K, capacity 2141K, committed 2176K, reserved 1048576K

Card table byte_map: [0x000001bd3b5d0000,0x000001bd3bbc0000] byte_map_base: 0x000001bd37dbd000

Marking Bits: (ParMarkBitMap*) 0x000000006b087fe0
 Begin Bits: [0x000001bd3bfc0000, 0x000001bd3ef28000)
 End Bits:   [0x000001bd3ef28000, 0x000001bd41e90000)

Polling page: 0x000001bd2a960000

CodeCache: size=245760Kb used=11926Kb max_used=11943Kb free=233833Kb
 bounds [0x000001bd2c210000, 0x000001bd2cde0000, 0x000001bd3b210000]
 total_blobs=3559 nmethods=2495 adapters=976
 compilation: enabled

Compilation events (10 events):
Event: 202.500 Thread 0x000001bd453f3000 nmethod 3217 0x000001bd2c499510 code [0x000001bd2c499660, 0x000001bd2c499758]
Event: 202.560 Thread 0x000001bd453ed800 3219       4       org.nd4j.linalg.api.ndarray.BaseNDArray::putScalar (214 bytes)
Event: 202.564 Thread 0x000001bd453ed800 nmethod 3219 0x000001bd2cb78150 code [0x000001bd2cb782c0, 0x000001bd2cb78608]
Event: 202.593 Thread 0x000001bd453f3000 3220 %     4       org.deeplearning4j.datasets.datavec.RecordReaderMultiDataSetIterator::convertWritablesSequence @ 545 (1146 bytes)
Event: 202.625 Thread 0x000001bd453ed800 3221       4       org.nd4j.linalg.api.ndarray.BaseNDArray::putScalar (121 bytes)
Event: 202.631 Thread 0x000001bd453ed800 nmethod 3221 0x000001bd2cb09b50 code [0x000001bd2cb09cc0, 0x000001bd2cb0a028]
Event: 202.631 Thread 0x000001bd453ed800 3222       4       org.nd4j.linalg.api.shape.Shape::getOffsetUnsafe (150 bytes)
Event: 202.632 Thread 0x000001bd453ed800 nmethod 3222 0x000001bd2c7fa590 code [0x000001bd2c7fa6e0, 0x000001bd2c7fa838]
Event: 202.655 Thread 0x000001bd453f0800 nmethod 3218 0x000001bd2cdc7750 code [0x000001bd2cdc7b60, 0x000001bd2cdcaca8]
Event: 202.671 Thread 0x000001bd453f3000 nmethod 3220% 0x000001bd2cdcf490 code [0x000001bd2cdcf800, 0x000001bd2cdd2e20]

GC Heap History (10 events):
Event: 190.598 GC heap before
{Heap before GC invocations=53 (full 1):
 PSYoungGen      total 997888K, used 990592K [0x0000000780d00000, 0x00000007c0000000, 0x00000007c0000000)
  eden space 964096K, 100% used [0x0000000780d00000,0x00000007bba80000,0x00000007bba80000)
  from space 33792K, 78% used [0x00000007bba80000,0x00000007bd460000,0x00000007bdb80000)
  to   space 34816K, 0% used [0x00000007bde00000,0x00000007bde00000,0x00000007c0000000)
 ParOldGen       total 79360K, used 30199K [0x0000000702600000, 0x0000000707380000, 0x0000000780d00000)
  object space 79360K, 38% used [0x0000000702600000,0x000000070437df88,0x0000000707380000)
 Metaspace       used 21074K, capacity 21288K, committed 21552K, reserved 1069056K
  class space    used 2046K, capacity 2109K, committed 2176K, reserved 1048576K
Event: 190.624 GC heap after
Heap after GC invocations=53 (full 1):
 PSYoungGen      total 1000448K, used 18464K [0x0000000780d00000, 0x00000007bff00000, 0x00000007c0000000)
  eden space 966656K, 0% used [0x0000000780d00000,0x0000000780d00000,0x00000007bbd00000)
  from space 33792K, 54% used [0x00000007bde00000,0x00000007bf008000,0x00000007bff00000)
  to   space 33792K, 0% used [0x00000007bbd00000,0x00000007bbd00000,0x00000007bde00000)
 ParOldGen       total 79360K, used 30287K [0x0000000702600000, 0x0000000707380000, 0x0000000780d00000)
  object space 79360K, 38% used [0x0000000702600000,0x0000000704393f88,0x0000000707380000)
 Metaspace       used 21074K, capacity 21288K, committed 21552K, reserved 1069056K
  class space    used 2046K, capacity 2109K, committed 2176K, reserved 1048576K
}
Event: 193.377 GC heap before
{Heap before GC invocations=54 (full 1):
 PSYoungGen      total 1000448K, used 985120K [0x0000000780d00000, 0x00000007bff00000, 0x00000007c0000000)
  eden space 966656K, 100% used [0x0000000780d00000,0x00000007bbd00000,0x00000007bbd00000)
  from space 33792K, 54% used [0x00000007bde00000,0x00000007bf008000,0x00000007bff00000)
  to   space 33792K, 0% used [0x00000007bbd00000,0x00000007bbd00000,0x00000007bde00000)
 ParOldGen       total 79360K, used 30287K [0x0000000702600000, 0x0000000707380000, 0x0000000780d00000)
  object space 79360K, 38% used [0x0000000702600000,0x0000000704393f88,0x0000000707380000)
 Metaspace       used 21074K, capacity 21288K, committed 21552K, reserved 1069056K
  class space    used 2046K, capacity 2109K, committed 2176K, reserved 1048576K
Event: 193.410 GC heap after
Heap after GC invocations=54 (full 1):
 PSYoungGen      total 1000448K, used 21856K [0x0000000780d00000, 0x00000007bff00000, 0x00000007c0000000)
  eden space 966656K, 0% used [0x0000000780d00000,0x0000000780d00000,0x00000007bbd00000)
  from space 33792K, 64% used [0x00000007bbd00000,0x00000007bd258000,0x00000007bde00000)
  to   space 33280K, 0% used [0x00000007bde80000,0x00000007bde80000,0x00000007bff00000)
 ParOldGen       total 79360K, used 30375K [0x0000000702600000, 0x0000000707380000, 0x0000000780d00000)
  object space 79360K, 38% used [0x0000000702600000,0x00000007043a9f88,0x0000000707380000)
 Metaspace       used 21074K, capacity 21288K, committed 21552K, reserved 1069056K
  class space    used 2046K, capacity 2109K, committed 2176K, reserved 1048576K
}
Event: 195.964 GC heap before
{Heap before GC invocations=55 (full 1):
 PSYoungGen      total 1000448K, used 988512K [0x0000000780d00000, 0x00000007bff00000, 0x00000007c0000000)
  eden space 966656K, 100% used [0x0000000780d00000,0x00000007bbd00000,0x00000007bbd00000)
  from space 33792K, 64% used [0x00000007bbd00000,0x00000007bd258000,0x00000007bde00000)
  to   space 33280K, 0% used [0x00000007bde80000,0x00000007bde80000,0x00000007bff00000)
 ParOldGen       total 79360K, used 30375K [0x0000000702600000, 0x0000000707380000, 0x0000000780d00000)
  object space 79360K, 38% used [0x0000000702600000,0x00000007043a9f88,0x0000000707380000)
 Metaspace       used 21074K, capacity 21288K, committed 21552K, reserved 1069056K
  class space    used 2046K, capacity 2109K, committed 2176K, reserved 1048576K
Event: 195.997 GC heap after
Heap after GC invocations=55 (full 1):
 PSYoungGen      total 999936K, used 21824K [0x0000000780d00000, 0x00000007bfd80000, 0x00000007c0000000)
  eden space 968192K, 0% used [0x0000000780d00000,0x0000000780d00000,0x00000007bbe80000)
  from space 31744K, 68% used [0x00000007bde80000,0x00000007bf3d0000,0x00000007bfd80000)
  to   space 32256K, 0% used [0x00000007bbe80000,0x00000007bbe80000,0x00000007bde00000)
 ParOldGen       total 79360K, used 30463K [0x0000000702600000, 0x0000000707380000, 0x0000000780d00000)
  object space 79360K, 38% used [0x0000000702600000,0x00000007043bff88,0x0000000707380000)
 Metaspace       used 21074K, capacity 21288K, committed 21552K, reserved 1069056K
  class space    used 2046K, capacity 2109K, committed 2176K, reserved 1048576K
}
Event: 198.595 GC heap before
{Heap before GC invocations=56 (full 1):
 PSYoungGen      total 999936K, used 990016K [0x0000000780d00000, 0x00000007bfd80000, 0x00000007c0000000)
  eden space 968192K, 100% used [0x0000000780d00000,0x00000007bbe80000,0x00000007bbe80000)
  from space 31744K, 68% used [0x00000007bde80000,0x00000007bf3d0000,0x00000007bfd80000)
  to   space 32256K, 0% used [0x00000007bbe80000,0x00000007bbe80000,0x00000007bde00000)
 ParOldGen       total 79360K, used 30463K [0x0000000702600000, 0x0000000707380000, 0x0000000780d00000)
  object space 79360K, 38% used [0x0000000702600000,0x00000007043bff88,0x0000000707380000)
 Metaspace       used 21076K, capacity 21288K, committed 21552K, reserved 1069056K
  class space    used 2047K, capacity 2109K, committed 2176K, reserved 1048576K
Event: 198.631 GC heap after
Heap after GC invocations=56 (full 1):
 PSYoungGen      total 1000448K, used 21824K [0x0000000780d00000, 0x00000007bfe80000, 0x00000007c0000000)
  eden space 968192K, 0% used [0x0000000780d00000,0x0000000780d00000,0x00000007bbe80000)
  from space 32256K, 67% used [0x00000007bbe80000,0x00000007bd3d0000,0x00000007bde00000)
  to   space 31232K, 0% used [0x00000007be000000,0x00000007be000000,0x00000007bfe80000)
 ParOldGen       total 79360K, used 30535K [0x0000000702600000, 0x0000000707380000, 0x0000000780d00000)
  object space 79360K, 38% used [0x0000000702600000,0x00000007043d1f88,0x0000000707380000)
 Metaspace       used 21076K, capacity 21288K, committed 21552K, reserved 1069056K
  class space    used 2047K, capacity 2109K, committed 2176K, reserved 1048576K
}
Event: 202.508 GC heap before
{Heap before GC invocations=57 (full 1):
 PSYoungGen      total 1000448K, used 990016K [0x0000000780d00000, 0x00000007bfe80000, 0x00000007c0000000)
  eden space 968192K, 100% used [0x0000000780d00000,0x00000007bbe80000,0x00000007bbe80000)
  from space 32256K, 67% used [0x00000007bbe80000,0x00000007bd3d0000,0x00000007bde00000)
  to   space 31232K, 0% used [0x00000007be000000,0x00000007be000000,0x00000007bfe80000)
 ParOldGen       total 79360K, used 30535K [0x0000000702600000, 0x0000000707380000, 0x0000000780d00000)
  object space 79360K, 38% used [0x0000000702600000,0x00000007043d1f88,0x0000000707380000)
 Metaspace       used 21234K, capacity 21512K, committed 21808K, reserved 1069056K
  class space    used 2053K, capacity 2141K, committed 2176K, reserved 1048576K
Event: 202.560 GC heap after
Heap after GC invocations=57 (full 1):
 PSYoungGen      total 999936K, used 28349K [0x0000000780d00000, 0x00000007c0000000, 0x00000007c0000000)
  eden space 968704K, 0% used [0x0000000780d00000,0x0000000780d00000,0x00000007bbf00000)
  from space 31232K, 90% used [0x00000007be000000,0x00000007bfbaf5f8,0x00000007bfe80000)
  to   space 33280K, 0% used [0x00000007bbf00000,0x00000007bbf00000,0x00000007bdf80000)
 ParOldGen       total 79360K, used 30623K [0x0000000702600000, 0x0000000707380000, 0x0000000780d00000)
  object space 79360K, 38% used [0x0000000702600000,0x00000007043e7f88,0x0000000707380000)
 Metaspace       used 21234K, capacity 21512K, committed 21808K, reserved 1069056K
  class space    used 2053K, capacity 2141K, committed 2176K, reserved 1048576K
}

Deoptimization events (10 events):
Event: 202.313 Thread 0x000001bd2a696800 Uncommon trap: reason=unstable_if action=reinterpret pc=0x000001bd2c8bc02c method=org.nd4j.linalg.api.shape.Shape.getOffsetUnsafe([JJJ)J @ 111
Event: 202.348 Thread 0x000001bd2a696800 Uncommon trap: reason=bimorphic action=maybe_recompile pc=0x000001bd2ca289b0 method=java.util.regex.Pattern$Start.match(Ljava/util/regex/Matcher;ILjava/lang/CharSequence;)Z @ 44
Event: 202.349 Thread 0x000001bd2a696800 Uncommon trap: reason=null_check action=make_not_entrant pc=0x000001bd2c5c6950 method=sun.util.locale.provider.LocaleProviderAdapter.getAdapter(Ljava/lang/Class;Ljava/util/Locale;)Lsun/util/locale/provider/LocaleProviderAdapter; @ 24
Event: 202.349 Thread 0x000001bd2a696800 Uncommon trap: reason=unstable_if action=reinterpret pc=0x000001bd2c37dcd0 method=sun.util.locale.BaseLocale.equals(Ljava/lang/Object;)Z @ 29
Event: 202.349 Thread 0x000001bd2a696800 Uncommon trap: reason=null_check action=make_not_entrant pc=0x000001bd2c38aa2c method=sun.util.locale.provider.LocaleResources.getDecimalFormatSymbolsData()[Ljava/lang/Object; @ 15
Event: 202.349 Thread 0x000001bd2a696800 Uncommon trap: reason=bimorphic action=maybe_recompile pc=0x000001bd2cbce84c method=java.util.ArrayList.<init>(Ljava/util/Collection;)V @ 5
Event: 202.349 Thread 0x000001bd2a696800 Uncommon trap: reason=unstable_if action=reinterpret pc=0x000001bd2c5c0390 method=java.util.Locale.hashCode()I @ 6
Event: 202.349 Thread 0x000001bd2a696800 Uncommon trap: reason=unstable_if action=reinterpret pc=0x000001bd2c550f0c method=java.util.regex.Pattern$Curly.match0(Ljava/util/regex/Matcher;IILjava/lang/CharSequence;)Z @ 34
Event: 202.349 Thread 0x000001bd2a696800 Uncommon trap: reason=unstable_if action=reinterpret pc=0x000001bd2c553fe4 method=java.util.Formatter$FormatSpecifier.index(Ljava/lang/String;)I @ 1
Event: 202.350 Thread 0x000001bd2a696800 Uncommon trap: reason=unstable_if action=reinterpret pc=0x000001bd2ca014b4 method=org.nd4j.linalg.api.ndarray.BaseNDArray.getDouble(J)D @ 108

Classes redefined (0 events):
No events

Internal exceptions (10 events):
Event: 2.932 Thread 0x000001bd2a696800 Exception <a 'sun/nio/fs/WindowsException'> (0x0000000782b862a0) thrown at [C:\jenkins\workspace\8-2-build-windows-amd64-cygwin\jdk8u301\1513\hotspot\src\share\vm\prims\jni.cpp, line 710]
Event: 2.933 Thread 0x000001bd2a696800 Exception <a 'sun/nio/fs/WindowsException'> (0x0000000782b87988) thrown at [C:\jenkins\workspace\8-2-build-windows-amd64-cygwin\jdk8u301\1513\hotspot\src\share\vm\prims\jni.cpp, line 710]
Event: 2.933 Thread 0x000001bd2a696800 Exception <a 'sun/nio/fs/WindowsException'> (0x0000000782b89058) thrown at [C:\jenkins\workspace\8-2-build-windows-amd64-cygwin\jdk8u301\1513\hotspot\src\share\vm\prims\jni.cpp, line 710]
Event: 2.933 Thread 0x000001bd2a696800 Exception <a 'sun/nio/fs/WindowsException'> (0x0000000782b8a7f0) thrown at [C:\jenkins\workspace\8-2-build-windows-amd64-cygwin\jdk8u301\1513\hotspot\src\share\vm\prims\jni.cpp, line 710]
Event: 2.934 Thread 0x000001bd2a696800 Exception <a 'sun/nio/fs/WindowsException'> (0x0000000782b8c018) thrown at [C:\jenkins\workspace\8-2-build-windows-amd64-cygwin\jdk8u301\1513\hotspot\src\share\vm\prims\jni.cpp, line 710]
Event: 2.934 Thread 0x000001bd2a696800 Exception <a 'sun/nio/fs/WindowsException'> (0x0000000782b8d820) thrown at [C:\jenkins\workspace\8-2-build-windows-amd64-cygwin\jdk8u301\1513\hotspot\src\share\vm\prims\jni.cpp, line 710]
Event: 2.935 Thread 0x000001bd2a696800 Exception <a 'sun/nio/fs/WindowsException'> (0x0000000782b8efa0) thrown at [C:\jenkins\workspace\8-2-build-windows-amd64-cygwin\jdk8u301\1513\hotspot\src\share\vm\prims\jni.cpp, line 710]
Event: 2.935 Thread 0x000001bd2a696800 Exception <a 'sun/nio/fs/WindowsException'> (0x0000000782b90768) thrown at [C:\jenkins\workspace\8-2-build-windows-amd64-cygwin\jdk8u301\1513\hotspot\src\share\vm\prims\jni.cpp, line 710]
Event: 202.349 Thread 0x000001bd2a696800 Implicit null exception at 0x000001bd2c5c6756 to 0x000001bd2c5c693d
Event: 202.349 Thread 0x000001bd2a696800 Implicit null exception at 0x000001bd2c389abc to 0x000001bd2c38aa0b

Events (10 events):
Event: 202.350 loading class org/apache/commons/lang3/StringUtils
Event: 202.350 loading class org/apache/commons/lang3/StringUtils done
Event: 202.472 loading class java/lang/Character$UnicodeBlock
Event: 202.472 loading class java/lang/Character$Subset
Event: 202.472 loading class java/lang/Character$Subset done
Event: 202.472 loading class java/lang/Character$UnicodeBlock done
Event: 202.475 loading class java/util/regex/Pattern$Block
Event: 202.475 loading class java/util/regex/Pattern$Block done
Event: 202.508 Executing VM operation: ParallelGCFailedAllocation
Event: 202.560 Executing VM operation: ParallelGCFailedAllocation done


Dynamic libraries:
0x00007ff73af50000 - 0x00007ff73af97000 	E:\Java\jdk1.8.0_301\bin\java.exe
0x00007ffbf0570000 - 0x00007ffbf0765000 	C:\WINDOWS\SYSTEM32\ntdll.dll
0x00007ffbf0180000 - 0x00007ffbf023e000 	C:\WINDOWS\System32\KERNEL32.DLL
0x00007ffbee2a0000 - 0x00007ffbee568000 	C:\WINDOWS\System32\KERNELBASE.dll
0x00007ffbee8f0000 - 0x00007ffbee99e000 	C:\WINDOWS\System32\ADVAPI32.dll
0x00007ffbef310000 - 0x00007ffbef3ae000 	C:\WINDOWS\System32\msvcrt.dll
0x00007ffbee750000 - 0x00007ffbee7ec000 	C:\WINDOWS\System32\sechost.dll
0x00007ffbee9a0000 - 0x00007ffbeeac5000 	C:\WINDOWS\System32\RPCRT4.dll
0x00007ffbf0240000 - 0x00007ffbf03e0000 	C:\WINDOWS\System32\USER32.dll
0x00007ffbee080000 - 0x00007ffbee0a2000 	C:\WINDOWS\System32\win32u.dll
0x00007ffbef3c0000 - 0x00007ffbef3eb000 	C:\WINDOWS\System32\GDI32.dll
0x00007ffbedc80000 - 0x00007ffbedd8d000 	C:\WINDOWS\System32\gdi32full.dll
0x00007ffbee0b0000 - 0x00007ffbee14d000 	C:\WINDOWS\System32\msvcp_win.dll
0x00007ffbede20000 - 0x00007ffbedf20000 	C:\WINDOWS\System32\ucrtbase.dll
0x00007ffbed050000 - 0x00007ffbed2ea000 	C:\WINDOWS\WinSxS\amd64_microsoft.windows.common-controls_6595b64144ccf1df_6.0.19041.1110_none_60b5254171f9507e\COMCTL32.dll
0x00007ffbee7f0000 - 0x00007ffbee820000 	C:\WINDOWS\System32\IMM32.DLL
0x00007ffbd61d0000 - 0x00007ffbd61e5000 	E:\Java\jdk1.8.0_301\jre\bin\vcruntime140.dll
0x00007ffbb2010000 - 0x00007ffbb20ab000 	E:\Java\jdk1.8.0_301\jre\bin\msvcp140.dll
0x000000006a8a0000 - 0x000000006b100000 	E:\Java\jdk1.8.0_301\jre\bin\server\jvm.dll
0x00007ffbf0170000 - 0x00007ffbf0178000 	C:\WINDOWS\System32\PSAPI.DLL
0x00007ffbd6f70000 - 0x00007ffbd6f97000 	C:\WINDOWS\SYSTEM32\WINMM.dll
0x00007ffbd26b0000 - 0x00007ffbd26b9000 	C:\WINDOWS\SYSTEM32\WSOCK32.dll
0x00007ffbe4fb0000 - 0x00007ffbe4fba000 	C:\WINDOWS\SYSTEM32\VERSION.dll
0x00007ffbf04c0000 - 0x00007ffbf052b000 	C:\WINDOWS\System32\WS2_32.dll
0x00007ffbeb520000 - 0x00007ffbeb532000 	C:\WINDOWS\SYSTEM32\kernel.appcore.dll
0x00007ffbe94b0000 - 0x00007ffbe94c0000 	E:\Java\jdk1.8.0_301\jre\bin\verify.dll
0x00007ffbd4f60000 - 0x00007ffbd4f8b000 	E:\Java\jdk1.8.0_301\jre\bin\java.dll
0x00007ffbd5d50000 - 0x00007ffbd5d80000 	E:\Java\jdk1.8.0_301\jre\bin\instrument.dll
0x00007ffbd4f40000 - 0x00007ffbd4f58000 	E:\Java\jdk1.8.0_301\jre\bin\zip.dll
0x00007ffbef510000 - 0x00007ffbefc54000 	C:\WINDOWS\System32\SHELL32.dll
0x00007ffbeb720000 - 0x00007ffbebeb4000 	C:\WINDOWS\SYSTEM32\windows.storage.dll
0x00007ffbeead0000 - 0x00007ffbeee25000 	C:\WINDOWS\System32\combase.dll
0x00007ffbecfe0000 - 0x00007ffbed00e000 	C:\WINDOWS\SYSTEM32\Wldp.dll
0x00007ffbee840000 - 0x00007ffbee8ed000 	C:\WINDOWS\System32\SHCORE.dll
0x00007ffbeee30000 - 0x00007ffbeee85000 	C:\WINDOWS\System32\shlwapi.dll
0x00007ffbedbc0000 - 0x00007ffbedbdf000 	C:\WINDOWS\SYSTEM32\profapi.dll
0x00007ffbd5d00000 - 0x00007ffbd5d1a000 	C:\Program Files\JetBrains\IntelliJ IDEA Community Edition 2019.2.4\bin\breakgen64.dll
0x00007ffbd28e0000 - 0x00007ffbd28fc000 	E:\Java\jdk1.8.0_301\jre\bin\net.dll
0x00007ffbeceb0000 - 0x00007ffbecf1a000 	C:\WINDOWS\system32\mswsock.dll
0x000001bd2aa30000 - 0x000001bd2aa33000 	C:\Users\User\.javacpp\cache\javacpp-1.5.3-windows-x86_64.jar\org\bytedeco\javacpp\windows-x86_64\api-ms-win-crt-locale-l1-1-0.dll
0x00007ffbd28c0000 - 0x00007ffbd28d3000 	E:\Java\jdk1.8.0_301\jre\bin\nio.dll
0x000001bd2aa40000 - 0x000001bd2aa44000 	C:\Users\User\.javacpp\cache\javacpp-1.5.3-windows-x86_64.jar\org\bytedeco\javacpp\windows-x86_64\api-ms-win-crt-string-l1-1-0.dll
0x000001bd2aa50000 - 0x000001bd2aa54000 	C:\Users\User\.javacpp\cache\javacpp-1.5.3-windows-x86_64.jar\org\bytedeco\javacpp\windows-x86_64\api-ms-win-crt-stdio-l1-1-0.dll
0x000001bd48080000 - 0x000001bd48085000 	C:\Users\User\.javacpp\cache\javacpp-1.5.3-windows-x86_64.jar\org\bytedeco\javacpp\windows-x86_64\api-ms-win-crt-math-l1-1-0.dll
0x000001bd48090000 - 0x000001bd48093000 	C:\Users\User\.javacpp\cache\javacpp-1.5.3-windows-x86_64.jar\org\bytedeco\javacpp\windows-x86_64\api-ms-win-crt-heap-l1-1-0.dll
0x000001bd480a0000 - 0x000001bd480a4000 	C:\Users\User\.javacpp\cache\javacpp-1.5.3-windows-x86_64.jar\org\bytedeco\javacpp\windows-x86_64\api-ms-win-crt-runtime-l1-1-0.dll
0x000001bd480b0000 - 0x000001bd480b4000 	C:\Users\User\.javacpp\cache\javacpp-1.5.3-windows-x86_64.jar\org\bytedeco\javacpp\windows-x86_64\api-ms-win-crt-convert-l1-1-0.dll
0x000001bd480c0000 - 0x000001bd480c3000 	C:\Users\User\.javacpp\cache\javacpp-1.5.3-windows-x86_64.jar\org\bytedeco\javacpp\windows-x86_64\api-ms-win-crt-environment-l1-1-0.dll
0x000001bd480d0000 - 0x000001bd480d3000 	C:\Users\User\.javacpp\cache\javacpp-1.5.3-windows-x86_64.jar\org\bytedeco\javacpp\windows-x86_64\api-ms-win-crt-time-l1-1-0.dll
0x000001bd480e0000 - 0x000001bd480e3000 	C:\Users\User\.javacpp\cache\javacpp-1.5.3-windows-x86_64.jar\org\bytedeco\javacpp\windows-x86_64\api-ms-win-crt-filesystem-l1-1-0.dll
0x000001bd480f0000 - 0x000001bd480f3000 	C:\Users\User\.javacpp\cache\javacpp-1.5.3-windows-x86_64.jar\org\bytedeco\javacpp\windows-x86_64\api-ms-win-crt-utility-l1-1-0.dll
0x000001bd48100000 - 0x000001bd48105000 	C:\Users\User\.javacpp\cache\javacpp-1.5.3-windows-x86_64.jar\org\bytedeco\javacpp\windows-x86_64\api-ms-win-crt-multibyte-l1-1-0.dll
0x000001bd48110000 - 0x000001bd48113000 	C:\Users\User\.javacpp\cache\javacpp-1.5.3-windows-x86_64.jar\org\bytedeco\javacpp\windows-x86_64\api-ms-win-core-string-l1-1-0.dll
0x000001bd48120000 - 0x000001bd48123000 	C:\Users\User\.javacpp\cache\javacpp-1.5.3-windows-x86_64.jar\org\bytedeco\javacpp\windows-x86_64\api-ms-win-core-errorhandling-l1-1-0.dll
0x000001bd48130000 - 0x000001bd48133000 	C:\Users\User\.javacpp\cache\javacpp-1.5.3-windows-x86_64.jar\org\bytedeco\javacpp\windows-x86_64\api-ms-win-core-timezone-l1-1-0.dll
0x000001bd48140000 - 0x000001bd48144000 	C:\Users\User\.javacpp\cache\javacpp-1.5.3-windows-x86_64.jar\org\bytedeco\javacpp\windows-x86_64\api-ms-win-core-file-l1-1-0.dll
0x000001bd48150000 - 0x000001bd48153000 	C:\Users\User\.javacpp\cache\javacpp-1.5.3-windows-x86_64.jar\org\bytedeco\javacpp\windows-x86_64\api-ms-win-core-namedpipe-l1-1-0.dll
0x000001bd48160000 - 0x000001bd48163000 	C:\Users\User\.javacpp\cache\javacpp-1.5.3-windows-x86_64.jar\org\bytedeco\javacpp\windows-x86_64\api-ms-win-core-handle-l1-1-0.dll
0x000001bd48170000 - 0x000001bd48173000 	C:\Users\User\.javacpp\cache\javacpp-1.5.3-windows-x86_64.jar\org\bytedeco\javacpp\windows-x86_64\api-ms-win-core-file-l2-1-0.dll
0x000001bd48180000 - 0x000001bd48183000 	C:\Users\User\.javacpp\cache\javacpp-1.5.3-windows-x86_64.jar\org\bytedeco\javacpp\windows-x86_64\api-ms-win-core-heap-l1-1-0.dll
0x000001bd48190000 - 0x000001bd48193000 	C:\Users\User\.javacpp\cache\javacpp-1.5.3-windows-x86_64.jar\org\bytedeco\javacpp\windows-x86_64\api-ms-win-core-libraryloader-l1-1-0.dll
0x000001bd481a0000 - 0x000001bd481a3000 	C:\Users\User\.javacpp\cache\javacpp-1.5.3-windows-x86_64.jar\org\bytedeco\javacpp\windows-x86_64\api-ms-win-core-synch-l1-1-0.dll
0x000001bd481b0000 - 0x000001bd481b3000 	C:\Users\User\.javacpp\cache\javacpp-1.5.3-windows-x86_64.jar\org\bytedeco\javacpp\windows-x86_64\api-ms-win-core-processthreads-l1-1-0.dll
0x000001bd481c0000 - 0x000001bd481c3000 	C:\Users\User\.javacpp\cache\javacpp-1.5.3-windows-x86_64.jar\org\bytedeco\javacpp\windows-x86_64\api-ms-win-core-processenvironment-l1-1-0.dll
0x000001bd481d0000 - 0x000001bd481d3000 	C:\Users\User\.javacpp\cache\javacpp-1.5.3-windows-x86_64.jar\org\bytedeco\javacpp\windows-x86_64\api-ms-win-core-datetime-l1-1-0.dll
0x000001bd481e0000 - 0x000001bd481e3000 	C:\Users\User\.javacpp\cache\javacpp-1.5.3-windows-x86_64.jar\org\bytedeco\javacpp\windows-x86_64\api-ms-win-core-localization-l1-2-0.dll
0x000001bd481f0000 - 0x000001bd481f3000 	C:\Users\User\.javacpp\cache\javacpp-1.5.3-windows-x86_64.jar\org\bytedeco\javacpp\windows-x86_64\api-ms-win-core-sysinfo-l1-1-0.dll
0x000001bd48200000 - 0x000001bd48203000 	C:\Users\User\.javacpp\cache\javacpp-1.5.3-windows-x86_64.jar\org\bytedeco\javacpp\windows-x86_64\api-ms-win-core-synch-l1-2-0.dll
0x000001bd48210000 - 0x000001bd48213000 	C:\Users\User\.javacpp\cache\javacpp-1.5.3-windows-x86_64.jar\org\bytedeco\javacpp\windows-x86_64\api-ms-win-core-console-l1-1-0.dll
0x000001bd48220000 - 0x000001bd48223000 	C:\Users\User\.javacpp\cache\javacpp-1.5.3-windows-x86_64.jar\org\bytedeco\javacpp\windows-x86_64\api-ms-win-core-debug-l1-1-0.dll
0x000001bd48230000 - 0x000001bd48233000 	C:\Users\User\.javacpp\cache\javacpp-1.5.3-windows-x86_64.jar\org\bytedeco\javacpp\windows-x86_64\api-ms-win-core-rtlsupport-l1-1-0.dll
0x000001bd48240000 - 0x000001bd48243000 	C:\Users\User\.javacpp\cache\javacpp-1.5.3-windows-x86_64.jar\org\bytedeco\javacpp\windows-x86_64\api-ms-win-core-processthreads-l1-1-1.dll
0x000001bd48250000 - 0x000001bd48253000 	C:\Users\User\.javacpp\cache\javacpp-1.5.3-windows-x86_64.jar\org\bytedeco\javacpp\windows-x86_64\api-ms-win-core-file-l1-2-0.dll
0x000001bd48260000 - 0x000001bd48263000 	C:\Users\User\.javacpp\cache\javacpp-1.5.3-windows-x86_64.jar\org\bytedeco\javacpp\windows-x86_64\api-ms-win-core-profile-l1-1-0.dll
0x000001bd48270000 - 0x000001bd48273000 	C:\Users\User\.javacpp\cache\javacpp-1.5.3-windows-x86_64.jar\org\bytedeco\javacpp\windows-x86_64\api-ms-win-core-memory-l1-1-0.dll
0x000001bd48280000 - 0x000001bd48283000 	C:\Users\User\.javacpp\cache\javacpp-1.5.3-windows-x86_64.jar\org\bytedeco\javacpp\windows-x86_64\api-ms-win-core-util-l1-1-0.dll
0x000001bd48290000 - 0x000001bd48293000 	C:\Users\User\.javacpp\cache\javacpp-1.5.3-windows-x86_64.jar\org\bytedeco\javacpp\windows-x86_64\api-ms-win-core-interlocked-l1-1-0.dll
0x00007ffb830d0000 - 0x00007ffb831ca000 	C:\Users\User\.javacpp\cache\javacpp-1.5.3-windows-x86_64.jar\org\bytedeco\javacpp\windows-x86_64\ucrtbase.dll
0x00007ffbd5c90000 - 0x00007ffbd5ca5000 	C:\Users\User\.javacpp\cache\javacpp-1.5.3-windows-x86_64.jar\org\bytedeco\javacpp\windows-x86_64\vcruntime140.dll
0x00007ffb82d50000 - 0x00007ffb82deb000 	C:\Users\User\.javacpp\cache\javacpp-1.5.3-windows-x86_64.jar\org\bytedeco\javacpp\windows-x86_64\msvcp140.dll
0x00007ffbd24b0000 - 0x00007ffbd2501000 	C:\Users\User\.javacpp\cache\javacpp-1.5.3-windows-x86_64.jar\org\bytedeco\javacpp\windows-x86_64\concrt140.dll
0x00007ffbcc1c0000 - 0x00007ffbcc1e7000 	C:\Users\User\.javacpp\cache\javacpp-1.5.3-windows-x86_64.jar\org\bytedeco\javacpp\windows-x86_64\vcomp140.dll
0x00007ffbe50b0000 - 0x00007ffbe50be000 	C:\Users\User\.javacpp\cache\javacpp-1.5.3-windows-x86_64.jar\org\bytedeco\javacpp\windows-x86_64\jnijavacpp.dll
0x000000006d7c0000 - 0x000000006f337000 	C:\Users\User\.javacpp\cache\openblas-0.3.9-1-1.5.3-windows-x86_64.jar\org\bytedeco\openblas\windows-x86_64\libopenblas_nolapack.dll
0x00007ffbca110000 - 0x00007ffbca16a000 	C:\Users\User\.javacpp\cache\openblas-0.3.9-1-1.5.3-windows-x86_64.jar\org\bytedeco\openblas\windows-x86_64\jniopenblas_nolapack.dll
0x00000000005f0000 - 0x0000000002167000 	C:\Users\User\.javacpp\cache\openblas-0.3.9-1-1.5.3-windows-x86_64.jar\org\bytedeco\openblas\windows-x86_64\libopenblas.dll
0x00007ffb62e90000 - 0x00007ffb6427d000 	C:\Users\User\.javacpp\cache\openblas-0.3.9-1-1.5.3-windows-x86_64.jar\org\bytedeco\openblas\windows-x86_64\jniopenblas.dll
0x0000000064940000 - 0x0000000064956000 	C:\Users\User\.javacpp\cache\nd4j-cuda-10.2-1.0.0-beta7-windows-x86_64.jar\org\nd4j\nativeblas\windows-x86_64\libwinpthread-1.dll
0x0000000061440000 - 0x000000006145c000 	C:\Users\User\.javacpp\cache\nd4j-cuda-10.2-1.0.0-beta7-windows-x86_64.jar\org\nd4j\nativeblas\windows-x86_64\libgcc_s_seh-1.dll
0x0000000063600000 - 0x0000000063633000 	C:\Users\User\.javacpp\cache\nd4j-cuda-10.2-1.0.0-beta7-windows-x86_64.jar\org\nd4j\nativeblas\windows-x86_64\libgomp-1.dll
0x000000006fc40000 - 0x000000006fdf3000 	C:\Users\User\.javacpp\cache\nd4j-cuda-10.2-1.0.0-beta7-windows-x86_64.jar\org\nd4j\nativeblas\windows-x86_64\libstdc++-6.dll
0x0000000002170000 - 0x000000000a7da000 	C:\Users\User\.javacpp\cache\nd4j-native-1.0.0-beta7-windows-x86_64.jar\org\nd4j\nativeblas\windows-x86_64\libnd4jcpu.dll
0x0000000066880000 - 0x0000000066b27000 	C:\Users\User\.javacpp\cache\nd4j-native-1.0.0-beta7-windows-x86_64.jar\org\nd4j\nativeblas\windows-x86_64\jnind4jcpu.dll
0x00007ffbeda00000 - 0x00007ffbeda18000 	C:\WINDOWS\SYSTEM32\CRYPTSP.dll
0x00007ffbec6e0000 - 0x00007ffbec714000 	C:\WINDOWS\system32\rsaenh.dll
0x00007ffbee270000 - 0x00007ffbee297000 	C:\WINDOWS\System32\bcrypt.dll
0x00007ffbedb80000 - 0x00007ffbedbae000 	C:\WINDOWS\SYSTEM32\USERENV.dll
0x00007ffbedd90000 - 0x00007ffbede12000 	C:\WINDOWS\System32\bcryptprimitives.dll
0x00007ffbecfa0000 - 0x00007ffbecfac000 	C:\WINDOWS\SYSTEM32\CRYPTBASE.dll
0x00007ffbeca30000 - 0x00007ffbeca6b000 	C:\WINDOWS\SYSTEM32\IPHLPAPI.DLL
0x00007ffbef3b0000 - 0x00007ffbef3b8000 	C:\WINDOWS\System32\NSI.dll
0x00007ffbe5610000 - 0x00007ffbe5627000 	C:\WINDOWS\SYSTEM32\dhcpcsvc6.DLL
0x00007ffbe64f0000 - 0x00007ffbe650d000 	C:\WINDOWS\SYSTEM32\dhcpcsvc.DLL
0x00007ffbeca70000 - 0x00007ffbecb3b000 	C:\WINDOWS\SYSTEM32\DNSAPI.dll
0x00007ffbed6a0000 - 0x00007ffbed884000 	C:\WINDOWS\SYSTEM32\dbghelp.dll

VM Arguments:
jvm_args: -javaagent:C:\Program Files\JetBrains\IntelliJ IDEA Community Edition 2019.2.4\lib\idea_rt.jar=56889:C:\Program Files\JetBrains\IntelliJ IDEA Community Edition 2019.2.4\bin -Dfile.encoding=UTF-8 
java_command: com.intellij.rt.execution.CommandLineWrapper C:\Users\User\AppData\Local\Temp\idea_classpath513770704 com.dl4jra.server.testing.CnnTest
java_class_path (initial): C:\Program Files\JetBrains\IntelliJ IDEA Community Edition 2019.2.4\lib\idea_rt.jar;C:\Program Files\JetBrains\IntelliJ IDEA Community Edition 2019.2.4\lib\idea_rt.jar
Launcher Type: SUN_STANDARD

Environment Variables:
CLASSPATH=C:\Program Files\Java\jre1.8.0_301\lib
PATH=C:\Program Files\Common Files\Oracle\Java\javapath;C:\Program Files (x86)\Common Files\Oracle\Java\javapath;C:\Program Files\NVIDIA GPU Computing Toolkit\CUDA\v11.2\bin;C:\Program Files\NVIDIA GPU Computing Toolkit\CUDA\v11.2\libnvvp;C:\Program Files\NVIDIA GPU Computing Toolkit\CUDA\v11.5\bin;C:\Program Files\NVIDIA GPU Computing Toolkit\CUDA\v11.5\libnvvp;C:\Windows\system32;C:\Windows;C:\Windows\System32\Wbem;C:\Windows\System32\WindowsPowerShell\v1.0\;C:\Windows\System32\OpenSSH\;C:\Program Files (x86)\NVIDIA Corporation\PhysX\Common;C:\Program Files\NVIDIA Corporation\NVIDIA NvDLISR;C:\WINDOWS\system32;C:\WINDOWS;C:\WINDOWS\System32\Wbem;C:\WINDOWS\System32\WindowsPowerShell\v1.0\;C:\WINDOWS\System32\OpenSSH\;E:\Git\cmd;E:\Node js\;E:\Maven\apache-maven-3.8.4\bin;C:\Program Files\Java\jre1.8.0_301\bin;E:\zlib\dll_x64;C:\Program Files\NVIDIA Corporation\Nsight Compute 2020.3.0\;C:\Program Files\Java\jre1.8.0_301\bin;E:\Microsoft VS Code\bin;E:\zlib\dll_x64;
USERNAME=User
OS=Windows_NT
PROCESSOR_IDENTIFIER=Intel64 Family 6 Model 158 Stepping 10, GenuineIntel



---------------  S Y S T E M  ---------------

OS: Windows 10.0 , 64 bit Build 19041 (10.0.19041.1503)

CPU:total 12 (initial active 12) (6 cores per cpu, 2 threads per core) family 6 model 158 stepping 10, cmov, cx8, fxsr, mmx, sse, sse2, sse3, ssse3, sse4.1, sse4.2, popcnt, avx, avx2, aes, clmul, erms, 3dnowpref, lzcnt, ht, tsc, tscinvbit, bmi1, bmi2, adx

Memory: 4k page, physical 12422396k(2862020k free), swap 20286716k(5212788k free)

vm_info: Java HotSpot(TM) 64-Bit Server VM (25.301-b09) for windows-amd64 JRE (1.8.0_301-b09), built on Jun  9 2021 06:46:21 by "java_re" with MS VC++ 15.9 (VS2017)

time: Tue Feb 15 17:12:29 2022
timezone: Malay Peninsula Standard Time
elapsed time: 203.375664 seconds (0d 0h 3m 23s)

