#
# A fatal error has been detected by the Java Runtime Environment:
#
#  EXCEPTION_ACCESS_VIOLATION (0xc0000005) at pc=0x0000000008de3f98, pid=12276, tid=0x0000000000002748
#
# JRE version: Java(TM) SE Runtime Environment (8.0_301-b09) (build 1.8.0_301-b09)
# Java VM: Java HotSpot(TM) 64-Bit Server VM (25.301-b09 mixed mode windows-amd64 compressed oops)
# Problematic frame:
# C  [libnd4jcpu.dll+0x6a73f98]
#
# Failed to write core dump. Minidumps are not enabled by default on client versions of Windows
#
# If you would like to submit a bug report, please visit:
#   http://bugreport.java.com/bugreport/crash.jsp
# The crash happened outside the Java Virtual Machine in native code.
# See problematic frame for where to report the bug.
#

---------------  T H R E A D  ---------------

Current thread (0x0000028f06a75800):  JavaThread "main" [_thread_in_native, id=10056, stack(0x000000c959600000,0x000000c959700000)]

siginfo: ExceptionCode=0xc0000005, reading address 0x0000028f9a45ea58

Registers:
RAX=0x0000000000000000, RBX=0x0000000000000000, RCX=0x000000c9596fdf60, RDX=0x0000028f62e3d0d8
RSP=0x000000c9596fdde0, RBP=0x0000000000000000, RSI=0x0000000000000000, RDI=0x000000c9596fdf60
R8 =0x0000000000000000, R9 =0x0000000000000000, R10=0x000000c9596fdf60, R11=0x0000000000000080
R12=0x0000028f9a45ea58, R13=0x0000028f5a1163e8, R14=0x0000028f7e0fb280, R15=0x0000000000000000
RIP=0x0000000008de3f98, EFLAGS=0x0000000000010246

Top of Stack: (sp=0x000000c9596fdde0)
0x000000c9596fdde0:   0000028f78ed4140 0000028f06a75800
0x000000c9596fddf0:   000000c9596fe100 000000005077b770
0x000000c9596fde00:   0000000000000000 0000000000000003
0x000000c9596fde10:   0000000000000001 0000000000000000
0x000000c9596fde20:   0000000000000080 0000000000000001
0x000000c9596fde30:   000000000364070d 00000000000000c4
0x000000c9596fde40:   0000028f78ed4140 0000000000000000
0x000000c9596fde50:   0000000000000001 0000000000000001
0x000000c9596fde60:   0000000000000001 0000028f069a2040
0x000000c9596fde70:   0000028f06a30000 0000028f069a0000
0x000000c9596fde80:   0000028f069a02a8 00007ff806e5b3c7
0x000000c9596fde90:   0000000000000020 0000028f62e3d0d8
0x000000c9596fdea0:   0000028f5a1163e8 0000000000000000
0x000000c9596fdeb0:   0000000000000000 0000000000000020
0x000000c9596fdec0:   0000000000000010 0000000000000004
0x000000c9596fded0:   0000028f06a30000 000000c9596fdf99 

Instructions: (pc=0x0000000008de3f98)
0x0000000008de3f78:   14 d4 31 fa 48 0f af dd 48 89 c6 eb 2e 49 8b 45
0x0000000008de3f88:   08 48 8b 94 24 b8 00 00 00 48 0f af c6 4c 01 f8
0x0000000008de3f98:   f3 41 0f 10 04 84 48 8b 42 08 48 0f af c6 48 83
0x0000000008de3fa8:   c6 01 48 01 d8 f3 41 0f 11 04 86 48 89 f9 e8 f5 


Register to memory mapping:

RAX=0x0000000000000000 is an unknown value
RBX=0x0000000000000000 is an unknown value
RCX=0x000000c9596fdf60 is pointing into the stack for thread: 0x0000028f06a75800
RDX=0x0000028f62e3d0d8 is an unknown value
RSP=0x000000c9596fdde0 is pointing into the stack for thread: 0x0000028f06a75800
RBP=0x0000000000000000 is an unknown value
RSI=0x0000000000000000 is an unknown value
RDI=0x000000c9596fdf60 is pointing into the stack for thread: 0x0000028f06a75800
R8 =0x0000000000000000 is an unknown value
R9 =0x0000000000000000 is an unknown value
R10=0x000000c9596fdf60 is pointing into the stack for thread: 0x0000028f06a75800
R11=0x0000000000000080 is an unknown value
R12=0x0000028f9a45ea58 is an unknown value
R13=0x0000028f5a1163e8 is an unknown value
R14=0x0000028f7e0fb280 is an unknown value
R15=0x0000000000000000 is an unknown value


Stack: [0x000000c959600000,0x000000c959700000],  sp=0x000000c9596fdde0,  free space=1015k
Native frames: (J=compiled Java code, j=interpreted, Vv=VM code, C=native code)

Java frames: (J=compiled Java code, j=interpreted, Vv=VM code)
J 1989  org.nd4j.nativeblas.Nd4jCpu.execTransformAny(Lorg/bytedeco/javacpp/PointerPointer;ILorg/nd4j/nativeblas/OpaqueDataBuffer;Lorg/bytedeco/javacpp/LongPointer;Lorg/bytedeco/javacpp/LongPointer;Lorg/nd4j/nativeblas/OpaqueDataBuffer;Lorg/bytedeco/javacpp/LongPointer;Lorg/bytedeco/javacpp/LongPointer;Lorg/bytedeco/javacpp/Pointer;)V (0 bytes) @ 0x0000028f0869467e [0x0000028f08694580+0xfe]
J 2337 C2 org.nd4j.linalg.cpu.nativecpu.ops.NativeOpExecutioner.exec(Lorg/nd4j/linalg/api/ops/TransformOp;Lorg/nd4j/linalg/api/ops/OpContext;)V (1440 bytes) @ 0x0000028f08bb1a68 [0x0000028f08bb0ac0+0xfa8]
J 3060 C2 org.nd4j.linalg.api.ndarray.BaseNDArray.assign(Lorg/nd4j/linalg/api/ndarray/INDArray;)Lorg/nd4j/linalg/api/ndarray/INDArray; (104 bytes) @ 0x0000028f08b19f50 [0x0000028f08b19920+0x630]
J 2520 C2 org.nd4j.linalg.workspace.BaseWorkspaceMgr.dup(Ljava/lang/Enum;Lorg/nd4j/linalg/api/ndarray/INDArray;C)Lorg/nd4j/linalg/api/ndarray/INDArray; (147 bytes) @ 0x0000028f08cc32a0 [0x0000028f08cc2100+0x11a0]
J 3573 C2 org.deeplearning4j.nn.layers.recurrent.RnnOutputLayer.setMaskArray(Lorg/nd4j/linalg/api/ndarray/INDArray;)V (125 bytes) @ 0x0000028f08f07aec [0x0000028f08f07a40+0xac]
J 3726 C2 org.deeplearning4j.nn.graph.ComputationGraph.setLayerMaskArrays([Lorg/nd4j/linalg/api/ndarray/INDArray;[Lorg/nd4j/linalg/api/ndarray/INDArray;)V (444 bytes) @ 0x0000028f090752f0 [0x0000028f09075040+0x2b0]
j  org.deeplearning4j.nn.graph.ComputationGraph.output(Z[Lorg/nd4j/linalg/api/ndarray/INDArray;[Lorg/nd4j/linalg/api/ndarray/INDArray;[Lorg/nd4j/linalg/api/ndarray/INDArray;Lorg/nd4j/linalg/api/memory/MemoryWorkspace;)[Lorg/nd4j/linalg/api/ndarray/INDArray;+19
j  org.deeplearning4j.nn.graph.ComputationGraph.output(Z[Lorg/nd4j/linalg/api/ndarray/INDArray;[Lorg/nd4j/linalg/api/ndarray/INDArray;[Lorg/nd4j/linalg/api/ndarray/INDArray;)[Lorg/nd4j/linalg/api/ndarray/INDArray;+22
j  org.deeplearning4j.nn.graph.ComputationGraph.output([Lorg/nd4j/linalg/api/ndarray/INDArray;)[Lorg/nd4j/linalg/api/ndarray/INDArray;+11
j  com.dl4jra.server.cnn.CNN.EvaluateModel_CG()V+90
j  com.dl4jra.server.testing.CnnTest.main([Ljava/lang/String;)V+178
v  ~StubRoutines::call_stub
j  sun.reflect.NativeMethodAccessorImpl.invoke0(Ljava/lang/reflect/Method;Ljava/lang/Object;[Ljava/lang/Object;)Ljava/lang/Object;+0
j  sun.reflect.NativeMethodAccessorImpl.invoke(Ljava/lang/Object;[Ljava/lang/Object;)Ljava/lang/Object;+100
j  sun.reflect.DelegatingMethodAccessorImpl.invoke(Ljava/lang/Object;[Ljava/lang/Object;)Ljava/lang/Object;+6
j  java.lang.reflect.Method.invoke(Ljava/lang/Object;[Ljava/lang/Object;)Ljava/lang/Object;+56
j  com.intellij.rt.execution.CommandLineWrapper.main([Ljava/lang/String;)V+193
v  ~StubRoutines::call_stub

---------------  P R O C E S S  ---------------

Java Threads: ( => current thread )
  0x0000028f237df800 JavaThread "DeallocatorServiceThread_1" daemon [_thread_blocked, id=15156, stack(0x000000c95c500000,0x000000c95c600000)]
  0x0000028f21b1e000 JavaThread "DeallocatorServiceThread_0" daemon [_thread_blocked, id=8940, stack(0x000000c95c400000,0x000000c95c500000)]
  0x0000028f22ce1800 JavaThread "JavaCPP Deallocator" daemon [_thread_blocked, id=12076, stack(0x000000c95ad00000,0x000000c95ae00000)]
  0x0000028f21659800 JavaThread "Service Thread" daemon [_thread_blocked, id=2736, stack(0x000000c95ab00000,0x000000c95ac00000)]
  0x0000028f215ba000 JavaThread "C1 CompilerThread3" daemon [_thread_blocked, id=2784, stack(0x000000c95aa00000,0x000000c95ab00000)]
  0x0000028f215b1800 JavaThread "C2 CompilerThread2" daemon [_thread_blocked, id=15936, stack(0x000000c95a900000,0x000000c95aa00000)]
  0x0000028f215ad800 JavaThread "C2 CompilerThread1" daemon [_thread_blocked, id=6176, stack(0x000000c95a800000,0x000000c95a900000)]
  0x0000028f215a7000 JavaThread "C2 CompilerThread0" daemon [_thread_blocked, id=10176, stack(0x000000c95a700000,0x000000c95a800000)]
  0x0000028f215a4000 JavaThread "Monitor Ctrl-Break" daemon [_thread_in_native, id=1428, stack(0x000000c95a600000,0x000000c95a700000)]
  0x0000028f1fa57000 JavaThread "Attach Listener" daemon [_thread_blocked, id=12668, stack(0x000000c95a500000,0x000000c95a600000)]
  0x0000028f215a3800 JavaThread "Signal Dispatcher" daemon [_thread_blocked, id=5244, stack(0x000000c95a400000,0x000000c95a500000)]
  0x0000028f1fa25800 JavaThread "Finalizer" daemon [_thread_blocked, id=1292, stack(0x000000c95a300000,0x000000c95a400000)]
  0x0000028f1fa1d800 JavaThread "Reference Handler" daemon [_thread_blocked, id=6408, stack(0x000000c95a200000,0x000000c95a300000)]
=>0x0000028f06a75800 JavaThread "main" [_thread_in_native, id=10056, stack(0x000000c959600000,0x000000c959700000)]

Other Threads:
  0x0000028f1f9f5000 VMThread [stack: 0x000000c95a100000,0x000000c95a200000] [id=4040]
  0x0000028f21689800 WatcherThread [stack: 0x000000c95ac00000,0x000000c95ad00000] [id=5732]

VM state:not at safepoint (normal execution)

VM Mutex/Monitor currently owned by a thread: None

heap address: 0x0000000702600000, size: 3034 MB, Compressed Oops mode: Zero based, Oop shift amount: 3
Narrow klass base: 0x0000000000000000, Narrow klass shift: 3
Compressed class space size: 1073741824 Address: 0x00000007c0000000

Heap:
 PSYoungGen      total 997376K, used 389901K [0x0000000780d00000, 0x00000007bfe80000, 0x00000007c0000000)
  eden space 961024K, 38% used [0x0000000780d00000,0x0000000797a93660,0x00000007bb780000)
  from space 36352K, 42% used [0x00000007bda80000,0x00000007be9b0000,0x00000007bfe00000)
  to   space 35840K, 0% used [0x00000007bb780000,0x00000007bb780000,0x00000007bda80000)
 ParOldGen       total 145920K, used 82819K [0x0000000702600000, 0x000000070b480000, 0x0000000780d00000)
  object space 145920K, 56% used [0x0000000702600000,0x00000007076e0d30,0x000000070b480000)
 Metaspace       used 21570K, capacity 21784K, committed 22064K, reserved 1069056K
  class space    used 2054K, capacity 2141K, committed 2176K, reserved 1048576K

Card table byte_map: [0x0000028f17700000,0x0000028f17cf0000] byte_map_base: 0x0000028f13eed000

Marking Bits: (ParMarkBitMap*) 0x0000000050d57fe0
 Begin Bits: [0x0000028f180f0000, 0x0000028f1b058000)
 End Bits:   [0x0000028f1b058000, 0x0000028f1dfc0000)

Polling page: 0x0000028f08310000

CodeCache: size=245760Kb used=13108Kb max_used=13605Kb free=232651Kb
 bounds [0x0000028f08340000, 0x0000028f090c0000, 0x0000028f17340000]
 total_blobs=3844 nmethods=2783 adapters=973
 compilation: enabled

Compilation events (10 events):
Event: 2886.597 Thread 0x0000028f215a7000 nmethod 3757 0x0000028f08adbe50 code [0x0000028f08adbfa0, 0x0000028f08adc178]
Event: 2886.599 Thread 0x0000028f215ba000 3758       3       java.util.Locale::hashCode (41 bytes)
Event: 2886.599 Thread 0x0000028f215ba000 nmethod 3758 0x0000028f08e3e7d0 code [0x0000028f08e3e940, 0x0000028f08e3ecc0]
Event: 2886.605 Thread 0x0000028f215ad800 3759       4       org.nd4j.linalg.api.ndarray.BaseNDArray::putScalar (214 bytes)
Event: 2886.607 Thread 0x0000028f215ad800 nmethod 3759 0x0000028f08a365d0 code [0x0000028f08a36740, 0x0000028f08a36a88]
Event: 2886.629 Thread 0x0000028f215b1800 3760 %     4       org.deeplearning4j.datasets.datavec.RecordReaderMultiDataSetIterator::convertWritablesSequence @ 493 (1146 bytes)
Event: 2886.649 Thread 0x0000028f215ba000 3761       3       org.nd4j.linalg.api.shape.Shape::getOffsetUnsafe (150 bytes)
Event: 2886.649 Thread 0x0000028f215a7000 3762       4       org.nd4j.linalg.api.ndarray.BaseNDArray::putScalar (121 bytes)
Event: 2886.650 Thread 0x0000028f215ba000 nmethod 3761 0x0000028f08f22450 code [0x0000028f08f22780, 0x0000028f08f240b0]
Event: 2886.652 Thread 0x0000028f215a7000 nmethod 3762 0x0000028f08459390 code [0x0000028f08459500, 0x0000028f08459868]

GC Heap History (10 events):
Event: 2874.439 GC heap before
{Heap before GC invocations=571 (full 7):
 PSYoungGen      total 987648K, used 967168K [0x0000000780d00000, 0x00000007bfb00000, 0x00000007c0000000)
  eden space 945152K, 100% used [0x0000000780d00000,0x00000007ba800000,0x00000007ba800000)
  from space 42496K, 51% used [0x00000007ba800000,0x00000007bbd80000,0x00000007bd180000)
  to   space 40448K, 0% used [0x00000007bd380000,0x00000007bd380000,0x00000007bfb00000)
 ParOldGen       total 145920K, used 82419K [0x0000000702600000, 0x000000070b480000, 0x0000000780d00000)
  object space 145920K, 56% used [0x0000000702600000,0x000000070767cd30,0x000000070b480000)
 Metaspace       used 21412K, capacity 21688K, committed 22064K, reserved 1069056K
  class space    used 2048K, capacity 2109K, committed 2176K, reserved 1048576K
Event: 2874.473 GC heap after
Heap after GC invocations=571 (full 7):
 PSYoungGen      total 990720K, used 23744K [0x0000000780d00000, 0x00000007bfc00000, 0x00000007c0000000)
  eden space 950272K, 0% used [0x0000000780d00000,0x0000000780d00000,0x00000007bad00000)
  from space 40448K, 58% used [0x00000007bd380000,0x00000007beab0000,0x00000007bfb00000)
  to   space 39424K, 0% used [0x00000007bad00000,0x00000007bad00000,0x00000007bd380000)
 ParOldGen       total 145920K, used 82499K [0x0000000702600000, 0x000000070b480000, 0x0000000780d00000)
  object space 145920K, 56% used [0x0000000702600000,0x0000000707690d30,0x000000070b480000)
 Metaspace       used 21412K, capacity 21688K, committed 22064K, reserved 1069056K
  class space    used 2048K, capacity 2109K, committed 2176K, reserved 1048576K
}
Event: 2876.984 GC heap before
{Heap before GC invocations=572 (full 7):
 PSYoungGen      total 990720K, used 974016K [0x0000000780d00000, 0x00000007bfc00000, 0x00000007c0000000)
  eden space 950272K, 100% used [0x0000000780d00000,0x00000007bad00000,0x00000007bad00000)
  from space 40448K, 58% used [0x00000007bd380000,0x00000007beab0000,0x00000007bfb00000)
  to   space 39424K, 0% used [0x00000007bad00000,0x00000007bad00000,0x00000007bd380000)
 ParOldGen       total 145920K, used 82499K [0x0000000702600000, 0x000000070b480000, 0x0000000780d00000)
  object space 145920K, 56% used [0x0000000702600000,0x0000000707690d30,0x000000070b480000)
 Metaspace       used 21412K, capacity 21688K, committed 22064K, reserved 1069056K
  class space    used 2048K, capacity 2109K, committed 2176K, reserved 1048576K
Event: 2877.015 GC heap after
Heap after GC invocations=572 (full 7):
 PSYoungGen      total 989696K, used 21360K [0x0000000780d00000, 0x00000007bfc00000, 0x00000007c0000000)
  eden space 950272K, 0% used [0x0000000780d00000,0x0000000780d00000,0x00000007bad00000)
  from space 39424K, 54% used [0x00000007bad00000,0x00000007bc1dc010,0x00000007bd380000)
  to   space 37888K, 0% used [0x00000007bd700000,0x00000007bd700000,0x00000007bfc00000)
 ParOldGen       total 145920K, used 82579K [0x0000000702600000, 0x000000070b480000, 0x0000000780d00000)
  object space 145920K, 56% used [0x0000000702600000,0x00000007076a4d30,0x000000070b480000)
 Metaspace       used 21412K, capacity 21688K, committed 22064K, reserved 1069056K
  class space    used 2048K, capacity 2109K, committed 2176K, reserved 1048576K
}
Event: 2879.530 GC heap before
{Heap before GC invocations=573 (full 7):
 PSYoungGen      total 989696K, used 971632K [0x0000000780d00000, 0x00000007bfc00000, 0x00000007c0000000)
  eden space 950272K, 100% used [0x0000000780d00000,0x00000007bad00000,0x00000007bad00000)
  from space 39424K, 54% used [0x00000007bad00000,0x00000007bc1dc010,0x00000007bd380000)
  to   space 37888K, 0% used [0x00000007bd700000,0x00000007bd700000,0x00000007bfc00000)
 ParOldGen       total 145920K, used 82579K [0x0000000702600000, 0x000000070b480000, 0x0000000780d00000)
  object space 145920K, 56% used [0x0000000702600000,0x00000007076a4d30,0x000000070b480000)
 Metaspace       used 21412K, capacity 21688K, committed 22064K, reserved 1069056K
  class space    used 2048K, capacity 2109K, committed 2176K, reserved 1048576K
Event: 2879.560 GC heap after
Heap after GC invocations=573 (full 7):
 PSYoungGen      total 994304K, used 18592K [0x0000000780d00000, 0x00000007bfc80000, 0x00000007c0000000)
  eden space 956416K, 0% used [0x0000000780d00000,0x0000000780d00000,0x00000007bb300000)
  from space 37888K, 49% used [0x00000007bd700000,0x00000007be928000,0x00000007bfc00000)
  to   space 36864K, 0% used [0x00000007bb300000,0x00000007bb300000,0x00000007bd700000)
 ParOldGen       total 145920K, used 82659K [0x0000000702600000, 0x000000070b480000, 0x0000000780d00000)
  object space 145920K, 56% used [0x0000000702600000,0x00000007076b8d30,0x000000070b480000)
 Metaspace       used 21412K, capacity 21688K, committed 22064K, reserved 1069056K
  class space    used 2048K, capacity 2109K, committed 2176K, reserved 1048576K
}
Event: 2882.067 GC heap before
{Heap before GC invocations=574 (full 7):
 PSYoungGen      total 994304K, used 975008K [0x0000000780d00000, 0x00000007bfc80000, 0x00000007c0000000)
  eden space 956416K, 100% used [0x0000000780d00000,0x00000007bb300000,0x00000007bb300000)
  from space 37888K, 49% used [0x00000007bd700000,0x00000007be928000,0x00000007bfc00000)
  to   space 36864K, 0% used [0x00000007bb300000,0x00000007bb300000,0x00000007bd700000)
 ParOldGen       total 145920K, used 82659K [0x0000000702600000, 0x000000070b480000, 0x0000000780d00000)
  object space 145920K, 56% used [0x0000000702600000,0x00000007076b8d30,0x000000070b480000)
 Metaspace       used 21412K, capacity 21688K, committed 22064K, reserved 1069056K
  class space    used 2048K, capacity 2109K, committed 2176K, reserved 1048576K
Event: 2882.097 GC heap after
Heap after GC invocations=574 (full 7):
 PSYoungGen      total 993280K, used 17056K [0x0000000780d00000, 0x00000007bfe00000, 0x00000007c0000000)
  eden space 956416K, 0% used [0x0000000780d00000,0x0000000780d00000,0x00000007bb300000)
  from space 36864K, 46% used [0x00000007bb300000,0x00000007bc3a8000,0x00000007bd700000)
  to   space 36352K, 0% used [0x00000007bda80000,0x00000007bda80000,0x00000007bfe00000)
 ParOldGen       total 145920K, used 82739K [0x0000000702600000, 0x000000070b480000, 0x0000000780d00000)
  object space 145920K, 56% used [0x0000000702600000,0x00000007076ccd30,0x000000070b480000)
 Metaspace       used 21412K, capacity 21688K, committed 22064K, reserved 1069056K
  class space    used 2048K, capacity 2109K, committed 2176K, reserved 1048576K
}
Event: 2884.770 GC heap before
{Heap before GC invocations=575 (full 7):
 PSYoungGen      total 993280K, used 973472K [0x0000000780d00000, 0x00000007bfe00000, 0x00000007c0000000)
  eden space 956416K, 100% used [0x0000000780d00000,0x00000007bb300000,0x00000007bb300000)
  from space 36864K, 46% used [0x00000007bb300000,0x00000007bc3a8000,0x00000007bd700000)
  to   space 36352K, 0% used [0x00000007bda80000,0x00000007bda80000,0x00000007bfe00000)
 ParOldGen       total 145920K, used 82739K [0x0000000702600000, 0x000000070b480000, 0x0000000780d00000)
  object space 145920K, 56% used [0x0000000702600000,0x00000007076ccd30,0x000000070b480000)
 Metaspace       used 21412K, capacity 21688K, committed 22064K, reserved 1069056K
  class space    used 2048K, capacity 2109K, committed 2176K, reserved 1048576K
Event: 2884.796 GC heap after
Heap after GC invocations=575 (full 7):
 PSYoungGen      total 997376K, used 15552K [0x0000000780d00000, 0x00000007bfe80000, 0x00000007c0000000)
  eden space 961024K, 0% used [0x0000000780d00000,0x0000000780d00000,0x00000007bb780000)
  from space 36352K, 42% used [0x00000007bda80000,0x00000007be9b0000,0x00000007bfe00000)
  to   space 35840K, 0% used [0x00000007bb780000,0x00000007bb780000,0x00000007bda80000)
 ParOldGen       total 145920K, used 82819K [0x0000000702600000, 0x000000070b480000, 0x0000000780d00000)
  object space 145920K, 56% used [0x0000000702600000,0x00000007076e0d30,0x000000070b480000)
 Metaspace       used 21412K, capacity 21688K, committed 22064K, reserved 1069056K
  class space    used 2048K, capacity 2109K, committed 2176K, reserved 1048576K
}

Deoptimization events (10 events):
Event: 2886.520 Thread 0x0000028f06a75800 Uncommon trap: reason=bimorphic action=maybe_recompile pc=0x0000028f08956570 method=java.util.regex.Pattern$Start.match(Ljava/util/regex/Matcher;ILjava/lang/CharSequence;)Z @ 44
Event: 2886.520 Thread 0x0000028f06a75800 Uncommon trap: reason=null_check action=make_not_entrant pc=0x0000028f08813238 method=sun.util.locale.provider.LocaleProviderAdapter.getAdapter(Ljava/lang/Class;Ljava/util/Locale;)Lsun/util/locale/provider/LocaleProviderAdapter; @ 24
Event: 2886.520 Thread 0x0000028f06a75800 Uncommon trap: reason=unstable_if action=reinterpret pc=0x0000028f085b5510 method=sun.util.locale.BaseLocale.equals(Ljava/lang/Object;)Z @ 29
Event: 2886.520 Thread 0x0000028f06a75800 Uncommon trap: reason=null_check action=make_not_entrant pc=0x0000028f088aae94 method=sun.util.locale.provider.LocaleResources.getDecimalFormatSymbolsData()[Ljava/lang/Object; @ 15
Event: 2886.520 Thread 0x0000028f06a75800 Uncommon trap: reason=bimorphic action=maybe_recompile pc=0x0000028f089fb58c method=java.util.ArrayList.<init>(Ljava/util/Collection;)V @ 5
Event: 2886.521 Thread 0x0000028f06a75800 Uncommon trap: reason=bimorphic action=maybe_recompile pc=0x0000028f08b1ce4c method=java.util.concurrent.ConcurrentHashMap.get(Ljava/lang/Object;)Ljava/lang/Object; @ 149
Event: 2886.521 Thread 0x0000028f06a75800 Uncommon trap: reason=unstable_if action=reinterpret pc=0x0000028f0886a210 method=java.util.Locale.hashCode()I @ 6
Event: 2886.523 Thread 0x0000028f06a75800 Uncommon trap: reason=unstable_if action=reinterpret pc=0x0000028f08afca4c method=java.util.regex.Pattern$Curly.match0(Ljava/util/regex/Matcher;IILjava/lang/CharSequence;)Z @ 34
Event: 2886.523 Thread 0x0000028f06a75800 Uncommon trap: reason=unstable_if action=reinterpret pc=0x0000028f08ad0de0 method=java.util.Formatter$FormatSpecifier.index(Ljava/lang/String;)I @ 1
Event: 2886.560 Thread 0x0000028f06a75800 Uncommon trap: reason=unstable_if action=reinterpret pc=0x0000028f089897f4 method=org.nd4j.linalg.api.ndarray.BaseNDArray.getDouble(J)D @ 108

Classes redefined (0 events):
No events

Internal exceptions (10 events):
Event: 3.960 Thread 0x0000028f06a75800 Exception <a 'sun/nio/fs/WindowsException'> (0x0000000782bb0f58) thrown at [C:\jenkins\workspace\8-2-build-windows-amd64-cygwin\jdk8u301\1513\hotspot\src\share\vm\prims\jni.cpp, line 710]
Event: 3.961 Thread 0x0000028f06a75800 Exception <a 'sun/nio/fs/WindowsException'> (0x0000000782bb2628) thrown at [C:\jenkins\workspace\8-2-build-windows-amd64-cygwin\jdk8u301\1513\hotspot\src\share\vm\prims\jni.cpp, line 710]
Event: 3.961 Thread 0x0000028f06a75800 Exception <a 'sun/nio/fs/WindowsException'> (0x0000000782bb3dc0) thrown at [C:\jenkins\workspace\8-2-build-windows-amd64-cygwin\jdk8u301\1513\hotspot\src\share\vm\prims\jni.cpp, line 710]
Event: 3.962 Thread 0x0000028f06a75800 Exception <a 'sun/nio/fs/WindowsException'> (0x0000000782bb55e8) thrown at [C:\jenkins\workspace\8-2-build-windows-amd64-cygwin\jdk8u301\1513\hotspot\src\share\vm\prims\jni.cpp, line 710]
Event: 3.963 Thread 0x0000028f06a75800 Exception <a 'sun/nio/fs/WindowsException'> (0x0000000782bb6df0) thrown at [C:\jenkins\workspace\8-2-build-windows-amd64-cygwin\jdk8u301\1513\hotspot\src\share\vm\prims\jni.cpp, line 710]
Event: 3.963 Thread 0x0000028f06a75800 Exception <a 'sun/nio/fs/WindowsException'> (0x0000000782bb8570) thrown at [C:\jenkins\workspace\8-2-build-windows-amd64-cygwin\jdk8u301\1513\hotspot\src\share\vm\prims\jni.cpp, line 710]
Event: 3.964 Thread 0x0000028f06a75800 Exception <a 'sun/nio/fs/WindowsException'> (0x0000000782bb9d38) thrown at [C:\jenkins\workspace\8-2-build-windows-amd64-cygwin\jdk8u301\1513\hotspot\src\share\vm\prims\jni.cpp, line 710]
Event: 200.778 Thread 0x0000028f21b1e000 Implicit null exception at 0x0000028f08b354a4 to 0x0000028f08b35cbd
Event: 2886.520 Thread 0x0000028f06a75800 Implicit null exception at 0x0000028f088131c3 to 0x0000028f08813226
Event: 2886.520 Thread 0x0000028f06a75800 Implicit null exception at 0x0000028f088aae09 to 0x0000028f088aae83

Events (10 events):
Event: 2886.560 loading class org/apache/commons/lang3/StringUtils
Event: 2886.560 loading class org/apache/commons/lang3/StringUtils done
Event: 2886.562 Thread 0x0000028f215ba000 flushing nmethod 0x0000028f08a365d0
Event: 2886.566 loading class java/lang/Character$UnicodeBlock
Event: 2886.567 loading class java/lang/Character$Subset
Event: 2886.568 loading class java/lang/Character$Subset done
Event: 2886.568 loading class java/lang/Character$UnicodeBlock done
Event: 2886.571 loading class java/util/regex/Pattern$Block
Event: 2886.571 loading class java/util/regex/Pattern$Block done
Event: 2886.589 Thread 0x0000028f215a7000 flushing nmethod 0x0000028f08d9b990


Dynamic libraries:
0x00007ff6c6a10000 - 0x00007ff6c6a57000 	E:\Java\jdk1.8.0_301\bin\java.exe
0x00007ff806e30000 - 0x00007ff807025000 	C:\WINDOWS\SYSTEM32\ntdll.dll
0x00007ff8067e0000 - 0x00007ff80689e000 	C:\WINDOWS\System32\KERNEL32.DLL
0x00007ff8045f0000 - 0x00007ff8048b8000 	C:\WINDOWS\System32\KERNELBASE.dll
0x00007ff805280000 - 0x00007ff80532e000 	C:\WINDOWS\System32\ADVAPI32.dll
0x00007ff805330000 - 0x00007ff8053ce000 	C:\WINDOWS\System32\msvcrt.dll
0x00007ff805c20000 - 0x00007ff805cbc000 	C:\WINDOWS\System32\sechost.dll
0x00007ff804f90000 - 0x00007ff8050b5000 	C:\WINDOWS\System32\RPCRT4.dll
0x00007ff805990000 - 0x00007ff805b31000 	C:\WINDOWS\System32\USER32.dll
0x00007ff804d60000 - 0x00007ff804d82000 	C:\WINDOWS\System32\win32u.dll
0x00007ff806410000 - 0x00007ff80643b000 	C:\WINDOWS\System32\GDI32.dll
0x00007ff804960000 - 0x00007ff804a6d000 	C:\WINDOWS\System32\gdi32full.dll
0x00007ff8048c0000 - 0x00007ff80495d000 	C:\WINDOWS\System32\msvcp_win.dll
0x00007ff804bd0000 - 0x00007ff804cd0000 	C:\WINDOWS\System32\ucrtbase.dll
0x00007ffff0490000 - 0x00007ffff072a000 	C:\WINDOWS\WinSxS\amd64_microsoft.windows.common-controls_6595b64144ccf1df_6.0.19041.1110_none_60b5254171f9507e\COMCTL32.dll
0x00007ff8069c0000 - 0x00007ff8069f0000 	C:\WINDOWS\System32\IMM32.DLL
0x00007fff988a0000 - 0x00007fff988b5000 	E:\Java\jdk1.8.0_301\jre\bin\vcruntime140.dll
0x00007fff98800000 - 0x00007fff9889b000 	E:\Java\jdk1.8.0_301\jre\bin\msvcp140.dll
0x0000000050570000 - 0x0000000050dd0000 	E:\Java\jdk1.8.0_301\jre\bin\server\jvm.dll
0x00007ff806a80000 - 0x00007ff806a88000 	C:\WINDOWS\System32\PSAPI.DLL
0x00007ff800450000 - 0x00007ff800459000 	C:\WINDOWS\SYSTEM32\WSOCK32.dll
0x00007ffffad60000 - 0x00007ffffad87000 	C:\WINDOWS\SYSTEM32\WINMM.dll
0x00007ffffc510000 - 0x00007ffffc51a000 	C:\WINDOWS\SYSTEM32\VERSION.dll
0x00007ff806950000 - 0x00007ff8069bb000 	C:\WINDOWS\System32\WS2_32.dll
0x00007ff802430000 - 0x00007ff802442000 	C:\WINDOWS\SYSTEM32\kernel.appcore.dll
0x00007fffc6f00000 - 0x00007fffc6f10000 	E:\Java\jdk1.8.0_301\jre\bin\verify.dll
0x00007fff987d0000 - 0x00007fff987fb000 	E:\Java\jdk1.8.0_301\jre\bin\java.dll
0x00007fffcb7e0000 - 0x00007fffcb810000 	E:\Java\jdk1.8.0_301\jre\bin\instrument.dll
0x00007fff987b0000 - 0x00007fff987c8000 	E:\Java\jdk1.8.0_301\jre\bin\zip.dll
0x00007ff805cc0000 - 0x00007ff806404000 	C:\WINDOWS\System32\SHELL32.dll
0x00007ff802630000 - 0x00007ff802dc5000 	C:\WINDOWS\SYSTEM32\windows.storage.dll
0x00007ff806a90000 - 0x00007ff806de5000 	C:\WINDOWS\System32\combase.dll
0x00007ff803f90000 - 0x00007ff803fbe000 	C:\WINDOWS\SYSTEM32\Wldp.dll
0x00007ff8068a0000 - 0x00007ff80694d000 	C:\WINDOWS\System32\SHCORE.dll
0x00007ff806440000 - 0x00007ff806495000 	C:\WINDOWS\System32\shlwapi.dll
0x00007ff804480000 - 0x00007ff80449f000 	C:\WINDOWS\SYSTEM32\profapi.dll
0x00007fffcb770000 - 0x00007fffcb78a000 	C:\Program Files\JetBrains\IntelliJ IDEA Community Edition 2019.2.4\bin\breakgen64.dll
0x00007fff98790000 - 0x00007fff987ac000 	E:\Java\jdk1.8.0_301\jre\bin\net.dll
0x00007ff803cf0000 - 0x00007ff803d5a000 	C:\WINDOWS\system32\mswsock.dll
0x0000028f24270000 - 0x0000028f24273000 	C:\Users\User\.javacpp\cache\javacpp-1.5.3-windows-x86_64.jar\org\bytedeco\javacpp\windows-x86_64\api-ms-win-crt-locale-l1-1-0.dll
0x00007fff98770000 - 0x00007fff98783000 	E:\Java\jdk1.8.0_301\jre\bin\nio.dll
0x0000028f24280000 - 0x0000028f24284000 	C:\Users\User\.javacpp\cache\javacpp-1.5.3-windows-x86_64.jar\org\bytedeco\javacpp\windows-x86_64\api-ms-win-crt-string-l1-1-0.dll
0x0000028f24290000 - 0x0000028f24294000 	C:\Users\User\.javacpp\cache\javacpp-1.5.3-windows-x86_64.jar\org\bytedeco\javacpp\windows-x86_64\api-ms-win-crt-stdio-l1-1-0.dll
0x0000028f242a0000 - 0x0000028f242a5000 	C:\Users\User\.javacpp\cache\javacpp-1.5.3-windows-x86_64.jar\org\bytedeco\javacpp\windows-x86_64\api-ms-win-crt-math-l1-1-0.dll
0x0000028f242b0000 - 0x0000028f242b3000 	C:\Users\User\.javacpp\cache\javacpp-1.5.3-windows-x86_64.jar\org\bytedeco\javacpp\windows-x86_64\api-ms-win-crt-heap-l1-1-0.dll
0x0000028f242c0000 - 0x0000028f242c4000 	C:\Users\User\.javacpp\cache\javacpp-1.5.3-windows-x86_64.jar\org\bytedeco\javacpp\windows-x86_64\api-ms-win-crt-runtime-l1-1-0.dll
0x0000028f242d0000 - 0x0000028f242d4000 	C:\Users\User\.javacpp\cache\javacpp-1.5.3-windows-x86_64.jar\org\bytedeco\javacpp\windows-x86_64\api-ms-win-crt-convert-l1-1-0.dll
0x0000028f242e0000 - 0x0000028f242e3000 	C:\Users\User\.javacpp\cache\javacpp-1.5.3-windows-x86_64.jar\org\bytedeco\javacpp\windows-x86_64\api-ms-win-crt-environment-l1-1-0.dll
0x0000028f242f0000 - 0x0000028f242f3000 	C:\Users\User\.javacpp\cache\javacpp-1.5.3-windows-x86_64.jar\org\bytedeco\javacpp\windows-x86_64\api-ms-win-crt-time-l1-1-0.dll
0x0000028f24300000 - 0x0000028f24303000 	C:\Users\User\.javacpp\cache\javacpp-1.5.3-windows-x86_64.jar\org\bytedeco\javacpp\windows-x86_64\api-ms-win-crt-filesystem-l1-1-0.dll
0x0000028f24310000 - 0x0000028f24313000 	C:\Users\User\.javacpp\cache\javacpp-1.5.3-windows-x86_64.jar\org\bytedeco\javacpp\windows-x86_64\api-ms-win-crt-utility-l1-1-0.dll
0x0000028f24320000 - 0x0000028f24325000 	C:\Users\User\.javacpp\cache\javacpp-1.5.3-windows-x86_64.jar\org\bytedeco\javacpp\windows-x86_64\api-ms-win-crt-multibyte-l1-1-0.dll
0x0000028f24330000 - 0x0000028f24333000 	C:\Users\User\.javacpp\cache\javacpp-1.5.3-windows-x86_64.jar\org\bytedeco\javacpp\windows-x86_64\api-ms-win-core-string-l1-1-0.dll
0x0000028f24340000 - 0x0000028f24343000 	C:\Users\User\.javacpp\cache\javacpp-1.5.3-windows-x86_64.jar\org\bytedeco\javacpp\windows-x86_64\api-ms-win-core-errorhandling-l1-1-0.dll
0x0000028f24350000 - 0x0000028f24353000 	C:\Users\User\.javacpp\cache\javacpp-1.5.3-windows-x86_64.jar\org\bytedeco\javacpp\windows-x86_64\api-ms-win-core-timezone-l1-1-0.dll
0x0000028f24360000 - 0x0000028f24364000 	C:\Users\User\.javacpp\cache\javacpp-1.5.3-windows-x86_64.jar\org\bytedeco\javacpp\windows-x86_64\api-ms-win-core-file-l1-1-0.dll
0x0000028f24370000 - 0x0000028f24373000 	C:\Users\User\.javacpp\cache\javacpp-1.5.3-windows-x86_64.jar\org\bytedeco\javacpp\windows-x86_64\api-ms-win-core-namedpipe-l1-1-0.dll
0x0000028f24380000 - 0x0000028f24383000 	C:\Users\User\.javacpp\cache\javacpp-1.5.3-windows-x86_64.jar\org\bytedeco\javacpp\windows-x86_64\api-ms-win-core-handle-l1-1-0.dll
0x0000028f24390000 - 0x0000028f24393000 	C:\Users\User\.javacpp\cache\javacpp-1.5.3-windows-x86_64.jar\org\bytedeco\javacpp\windows-x86_64\api-ms-win-core-file-l2-1-0.dll
0x0000028f243a0000 - 0x0000028f243a3000 	C:\Users\User\.javacpp\cache\javacpp-1.5.3-windows-x86_64.jar\org\bytedeco\javacpp\windows-x86_64\api-ms-win-core-heap-l1-1-0.dll
0x0000028f243b0000 - 0x0000028f243b3000 	C:\Users\User\.javacpp\cache\javacpp-1.5.3-windows-x86_64.jar\org\bytedeco\javacpp\windows-x86_64\api-ms-win-core-libraryloader-l1-1-0.dll
0x0000028f243c0000 - 0x0000028f243c3000 	C:\Users\User\.javacpp\cache\javacpp-1.5.3-windows-x86_64.jar\org\bytedeco\javacpp\windows-x86_64\api-ms-win-core-synch-l1-1-0.dll
0x0000028f243d0000 - 0x0000028f243d3000 	C:\Users\User\.javacpp\cache\javacpp-1.5.3-windows-x86_64.jar\org\bytedeco\javacpp\windows-x86_64\api-ms-win-core-processthreads-l1-1-0.dll
0x0000028f243e0000 - 0x0000028f243e3000 	C:\Users\User\.javacpp\cache\javacpp-1.5.3-windows-x86_64.jar\org\bytedeco\javacpp\windows-x86_64\api-ms-win-core-processenvironment-l1-1-0.dll
0x0000028f243f0000 - 0x0000028f243f3000 	C:\Users\User\.javacpp\cache\javacpp-1.5.3-windows-x86_64.jar\org\bytedeco\javacpp\windows-x86_64\api-ms-win-core-datetime-l1-1-0.dll
0x0000028f24400000 - 0x0000028f24403000 	C:\Users\User\.javacpp\cache\javacpp-1.5.3-windows-x86_64.jar\org\bytedeco\javacpp\windows-x86_64\api-ms-win-core-localization-l1-2-0.dll
0x0000028f24410000 - 0x0000028f24413000 	C:\Users\User\.javacpp\cache\javacpp-1.5.3-windows-x86_64.jar\org\bytedeco\javacpp\windows-x86_64\api-ms-win-core-sysinfo-l1-1-0.dll
0x0000028f24420000 - 0x0000028f24423000 	C:\Users\User\.javacpp\cache\javacpp-1.5.3-windows-x86_64.jar\org\bytedeco\javacpp\windows-x86_64\api-ms-win-core-synch-l1-2-0.dll
0x0000028f24430000 - 0x0000028f24433000 	C:\Users\User\.javacpp\cache\javacpp-1.5.3-windows-x86_64.jar\org\bytedeco\javacpp\windows-x86_64\api-ms-win-core-console-l1-1-0.dll
0x0000028f24440000 - 0x0000028f24443000 	C:\Users\User\.javacpp\cache\javacpp-1.5.3-windows-x86_64.jar\org\bytedeco\javacpp\windows-x86_64\api-ms-win-core-debug-l1-1-0.dll
0x0000028f24450000 - 0x0000028f24453000 	C:\Users\User\.javacpp\cache\javacpp-1.5.3-windows-x86_64.jar\org\bytedeco\javacpp\windows-x86_64\api-ms-win-core-rtlsupport-l1-1-0.dll
0x0000028f24460000 - 0x0000028f24463000 	C:\Users\User\.javacpp\cache\javacpp-1.5.3-windows-x86_64.jar\org\bytedeco\javacpp\windows-x86_64\api-ms-win-core-processthreads-l1-1-1.dll
0x0000028f24470000 - 0x0000028f24473000 	C:\Users\User\.javacpp\cache\javacpp-1.5.3-windows-x86_64.jar\org\bytedeco\javacpp\windows-x86_64\api-ms-win-core-file-l1-2-0.dll
0x0000028f24480000 - 0x0000028f24483000 	C:\Users\User\.javacpp\cache\javacpp-1.5.3-windows-x86_64.jar\org\bytedeco\javacpp\windows-x86_64\api-ms-win-core-profile-l1-1-0.dll
0x0000028f24490000 - 0x0000028f24493000 	C:\Users\User\.javacpp\cache\javacpp-1.5.3-windows-x86_64.jar\org\bytedeco\javacpp\windows-x86_64\api-ms-win-core-memory-l1-1-0.dll
0x0000028f244a0000 - 0x0000028f244a3000 	C:\Users\User\.javacpp\cache\javacpp-1.5.3-windows-x86_64.jar\org\bytedeco\javacpp\windows-x86_64\api-ms-win-core-util-l1-1-0.dll
0x0000028f244b0000 - 0x0000028f244b3000 	C:\Users\User\.javacpp\cache\javacpp-1.5.3-windows-x86_64.jar\org\bytedeco\javacpp\windows-x86_64\api-ms-win-core-interlocked-l1-1-0.dll
0x00007fffee760000 - 0x00007fffee85a000 	C:\Users\User\.javacpp\cache\javacpp-1.5.3-windows-x86_64.jar\org\bytedeco\javacpp\windows-x86_64\ucrtbase.dll
0x00007ff8003e0000 - 0x00007ff8003f5000 	C:\Users\User\.javacpp\cache\javacpp-1.5.3-windows-x86_64.jar\org\bytedeco\javacpp\windows-x86_64\vcruntime140.dll
0x00007ffff9020000 - 0x00007ffff90bb000 	C:\Users\User\.javacpp\cache\javacpp-1.5.3-windows-x86_64.jar\org\bytedeco\javacpp\windows-x86_64\msvcp140.dll
0x00007fffee700000 - 0x00007fffee751000 	C:\Users\User\.javacpp\cache\javacpp-1.5.3-windows-x86_64.jar\org\bytedeco\javacpp\windows-x86_64\concrt140.dll
0x00007fffff3e0000 - 0x00007fffff407000 	C:\Users\User\.javacpp\cache\javacpp-1.5.3-windows-x86_64.jar\org\bytedeco\javacpp\windows-x86_64\vcomp140.dll
0x00007ff8003d0000 - 0x00007ff8003de000 	C:\Users\User\.javacpp\cache\javacpp-1.5.3-windows-x86_64.jar\org\bytedeco\javacpp\windows-x86_64\jnijavacpp.dll
0x000000006d7c0000 - 0x000000006f337000 	C:\Users\User\.javacpp\cache\openblas-0.3.9-1-1.5.3-windows-x86_64.jar\org\bytedeco\openblas\windows-x86_64\libopenblas_nolapack.dll
0x00007fffee6a0000 - 0x00007fffee6fa000 	C:\Users\User\.javacpp\cache\openblas-0.3.9-1-1.5.3-windows-x86_64.jar\org\bytedeco\openblas\windows-x86_64\jniopenblas_nolapack.dll
0x00000000007f0000 - 0x0000000002367000 	C:\Users\User\.javacpp\cache\openblas-0.3.9-1-1.5.3-windows-x86_64.jar\org\bytedeco\openblas\windows-x86_64\libopenblas.dll
0x00007fff9f4c0000 - 0x00007fffa08ad000 	C:\Users\User\.javacpp\cache\openblas-0.3.9-1-1.5.3-windows-x86_64.jar\org\bytedeco\openblas\windows-x86_64\jniopenblas.dll
0x0000000064940000 - 0x0000000064956000 	C:\Users\User\.javacpp\cache\nd4j-cuda-10.2-1.0.0-beta7-windows-x86_64.jar\org\nd4j\nativeblas\windows-x86_64\libwinpthread-1.dll
0x0000000061440000 - 0x000000006145c000 	C:\Users\User\.javacpp\cache\nd4j-cuda-10.2-1.0.0-beta7-windows-x86_64.jar\org\nd4j\nativeblas\windows-x86_64\libgcc_s_seh-1.dll
0x0000000063600000 - 0x0000000063633000 	C:\Users\User\.javacpp\cache\nd4j-cuda-10.2-1.0.0-beta7-windows-x86_64.jar\org\nd4j\nativeblas\windows-x86_64\libgomp-1.dll
0x000000006fc40000 - 0x000000006fdf3000 	C:\Users\User\.javacpp\cache\nd4j-cuda-10.2-1.0.0-beta7-windows-x86_64.jar\org\nd4j\nativeblas\windows-x86_64\libstdc++-6.dll
0x0000000002370000 - 0x000000000a9da000 	C:\Users\User\.javacpp\cache\nd4j-native-1.0.0-beta7-windows-x86_64.jar\org\nd4j\nativeblas\windows-x86_64\libnd4jcpu.dll
0x0000000066880000 - 0x0000000066b27000 	C:\Users\User\.javacpp\cache\nd4j-native-1.0.0-beta7-windows-x86_64.jar\org\nd4j\nativeblas\windows-x86_64\jnind4jcpu.dll
0x00007ff803ef0000 - 0x00007ff803f08000 	C:\WINDOWS\SYSTEM32\CRYPTSP.dll
0x00007ff803600000 - 0x00007ff803634000 	C:\WINDOWS\system32\rsaenh.dll
0x00007ff804cd0000 - 0x00007ff804cf7000 	C:\WINDOWS\System32\bcrypt.dll
0x00007ff804440000 - 0x00007ff80446e000 	C:\WINDOWS\SYSTEM32\USERENV.dll
0x00007ff804de0000 - 0x00007ff804e62000 	C:\WINDOWS\System32\bcryptprimitives.dll
0x00007ff803ee0000 - 0x00007ff803eec000 	C:\WINDOWS\SYSTEM32\CRYPTBASE.dll
0x00007ff803990000 - 0x00007ff8039cb000 	C:\WINDOWS\SYSTEM32\IPHLPAPI.DLL
0x00007ff805270000 - 0x00007ff805278000 	C:\WINDOWS\System32\NSI.dll
0x00007ffffc2a0000 - 0x00007ffffc2b7000 	C:\WINDOWS\SYSTEM32\dhcpcsvc6.DLL
0x00007ffffd260000 - 0x00007ffffd27d000 	C:\WINDOWS\SYSTEM32\dhcpcsvc.DLL
0x00007ff8039d0000 - 0x00007ff803a9b000 	C:\WINDOWS\SYSTEM32\DNSAPI.dll
0x00007ffff18a0000 - 0x00007ffff1a84000 	C:\WINDOWS\SYSTEM32\dbghelp.dll

VM Arguments:
jvm_args: -javaagent:C:\Program Files\JetBrains\IntelliJ IDEA Community Edition 2019.2.4\lib\idea_rt.jar=50205:C:\Program Files\JetBrains\IntelliJ IDEA Community Edition 2019.2.4\bin -Dfile.encoding=UTF-8 
java_command: com.intellij.rt.execution.CommandLineWrapper C:\Users\User\AppData\Local\Temp\idea_classpath830919681 com.dl4jra.server.testing.CnnTest
java_class_path (initial): C:\Program Files\JetBrains\IntelliJ IDEA Community Edition 2019.2.4\lib\idea_rt.jar;C:\Program Files\JetBrains\IntelliJ IDEA Community Edition 2019.2.4\lib\idea_rt.jar
Launcher Type: SUN_STANDARD

Environment Variables:
CLASSPATH=C:\Program Files\Java\jre1.8.0_301\lib
PATH=C:\Program Files\Common Files\Oracle\Java\javapath;C:\Program Files (x86)\Common Files\Oracle\Java\javapath;C:\Program Files\NVIDIA GPU Computing Toolkit\CUDA\v11.2\bin;C:\Program Files\NVIDIA GPU Computing Toolkit\CUDA\v11.2\libnvvp;C:\Program Files\NVIDIA GPU Computing Toolkit\CUDA\v11.5\bin;C:\Program Files\NVIDIA GPU Computing Toolkit\CUDA\v11.5\libnvvp;C:\Windows\system32;C:\Windows;C:\Windows\System32\Wbem;C:\Windows\System32\WindowsPowerShell\v1.0\;C:\Windows\System32\OpenSSH\;C:\Program Files (x86)\NVIDIA Corporation\PhysX\Common;C:\Program Files\NVIDIA Corporation\NVIDIA NvDLISR;C:\WINDOWS\system32;C:\WINDOWS;C:\WINDOWS\System32\Wbem;C:\WINDOWS\System32\WindowsPowerShell\v1.0\;C:\WINDOWS\System32\OpenSSH\;E:\Git\cmd;E:\Node js\;E:\Maven\apache-maven-3.8.4\bin;C:\Program Files\Java\jre1.8.0_301\bin;E:\zlib\dll_x64;C:\Program Files\NVIDIA Corporation\Nsight Compute 2020.3.0\;C:\Program Files\Java\jre1.8.0_301\bin;E:\Microsoft VS Code\bin;E:\zlib\dll_x64;
USERNAME=User
OS=Windows_NT
PROCESSOR_IDENTIFIER=Intel64 Family 6 Model 158 Stepping 10, GenuineIntel



---------------  S Y S T E M  ---------------

OS: Windows 10.0 , 64 bit Build 19041 (10.0.19041.1466)

CPU:total 12 (initial active 12) (6 cores per cpu, 2 threads per core) family 6 model 158 stepping 10, cmov, cx8, fxsr, mmx, sse, sse2, sse3, ssse3, sse4.1, sse4.2, popcnt, avx, avx2, aes, clmul, erms, 3dnowpref, lzcnt, ht, tsc, tscinvbit, bmi1, bmi2, adx

Memory: 4k page, physical 12422396k(5984416k free), swap 26053884k(14896604k free)

vm_info: Java HotSpot(TM) 64-Bit Server VM (25.301-b09) for windows-amd64 JRE (1.8.0_301-b09), built on Jun  9 2021 06:46:21 by "java_re" with MS VC++ 15.9 (VS2017)

time: Tue Jan 25 11:06:44 2022
timezone: Malay Peninsula Standard Time
elapsed time: 2886.763575 seconds (0d 0h 48m 6s)

